|j|☆MrBearmanchild
|j|☆LogIce
|t:|1677764695
|gametype|singles
|player|p1|MrBearmanchild|266|
|player|p2|LogIce|morty-masters2|
|teamsize|p1|6
|teamsize|p2|6
|gen|8
|tier|[Gen 8] OU
|rule|Sleep Clause Mod: Limit one foe put to sleep
|rule|Species Clause: Limit one of each Pokémon
|rule|OHKO Clause: OHKO moves are banned
|rule|Evasion Items Clause: Evasion items are banned
|rule|Evasion Moves Clause: Evasion moves are banned
|rule|Endless Battle Clause: Forcing endless battles is banned
|rule|HP Percentage Mod: HP is shown in percentages
|rule|Dynamax Clause: You cannot dynamax
|clearpoke
|poke|p1|Dragapult, F|
|poke|p1|Corviknight, M|
|poke|p1|Heatran, M|
|poke|p1|Landorus-Therian, M|
|poke|p1|Toxapex, M|
|poke|p1|Garchomp, F|
|poke|p2|Bisharp, F|
|poke|p2|Landorus-Therian, M|
|poke|p2|Blacephalon|
|poke|p2|Zapdos|
|poke|p2|Kartana|
|poke|p2|Tapu Fini|
|teampreview
|inactive|Battle timer is ON: inactive players will automatically lose when time's up. (requested by LogIce)
|c|☆LogIce|Glhf
|j| IcyZoroark
|c|☆MrBearmanchild|Glhf
|
|t:|1677764712
|start
|switch|p1a: Landorus|Landorus-Therian, M|100/100
|switch|p2a: Zapdos|Zapdos, shiny|100/100
|-ability|p1a: Landorus|Intimidate|boost
|-unboost|p2a: Zapdos|atk|1
|turn|1
|
|t:|1677764729
|switch|p2a: Landorus|Landorus-Therian, M, shiny|100/100
|-ability|p2a: Landorus|Intimidate|boost
|-unboost|p1a: Landorus|atk|1
|move|p1a: Landorus|Toxic|p2a: Landorus
|-status|p2a: Landorus|tox
|
|-damage|p2a: Landorus|94/100 tox|[from] psn
|upkeep
|turn|2
|
|t:|1677764743
|move|p1a: Landorus|U-turn|p2a: Landorus
|-resisted|p2a: Landorus
|-damage|p2a: Landorus|88/100 tox
|
|t:|1677764751
|switch|p1a: Corviknight|Corviknight, M|100/100|[from] U-turn
|move|p2a: Landorus|Stealth Rock|p1a: Corviknight
|-sidestart|p1: MrBearmanchild|move: Stealth Rock
|
|-heal|p2a: Landorus|94/100 tox|[from] item: Leftovers
|-damage|p2a: Landorus|82/100 tox|[from] psn
|upkeep
|turn|3
|
|t:|1677764763
|switch|p2a: Zapdos|Zapdos, shiny|100/100
|move|p1a: Corviknight|Bulk Up|p1a: Corviknight
|-boost|p1a: Corviknight|atk|1
|-boost|p1a: Corviknight|def|1
|
|upkeep
|turn|4
|
|t:|1677764780
|switch|p1a: Heatran|Heatran, M|100/100
|-damage|p1a: Heatran|88/100|[from] Stealth Rock
|move|p2a: Zapdos|Volt Switch|p1a: Heatran
|-damage|p1a: Heatran|53/100
|
|t:|1677764789
|switch|p2a: Tapu Fini|Tapu Fini, shiny|100/100|[from] Volt Switch
|-fieldstart|move: Misty Terrain|[from] ability: Misty Surge|[of] p2a: Tapu Fini
|
|upkeep
|turn|5
|
|t:|1677764801
|move|p1a: Heatran|Steel Beam|p2a: Tapu Fini
|-damage|p2a: Tapu Fini|52/100
|-damage|p1a: Heatran|2/100|[from] steelbeam
|move|p2a: Tapu Fini|Taunt|p1a: Heatran
|-start|p1a: Heatran|move: Taunt
|
|-heal|p2a: Tapu Fini|59/100|[from] item: Leftovers
|upkeep
|turn|6
|inactive|LogIce has 270 seconds left.
|
|t:|1677764831
|move|p1a: Heatran|Steel Beam|p2a: Tapu Fini
|-damage|p2a: Tapu Fini|4/100
|-damage|p1a: Heatran|0 fnt|[from] steelbeam
|faint|p1a: Heatran
|move|p2a: Tapu Fini|Scald|p1: Heatran|[notarget]
|-fail|p2a: Tapu Fini
|
|-heal|p2a: Tapu Fini|10/100|[from] item: Leftovers
|upkeep
|
|t:|1677764855
|switch|p1a: Landorus|Landorus-Therian, M|100/100
|-ability|p1a: Landorus|Intimidate|boost
|-unboost|p2a: Tapu Fini|atk|1
|turn|7
|
|t:|1677764863
|switch|p2a: Landorus|Landorus-Therian, M, shiny|82/100 tox
|-ability|p2a: Landorus|Intimidate|boost
|-unboost|p1a: Landorus|atk|1
|move|p1a: Landorus|Earthquake|p2a: Landorus
|-immune|p2a: Landorus
|
|-heal|p2a: Landorus|88/100 tox|[from] item: Leftovers
|-damage|p2a: Landorus|82/100 tox|[from] psn
|upkeep
|turn|8
|
|t:|1677764879
|move|p1a: Landorus|Stealth Rock|p2a: Landorus
|-sidestart|p2: LogIce|move: Stealth Rock
|move|p2a: Landorus|U-turn|p1a: Landorus
|-resisted|p1a: Landorus
|-damage|p1a: Landorus|87/100
|inactive|LogIce has 270 seconds left.
|
|t:|1677764901
|switch|p2a: Tapu Fini|Tapu Fini, shiny|10/100|[from] U-turn
|-damage|p2a: Tapu Fini|0 fnt|[from] Stealth Rock
|faint|p2a: Tapu Fini
|
|-fieldend|Misty Terrain
|upkeep
|
|t:|1677764921
|switch|p2a: Zapdos|Zapdos, shiny|100/100
|turn|9
|
|t:|1677764931
|move|p2a: Zapdos|Hurricane|p1a: Landorus|[miss]
|-miss|p2a: Zapdos|p1a: Landorus
|move|p1a: Landorus|Toxic|p2a: Zapdos
|-status|p2a: Zapdos|tox
|
|-damage|p2a: Zapdos|94/100 tox|[from] psn
|upkeep
|turn|10
|
|t:|1677764940
|switch|p1a: Corviknight|Corviknight, M|100/100
|-damage|p1a: Corviknight|88/100|[from] Stealth Rock
|move|p2a: Zapdos|Hurricane|p1a: Corviknight|[miss]
|-miss|p2a: Zapdos|p1a: Corviknight
|
|-damage|p2a: Zapdos|82/100 tox|[from] psn
|upkeep
|turn|11
|inactive|LogIce has 270 seconds left.
|
|t:|1677764950
|move|p2a: Zapdos|Heat Wave|p1a: Corviknight
|-supereffective|p1a: Corviknight
|-damage|p1a: Corviknight|40/100
|move|p1a: Corviknight|Bulk Up|p1a: Corviknight
|-boost|p1a: Corviknight|atk|1
|-boost|p1a: Corviknight|def|1
|
|-damage|p2a: Zapdos|63/100 tox|[from] psn
|upkeep
|turn|12
|inactive|LogIce has 270 seconds left.
|
|t:|1677764967
|switch|p1a: Garchomp|Garchomp, F|100/100
|-damage|p1a: Garchomp|94/100|[from] Stealth Rock
|move|p2a: Zapdos|Heat Wave|p1a: Garchomp
|-resisted|p1a: Garchomp
|-damage|p1a: Garchomp|77/100
|
|-damage|p2a: Zapdos|38/100 tox|[from] psn
|upkeep
|turn|13
|inactive|LogIce has 270 seconds left.
|
|t:|1677764979
|switch|p2a: Landorus|Landorus-Therian, M, shiny|82/100 tox
|-damage|p2a: Landorus|69/100 tox|[from] Stealth Rock
|-ability|p2a: Landorus|Intimidate|boost
|-unboost|p1a: Garchomp|atk|1
|move|p1a: Garchomp|Scale Shot|p2a: Landorus
|-damage|p2a: Landorus|60/100 tox
|-damage|p2a: Landorus|51/100 tox
|-damage|p2a: Landorus|43/100 tox
|-hitcount|p2a: Landorus|3
|-unboost|p1a: Garchomp|def|1
|-boost|p1a: Garchomp|spe|1
|-damage|p1a: Garchomp|67/100|[from] item: Life Orb
|
|-heal|p2a: Landorus|49/100 tox|[from] item: Leftovers
|-damage|p2a: Landorus|43/100 tox|[from] psn
|upkeep
|turn|14
|inactive|LogIce has 270 seconds left.
|inactive|MrBearmanchild has 270 seconds left.
|
|t:|1677765013
|switch|p1a: Corviknight|Corviknight, M|40/100
|-damage|p1a: Corviknight|28/100|[from] Stealth Rock
|move|p2a: Landorus|Earthquake|p1a: Corviknight
|-immune|p1a: Corviknight
|
|-heal|p2a: Landorus|49/100 tox|[from] item: Leftovers
|-damage|p2a: Landorus|37/100 tox|[from] psn
|upkeep
|turn|15
|inactive|MrBearmanchild has 270 seconds left.
|
|t:|1677765024
|move|p2a: Landorus|U-turn|p1a: Corviknight
|-resisted|p1a: Corviknight
|-damage|p1a: Corviknight|24/100
|-damage|p2a: Landorus|20/100 tox|[from] item: Rocky Helmet|[of] p1a: Corviknight
|
|t:|1677765035
|switch|p2a: Kartana|Kartana, shiny|100/100|[from] U-turn
|-damage|p2a: Kartana|94/100|[from] Stealth Rock
|move|p1a: Corviknight|Roost|p1a: Corviknight
|-heal|p1a: Corviknight|74/100
|-singleturn|p1a: Corviknight|move: Roost
|
|upkeep
|turn|16
|
|t:|1677765046
|move|p2a: Kartana|Knock Off|p1a: Corviknight
|-damage|p1a: Corviknight|19/100
|-damage|p2a: Kartana|78/100|[from] item: Rocky Helmet|[of] p1a: Corviknight
|-enditem|p1a: Corviknight|Rocky Helmet|[from] move: Knock Off|[of] p2a: Kartana
|move|p1a: Corviknight|Body Press|p2a: Kartana
|-supereffective|p2a: Kartana
|-damage|p2a: Kartana|38/100
|
|upkeep
|turn|17
|inactive|MrBearmanchild has 270 seconds left.
|
|t:|1677765061
|switch|p1a: Landorus|Landorus-Therian, M|87/100
|-ability|p1a: Landorus|Intimidate|boost
|-unboost|p2a: Kartana|atk|1
|move|p2a: Kartana|Knock Off|p1a: Landorus
|-damage|p1a: Landorus|36/100
|-enditem|p1a: Landorus|Heavy-Duty Boots|[from] move: Knock Off|[of] p2a: Kartana
|
|upkeep
|turn|18
|inactive|MrBearmanchild has 270 seconds left.
|
|t:|1677765078
|switch|p2a: Zapdos|Zapdos, shiny|38/100 tox
|move|p1a: Landorus|Earthquake|p2a: Zapdos
|-immune|p2a: Zapdos
|
|-damage|p2a: Zapdos|32/100 tox|[from] psn
|upkeep
|turn|19
|inactive|MrBearmanchild has 270 seconds left.
|
|t:|1677765098
|switch|p1a: Garchomp|Garchomp, F|67/100
|-damage|p1a: Garchomp|61/100|[from] Stealth Rock
|move|p2a: Zapdos|Roost|p2a: Zapdos
|-heal|p2a: Zapdos|82/100 tox
|-singleturn|p2a: Zapdos|move: Roost
|
|-damage|p2a: Zapdos|70/100 tox|[from] psn
|upkeep
|turn|20
|
|t:|1677765113
|move|p1a: Garchomp|Swords Dance|p1a: Garchomp
|-boost|p1a: Garchomp|atk|2
|move|p2a: Zapdos|Hurricane|p1a: Garchomp
|-damage|p1a: Garchomp|4/100
|-start|p1a: Garchomp|confusion
|
|-damage|p2a: Zapdos|51/100 tox|[from] psn
|upkeep
|turn|21
|
|t:|1677765124
|-activate|p1a: Garchomp|confusion
|-damage|p1a: Garchomp|0 fnt|[from] confusion
|faint|p1a: Garchomp
|move|p2a: Zapdos|Heat Wave|p1: Garchomp|[notarget]
|-fail|p2a: Zapdos
|
|-damage|p2a: Zapdos|26/100 tox|[from] psn
|upkeep
|
|t:|1677765131
|switch|p1a: Dragapult|Dragapult, F|100/100
|-damage|p1a: Dragapult|88/100|[from] Stealth Rock
|turn|22
|
|t:|1677765141
|move|p1a: Dragapult|Dragon Darts|p2a: Zapdos
|-damage|p2a: Zapdos|0 fnt
|faint|p2a: Zapdos
|
|upkeep
|inactive|LogIce has 270 seconds left.
|
|t:|1677765154
|switch|p2a: Bisharp|Bisharp, F, shiny|100/100
|-damage|p2a: Bisharp|95/100|[from] Stealth Rock
|turn|23
|inactive|MrBearmanchild has 270 seconds left.
|inactive|LogIce has 270 seconds left.
|j| Dr. Iswell Clark
|
|t:|1677765171
|switch|p1a: Toxapex|Toxapex, M|100/100
|-damage|p1a: Toxapex|88/100|[from] Stealth Rock
|move|p2a: Bisharp|Sucker Punch||[still]
|-fail|p2a: Bisharp
|
|-heal|p1a: Toxapex|94/100|[from] item: Black Sludge
|upkeep
|turn|24
|inactive|MrBearmanchild has 270 seconds left.
|
|t:|1677765181
|move|p2a: Bisharp|Swords Dance|p2a: Bisharp
|-boost|p2a: Bisharp|atk|2
|move|p1a: Toxapex|Scald|p2a: Bisharp
|-damage|p2a: Bisharp|66/100
|
|-heal|p1a: Toxapex|100/100|[from] item: Black Sludge
|upkeep
|turn|25
|
|t:|1677765189
|move|p2a: Bisharp|Knock Off|p1a: Toxapex
|-damage|p1a: Toxapex|22/100
|-enditem|p1a: Toxapex|Black Sludge|[from] move: Knock Off|[of] p2a: Bisharp
|-damage|p2a: Bisharp|56/100|[from] item: Life Orb
|move|p1a: Toxapex|Scald|p2a: Bisharp
|-damage|p2a: Bisharp|28/100
|
|upkeep
|turn|26
|
|t:|1677765200
|move|p1a: Toxapex|Baneful Bunker|p1a: Toxapex
|-singleturn|p1a: Toxapex|move: Protect
|move|p2a: Bisharp|Knock Off|p1a: Toxapex
|-activate|p1a: Toxapex|move: Protect
|
|upkeep
|turn|27
|inactive|MrBearmanchild has 270 seconds left.
|
|t:|1677765217
|move|p2a: Bisharp|Knock Off|p1a: Toxapex
|-damage|p1a: Toxapex|0 fnt
|faint|p1a: Toxapex
|-damage|p2a: Bisharp|18/100|[from] item: Life Orb
|
|upkeep
|inactive|MrBearmanchild has 270 seconds left.
|
|t:|1677765226
|switch|p1a: Corviknight|Corviknight, M|19/100
|-damage|p1a: Corviknight|6/100|[from] Stealth Rock
|turn|28
|
|t:|1677765232
|move|p2a: Bisharp|Sucker Punch||[still]
|-fail|p2a: Bisharp
|move|p1a: Corviknight|Roost|p1a: Corviknight
|-heal|p1a: Corviknight|56/100
|-singleturn|p1a: Corviknight|move: Roost
|
|upkeep
|turn|29
|
|t:|1677765243
|move|p2a: Bisharp|Knock Off|p1a: Corviknight
|-damage|p1a: Corviknight|0 fnt
|faint|p1a: Corviknight
|-damage|p2a: Bisharp|8/100|[from] item: Life Orb
|
|upkeep
|
|t:|1677765249
|switch|p1a: Landorus|Landorus-Therian, M|36/100
|-damage|p1a: Landorus|24/100|[from] Stealth Rock
|-ability|p1a: Landorus|Intimidate|boost
|-unboost|p2a: Bisharp|atk|1
|-ability|p2a: Bisharp|Defiant|boost
|-boost|p2a: Bisharp|atk|2
|turn|30
|
|t:|1677765256
|move|p2a: Bisharp|Sucker Punch|p1a: Landorus
|-damage|p1a: Landorus|0 fnt
|faint|p1a: Landorus
|-damage|p2a: Bisharp|0 fnt|[from] item: Life Orb
|faint|p2a: Bisharp
|
|upkeep
|
|t:|1677765264
|switch|p1a: Dragapult|Dragapult, F|88/100
|switch|p2a: Blacephalon|Blacephalon, shiny|100/100
|-damage|p2a: Blacephalon|76/100|[from] Stealth Rock
|-damage|p1a: Dragapult|76/100|[from] Stealth Rock
|turn|31
|
|t:|1677765275
|move|p1a: Dragapult|Sucker Punch|p2a: Blacephalon
|-supereffective|p2a: Blacephalon
|-damage|p2a: Blacephalon|0 fnt
|faint|p2a: Blacephalon
|
|upkeep
|
|t:|1677765281
|switch|p2a: Landorus|Landorus-Therian, M, shiny|20/100 tox
|-damage|p2a: Landorus|8/100 tox|[from] Stealth Rock
|-ability|p2a: Landorus|Intimidate|boost
|-unboost|p1a: Dragapult|atk|1
|turn|32
|
|t:|1677765290
|move|p1a: Dragapult|Sucker Punch|p2a: Landorus
|-damage|p2a: Landorus|0 fnt
|faint|p2a: Landorus
|
|upkeep
|
|t:|1677765295
|switch|p2a: Kartana|Kartana, shiny|38/100
|-damage|p2a: Kartana|32/100|[from] Stealth Rock
|turn|33
|
|t:|1677765301
|move|p1a: Dragapult|Sucker Punch|p2a: Kartana
|-damage|p2a: Kartana|7/100
|move|p2a: Kartana|Knock Off|p1a: Dragapult
|-supereffective|p1a: Dragapult
|-damage|p1a: Dragapult|0 fnt
|-enditem|p1a: Dragapult|Choice Band|[from] move: Knock Off|[of] p2a: Kartana
|faint|p1a: Dragapult
|
|win|LogIce
|c|☆LogIce|Gg
