|j|☆Hate09
|j|☆Tawny mauve
|t:|1677815090
|gametype|singles
|player|p1|Hate09|backers|1507
|player|p2|Tawny mauve|170|1491
|teamsize|p1|6
|teamsize|p2|6
|gen|8
|tier|[Gen 8] OU
|rated|
|rule|Sleep Clause Mod: Limit one foe put to sleep
|rule|Species Clause: Limit one of each Pokémon
|rule|OHKO Clause: OHKO moves are banned
|rule|Evasion Items Clause: Evasion items are banned
|rule|Evasion Moves Clause: Evasion moves are banned
|rule|Endless Battle Clause: Forcing endless battles is banned
|rule|HP Percentage Mod: HP is shown in percentages
|rule|Dynamax Clause: You cannot dynamax
|clearpoke
|poke|p1|Volcanion|
|poke|p1|Buzzwole|
|poke|p1|Hippowdon, M|
|poke|p1|Dracozolt|
|poke|p1|Slowking-Galar, M|
|poke|p1|Mandibuzz, F|
|poke|p2|Blacephalon|
|poke|p2|Ferrothorn, M|
|poke|p2|Slowbro, M|
|poke|p2|Weavile, F|
|poke|p2|Mandibuzz, F|
|poke|p2|Heatran, M|
|teampreview
|c|☆Hate09|gg
|
|t:|1677815120
|start
|switch|p1a: Bouncer|Buzzwole|100/100
|switch|p2a: Slowbro|Slowbro, M|100/100
|turn|1
|
|t:|1677815125
|move|p1a: Bouncer|Toxic|p2a: Slowbro
|-status|p2a: Slowbro|tox
|move|p2a: Slowbro|Future Sight|p1a: Bouncer
|-start|p2a: Slowbro|move: Future Sight
|
|-damage|p2a: Slowbro|94/100 tox|[from] psn
|upkeep
|turn|2
|
|t:|1677815144
|switch|p1a: Sauna|Volcanion|100/100
|move|p2a: Slowbro|Teleport|p2a: Slowbro
|
|t:|1677815151
|switch|p2a: Weavile|Weavile, F|100/100|[from] Teleport
|-ability|p2a: Weavile|Pressure
|
|upkeep
|turn|3
|
|t:|1677815159
|switch|p2a: Slowbro|Slowbro, M|100/100 tox
|move|p1a: Sauna|Steam Eruption|p2a: Slowbro
|-resisted|p2a: Slowbro
|-damage|p2a: Slowbro|54/100 tox
|
|-end|p1a: Sauna|move: Future Sight
|-damage|p1a: Sauna|57/100
|-heal|p2a: Slowbro|60/100 tox|[from] item: Leftovers
|-damage|p2a: Slowbro|54/100 tox|[from] psn
|upkeep
|turn|4
|
|t:|1677815168
|move|p1a: Sauna|Steam Eruption|p2a: Slowbro
|-resisted|p2a: Slowbro
|-damage|p2a: Slowbro|6/100 tox
|move|p2a: Slowbro|Teleport|p2a: Slowbro
|
|t:|1677815172
|switch|p2a: Blacephalon|Blacephalon|100/100|[from] Teleport
|
|upkeep
|turn|5
|
|t:|1677815178
|switch|p1a: Bonedome|Mandibuzz, F|100/100
|move|p2a: Blacephalon|Shadow Ball|p1a: Bonedome
|-resisted|p1a: Bonedome
|-damage|p1a: Bonedome|70/100
|
|upkeep
|turn|6
|
|t:|1677815189
|switch|p2a: Ferrothorn|Ferrothorn, M|100/100
|switch|p1a: Sauna|Volcanion|57/100
|
|upkeep
|turn|7
|
|t:|1677815198
|move|p1a: Sauna|Steam Eruption|p2a: Ferrothorn
|-resisted|p2a: Ferrothorn
|-damage|p2a: Ferrothorn|68/100
|move|p2a: Ferrothorn|Leech Seed|p1a: Sauna
|-start|p1a: Sauna|move: Leech Seed
|
|-heal|p2a: Ferrothorn|74/100|[from] item: Leftovers
|-damage|p1a: Sauna|44/100|[from] Leech Seed|[of] p2a: Ferrothorn
|-heal|p2a: Ferrothorn|87/100|[silent]
|upkeep
|turn|8
|
|t:|1677815201
|switch|p1a: Dracozolt|Dracozolt|100/100
|move|p2a: Ferrothorn|Leech Seed|p1a: Dracozolt
|-start|p1a: Dracozolt|move: Leech Seed
|
|-heal|p2a: Ferrothorn|93/100|[from] item: Leftovers
|-damage|p1a: Dracozolt|88/100|[from] Leech Seed|[of] p2a: Ferrothorn
|-heal|p2a: Ferrothorn|100/100|[silent]
|upkeep
|turn|9
|
|t:|1677815205
|switch|p1a: Dust Bowl|Hippowdon, M|100/100
|-weather|Sandstorm|[from] ability: Sand Stream|[of] p1a: Dust Bowl
|move|p2a: Ferrothorn|Gyro Ball|p1a: Dust Bowl
|-damage|p1a: Dust Bowl|83/100
|
|-weather|Sandstorm|[upkeep]
|upkeep
|turn|10
|
|t:|1677815209
|move|p1a: Dust Bowl|Stealth Rock|p2a: Ferrothorn
|-sidestart|p2: Tawny mauve|move: Stealth Rock
|move|p2a: Ferrothorn|Spikes|p1a: Dust Bowl
|-sidestart|p1: Hate09|Spikes
|
|-weather|Sandstorm|[upkeep]
|upkeep
|turn|11
|
|t:|1677815215
|switch|p1a: Sauna|Volcanion|44/100
|-damage|p1a: Sauna|32/100|[from] Spikes
|move|p2a: Ferrothorn|Leech Seed|p1a: Sauna
|-start|p1a: Sauna|move: Leech Seed
|
|-weather|Sandstorm|[upkeep]
|-damage|p1a: Sauna|26/100|[from] Sandstorm
|-damage|p1a: Sauna|13/100|[from] Leech Seed|[of] p2a: Ferrothorn
|upkeep
|turn|12
|
|t:|1677815238
|switch|p2a: Mandibuzz|Mandibuzz, F|100/100
|move|p1a: Sauna|Steam Eruption|p2a: Mandibuzz
|-damage|p2a: Mandibuzz|25/100
|
|-weather|Sandstorm|[upkeep]
|-damage|p1a: Sauna|7/100|[from] Sandstorm
|-damage|p1a: Sauna|0 fnt|[from] Leech Seed|[of] p2a: Mandibuzz
|-heal|p2a: Mandibuzz|31/100|[silent]
|faint|p1a: Sauna
|upkeep
|
|t:|1677815244
|switch|p1a: Dracozolt|Dracozolt|88/100
|-damage|p1a: Dracozolt|76/100|[from] Spikes
|turn|13
|
|t:|1677815248
|move|p1a: Dracozolt|Fire Blast|p2a: Mandibuzz
|-crit|p2a: Mandibuzz
|-damage|p2a: Mandibuzz|0 fnt
|faint|p2a: Mandibuzz
|-damage|p1a: Dracozolt|66/100|[from] item: Life Orb
|
|-weather|Sandstorm|[upkeep]
|upkeep
|
|t:|1677815252
|switch|p2a: Ferrothorn|Ferrothorn, M|100/100
|-damage|p2a: Ferrothorn|94/100|[from] Stealth Rock
|turn|14
|
|t:|1677815257
|move|p1a: Dracozolt|Fire Blast|p2a: Ferrothorn|[miss]
|-miss|p1a: Dracozolt|p2a: Ferrothorn
|move|p2a: Ferrothorn|Gyro Ball|p1a: Dracozolt
|-resisted|p1a: Dracozolt
|-damage|p1a: Dracozolt|36/100
|
|-weather|Sandstorm|[upkeep]
|-heal|p2a: Ferrothorn|100/100|[from] item: Leftovers
|upkeep
|turn|15
|
|t:|1677815262
|move|p1a: Dracozolt|Fire Blast|p2a: Ferrothorn
|-supereffective|p2a: Ferrothorn
|-damage|p2a: Ferrothorn|25/100
|-status|p2a: Ferrothorn|brn
|-damage|p1a: Dracozolt|26/100|[from] item: Life Orb
|move|p2a: Ferrothorn|Gyro Ball|p1a: Dracozolt
|-resisted|p1a: Dracozolt
|-damage|p1a: Dracozolt|13/100
|
|-weather|Sandstorm|[upkeep]
|-heal|p2a: Ferrothorn|31/100 brn|[from] item: Leftovers
|-damage|p2a: Ferrothorn|25/100 brn|[from] brn
|upkeep
|turn|16
|
|t:|1677815268
|switch|p2a: Heatran|Heatran, M|100/100
|-damage|p2a: Heatran|88/100|[from] Stealth Rock
|move|p1a: Dracozolt|Bolt Beak|p2a: Heatran
|-damage|p2a: Heatran|7/100
|-damage|p1a: Dracozolt|3/100|[from] item: Life Orb
|
|-weather|none
|-heal|p2a: Heatran|13/100|[from] item: Leftovers
|upkeep
|turn|17
|
|t:|1677815271
|switch|p2a: Ferrothorn|Ferrothorn, M|25/100 brn
|-damage|p2a: Ferrothorn|19/100 brn|[from] Stealth Rock
|move|p1a: Dracozolt|Bolt Beak|p2a: Ferrothorn
|-resisted|p2a: Ferrothorn
|-damage|p2a: Ferrothorn|0 fnt
|-damage|p1a: Dracozolt|0 fnt|[from] ability: Iron Barbs|[of] p2a: Ferrothorn
|faint|p2a: Ferrothorn
|faint|p1a: Dracozolt
|
|upkeep
|
|t:|1677815296
|switch|p1a: Mastermind|Slowking-Galar, M|100/100
|switch|p2a: Slowbro|Slowbro, M|39/100 tox
|-damage|p2a: Slowbro|26/100 tox|[from] Stealth Rock
|-damage|p1a: Mastermind|88/100|[from] Spikes
|turn|18
|
|t:|1677815302
|switch|p2a: Heatran|Heatran, M|13/100
|-damage|p2a: Heatran|1/100|[from] Stealth Rock
|move|p1a: Mastermind|Sludge Bomb|p2a: Heatran
|-immune|p2a: Heatran
|
|-heal|p2a: Heatran|7/100|[from] item: Leftovers
|upkeep
|turn|19
|
|t:|1677815306
|move|p2a: Heatran|Stealth Rock|p1a: Mastermind
|-sidestart|p1: Hate09|move: Stealth Rock
|move|p1a: Mastermind|Scald|p2a: Heatran
|-supereffective|p2a: Heatran
|-damage|p2a: Heatran|0 fnt
|faint|p2a: Heatran
|
|upkeep
|
|t:|1677815310
|switch|p2a: Weavile|Weavile, F|100/100
|-ability|p2a: Weavile|Pressure
|turn|20
|
|t:|1677815313
|switch|p2a: Slowbro|Slowbro, M|60/100 tox
|-damage|p2a: Slowbro|47/100 tox|[from] Stealth Rock
|switch|p1a: Bouncer|Buzzwole|100/100
|-damage|p1a: Bouncer|88/100|[from] Spikes
|-damage|p1a: Bouncer|76/100|[from] Stealth Rock
|
|-heal|p2a: Slowbro|53/100 tox|[from] item: Leftovers
|-damage|p2a: Slowbro|47/100 tox|[from] psn
|upkeep
|turn|21
|
|t:|1677815330
|move|p1a: Bouncer|Roost|p1a: Bouncer
|-heal|p1a: Bouncer|100/100
|-singleturn|p1a: Bouncer|move: Roost
|move|p2a: Slowbro|Slack Off|p2a: Slowbro
|-heal|p2a: Slowbro|97/100 tox
|
|-heal|p2a: Slowbro|100/100 tox|[from] item: Leftovers
|-damage|p2a: Slowbro|88/100 tox|[from] psn
|upkeep
|turn|22
|
|t:|1677815334
|switch|p1a: Bonedome|Mandibuzz, F|70/100
|move|p2a: Slowbro|Future Sight|p1a: Bonedome
|-start|p2a: Slowbro|move: Future Sight
|
|-heal|p2a: Slowbro|94/100 tox|[from] item: Leftovers
|-damage|p2a: Slowbro|76/100 tox|[from] psn
|upkeep
|turn|23
|
|t:|1677815338
|move|p1a: Bonedome|Defog|p2a: Slowbro
|-unboost|p2a: Slowbro|evasion|1
|-sideend|p2: Tawny mauve|Stealth Rock|[from] move: Defog|[of] p1a: Bonedome
|-sideend|p1: Hate09|Spikes|[from] move: Defog|[of] p1a: Bonedome
|-sideend|p1: Hate09|Stealth Rock|[from] move: Defog|[of] p1a: Bonedome
|move|p2a: Slowbro|Teleport|p2a: Slowbro
|
|t:|1677815340
|switch|p2a: Weavile|Weavile, F|100/100|[from] Teleport
|-ability|p2a: Weavile|Pressure
|
|upkeep
|turn|24
|
|t:|1677815361
|switch|p1a: Mastermind|Slowking-Galar, M|100/100
|move|p2a: Weavile|Triple Axel|p1a: Mastermind
|-damage|p1a: Mastermind|93/100
|-damage|p1a: Mastermind|79/100
|-damage|p1a: Mastermind|57/100
|-hitcount|p1a: Mastermind|3
|
|-end|p1a: Mastermind|move: Future Sight
|-damage|p1a: Mastermind|35/100
|upkeep
|turn|25
|
|t:|1677815366
|switch|p1a: Bouncer|Buzzwole|100/100
|move|p2a: Weavile|Triple Axel|p1a: Bouncer
|-damage|p1a: Bouncer|95/100
|-damage|p2a: Weavile|84/100|[from] item: Rocky Helmet|[of] p1a: Bouncer
|-damage|p1a: Bouncer|84/100
|-damage|p2a: Weavile|68/100|[from] item: Rocky Helmet|[of] p1a: Bouncer
|-damage|p1a: Bouncer|70/100
|-damage|p2a: Weavile|51/100|[from] item: Rocky Helmet|[of] p1a: Bouncer
|-hitcount|p1a: Bouncer|3
|
|upkeep
|turn|26
|
|t:|1677815381
|switch|p2a: Slowbro|Slowbro, M|100/100 tox
|switch|p1a: Dust Bowl|Hippowdon, M|83/100
|-weather|Sandstorm|[from] ability: Sand Stream|[of] p1a: Dust Bowl
|
|-weather|Sandstorm|[upkeep]
|-damage|p2a: Slowbro|94/100 tox|[from] Sandstorm
|-heal|p2a: Slowbro|100/100 tox|[from] item: Leftovers
|-damage|p2a: Slowbro|94/100 tox|[from] psn
|upkeep
|turn|27
|
|t:|1677815387
|move|p1a: Dust Bowl|Stealth Rock|p2a: Slowbro
|-sidestart|p2: Tawny mauve|move: Stealth Rock
|move|p2a: Slowbro|Future Sight|p1a: Dust Bowl
|-start|p2a: Slowbro|move: Future Sight
|
|-weather|Sandstorm|[upkeep]
|-damage|p2a: Slowbro|88/100 tox|[from] Sandstorm
|-heal|p2a: Slowbro|94/100 tox|[from] item: Leftovers
|-damage|p2a: Slowbro|82/100 tox|[from] psn
|upkeep
|turn|28
|
|t:|1677815391
|move|p1a: Dust Bowl|Earthquake|p2a: Slowbro
|-damage|p2a: Slowbro|59/100 tox
|move|p2a: Slowbro|Teleport|p2a: Slowbro
|
|t:|1677815393
|switch|p2a: Blacephalon|Blacephalon|100/100|[from] Teleport
|-damage|p2a: Blacephalon|76/100|[from] Stealth Rock
|
|-weather|Sandstorm|[upkeep]
|-damage|p2a: Blacephalon|70/100|[from] Sandstorm
|upkeep
|turn|29
|
|t:|1677815406
|switch|p1a: Mastermind|Slowking-Galar, M|68/100
|move|p2a: Blacephalon|Overheat|p1a: Mastermind|[miss]
|-miss|p2a: Blacephalon|p1a: Mastermind
|
|-weather|Sandstorm|[upkeep]
|-damage|p2a: Blacephalon|64/100|[from] Sandstorm
|-damage|p1a: Mastermind|62/100|[from] Sandstorm
|-end|p1a: Mastermind|move: Future Sight
|-damage|p1a: Mastermind|40/100
|upkeep
|turn|30
|
|t:|1677815420
|move|p2a: Blacephalon|Overheat|p1a: Mastermind
|-damage|p1a: Mastermind|0 fnt
|-unboost|p2a: Blacephalon|spa|2
|faint|p1a: Mastermind
|-ability|p2a: Blacephalon|Beast Boost|boost
|-boost|p2a: Blacephalon|spa|1
|
|-weather|Sandstorm|[upkeep]
|-damage|p2a: Blacephalon|58/100|[from] Sandstorm
|upkeep
|
|t:|1677815433
|switch|p1a: Bonedome|Mandibuzz, F|70/100
|turn|31
|
|t:|1677815437
|switch|p2a: Slowbro|Slowbro, M|93/100 tox
|-damage|p2a: Slowbro|80/100 tox|[from] Stealth Rock
|move|p1a: Bonedome|Roost|p1a: Bonedome
|-heal|p1a: Bonedome|100/100
|-singleturn|p1a: Bonedome|move: Roost
|
|-weather|Sandstorm|[upkeep]
|-damage|p2a: Slowbro|74/100 tox|[from] Sandstorm
|-heal|p2a: Slowbro|80/100 tox|[from] item: Leftovers
|-damage|p2a: Slowbro|74/100 tox|[from] psn
|upkeep
|turn|32
|
|t:|1677815444
|move|p1a: Bonedome|Foul Play|p2a: Slowbro
|-supereffective|p2a: Slowbro
|-damage|p2a: Slowbro|51/100 tox
|move|p2a: Slowbro|Body Press|p1a: Bonedome
|-damage|p1a: Bonedome|86/100
|
|-weather|Sandstorm|[upkeep]
|-damage|p2a: Slowbro|45/100 tox|[from] Sandstorm
|-heal|p2a: Slowbro|51/100 tox|[from] item: Leftovers
|-damage|p2a: Slowbro|39/100 tox|[from] psn
|upkeep
|turn|33
|
|t:|1677815447
|move|p1a: Bonedome|Foul Play|p2a: Slowbro
|-supereffective|p2a: Slowbro
|-damage|p2a: Slowbro|16/100 tox
|move|p2a: Slowbro|Future Sight|p1a: Bonedome
|-start|p2a: Slowbro|move: Future Sight
|
|-weather|none
|-heal|p2a: Slowbro|22/100 tox|[from] item: Leftovers
|-damage|p2a: Slowbro|4/100 tox|[from] psn
|upkeep
|turn|34
|
|t:|1677815452
|move|p1a: Bonedome|Foul Play|p2a: Slowbro
|-supereffective|p2a: Slowbro
|-damage|p2a: Slowbro|0 fnt
|faint|p2a: Slowbro
|
|upkeep
|
|t:|1677815459
|switch|p2a: Weavile|Weavile, F|51/100
|-ability|p2a: Weavile|Pressure
|turn|35
|
|t:|1677815464
|switch|p2a: Blacephalon|Blacephalon|58/100
|-damage|p2a: Blacephalon|33/100|[from] Stealth Rock
|switch|p1a: Dust Bowl|Hippowdon, M|83/100
|-weather|Sandstorm|[from] ability: Sand Stream|[of] p1a: Dust Bowl
|
|-weather|Sandstorm|[upkeep]
|-damage|p2a: Blacephalon|27/100|[from] Sandstorm
|-end|p1a: Dust Bowl|move: Future Sight
|-damage|p1a: Dust Bowl|53/100
|upkeep
|turn|36
|
|t:|1677815470
|move|p2a: Blacephalon|Flamethrower|p1a: Dust Bowl
|-damage|p1a: Dust Bowl|0 fnt
|faint|p1a: Dust Bowl
|-ability|p2a: Blacephalon|Beast Boost|boost
|-boost|p2a: Blacephalon|spa|1
|
|-weather|Sandstorm|[upkeep]
|-damage|p2a: Blacephalon|21/100|[from] Sandstorm
|upkeep
|
|t:|1677815472
|switch|p1a: Bonedome|Mandibuzz, F|86/100
|turn|37
|
|t:|1677815474
|move|p2a: Blacephalon|Flamethrower|p1a: Bonedome
|-damage|p1a: Bonedome|0 fnt
|faint|p1a: Bonedome
|-ability|p2a: Blacephalon|Beast Boost|boost
|-boost|p2a: Blacephalon|spa|1
|
|-weather|Sandstorm|[upkeep]
|-damage|p2a: Blacephalon|15/100|[from] Sandstorm
|upkeep
|-message|Hate09 forfeited.
|
|win|Tawny mauve
|raw|Hate09's rating: 1507 &rarr; <strong>1485</strong><br />(-22 for losing)
|raw|Tawny mauve's rating: 1475 &rarr; <strong>1497</strong><br />(+22 for winning)
