|j|☆buuditz
|j|☆3rsy
|t:|1677806974
|gametype|singles
|player|p1|buuditz|juggler|1497
|player|p2|3rsy|worker-gen6|1499
|teamsize|p1|6
|teamsize|p2|6
|gen|8
|tier|[Gen 8] OU
|rated|
|rule|Sleep Clause Mod: Limit one foe put to sleep
|rule|Species Clause: Limit one of each Pokémon
|rule|OHKO Clause: OHKO moves are banned
|rule|Evasion Items Clause: Evasion items are banned
|rule|Evasion Moves Clause: Evasion moves are banned
|rule|Endless Battle Clause: Forcing endless battles is banned
|rule|HP Percentage Mod: HP is shown in percentages
|rule|Dynamax Clause: You cannot dynamax
|clearpoke
|poke|p1|Landorus-Therian, M|
|poke|p1|Heatran, M|
|poke|p1|Slowbro, M|
|poke|p1|Tapu Fini|
|poke|p1|Kartana|
|poke|p1|Dragapult, F|
|poke|p2|Barraskewda, M|
|poke|p2|Tornadus-Therian, M|
|poke|p2|Ferrothorn, F|
|poke|p2|Urshifu-*, F|
|poke|p2|Pelipper, F|
|poke|p2|Tapu Lele|
|teampreview
|
|t:|1677806996
|start
|switch|p1a: Landorus|Landorus-Therian, M|100/100
|switch|p2a: Pelier|Pelipper, F|100/100
|-ability|p1a: Landorus|Intimidate|boost
|-unboost|p2a: Pelier|atk|1
|-weather|RainDance|[from] ability: Drizzle|[of] p2a: Pelier
|turn|1
|
|t:|1677807001
|move|p1a: Landorus|Stone Edge|p2a: Pelier
|-supereffective|p2a: Pelier
|-damage|p2a: Pelier|12/100
|move|p2a: Pelier|Scald|p1a: Landorus
|-supereffective|p1a: Landorus
|-damage|p1a: Landorus|2/100
|
|-weather|RainDance|[upkeep]
|upkeep
|turn|2
|c|☆3rsy|ahhhhhhhhhhhhhhhhh
|
|t:|1677807013
|switch|p1a: Heatran|Heatran, M|100/100
|-item|p1a: Heatran|Air Balloon
|switch|p2a: OurShifu|Urshifu-Rapid-Strike, F|100/100
|
|-weather|RainDance|[upkeep]
|upkeep
|turn|3
|
|t:|1677807019
|switch|p1a: Slowbro|Slowbro, M|100/100
|move|p2a: OurShifu|Surging Strikes|p1a: Slowbro
|-resisted|p1a: Slowbro
|-crit|p1a: Slowbro
|-damage|p1a: Slowbro|92/100
|-resisted|p1a: Slowbro
|-crit|p1a: Slowbro
|-damage|p1a: Slowbro|83/100
|-resisted|p1a: Slowbro
|-crit|p1a: Slowbro
|-damage|p1a: Slowbro|74/100
|-hitcount|p1a: Slowbro|3
|
|-weather|RainDance|[upkeep]
|upkeep
|turn|4
|
|t:|1677807022
|move|p2a: OurShifu|U-turn|p1a: Slowbro
|-supereffective|p1a: Slowbro
|-damage|p1a: Slowbro|46/100
|
|t:|1677807029
|switch|p2a: Ferrothorn|Ferrothorn, F|100/100|[from] U-turn
|move|p1a: Slowbro|Future Sight|p2a: Ferrothorn
|-start|p1a: Slowbro|move: Future Sight
|
|-weather|RainDance|[upkeep]
|upkeep
|turn|5
|
|t:|1677807032
|switch|p1a: Heatran|Heatran, M|100/100
|-item|p1a: Heatran|Air Balloon
|move|p2a: Ferrothorn|Knock Off|p1a: Heatran
|-damage|p1a: Heatran|82/100
|-enditem|p1a: Heatran|Air Balloon
|
|-weather|RainDance|[upkeep]
|upkeep
|turn|6
|
|t:|1677807039
|move|p2a: Ferrothorn|Protect|p2a: Ferrothorn
|-singleturn|p2a: Ferrothorn|Protect
|move|p1a: Heatran|Stealth Rock|p2a: Ferrothorn
|-sidestart|p2: 3rsy|move: Stealth Rock
|
|-weather|RainDance|[upkeep]
|-end|p2a: Ferrothorn|move: Future Sight
|-resisted|p2a: Ferrothorn
|-damage|p2a: Ferrothorn|87/100
|-heal|p2a: Ferrothorn|93/100|[from] item: Leftovers
|upkeep
|turn|7
|
|t:|1677807048
|switch|p1a: Kartana|Kartana|100/100
|move|p2a: Ferrothorn|Leech Seed|p1a: Kartana
|-immune|p1a: Kartana
|
|-weather|RainDance|[upkeep]
|-heal|p2a: Ferrothorn|99/100|[from] item: Leftovers
|upkeep
|turn|8
|
|t:|1677807054
|switch|p2a: Tornadus|Tornadus-Therian, M|100/100
|move|p1a: Kartana|Sacred Sword|p2a: Tornadus
|-resisted|p2a: Tornadus
|-damage|p2a: Tornadus|78/100
|
|-weather|none
|upkeep
|turn|9
|
|t:|1677807060
|switch|p1a: Landorus|Landorus-Therian, M|2/100
|-ability|p1a: Landorus|Intimidate|boost
|-unboost|p2a: Tornadus|atk|1
|move|p2a: Tornadus|Defog|p1a: Landorus
|-unboost|p1a: Landorus|evasion|1
|-sideend|p2: 3rsy|Stealth Rock|[from] move: Defog|[of] p2a: Tornadus
|
|upkeep
|turn|10
|j| Yragtcythgyughyty
|
|t:|1677807066
|switch|p2a: Ferrothorn|Ferrothorn, F|99/100
|move|p1a: Landorus|Earthquake|p2a: Ferrothorn
|-damage|p2a: Ferrothorn|30/100
|
|-heal|p2a: Ferrothorn|36/100|[from] item: Leftovers
|upkeep
|turn|11
|c|☆3rsy|ahakwaefja
|c|☆3rsy|bruhhh
|c|☆buuditz|lol
|c|☆3rsy|such prowess
|
|t:|1677807083
|switch|p1a: Dragapult|Dragapult, F|100/100
|move|p2a: Ferrothorn|Protect||[still]
|-fail|p2a: Ferrothorn
|
|-heal|p2a: Ferrothorn|42/100|[from] item: Leftovers
|upkeep
|turn|12
|
|t:|1677807086
|move|p2a: Ferrothorn|Protect|p2a: Ferrothorn
|-singleturn|p2a: Ferrothorn|Protect
|move|p1a: Dragapult|Shadow Ball|p2a: Ferrothorn
|-activate|p2a: Ferrothorn|move: Protect
|
|-heal|p2a: Ferrothorn|48/100|[from] item: Leftovers
|upkeep
|turn|13
|
|t:|1677807092
|move|p1a: Dragapult|Shadow Ball|p2a: Ferrothorn
|-damage|p2a: Ferrothorn|15/100
|move|p2a: Ferrothorn|Leech Seed|p1a: Dragapult|[miss]
|-miss|p2a: Ferrothorn|p1a: Dragapult
|
|-heal|p2a: Ferrothorn|21/100|[from] item: Leftovers
|upkeep
|turn|14
|
|t:|1677807097
|move|p2a: Ferrothorn|Protect|p2a: Ferrothorn
|-singleturn|p2a: Ferrothorn|Protect
|move|p1a: Dragapult|Shadow Ball|p2a: Ferrothorn
|-activate|p2a: Ferrothorn|move: Protect
|
|-heal|p2a: Ferrothorn|27/100|[from] item: Leftovers
|upkeep
|turn|15
|c|☆3rsy|such dodge skill too
|
|t:|1677807113
|move|p1a: Dragapult|Shadow Ball|p2a: Ferrothorn
|-damage|p2a: Ferrothorn|0 fnt
|faint|p2a: Ferrothorn
|
|upkeep
|c|☆buuditz|srry
|
|t:|1677807132
|switch|p2a: Pelier|Pelipper, F|12/100
|-weather|RainDance|[from] ability: Drizzle|[of] p2a: Pelier
|turn|16
|
|t:|1677807135
|switch|p2a: Tornadus|Tornadus-Therian, M|100/100
|move|p1a: Dragapult|Shadow Ball|p2a: Tornadus
|-damage|p2a: Tornadus|46/100
|
|-weather|RainDance|[upkeep]
|upkeep
|turn|17
|
|t:|1677807139
|move|p1a: Dragapult|Shadow Ball|p2a: Tornadus
|-damage|p2a: Tornadus|0 fnt
|faint|p2a: Tornadus
|
|-weather|RainDance|[upkeep]
|upkeep
|
|t:|1677807142
|switch|p2a: Barraskewda|Barraskewda, M|100/100
|turn|18
|
|t:|1677807151
|switch|p1a: Tapu Fini|Tapu Fini|100/100
|-fieldstart|move: Misty Terrain|[from] ability: Misty Surge|[of] p1a: Tapu Fini
|move|p2a: Barraskewda|Crunch|p1a: Tapu Fini
|-resisted|p1a: Tapu Fini
|-damage|p1a: Tapu Fini|86/100
|
|-weather|RainDance|[upkeep]
|-heal|p1a: Tapu Fini|92/100|[from] item: Leftovers
|upkeep
|turn|19
|
|t:|1677807158
|switch|p2a: Tapu Lele|Tapu Lele|100/100
|-fieldstart|move: Psychic Terrain|[from] ability: Psychic Surge|[of] p2a: Tapu Lele
|move|p1a: Tapu Fini|Moonblast|p2a: Tapu Lele
|-damage|p2a: Tapu Lele|79/100
|-unboost|p2a: Tapu Lele|spa|1
|
|-weather|RainDance|[upkeep]
|-heal|p1a: Tapu Fini|98/100|[from] item: Leftovers
|upkeep
|turn|20
|
|t:|1677807163
|switch|p2a: Barraskewda|Barraskewda, M|100/100
|switch|p1a: Kartana|Kartana|100/100
|
|-weather|RainDance|[upkeep]
|upkeep
|turn|21
|
|t:|1677807168
|move|p2a: Barraskewda|Flip Turn|p1a: Kartana
|-resisted|p1a: Kartana
|-damage|p1a: Kartana|62/100
|c|☆3rsy|gg wp
|c|☆buuditz|gg
|
|t:|1677807175
|switch|p2a: OurShifu|Urshifu-Rapid-Strike, F|100/100|[from] Flip Turn
|move|p1a: Kartana|Leaf Blade|p2a: OurShifu
|-supereffective|p2a: OurShifu
|-damage|p2a: OurShifu|0 fnt
|faint|p2a: OurShifu
|-ability|p1a: Kartana|Beast Boost|boost
|-boost|p1a: Kartana|atk|1
|
|-weather|RainDance|[upkeep]
|upkeep
|-message|3rsy forfeited.
|
|win|buuditz
|raw|buuditz's rating: 1497 &rarr; <strong>1517</strong><br />(+20 for winning)
|raw|3rsy's rating: 1499 &rarr; <strong>1479</strong><br />(-20 for losing)
|l|☆3rsy
||Ladder isn't responding, score probably updated but might not have (Request timeout).
