|j|☆ryota-kamasaki
|j|☆Shilobu
|t:|1677805914
|gametype|singles
|player|p1|ryota-kamasaki|hugh|1039
|player|p2|Shilobu|iris|1172
|teamsize|p1|6
|teamsize|p2|6
|gen|8
|tier|[Gen 8] OU
|rated|
|rule|Sleep Clause Mod: Limit one foe put to sleep
|rule|Species Clause: Limit one of each Pokémon
|rule|OHKO Clause: OHKO moves are banned
|rule|Evasion Items Clause: Evasion items are banned
|rule|Evasion Moves Clause: Evasion moves are banned
|rule|Endless Battle Clause: Forcing endless battles is banned
|rule|HP Percentage Mod: HP is shown in percentages
|rule|Dynamax Clause: You cannot dynamax
|clearpoke
|poke|p1|Centiskorch, F|
|poke|p1|Inteleon, F|
|poke|p1|Corviknight, F|
|poke|p1|Hatterene, F|
|poke|p1|Rillaboom, F|
|poke|p1|Dracozolt|
|poke|p2|Zeraora|
|poke|p2|Regieleki|
|poke|p2|Umbreon, M|
|poke|p2|Urshifu-*, M|
|poke|p2|Toxtricity, M|
|poke|p2|Galvantula, M|
|teampreview
|inactive|Battle timer is ON: inactive players will automatically lose when time's up. (requested by Shilobu)
|
|t:|1677805935
|start
|switch|p1a: Corviknight|Corviknight, F|100/100
|switch|p2a: Umbreon|Umbreon, M|100/100
|turn|1
|
|t:|1677805946
|move|p1a: Corviknight|Reflect|p1a: Corviknight
|-sidestart|p1: ryota-kamasaki|Reflect
|move|p2a: Umbreon|Reflect|p2a: Umbreon
|-sidestart|p2: Shilobu|Reflect
|
|upkeep
|turn|2
|
|t:|1677805951
|move|p1a: Corviknight|Light Screen|p1a: Corviknight
|-sidestart|p1: ryota-kamasaki|move: Light Screen
|move|p2a: Umbreon|Yawn|p1a: Corviknight
|-start|p1a: Corviknight|move: Yawn|[of] p2a: Umbreon
|
|upkeep
|turn|3
|
|t:|1677805957
|switch|p1a: Hatterene|Hatterene, F|100/100
|switch|p2a: Urshifu|Urshifu-Rapid-Strike, M|100/100
|
|upkeep
|turn|4
|
|t:|1677805969
|move|p2a: Urshifu|Poison Jab|p1a: Hatterene
|-supereffective|p1a: Hatterene
|-damage|p1a: Hatterene|56/100
|move|p1a: Hatterene|Trick Room|p1a: Hatterene
|-fieldstart|move: Trick Room|[of] p1a: Hatterene
|
|upkeep
|turn|5
|
|t:|1677805977
|move|p1a: Hatterene|Psychic|p2a: Urshifu
|-supereffective|p2a: Urshifu
|-damage|p2a: Urshifu|0 fnt
|faint|p2a: Urshifu
|
|-sideend|p2: Shilobu|Reflect
|-sideend|p1: ryota-kamasaki|Reflect
|upkeep
|
|t:|1677805998
|switch|p2a: Umbreon|Umbreon, M|100/100
|turn|6
|
|t:|1677806016
|move|p1a: Hatterene|Dazzling Gleam|p2a: Umbreon
|-supereffective|p2a: Umbreon
|-damage|p2a: Umbreon|44/100
|-enditem|p2a: Umbreon|Sitrus Berry|[eat]
|-heal|p2a: Umbreon|69/100|[from] item: Sitrus Berry
|move|p2a: Umbreon|Yawn|p1a: Hatterene
|move|p1a: Hatterene|Yawn|p2a: Umbreon|[from]ability: Magic Bounce
|-start|p2a: Umbreon|move: Yawn|[of] p1a: Hatterene
|
|-sideend|p1: ryota-kamasaki|move: Light Screen
|upkeep
|turn|7
|inactive|Shilobu has 120 seconds left.
|
|t:|1677806032
|switch|p2a: Toxtricity|Toxtricity, M|100/100
|move|p1a: Hatterene|Dazzling Gleam|p2a: Toxtricity
|-resisted|p2a: Toxtricity
|-damage|p2a: Toxtricity|67/100
|
|-heal|p2a: Toxtricity|73/100|[from] item: Black Sludge
|upkeep
|turn|8
|
|t:|1677806038
|move|p1a: Hatterene|Psychic|p2a: Toxtricity
|-supereffective|p2a: Toxtricity
|-damage|p2a: Toxtricity|0 fnt
|faint|p2a: Toxtricity
|
|-fieldend|move: Trick Room
|upkeep
|inactive|Shilobu has 120 seconds left.
|
|t:|1677806050
|switch|p2a: Zeraora|Zeraora|100/100
|turn|9
|
|t:|1677806053
|move|p2a: Zeraora|Knock Off|p1a: Hatterene
|-damage|p1a: Hatterene|23/100
|-enditem|p1a: Hatterene|Poke Ball|[from] move: Knock Off|[of] p2a: Zeraora
|move|p1a: Hatterene|Trick Room|p1a: Hatterene
|-fieldstart|move: Trick Room|[of] p1a: Hatterene
|
|upkeep
|turn|10
|
|t:|1677806064
|switch|p1a: Rillaboom|Rillaboom, F|100/100
|-fieldstart|move: Grassy Terrain|[from] ability: Grassy Surge|[of] p1a: Rillaboom
|move|p2a: Zeraora|Plasma Fists|p1a: Rillaboom
|-resisted|p1a: Rillaboom
|-damage|p1a: Rillaboom|74/100
|-fieldactivate|move: Ion Deluge
|-hint|Normal-type moves become Electric-type after using Plasma Fists.
|
|-heal|p1a: Rillaboom|80/100|[from] Grassy Terrain
|upkeep
|turn|11
|
|t:|1677806074
|switch|p2a: Umbreon|Umbreon, M|69/100
|move|p1a: Rillaboom|High Horsepower|p2a: Umbreon
|-damage|p2a: Umbreon|45/100
|
|-heal|p2a: Umbreon|51/100|[from] Grassy Terrain
|-heal|p1a: Rillaboom|86/100|[from] Grassy Terrain
|upkeep
|turn|12
|
|t:|1677806082
|move|p2a: Umbreon|Reflect|p2a: Umbreon
|-sidestart|p2: Shilobu|Reflect
|move|p1a: Rillaboom|Drain Punch|p2a: Umbreon
|-supereffective|p2a: Umbreon
|-damage|p2a: Umbreon|33/100
|-heal|p1a: Rillaboom|95/100|[from] drain|[of] p2a: Umbreon
|
|-heal|p2a: Umbreon|39/100|[from] Grassy Terrain
|-heal|p1a: Rillaboom|100/100|[from] Grassy Terrain
|upkeep
|turn|13
|
|t:|1677806091
|switch|p2a: Tarantula|Galvantula, M, shiny|100/100
|move|p1a: Rillaboom|Wood Hammer|p2a: Tarantula
|-resisted|p2a: Tarantula
|-damage|p2a: Tarantula|65/100
|-damage|p1a: Rillaboom|91/100|[from] Recoil
|
|-heal|p1a: Rillaboom|97/100|[from] Grassy Terrain
|-heal|p2a: Tarantula|71/100|[from] Grassy Terrain
|-heal|p2a: Tarantula|77/100|[from] item: Leftovers
|-fieldend|move: Trick Room
|upkeep
|turn|14
|
|t:|1677806103
|switch|p1a: Centiskorch|Centiskorch, F|100/100
|move|p2a: Tarantula|Bug Buzz|p1a: Centiskorch
|-resisted|p1a: Centiskorch
|-damage|p1a: Centiskorch|88/100
|
|-heal|p2a: Tarantula|83/100|[from] Grassy Terrain
|-heal|p2a: Tarantula|89/100|[from] item: Leftovers
|-heal|p1a: Centiskorch|95/100|[from] Grassy Terrain
|-fieldend|move: Grassy Terrain
|upkeep
|turn|15
|
|t:|1677806114
|move|p2a: Tarantula|Thunder Wave|p1a: Centiskorch
|-status|p1a: Centiskorch|par
|cant|p1a: Centiskorch|par
|
|-heal|p2a: Tarantula|95/100|[from] item: Leftovers
|upkeep
|turn|16
|
|t:|1677806130
|move|p2a: Tarantula|Thunder Wave|p1a: Centiskorch
|-fail|p1a: Centiskorch|par
|move|p1a: Centiskorch|Fire Lash|p2a: Tarantula
|-supereffective|p2a: Tarantula
|-damage|p2a: Tarantula|45/100
|-unboost|p2a: Tarantula|def|1
|
|-heal|p2a: Tarantula|51/100|[from] item: Leftovers
|-sideend|p2: Shilobu|Reflect
|upkeep
|turn|17
|
|t:|1677806143
|switch|p2a: Umbreon|Umbreon, M|39/100
|move|p1a: Centiskorch|Fire Lash|p2a: Umbreon
|-damage|p2a: Umbreon|16/100
|-unboost|p2a: Umbreon|def|1
|
|upkeep
|turn|18
|
|t:|1677806155
|move|p2a: Umbreon|Protect|p2a: Umbreon
|-singleturn|p2a: Umbreon|Protect
|move|p1a: Centiskorch|Knock Off|p2a: Umbreon
|-activate|p2a: Umbreon|move: Protect
|
|upkeep
|turn|19
|
|t:|1677806161
|move|p2a: Umbreon|Reflect|p2a: Umbreon
|-sidestart|p2: Shilobu|Reflect
|cant|p1a: Centiskorch|par
|
|upkeep
|turn|20
|
|t:|1677806177
|switch|p2a: Regieleki|Regieleki, shiny|100/100
|move|p1a: Centiskorch|Knock Off|p2a: Regieleki
|-damage|p2a: Regieleki|78/100
|-enditem|p2a: Regieleki|Focus Sash|[from] move: Knock Off|[of] p1a: Centiskorch
|
|upkeep
|turn|21
|
|t:|1677806184
|move|p2a: Regieleki|Agility|p2a: Regieleki
|-boost|p2a: Regieleki|spe|2
|move|p1a: Centiskorch|Fire Lash|p2a: Regieleki
|-damage|p2a: Regieleki|50/100
|-unboost|p2a: Regieleki|def|1
|
|upkeep
|turn|22
|
|t:|1677806192
|move|p2a: Regieleki|Electro Ball|p1a: Centiskorch
|-damage|p1a: Centiskorch|20/100 par
|move|p1a: Centiskorch|Fire Lash|p2a: Regieleki
|-damage|p2a: Regieleki|10/100
|-unboost|p2a: Regieleki|def|1
|
|upkeep
|turn|23
|
|t:|1677806198
|move|p2a: Regieleki|Electro Ball|p1a: Centiskorch
|-damage|p1a: Centiskorch|0 fnt
|faint|p1a: Centiskorch
|
|-sideend|p2: Shilobu|Reflect
|upkeep
|
|t:|1677806203
|switch|p1a: Corviknight|Corviknight, F|100/100
|turn|24
|
|t:|1677806209
|switch|p1a: Hatterene|Hatterene, F|23/100
|move|p2a: Regieleki|Electro Ball|p1a: Hatterene
|-damage|p1a: Hatterene|0 fnt
|faint|p1a: Hatterene
|
|upkeep
|
|t:|1677806215
|switch|p1a: Rillaboom|Rillaboom, F|97/100
|-fieldstart|move: Grassy Terrain|[from] ability: Grassy Surge|[of] p1a: Rillaboom
|turn|25
|
|t:|1677806222
|move|p2a: Regieleki|Electro Ball|p1a: Rillaboom
|-resisted|p1a: Rillaboom
|-damage|p1a: Rillaboom|42/100
|move|p1a: Rillaboom|Wood Hammer|p2a: Regieleki
|-damage|p2a: Regieleki|0 fnt
|faint|p2a: Regieleki
|-damage|p1a: Rillaboom|39/100|[from] Recoil
|
|-heal|p1a: Rillaboom|45/100|[from] Grassy Terrain
|upkeep
|
|t:|1677806233
|switch|p2a: Umbreon|Umbreon, M|16/100
|turn|26
|
|t:|1677806238
|move|p2a: Umbreon|Protect|p2a: Umbreon
|-singleturn|p2a: Umbreon|Protect
|move|p1a: Rillaboom|Drain Punch|p2a: Umbreon
|-activate|p2a: Umbreon|move: Protect
|
|-heal|p1a: Rillaboom|51/100|[from] Grassy Terrain
|-heal|p2a: Umbreon|22/100|[from] Grassy Terrain
|upkeep
|turn|27
|
|t:|1677806248
|move|p1a: Rillaboom|Drain Punch|p2a: Umbreon
|-supereffective|p2a: Umbreon
|-damage|p2a: Umbreon|0 fnt
|-heal|p1a: Rillaboom|62/100|[from] drain|[of] p2a: Umbreon
|faint|p2a: Umbreon
|
|-heal|p1a: Rillaboom|68/100|[from] Grassy Terrain
|upkeep
|
|t:|1677806252
|switch|p2a: Tarantula|Galvantula, M, shiny|51/100
|turn|28
|
|t:|1677806258
|move|p2a: Tarantula|Thunder Wave|p1a: Rillaboom
|-status|p1a: Rillaboom|par
|move|p1a: Rillaboom|High Horsepower|p2a: Tarantula
|-damage|p2a: Tarantula|0 fnt
|faint|p2a: Tarantula
|
|-heal|p1a: Rillaboom|74/100 par|[from] Grassy Terrain
|upkeep
|
|t:|1677806263
|switch|p2a: Zeraora|Zeraora|100/100
|turn|29
|
|t:|1677806272
|move|p2a: Zeraora|Bulk Up|p2a: Zeraora
|-boost|p2a: Zeraora|atk|1
|-boost|p2a: Zeraora|def|1
|cant|p1a: Rillaboom|par
|
|-heal|p1a: Rillaboom|80/100 par|[from] Grassy Terrain
|-fieldend|move: Grassy Terrain
|upkeep
|turn|30
|
|t:|1677806280
|move|p2a: Zeraora|Bulk Up|p2a: Zeraora
|-boost|p2a: Zeraora|atk|1
|-boost|p2a: Zeraora|def|1
|move|p1a: Rillaboom|High Horsepower|p2a: Zeraora
|-supereffective|p2a: Zeraora
|-damage|p2a: Zeraora|54/100
|
|upkeep
|turn|31
|
|t:|1677806292
|switch|p1a: Dracozolt|Dracozolt|100/100
|move|p2a: Zeraora|Bulk Up|p2a: Zeraora
|-boost|p2a: Zeraora|atk|1
|-boost|p2a: Zeraora|def|1
|
|upkeep
|turn|32
|
|t:|1677806300
|move|p2a: Zeraora|Knock Off|p1a: Dracozolt
|-damage|p1a: Dracozolt|18/100
|-enditem|p1a: Dracozolt|Poke Ball|[from] move: Knock Off|[of] p2a: Zeraora
|move|p1a: Dracozolt|Substitute|p1a: Dracozolt
|-fail|p1a: Dracozolt|move: Substitute|[weak]
|
|upkeep
|turn|33
|
|t:|1677806313
|move|p2a: Zeraora|Drain Punch|p1a: Dracozolt
|-damage|p1a: Dracozolt|0 fnt
|-heal|p2a: Zeraora|63/100|[from] drain|[of] p1a: Dracozolt
|faint|p1a: Dracozolt
|
|upkeep
|
|t:|1677806321
|switch|p1a: Rillaboom|Rillaboom, F|80/100 par
|-fieldstart|move: Grassy Terrain|[from] ability: Grassy Surge|[of] p1a: Rillaboom
|turn|34
|
|t:|1677806327
|move|p2a: Zeraora|Bulk Up|p2a: Zeraora
|-boost|p2a: Zeraora|atk|1
|-boost|p2a: Zeraora|def|1
|move|p1a: Rillaboom|Wood Hammer|p2a: Zeraora
|-damage|p2a: Zeraora|26/100
|-damage|p1a: Rillaboom|69/100 par|[from] Recoil
|
|-heal|p2a: Zeraora|32/100|[from] Grassy Terrain
|-heal|p1a: Rillaboom|75/100 par|[from] Grassy Terrain
|upkeep
|turn|35
|
|t:|1677806337
|move|p2a: Zeraora|Drain Punch|p1a: Rillaboom
|-damage|p1a: Rillaboom|3/100 par
|-heal|p2a: Zeraora|71/100|[from] drain|[of] p1a: Rillaboom
|move|p1a: Rillaboom|High Horsepower|p2a: Zeraora|[miss]
|-miss|p1a: Rillaboom|p2a: Zeraora
|
|-heal|p2a: Zeraora|77/100|[from] Grassy Terrain
|-heal|p1a: Rillaboom|10/100 par|[from] Grassy Terrain
|upkeep
|turn|36
|-message|ryota-kamasaki forfeited.
|
|win|Shilobu
|raw|ryota-kamasaki's rating: 1039 &rarr; <strong>1029</strong><br />(-10 for losing)
|raw|Shilobu's rating: 1172 &rarr; <strong>1188</strong><br />(+16 for winning)
|l|☆ryota-kamasaki
