|j|☆ryota-kamasaki
|j|☆Shalzar69
|t:|1677808691
|gametype|singles
|player|p1|ryota-kamasaki|hugh|1053
|player|p2|Shalzar69|169|1081
|teamsize|p1|6
|teamsize|p2|6
|gen|8
|tier|[Gen 8] OU
|rated|
|rule|Sleep Clause Mod: Limit one foe put to sleep
|rule|Species Clause: Limit one of each Pokémon
|rule|OHKO Clause: OHKO moves are banned
|rule|Evasion Items Clause: Evasion items are banned
|rule|Evasion Moves Clause: Evasion moves are banned
|rule|Endless Battle Clause: Forcing endless battles is banned
|rule|HP Percentage Mod: HP is shown in percentages
|rule|Dynamax Clause: You cannot dynamax
|clearpoke
|poke|p1|Centiskorch, F|
|poke|p1|Inteleon, M|
|poke|p1|Corviknight, F|
|poke|p1|Hatterene, F|
|poke|p1|Rillaboom, F|
|poke|p1|Dracozolt|
|poke|p2|Aerodactyl, M|
|poke|p2|Conkeldurr, F|
|poke|p2|Bisharp, M|
|poke|p2|Volcarona, M|
|poke|p2|Rotom-Wash|
|poke|p2|Dragonite, F|
|teampreview
|
|t:|1677808700
|start
|switch|p1a: Hatterene|Hatterene, F|100/100
|switch|p2a: Aerodactyl|Aerodactyl, M|100/100
|turn|1
|
|t:|1677808715
|switch|p2a: Bisharp|Bisharp, M|100/100
|move|p1a: Hatterene|Trick Room|p1a: Hatterene
|-fieldstart|move: Trick Room|[of] p1a: Hatterene
|
|upkeep
|turn|2
|
|t:|1677808728
|switch|p1a: Centiskorch|Centiskorch, F|100/100
|move|p2a: Bisharp|Swords Dance|p2a: Bisharp
|-boost|p2a: Bisharp|atk|2
|
|upkeep
|turn|3
|
|t:|1677808743
|move|p1a: Centiskorch|Fire Lash|p2a: Bisharp
|-supereffective|p2a: Bisharp
|-damage|p2a: Bisharp|30/100
|-unboost|p2a: Bisharp|def|1
|-ability|p2a: Bisharp|Defiant|boost
|-boost|p2a: Bisharp|atk|2
|move|p2a: Bisharp|Knock Off|p1a: Centiskorch
|-damage|p1a: Centiskorch|0 fnt
|-enditem|p1a: Centiskorch|Poke Ball|[from] move: Knock Off|[of] p2a: Bisharp
|faint|p1a: Centiskorch
|-damage|p2a: Bisharp|20/100|[from] item: Life Orb
|
|upkeep
|
|t:|1677808755
|switch|p1a: Dracozolt|Dracozolt|100/100
|turn|4
|
|t:|1677808770
|move|p2a: Bisharp|Iron Head|p1a: Dracozolt
|-resisted|p1a: Dracozolt
|-damage|p1a: Dracozolt|0 fnt
|faint|p1a: Dracozolt
|-damage|p2a: Bisharp|10/100|[from] item: Life Orb
|
|upkeep
|
|t:|1677808779
|switch|p1a: Inteleon|Inteleon, M|100/100
|turn|5
|
|t:|1677808797
|move|p2a: Bisharp|Sucker Punch|p1a: Inteleon
|-damage|p1a: Inteleon|0 fnt
|faint|p1a: Inteleon
|-damage|p2a: Bisharp|0 fnt|[from] item: Life Orb
|faint|p2a: Bisharp
|
|-fieldend|move: Trick Room
|upkeep
|
|t:|1677808809
|switch|p1a: Hatterene|Hatterene, F|100/100
|switch|p2a: Aerodactyl|Aerodactyl, M|100/100
|turn|6
|
|t:|1677808863
|switch|p2a: Conkeldurr|Conkeldurr, F|100/100
|move|p1a: Hatterene|Trick Room|p1a: Hatterene
|-fieldstart|move: Trick Room|[of] p1a: Hatterene
|
|-status|p2a: Conkeldurr|brn|[from] item: Flame Orb
|upkeep
|turn|7
|
|t:|1677808877
|move|p1a: Hatterene|Psychic|p2a: Conkeldurr
|-supereffective|p2a: Conkeldurr
|-damage|p2a: Conkeldurr|0 fnt
|faint|p2a: Conkeldurr
|
|upkeep
|
|t:|1677808900
|switch|p2a: Aerodactyl|Aerodactyl, M|100/100
|turn|8
|
|t:|1677808906
|move|p1a: Hatterene|Psychic|p2a: Aerodactyl
|-damage|p2a: Aerodactyl|19/100
|move|p2a: Aerodactyl|Earthquake|p1a: Hatterene
|-damage|p1a: Hatterene|66/100
|
|upkeep
|turn|9
|
|t:|1677808911
|move|p1a: Hatterene|Psychic|p2a: Aerodactyl
|-crit|p2a: Aerodactyl
|-damage|p2a: Aerodactyl|0 fnt
|faint|p2a: Aerodactyl
|
|upkeep
|
|t:|1677808924
|switch|p2a: Rotom|Rotom-Wash|100/100
|turn|10
|
|t:|1677808928
|move|p1a: Hatterene|Psychic|p2a: Rotom
|-damage|p2a: Rotom|48/100
|move|p2a: Rotom|Volt Switch|p1a: Hatterene
|-damage|p1a: Hatterene|38/100
|inactive|Battle timer is ON: inactive players will automatically lose when time's up. (requested by Shalzar69)
|
|t:|1677808946
|switch|p2a: Volcarona|Volcarona, M|100/100|[from] Volt Switch
|
|-fieldend|move: Trick Room
|upkeep
|turn|11
|
|t:|1677808959
|move|p2a: Volcarona|Quiver Dance|p2a: Volcarona
|-boost|p2a: Volcarona|spa|1
|-boost|p2a: Volcarona|spd|1
|-boost|p2a: Volcarona|spe|1
|move|p1a: Hatterene|Dazzling Gleam|p2a: Volcarona
|-resisted|p2a: Volcarona
|-damage|p2a: Volcarona|84/100
|
|upkeep
|turn|12
|
|t:|1677808968
|move|p2a: Volcarona|Giga Drain|p1a: Hatterene
|-damage|p1a: Hatterene|0 fnt
|-heal|p2a: Volcarona|100/100|[from] drain|[of] p1a: Hatterene
|faint|p1a: Hatterene
|
|upkeep
|
|t:|1677808973
|switch|p1a: Rillaboom|Rillaboom, F|100/100
|-fieldstart|move: Grassy Terrain|[from] ability: Grassy Surge|[of] p1a: Rillaboom
|turn|13
|
|t:|1677808978
|move|p2a: Volcarona|Fiery Dance|p1a: Rillaboom
|-supereffective|p1a: Rillaboom
|-damage|p1a: Rillaboom|0 fnt
|-boost|p2a: Volcarona|spa|1
|faint|p1a: Rillaboom
|
|upkeep
|-message|ryota-kamasaki forfeited.
|
|win|Shalzar69
|raw|ryota-kamasaki's rating: 1053 &rarr; <strong>1036</strong><br />(-17 for losing)
|raw|Shalzar69's rating: 1081 &rarr; <strong>1107</strong><br />(+26 for winning)
|l|☆ryota-kamasaki
|c|☆Shalzar69|gg
