|j|☆Aldoggydog
|j|☆RST4
|t:|1677798989
|gametype|singles
|player|p1|Aldoggydog|brawly|1373
|player|p2|RST4|hilbert-wonderlauncher|1424
|teamsize|p1|6
|teamsize|p2|6
|gen|8
|tier|[Gen 8] OU
|rated|
|rule|Sleep Clause Mod: Limit one foe put to sleep
|rule|Species Clause: Limit one of each Pokémon
|rule|OHKO Clause: OHKO moves are banned
|rule|Evasion Items Clause: Evasion items are banned
|rule|Evasion Moves Clause: Evasion moves are banned
|rule|Endless Battle Clause: Forcing endless battles is banned
|rule|HP Percentage Mod: HP is shown in percentages
|rule|Dynamax Clause: You cannot dynamax
|clearpoke
|poke|p1|Hydreigon, F|
|poke|p1|Kartana|
|poke|p1|Blacephalon|
|poke|p1|Landorus-Therian, M|
|poke|p1|Melmetal|
|poke|p1|Toxapex, M|
|poke|p2|Inteleon, M|
|poke|p2|Ferrothorn, M|
|poke|p2|Togekiss, F|
|poke|p2|Dragapult, M|
|poke|p2|Diggersby, F|
|poke|p2|Toxapex, F|
|teampreview
|inactive|Battle timer is ON: inactive players will automatically lose when time's up. (requested by Aldoggydog)
|
|t:|1677799004
|start
|switch|p1a: Hydreigon|Hydreigon, F|100/100
|switch|p2a: Togekiss|Togekiss, F|100/100
|turn|1
|
|t:|1677799008
|move|p1a: Hydreigon|Iron Tail|p2a: Togekiss
|-supereffective|p2a: Togekiss
|-damage|p2a: Togekiss|7/100
|move|p2a: Togekiss|Dazzling Gleam|p1a: Hydreigon
|-supereffective|p1a: Hydreigon
|-damage|p1a: Hydreigon|0 fnt
|faint|p1a: Hydreigon
|
|-heal|p2a: Togekiss|14/100|[from] item: Leftovers
|upkeep
|
|t:|1677799020
|switch|p1a: Blacephalon|Blacephalon|100/100
|turn|2
|
|t:|1677799023
|switch|p2a: Toxapex|Toxapex, F|100/100
|move|p1a: Blacephalon|Flamethrower|p2a: Toxapex
|-resisted|p2a: Toxapex
|-damage|p2a: Toxapex|85/100
|
|-heal|p2a: Toxapex|91/100|[from] item: Black Sludge
|upkeep
|turn|3
|
|t:|1677799027
|switch|p1a: Landorus|Landorus-Therian, M|100/100
|-ability|p1a: Landorus|Intimidate|boost
|-unboost|p2a: Toxapex|atk|1
|move|p2a: Toxapex|Scald|p1a: Landorus
|-supereffective|p1a: Landorus
|-damage|p1a: Landorus|75/100
|-status|p1a: Landorus|brn
|
|-heal|p1a: Landorus|81/100 brn|[from] item: Leftovers
|-heal|p2a: Toxapex|98/100|[from] item: Black Sludge
|-damage|p1a: Landorus|75/100 brn|[from] brn
|upkeep
|turn|4
|
|t:|1677799030
|switch|p2a: Ferrothorn|Ferrothorn, M|100/100
|move|p1a: Landorus|Stealth Rock|p2a: Ferrothorn
|-sidestart|p2: RST4|move: Stealth Rock
|
|-heal|p1a: Landorus|81/100 brn|[from] item: Leftovers
|-damage|p1a: Landorus|75/100 brn|[from] brn
|upkeep
|turn|5
|
|t:|1677799033
|move|p1a: Landorus|Explosion|p2a: Ferrothorn
|-resisted|p2a: Ferrothorn
|-damage|p2a: Ferrothorn|89/100
|faint|p1a: Landorus
|move|p2a: Ferrothorn|Stealth Rock|p1: Landorus
|-sidestart|p1: Aldoggydog|move: Stealth Rock
|
|upkeep
|
|t:|1677799040
|switch|p1a: Kartana|Kartana|100/100
|-damage|p1a: Kartana|94/100|[from] Stealth Rock
|turn|6
|
|t:|1677799045
|switch|p2a: Togekiss|Togekiss, F|14/100
|-damage|p2a: Togekiss|0 fnt|[from] Stealth Rock
|faint|p2a: Togekiss
|move|p1a: Kartana|Knock Off|p2: Togekiss|[notarget]
|-fail|p1a: Kartana
|
|upkeep
|
|t:|1677799051
|switch|p2a: Ferrothorn|Ferrothorn, M|89/100
|-damage|p2a: Ferrothorn|83/100|[from] Stealth Rock
|turn|7
|
|t:|1677799055
|switch|p1a: Toxapex|Toxapex, M|100/100
|-damage|p1a: Toxapex|88/100|[from] Stealth Rock
|move|p2a: Ferrothorn|Gyro Ball|p1a: Toxapex
|-resisted|p1a: Toxapex
|-damage|p1a: Toxapex|82/100
|-damage|p2a: Ferrothorn|66/100|[from] item: Rocky Helmet|[of] p1a: Toxapex
|
|upkeep
|turn|8
|
|t:|1677799061
|move|p1a: Toxapex|Knock Off|p2a: Ferrothorn
|-damage|p2a: Ferrothorn|57/100
|-damage|p1a: Toxapex|70/100|[from] ability: Iron Barbs|[of] p2a: Ferrothorn
|-damage|p1a: Toxapex|54/100|[from] item: Rocky Helmet|[of] p2a: Ferrothorn
|-enditem|p2a: Ferrothorn|Rocky Helmet|[from] move: Knock Off|[of] p1a: Toxapex
|move|p2a: Ferrothorn|Leech Seed|p1a: Toxapex
|-start|p1a: Toxapex|move: Leech Seed
|
|-damage|p1a: Toxapex|41/100|[from] Leech Seed|[of] p2a: Ferrothorn
|-heal|p2a: Ferrothorn|68/100|[silent]
|upkeep
|turn|9
|
|t:|1677799068
|switch|p1a: Kartana|Kartana|94/100
|-damage|p1a: Kartana|88/100|[from] Stealth Rock
|move|p2a: Ferrothorn|Power Whip|p1a: Kartana
|-resisted|p1a: Kartana
|-damage|p1a: Kartana|78/100
|
|upkeep
|turn|10
|
|t:|1677799076
|switch|p2a: Toxapex|Toxapex, F|100/100
|-damage|p2a: Toxapex|88/100|[from] Stealth Rock
|move|p1a: Kartana|Knock Off|p2a: Toxapex
|-damage|p2a: Toxapex|35/100
|-enditem|p2a: Toxapex|Black Sludge|[from] move: Knock Off|[of] p1a: Kartana
|
|upkeep
|turn|11
|
|t:|1677799082
|move|p2a: Toxapex|Baneful Bunker|p2a: Toxapex
|-singleturn|p2a: Toxapex|move: Protect
|move|p1a: Kartana|Knock Off|p2a: Toxapex
|-activate|p2a: Toxapex|move: Protect
|
|upkeep
|turn|12
|
|t:|1677799087
|switch|p2a: Ferrothorn|Ferrothorn, M|68/100
|-damage|p2a: Ferrothorn|61/100|[from] Stealth Rock
|move|p1a: Kartana|Knock Off|p2a: Ferrothorn
|-crit|p2a: Ferrothorn
|-damage|p2a: Ferrothorn|24/100
|-damage|p1a: Kartana|66/100|[from] ability: Iron Barbs|[of] p2a: Ferrothorn
|
|upkeep
|turn|13
|
|t:|1677799089
|move|p1a: Kartana|Knock Off|p2a: Ferrothorn
|-damage|p2a: Ferrothorn|0 fnt
|-damage|p1a: Kartana|53/100|[from] ability: Iron Barbs|[of] p2a: Ferrothorn
|faint|p2a: Ferrothorn
|-ability|p1a: Kartana|Beast Boost|boost
|-boost|p1a: Kartana|atk|1
|
|upkeep
|
|t:|1677799099
|switch|p2a: Diggersby|Diggersby, F|100/100
|-damage|p2a: Diggersby|94/100|[from] Stealth Rock
|turn|14
|
|t:|1677799101
|move|p2a: Diggersby|Fire Punch|p1a: Kartana
|-supereffective|p1a: Kartana
|-damage|p1a: Kartana|0 fnt
|faint|p1a: Kartana
|
|upkeep
|
|t:|1677799105
|switch|p1a: Melmetal|Melmetal|100/100
|-damage|p1a: Melmetal|94/100|[from] Stealth Rock
|turn|15
|
|t:|1677799109
|switch|p2a: Toxapex|Toxapex, F|69/100
|-damage|p2a: Toxapex|56/100|[from] Stealth Rock
|switch|p1a: Toxapex|Toxapex, M|75/100
|-damage|p1a: Toxapex|63/100|[from] Stealth Rock
|
|upkeep
|turn|16
|
|t:|1677799115
|switch|p1a: Melmetal|Melmetal|94/100
|-damage|p1a: Melmetal|88/100|[from] Stealth Rock
|move|p2a: Toxapex|Scald|p1a: Melmetal
|-damage|p1a: Melmetal|79/100
|-status|p1a: Melmetal|brn
|
|-damage|p1a: Melmetal|73/100 brn|[from] brn
|upkeep
|turn|17
|
|t:|1677799118
|move|p2a: Toxapex|Recover|p2a: Toxapex
|-heal|p2a: Toxapex|100/100
|move|p1a: Melmetal|Thunder Punch|p2a: Toxapex
|-supereffective|p2a: Toxapex
|-damage|p2a: Toxapex|69/100
|
|-damage|p1a: Melmetal|67/100 brn|[from] brn
|upkeep
|turn|18
|
|t:|1677799123
|move|p2a: Toxapex|Scald|p1a: Melmetal
|-damage|p1a: Melmetal|56/100 brn
|move|p1a: Melmetal|Thunder Punch|p2a: Toxapex
|-supereffective|p2a: Toxapex
|-damage|p2a: Toxapex|38/100
|
|-damage|p1a: Melmetal|50/100 brn|[from] brn
|upkeep
|turn|19
|
|t:|1677799127
|move|p2a: Toxapex|Baneful Bunker|p2a: Toxapex
|-singleturn|p2a: Toxapex|move: Protect
|move|p1a: Melmetal|Thunder Punch|p2a: Toxapex
|-activate|p2a: Toxapex|move: Protect
|
|-damage|p1a: Melmetal|44/100 brn|[from] brn
|upkeep
|turn|20
|
|t:|1677799130
|move|p2a: Toxapex|Recover|p2a: Toxapex
|-heal|p2a: Toxapex|88/100
|move|p1a: Melmetal|Thunder Punch|p2a: Toxapex
|-supereffective|p2a: Toxapex
|-crit|p2a: Toxapex
|-damage|p2a: Toxapex|41/100
|
|-damage|p1a: Melmetal|38/100 brn|[from] brn
|upkeep
|turn|21
|
|t:|1677799134
|move|p2a: Toxapex|Baneful Bunker|p2a: Toxapex
|-singleturn|p2a: Toxapex|move: Protect
|move|p1a: Melmetal|Thunder Punch|p2a: Toxapex
|-activate|p2a: Toxapex|move: Protect
|
|-damage|p1a: Melmetal|32/100 brn|[from] brn
|upkeep
|turn|22
|
|t:|1677799137
|move|p2a: Toxapex|Recover|p2a: Toxapex
|-heal|p2a: Toxapex|91/100
|move|p1a: Melmetal|Thunder Punch|p2a: Toxapex
|-supereffective|p2a: Toxapex
|-damage|p2a: Toxapex|59/100
|
|-damage|p1a: Melmetal|26/100 brn|[from] brn
|upkeep
|turn|23
|
|t:|1677799140
|move|p2a: Toxapex|Scald|p1a: Melmetal
|-damage|p1a: Melmetal|16/100 brn
|move|p1a: Melmetal|Thunder Punch|p2a: Toxapex
|-supereffective|p2a: Toxapex
|-damage|p2a: Toxapex|29/100
|
|-damage|p1a: Melmetal|10/100 brn|[from] brn
|upkeep
|turn|24
|
|t:|1677799143
|move|p2a: Toxapex|Recover|p2a: Toxapex
|-heal|p2a: Toxapex|79/100
|move|p1a: Melmetal|Thunder Punch|p2a: Toxapex
|-supereffective|p2a: Toxapex
|-damage|p2a: Toxapex|53/100
|
|-damage|p1a: Melmetal|4/100 brn|[from] brn
|upkeep
|turn|25
|
|t:|1677799147
|move|p2a: Toxapex|Recover|p2a: Toxapex
|-heal|p2a: Toxapex|100/100
|move|p1a: Melmetal|Thunder Punch|p2a: Toxapex
|-supereffective|p2a: Toxapex
|-damage|p2a: Toxapex|74/100
|
|-damage|p1a: Melmetal|0 fnt|[from] brn
|faint|p1a: Melmetal
|upkeep
|
|t:|1677799151
|switch|p1a: Blacephalon|Blacephalon|100/100
|-damage|p1a: Blacephalon|76/100|[from] Stealth Rock
|turn|26
|
|t:|1677799156
|move|p1a: Blacephalon|Shadow Ball|p2a: Toxapex
|-damage|p2a: Toxapex|44/100
|-unboost|p2a: Toxapex|spd|1
|move|p2a: Toxapex|Toxic|p1a: Blacephalon
|-status|p1a: Blacephalon|tox
|
|-damage|p1a: Blacephalon|70/100 tox|[from] psn
|upkeep
|turn|27
|
|t:|1677799160
|move|p1a: Blacephalon|Shadow Ball|p2a: Toxapex
|-damage|p2a: Toxapex|0 fnt
|faint|p2a: Toxapex
|-ability|p1a: Blacephalon|Beast Boost|boost
|-boost|p1a: Blacephalon|spa|1
|
|-damage|p1a: Blacephalon|58/100 tox|[from] psn
|upkeep
|
|t:|1677799164
|switch|p2a: Dragapult|Dragapult, M|100/100
|-damage|p2a: Dragapult|88/100|[from] Stealth Rock
|turn|28
|
|t:|1677799166
|move|p2a: Dragapult|Sucker Punch|p1a: Blacephalon
|-supereffective|p1a: Blacephalon
|-damage|p1a: Blacephalon|0 fnt
|faint|p1a: Blacephalon
|
|upkeep
|
|t:|1677799169
|switch|p1a: Toxapex|Toxapex, M|96/100
|-damage|p1a: Toxapex|84/100|[from] Stealth Rock
|turn|29
|
|t:|1677799173
|move|p2a: Dragapult|Dragon Dance|p2a: Dragapult
|-boost|p2a: Dragapult|atk|1
|-boost|p2a: Dragapult|spe|1
|move|p1a: Toxapex|Knock Off|p2a: Dragapult
|-supereffective|p2a: Dragapult
|-damage|p2a: Dragapult|47/100
|-enditem|p2a: Dragapult|Focus Sash|[from] move: Knock Off|[of] p1a: Toxapex
|
|upkeep
|turn|30
|
|t:|1677799175
|move|p2a: Dragapult|Dragon Darts|p1a: Toxapex
|-damage|p1a: Toxapex|62/100
|-anim|p2a: Dragapult|Dragon Darts|p1a: Toxapex
|-crit|p1a: Toxapex
|-damage|p1a: Toxapex|29/100
|move|p1a: Toxapex|Haze|p1a: Toxapex
|-clearallboost
|
|upkeep
|turn|31
|
|t:|1677799178
|move|p2a: Dragapult|Dragon Darts|p1a: Toxapex
|-crit|p1a: Toxapex
|-damage|p1a: Toxapex|5/100
|-anim|p2a: Dragapult|Dragon Darts|p1a: Toxapex
|-damage|p1a: Toxapex|0 fnt
|faint|p1a: Toxapex
|
|win|RST4
|raw|Aldoggydog's rating: 1373 &rarr; <strong>1356</strong><br />(-17 for losing)
|raw|RST4's rating: 1424 &rarr; <strong>1441</strong><br />(+17 for winning)
|l|☆Aldoggydog
|c|☆RST4|gg
||Ladder isn't responding, score probably updated but might not have (Request timeout).
