|j|☆FighterFez
|j|☆8rOTHeRHv1
|t:|1677776721
|gametype|singles
|player|p1|FighterFez|169|1174
|player|p2|8rOTHeRHv1|169|1177
|teamsize|p1|6
|teamsize|p2|6
|gen|8
|tier|[Gen 8] OU
|rated|
|rule|Sleep Clause Mod: Limit one foe put to sleep
|rule|Species Clause: Limit one of each Pokémon
|rule|OHKO Clause: OHKO moves are banned
|rule|Evasion Items Clause: Evasion items are banned
|rule|Evasion Moves Clause: Evasion moves are banned
|rule|Endless Battle Clause: Forcing endless battles is banned
|rule|HP Percentage Mod: HP is shown in percentages
|rule|Dynamax Clause: You cannot dynamax
|clearpoke
|poke|p1|Regieleki|
|poke|p1|Tapu Koko|
|poke|p1|Regice|
|poke|p1|Ninetales-Alola, F|
|poke|p1|Thundurus-Therian, M|
|poke|p1|Melmetal|
|poke|p2|Dragapult, M|
|poke|p2|Ferrothorn, M|
|poke|p2|Heatran, M|
|poke|p2|Mimikyu, M|
|poke|p2|Dragonite, M|
|poke|p2|Blissey, F|
|teampreview
|
|t:|1677776739
|start
|switch|p1a: Thundurus|Thundurus-Therian, M|100/100
|switch|p2a: Heatran|Heatran, M|100/100
|turn|1
|
|t:|1677776749
|move|p1a: Thundurus|Thunderbolt|p2a: Heatran
|-damage|p2a: Heatran|65/100
|move|p2a: Heatran|Stealth Rock|p1a: Thundurus
|-sidestart|p1: FighterFez|move: Stealth Rock
|
|-heal|p2a: Heatran|71/100|[from] item: Leftovers
|upkeep
|turn|2
|
|t:|1677776757
|move|p1a: Thundurus|Volt Switch|p2a: Heatran
|-damage|p2a: Heatran|41/100
|
|t:|1677776760
|switch|p1a: Tapu Koko|Tapu Koko|100/100|[from] Volt Switch
|-damage|p1a: Tapu Koko|88/100|[from] Stealth Rock
|-fieldstart|move: Electric Terrain|[from] ability: Electric Surge|[of] p1a: Tapu Koko
|move|p2a: Heatran|Eruption|p1a: Tapu Koko
|-damage|p1a: Tapu Koko|51/100
|
|-heal|p2a: Heatran|47/100|[from] item: Leftovers
|upkeep
|turn|3
|
|t:|1677776778
|move|p1a: Tapu Koko|Thunder Punch|p2a: Heatran
|-crit|p2a: Heatran
|-damage|p2a: Heatran|0 fnt
|faint|p2a: Heatran
|
|upkeep
|
|t:|1677776804
|switch|p2a: Dragonite|Dragonite, M|100/100
|turn|4
|
|t:|1677776811
|move|p1a: Tapu Koko|Toxic|p2a: Dragonite
|-status|p2a: Dragonite|tox
|move|p2a: Dragonite|Outrage|p1a: Tapu Koko
|-immune|p1a: Tapu Koko
|
|-damage|p2a: Dragonite|94/100 tox|[from] psn
|upkeep
|turn|5
|
|t:|1677776826
|switch|p2a: Blissey|Blissey, F|100/100
|move|p1a: Tapu Koko|Thunder Punch|p2a: Blissey
|-damage|p2a: Blissey|52/100
|
|-heal|p2a: Blissey|59/100|[from] item: Leftovers
|upkeep
|turn|6
|
|t:|1677776835
|move|p1a: Tapu Koko|Thunder Punch|p2a: Blissey
|-damage|p2a: Blissey|12/100
|move|p2a: Blissey|Toxic|p1a: Tapu Koko
|-status|p1a: Tapu Koko|tox
|
|-heal|p2a: Blissey|18/100|[from] item: Leftovers
|-damage|p1a: Tapu Koko|45/100 tox|[from] psn
|upkeep
|turn|7
|
|t:|1677776845
|switch|p2a: Ferrothorn|Ferrothorn, M, shiny|100/100
|move|p1a: Tapu Koko|Thunder Punch|p2a: Ferrothorn
|-resisted|p2a: Ferrothorn
|-damage|p2a: Ferrothorn|84/100
|-damage|p1a: Tapu Koko|32/100 tox|[from] ability: Iron Barbs|[of] p2a: Ferrothorn
|
|-heal|p2a: Ferrothorn|91/100|[from] item: Leftovers
|-damage|p1a: Tapu Koko|20/100 tox|[from] psn
|upkeep
|turn|8
|
|t:|1677776861
|switch|p1a: Regieleki|Regieleki|100/100
|-damage|p1a: Regieleki|88/100|[from] Stealth Rock
|move|p2a: Ferrothorn|Leech Seed|p1a: Regieleki
|-start|p1a: Regieleki|move: Leech Seed
|
|-heal|p2a: Ferrothorn|97/100|[from] item: Leftovers
|-damage|p1a: Regieleki|76/100|[from] Leech Seed|[of] p2a: Ferrothorn
|-heal|p2a: Ferrothorn|100/100|[silent]
|upkeep
|turn|9
|
|t:|1677776876
|move|p1a: Regieleki|Rapid Spin|p2a: Ferrothorn
|-resisted|p2a: Ferrothorn
|-crit|p2a: Ferrothorn
|-damage|p2a: Ferrothorn|94/100
|-boost|p1a: Regieleki|spe|1
|-damage|p1a: Regieleki|64/100|[from] ability: Iron Barbs|[of] p2a: Ferrothorn
|-end|p1a: Regieleki|Leech Seed|[from] move: Rapid Spin|[of] p1a: Regieleki
|-sideend|p1: FighterFez|Stealth Rock|[from] move: Rapid Spin|[of] p1a: Regieleki
|move|p2a: Ferrothorn|Iron Defense|p2a: Ferrothorn
|-boost|p2a: Ferrothorn|def|2
|
|-heal|p2a: Ferrothorn|100/100|[from] item: Leftovers
|-fieldend|move: Electric Terrain
|upkeep
|turn|10
|
|t:|1677776889
|move|p1a: Regieleki|Volt Switch|p2a: Ferrothorn
|-resisted|p2a: Ferrothorn
|-damage|p2a: Ferrothorn|78/100
|
|t:|1677776893
|switch|p1a: Ninetales|Ninetales-Alola, F|100/100|[from] Volt Switch
|-weather|Hail|[from] ability: Snow Warning|[of] p1a: Ninetales
|move|p2a: Ferrothorn|Leech Seed|p1a: Ninetales
|-start|p1a: Ninetales|move: Leech Seed
|
|-weather|Hail|[upkeep]
|-damage|p2a: Ferrothorn|72/100|[from] Hail
|-heal|p2a: Ferrothorn|78/100|[from] item: Leftovers
|-damage|p1a: Ninetales|88/100|[from] Leech Seed|[of] p2a: Ferrothorn
|-heal|p2a: Ferrothorn|88/100|[silent]
|upkeep
|turn|11
|
|t:|1677776916
|move|p1a: Ninetales|Aurora Veil|p1a: Ninetales
|-sidestart|p1: FighterFez|move: Aurora Veil
|move|p2a: Ferrothorn|Body Press|p1a: Ninetales
|-damage|p1a: Ninetales|48/100
|
|-weather|Hail|[upkeep]
|-damage|p2a: Ferrothorn|82/100|[from] Hail
|-heal|p2a: Ferrothorn|88/100|[from] item: Leftovers
|-damage|p1a: Ninetales|36/100|[from] Leech Seed|[of] p2a: Ferrothorn
|-heal|p2a: Ferrothorn|98/100|[silent]
|upkeep
|turn|12
|
|t:|1677776927
|move|p1a: Ninetales|Ice Beam|p2a: Ferrothorn
|-damage|p2a: Ferrothorn|67/100
|move|p2a: Ferrothorn|Body Press|p1a: Ninetales
|-damage|p1a: Ninetales|0 fnt
|faint|p1a: Ninetales
|
|-weather|Hail|[upkeep]
|-damage|p2a: Ferrothorn|60/100|[from] Hail
|-heal|p2a: Ferrothorn|67/100|[from] item: Leftovers
|upkeep
|
|t:|1677776934
|switch|p1a: Thundurus|Thundurus-Therian, M|100/100
|turn|13
|
|t:|1677776957
|move|p1a: Thundurus|Dark Pulse|p2a: Ferrothorn
|-damage|p2a: Ferrothorn|43/100
|cant|p2a: Ferrothorn|flinch
|
|-weather|Hail|[upkeep]
|-damage|p1a: Thundurus|94/100|[from] Hail
|-damage|p2a: Ferrothorn|36/100|[from] Hail
|-heal|p2a: Ferrothorn|43/100|[from] item: Leftovers
|upkeep
|turn|14
|
|t:|1677776976
|move|p1a: Thundurus|Dark Pulse|p2a: Ferrothorn
|-damage|p2a: Ferrothorn|17/100
|cant|p2a: Ferrothorn|flinch
|
|-weather|none
|-heal|p2a: Ferrothorn|23/100|[from] item: Leftovers
|upkeep
|turn|15
|
|t:|1677776987
|switch|p2a: Mimikyu|Mimikyu, M, shiny|100/100
|move|p1a: Thundurus|Dark Pulse|p2a: Mimikyu
|-activate|p2a: Mimikyu|ability: Disguise
|-damage|p2a: Mimikyu|100/100
|detailschange|p2a: Mimikyu|Mimikyu-Busted, M, shiny
|-damage|p2a: Mimikyu|88/100|[from] pokemon: Mimikyu-Busted
|
|upkeep
|turn|16
|
|t:|1677777002
|move|p1a: Thundurus|Volt Switch|p2a: Mimikyu
|-damage|p2a: Mimikyu|23/100
|
|t:|1677777005
|switch|p1a: Tapu Koko|Tapu Koko|20/100 tox|[from] Volt Switch
|-fieldstart|move: Electric Terrain|[from] ability: Electric Surge|[of] p1a: Tapu Koko
|move|p2a: Mimikyu|Shadow Claw|p1a: Tapu Koko
|-crit|p1a: Tapu Koko
|-damage|p1a: Tapu Koko|0 fnt
|faint|p1a: Tapu Koko
|
|upkeep
|
|t:|1677777009
|switch|p1a: Regieleki|Regieleki|64/100
|turn|17
|
|t:|1677777019
|move|p2a: Mimikyu|Shadow Sneak|p1a: Regieleki
|-damage|p1a: Regieleki|44/100
|move|p1a: Regieleki|Thunderbolt|p2a: Mimikyu
|-crit|p2a: Mimikyu
|-damage|p2a: Mimikyu|0 fnt
|faint|p2a: Mimikyu
|
|upkeep
|
|t:|1677777033
|switch|p2a: Dragonite|Dragonite, M|94/100 tox
|turn|18
|
|t:|1677777039
|move|p1a: Regieleki|Volt Switch|p2a: Dragonite
|-damage|p2a: Dragonite|29/100 tox
|
|t:|1677777043
|switch|p1a: Melmetal|Melmetal|100/100|[from] Volt Switch
|move|p2a: Dragonite|Outrage|p1a: Melmetal
|-resisted|p1a: Melmetal
|-damage|p1a: Melmetal|87/100
|
|-damage|p2a: Dragonite|23/100 tox|[from] psn
|-sideend|p1: FighterFez|move: Aurora Veil
|upkeep
|turn|19
|
|t:|1677777060
|move|p2a: Dragonite|Outrage|p1a: Melmetal|[from]lockedmove
|-resisted|p1a: Melmetal
|-damage|p1a: Melmetal|60/100
|move|p1a: Melmetal|Double Iron Bash|p2a: Dragonite
|-damage|p2a: Dragonite|0 fnt
|faint|p2a: Dragonite
|-hitcount|p2: Dragonite|1
|
|upkeep
|
|t:|1677777068
|switch|p2a: Dragapult|Dragapult, M, shiny|100/100
|turn|20
|
|t:|1677777074
|move|p2a: Dragapult|Will-O-Wisp|p1a: Melmetal|[miss]
|-miss|p2a: Dragapult|p1a: Melmetal
|move|p1a: Melmetal|Thunder Wave|p2a: Dragapult
|-status|p2a: Dragapult|par
|
|upkeep
|turn|21
|
|t:|1677777081
|move|p2a: Dragapult|Will-O-Wisp|p1a: Melmetal
|-status|p1a: Melmetal|brn
|move|p1a: Melmetal|Double Iron Bash|p2a: Dragapult
|-damage|p2a: Dragapult|57/100 par
|-damage|p2a: Dragapult|17/100 par
|-hitcount|p2a: Dragapult|2
|
|-damage|p1a: Melmetal|53/100 brn|[from] brn
|upkeep
|turn|22
|
|t:|1677777104
|switch|p2a: Ferrothorn|Ferrothorn, M, shiny|23/100
|move|p1a: Melmetal|Earthquake|p2a: Ferrothorn
|-damage|p2a: Ferrothorn|8/100
|
|-heal|p2a: Ferrothorn|15/100|[from] item: Leftovers
|-damage|p1a: Melmetal|47/100 brn|[from] brn
|upkeep
|turn|23
|
|t:|1677777116
|move|p1a: Melmetal|Thunder Wave|p2a: Ferrothorn
|-status|p2a: Ferrothorn|par
|cant|p2a: Ferrothorn|par
|
|-heal|p2a: Ferrothorn|21/100 par|[from] item: Leftovers
|-damage|p1a: Melmetal|41/100 brn|[from] brn
|-fieldend|move: Electric Terrain
|upkeep
|turn|24
|
|t:|1677777131
|move|p2a: Ferrothorn|Protect|p2a: Ferrothorn
|-singleturn|p2a: Ferrothorn|Protect
|move|p1a: Melmetal|Earthquake|p2a: Ferrothorn
|-activate|p2a: Ferrothorn|move: Protect
|
|-heal|p2a: Ferrothorn|27/100 par|[from] item: Leftovers
|-damage|p1a: Melmetal|35/100 brn|[from] brn
|upkeep
|turn|25
|
|t:|1677777141
|switch|p1a: Thundurus|Thundurus-Therian, M|94/100
|move|p2a: Ferrothorn|Body Press|p1a: Thundurus
|-resisted|p1a: Thundurus
|-damage|p1a: Thundurus|74/100
|
|-heal|p2a: Ferrothorn|33/100 par|[from] item: Leftovers
|upkeep
|turn|26
|
|t:|1677777153
|move|p1a: Thundurus|Dark Pulse|p2a: Ferrothorn
|-crit|p2a: Ferrothorn
|-damage|p2a: Ferrothorn|0 fnt
|faint|p2a: Ferrothorn
|
|upkeep
|
|t:|1677777160
|switch|p2a: Blissey|Blissey, F|18/100
|turn|27
|
|t:|1677777165
|move|p1a: Thundurus|Volt Switch|p2a: Blissey
|-damage|p2a: Blissey|1/100
|
|t:|1677777168
|switch|p1a: Regieleki|Regieleki|44/100|[from] Volt Switch
|move|p2a: Blissey|Soft-Boiled|p2a: Blissey
|-heal|p2a: Blissey|51/100
|
|-heal|p2a: Blissey|57/100|[from] item: Leftovers
|upkeep
|turn|28
|
|t:|1677777178
|move|p1a: Regieleki|Volt Switch|p2a: Blissey
|-damage|p2a: Blissey|37/100
|
|t:|1677777182
|switch|p1a: Regice|Regice|100/100|[from] Volt Switch
|move|p2a: Blissey|Toxic|p1a: Regice
|-status|p1a: Regice|tox
|
|-heal|p2a: Blissey|44/100|[from] item: Leftovers
|-damage|p1a: Regice|94/100 tox|[from] psn
|upkeep
|turn|29
|
|t:|1677777193
|move|p1a: Regice|Flash Cannon|p2a: Blissey
|-damage|p2a: Blissey|35/100
|move|p2a: Blissey|Soft-Boiled|p2a: Blissey
|-heal|p2a: Blissey|85/100
|
|-heal|p2a: Blissey|91/100|[from] item: Leftovers
|-damage|p1a: Regice|82/100 tox|[from] psn
|upkeep
|turn|30
|
|t:|1677777206
|move|p1a: Regice|Ice Beam|p2a: Blissey
|-damage|p2a: Blissey|74/100
|move|p2a: Blissey|Fire Punch|p1a: Regice
|-supereffective|p1a: Regice
|-damage|p1a: Regice|74/100 tox
|
|-heal|p2a: Blissey|80/100|[from] item: Leftovers
|-damage|p1a: Regice|56/100 tox|[from] psn
|upkeep
|turn|31
|
|t:|1677777219
|switch|p1a: Melmetal|Melmetal|35/100 brn
|move|p2a: Blissey|Fire Punch|p1a: Melmetal
|-supereffective|p1a: Melmetal
|-damage|p1a: Melmetal|30/100 brn
|
|-heal|p2a: Blissey|87/100|[from] item: Leftovers
|-damage|p1a: Melmetal|24/100 brn|[from] brn
|upkeep
|turn|32
|
|t:|1677777231
|move|p2a: Blissey|Fire Punch|p1a: Melmetal
|-supereffective|p1a: Melmetal
|-damage|p1a: Melmetal|19/100 brn
|move|p1a: Melmetal|Double Iron Bash|p2a: Blissey
|-damage|p2a: Blissey|63/100
|-damage|p2a: Blissey|38/100
|-hitcount|p2a: Blissey|2
|
|-heal|p2a: Blissey|44/100|[from] item: Leftovers
|-damage|p1a: Melmetal|13/100 brn|[from] brn
|upkeep
|turn|33
|
|t:|1677777242
|move|p2a: Blissey|Soft-Boiled|p2a: Blissey
|-heal|p2a: Blissey|94/100
|move|p1a: Melmetal|Double Iron Bash|p2a: Blissey
|-damage|p2a: Blissey|70/100
|-damage|p2a: Blissey|46/100
|-hitcount|p2a: Blissey|2
|
|-heal|p2a: Blissey|52/100|[from] item: Leftovers
|-damage|p1a: Melmetal|7/100 brn|[from] brn
|upkeep
|turn|34
|
|t:|1677777253
|move|p2a: Blissey|Soft-Boiled|p2a: Blissey
|-heal|p2a: Blissey|100/100
|move|p1a: Melmetal|Double Iron Bash|p2a: Blissey
|-damage|p2a: Blissey|75/100
|-damage|p2a: Blissey|52/100
|-hitcount|p2a: Blissey|2
|
|-heal|p2a: Blissey|58/100|[from] item: Leftovers
|-damage|p1a: Melmetal|0 fnt|[from] brn
|faint|p1a: Melmetal
|upkeep
|
|t:|1677777255
|switch|p1a: Regice|Regice|56/100 tox
|turn|35
|
|t:|1677777267
|move|p2a: Blissey|Soft-Boiled|p2a: Blissey
|-heal|p2a: Blissey|100/100
|move|p1a: Regice|Counter||[still]
|-fail|p1a: Regice
|
|-damage|p1a: Regice|50/100 tox|[from] psn
|upkeep
|turn|36
|
|t:|1677777276
|move|p1a: Regice|Ice Beam|p2a: Blissey
|-damage|p2a: Blissey|84/100
|move|p2a: Blissey|Fire Punch|p1a: Regice
|-supereffective|p1a: Regice
|-damage|p1a: Regice|42/100 tox
|
|-heal|p2a: Blissey|90/100|[from] item: Leftovers
|-damage|p1a: Regice|29/100 tox|[from] psn
|upkeep
|turn|37
|
|t:|1677777286
|move|p1a: Regice|Ice Beam|p2a: Blissey
|-damage|p2a: Blissey|74/100
|move|p2a: Blissey|Fire Punch|p1a: Regice
|-supereffective|p1a: Regice
|-damage|p1a: Regice|21/100 tox
|
|-heal|p2a: Blissey|80/100|[from] item: Leftovers
|-damage|p1a: Regice|2/100 tox|[from] psn
|upkeep
|turn|38
|
|t:|1677777296
|move|p1a: Regice|Flash Cannon|p2a: Blissey
|-damage|p2a: Blissey|71/100
|move|p2a: Blissey|Soft-Boiled|p2a: Blissey
|-heal|p2a: Blissey|100/100
|
|-damage|p1a: Regice|0 fnt|[from] psn
|faint|p1a: Regice
|upkeep
|
|t:|1677777300
|switch|p1a: Thundurus|Thundurus-Therian, M|74/100
|turn|39
|
|t:|1677777308
|move|p1a: Thundurus|Dark Pulse|p2a: Blissey
|-damage|p2a: Blissey|89/100
|move|p2a: Blissey|Toxic|p1a: Thundurus
|-status|p1a: Thundurus|tox
|
|-heal|p2a: Blissey|95/100|[from] item: Leftovers
|-damage|p1a: Thundurus|68/100 tox|[from] psn
|upkeep
|turn|40
|
|t:|1677777323
|move|p1a: Thundurus|Thunderbolt|p2a: Blissey
|-damage|p2a: Blissey|74/100
|move|p2a: Blissey|Blizzard|p1a: Thundurus
|-supereffective|p1a: Thundurus
|-damage|p1a: Thundurus|16/100 tox
|
|-heal|p2a: Blissey|80/100|[from] item: Leftovers
|-damage|p1a: Thundurus|4/100 tox|[from] psn
|upkeep
|turn|41
|
|t:|1677777333
|move|p1a: Thundurus|Thunderbolt|p2a: Blissey
|-damage|p2a: Blissey|59/100
|move|p2a: Blissey|Soft-Boiled|p2a: Blissey
|-heal|p2a: Blissey|100/100
|
|-damage|p1a: Thundurus|0 fnt|[from] psn
|faint|p1a: Thundurus
|upkeep
|
|t:|1677777335
|switch|p1a: Regieleki|Regieleki|44/100
|turn|42
|c|☆8rOTHeRHv1|why ru so mad
|
|t:|1677777350
|move|p1a: Regieleki|Extreme Speed|p2a: Blissey
|-damage|p2a: Blissey|83/100
|move|p2a: Blissey|Blizzard|p1a: Regieleki
|-damage|p1a: Regieleki|5/100
|-status|p1a: Regieleki|frz
|
|-heal|p2a: Blissey|90/100|[from] item: Leftovers
|upkeep
|turn|43
|
|t:|1677777361
|-curestatus|p1a: Regieleki|frz|[msg]
|move|p1a: Regieleki|Thunderbolt|p2a: Blissey
|-damage|p2a: Blissey|64/100
|move|p2a: Blissey|Fire Punch|p1a: Regieleki
|-damage|p1a: Regieleki|0 fnt
|faint|p1a: Regieleki
|
|win|8rOTHeRHv1
|raw|FighterFez's rating: 1174 &rarr; <strong>1149</strong><br />(-25 for losing)
|raw|8rOTHeRHv1's rating: 1177 &rarr; <strong>1202</strong><br />(+25 for winning)
|l|☆FighterFez
||Ladder isn't responding, score probably updated but might not have (Request timeout).
