|j|☆Tytybella0
|j|☆sniperghoost
|t:|1677784636
|gametype|singles
|player|p1|Tytybella0|preschooler|1115
|player|p2|sniperghoost|lucas-gen4pt|1202
|teamsize|p1|6
|teamsize|p2|6
|gen|8
|tier|[Gen 8] OU
|rated|
|rule|Sleep Clause Mod: Limit one foe put to sleep
|rule|Species Clause: Limit one of each Pokémon
|rule|OHKO Clause: OHKO moves are banned
|rule|Evasion Items Clause: Evasion items are banned
|rule|Evasion Moves Clause: Evasion moves are banned
|rule|Endless Battle Clause: Forcing endless battles is banned
|rule|HP Percentage Mod: HP is shown in percentages
|rule|Dynamax Clause: You cannot dynamax
|clearpoke
|poke|p1|Inteleon, M|
|poke|p1|Centiskorch, M|
|poke|p1|Ponyta-Galar, F|
|poke|p1|Weezing-Galar, M|
|poke|p1|Tsareena, F|
|poke|p1|Boltund, M|
|poke|p2|Rillaboom, M|
|poke|p2|Heatran, M|
|poke|p2|Slowking, M|
|poke|p2|Dragapult, M|
|poke|p2|Landorus-Therian, M|
|poke|p2|Bisharp, M|
|teampreview
|inactive|Battle timer is ON: inactive players will automatically lose when time's up. (requested by sniperghoost)
|
|t:|1677784655
|start
|switch|p1a: Boltund|Boltund, M|100/100
|switch|p2a: Slowking|Slowking, M|100/100
|turn|1
|
|t:|1677784663
|switch|p2a: Landorus|Landorus-Therian, M|100/100
|-ability|p2a: Landorus|Intimidate|boost
|-unboost|p1a: Boltund|atk|1
|move|p1a: Boltund|Electro Ball|p2a: Landorus
|-immune|p2a: Landorus
|
|upkeep
|turn|2
|
|t:|1677784672
|switch|p1a: Weezing|Weezing-Galar, M|100/100
|move|p2a: Landorus|Toxic|p1a: Weezing
|-immune|p1a: Weezing
|
|upkeep
|turn|3
|
|t:|1677784681
|switch|p1a: Inteleon|Inteleon, M, shiny|100/100
|move|p2a: Landorus|U-turn|p1a: Inteleon
|-damage|p1a: Inteleon|65/100
|
|t:|1677784686
|switch|p2a: Rillaboom|Rillaboom, M|100/100|[from] U-turn
|-fieldstart|move: Grassy Terrain|[from] ability: Grassy Surge|[of] p2a: Rillaboom
|
|-heal|p1a: Inteleon|71/100|[from] Grassy Terrain
|upkeep
|turn|4
|
|t:|1677784694
|move|p2a: Rillaboom|Grassy Glide|p1a: Inteleon
|-supereffective|p1a: Inteleon
|-damage|p1a: Inteleon|0 fnt
|faint|p1a: Inteleon
|
|upkeep
|
|t:|1677784699
|switch|p1a: Centiskorch|Centiskorch, M|100/100
|turn|5
|
|t:|1677784708
|switch|p2a: Heatran|Heatran, M|100/100
|move|p1a: Centiskorch|Fire Lash|p2a: Heatran
|-start|p2a: Heatran|ability: Flash Fire
|
|upkeep
|turn|6
|
|t:|1677784719
|move|p2a: Heatran|Solar Beam||[still]
|-prepare|p2a: Heatran|Solar Beam
|-enditem|p2a: Heatran|Power Herb
|-anim|p2a: Heatran|Solar Beam|p1a: Centiskorch
|-resisted|p1a: Centiskorch
|-damage|p1a: Centiskorch|84/100
|move|p1a: Centiskorch|Coil|p1a: Centiskorch
|-boost|p1a: Centiskorch|atk|1
|-boost|p1a: Centiskorch|def|1
|-boost|p1a: Centiskorch|accuracy|1
|
|-heal|p1a: Centiskorch|91/100|[from] Grassy Terrain
|upkeep
|turn|7
|
|t:|1677784736
|move|p2a: Heatran|Earth Power|p1a: Centiskorch
|-damage|p1a: Centiskorch|51/100
|move|p1a: Centiskorch|Leech Life|p2a: Heatran
|-resisted|p2a: Heatran
|-damage|p2a: Heatran|84/100
|-heal|p1a: Centiskorch|59/100|[from] drain|[of] p2a: Heatran
|
|-heal|p2a: Heatran|91/100|[from] Grassy Terrain
|-heal|p1a: Centiskorch|65/100|[from] Grassy Terrain
|-fieldend|move: Grassy Terrain
|upkeep
|turn|8
|
|t:|1677784756
|switch|p1a: Tsareena|Tsareena, F|100/100
|move|p2a: Heatran|Earth Power|p1a: Tsareena
|-resisted|p1a: Tsareena
|-damage|p1a: Tsareena|78/100
|
|upkeep
|turn|9
|
|t:|1677784762
|move|p2a: Heatran|Magma Storm|p1a: Tsareena|[miss]
|-miss|p2a: Heatran|p1a: Tsareena
|move|p1a: Tsareena|High Jump Kick|p2a: Heatran
|-supereffective|p2a: Heatran
|-damage|p2a: Heatran|0 fnt
|faint|p2a: Heatran
|
|upkeep
|
|t:|1677784773
|switch|p2a: Landorus|Landorus-Therian, M|100/100
|-ability|p2a: Landorus|Intimidate|boost
|-unboost|p1a: Tsareena|atk|1
|turn|10
|inactive|Tytybella0 has 120 seconds left.
|
|t:|1677784804
|move|p1a: Tsareena|Trop Kick|p2a: Landorus
|-damage|p2a: Landorus|80/100
|-unboost|p2a: Landorus|atk|1
|move|p2a: Landorus|Stealth Rock|p1a: Tsareena
|-sidestart|p1: Tytybella0|move: Stealth Rock
|
|-heal|p2a: Landorus|86/100|[from] item: Leftovers
|upkeep
|turn|11
|inactive|Tytybella0 has 120 seconds left.
|
|t:|1677784821
|move|p1a: Tsareena|Zen Headbutt|p2a: Landorus
|-damage|p2a: Landorus|69/100
|move|p2a: Landorus|U-turn|p1a: Tsareena
|-supereffective|p1a: Tsareena
|-damage|p1a: Tsareena|42/100
|
|t:|1677784830
|switch|p2a: Dragapult|Dragapult, M|100/100|[from] U-turn
|
|upkeep
|turn|12
|
|t:|1677784839
|move|p2a: Dragapult|Shadow Ball|p1a: Tsareena
|-damage|p1a: Tsareena|0 fnt
|faint|p1a: Tsareena
|
|upkeep
|inactive|Tytybella0 has 120 seconds left.
|
|t:|1677784866
|switch|p1a: Weezing|Weezing-Galar, M|100/100
|-damage|p1a: Weezing|88/100|[from] Stealth Rock
|turn|13
|
|t:|1677784875
|switch|p2a: Landorus|Landorus-Therian, M|69/100
|-ability|p2a: Landorus|Intimidate|boost
|-unboost|p1a: Weezing|atk|1
|move|p1a: Weezing|Thunderbolt|p2a: Landorus
|-immune|p2a: Landorus
|
|-heal|p2a: Landorus|75/100|[from] item: Leftovers
|upkeep
|turn|14
|inactive|Tytybella0 has 120 seconds left.
|
|t:|1677784884
|move|p2a: Landorus|U-turn|p1a: Weezing
|-resisted|p1a: Weezing
|-damage|p1a: Weezing|83/100
|
|t:|1677784888
|switch|p2a: Bisharp|Bisharp, M|100/100|[from] U-turn
|move|p1a: Weezing|Strange Steam|p2a: Bisharp
|-damage|p2a: Bisharp|63/100
|-start|p2a: Bisharp|confusion
|
|upkeep
|turn|15
|
|t:|1677784896
|switch|p2a: Slowking|Slowking, M|100/100
|move|p1a: Weezing|Strange Steam|p2a: Slowking
|-damage|p2a: Slowking|79/100
|
|upkeep
|turn|16
|
|t:|1677784903
|move|p1a: Weezing|Thunderbolt|p2a: Slowking
|-supereffective|p2a: Slowking
|-damage|p2a: Slowking|48/100
|move|p2a: Slowking|Slack Off|p2a: Slowking
|-heal|p2a: Slowking|98/100
|
|upkeep
|turn|17
|
|t:|1677784911
|move|p1a: Weezing|Thunderbolt|p2a: Slowking
|-supereffective|p2a: Slowking
|-damage|p2a: Slowking|64/100
|move|p2a: Slowking|Future Sight|p1a: Weezing
|-start|p2a: Slowking|move: Future Sight
|
|upkeep
|turn|18
|
|t:|1677784915
|move|p1a: Weezing|Thunderbolt|p2a: Slowking
|-supereffective|p2a: Slowking
|-damage|p2a: Slowking|32/100
|move|p2a: Slowking|Slack Off|p2a: Slowking
|-heal|p2a: Slowking|82/100
|
|upkeep
|turn|19
|
|t:|1677784922
|move|p1a: Weezing|Thunderbolt|p2a: Slowking
|-supereffective|p2a: Slowking
|-crit|p2a: Slowking
|-damage|p2a: Slowking|36/100
|-status|p2a: Slowking|par
|cant|p2a: Slowking|par
|
|-end|p1a: Weezing|move: Future Sight
|-supereffective|p1a: Weezing
|-damage|p1a: Weezing|0 fnt
|faint|p1a: Weezing
|upkeep
|
|t:|1677784932
|switch|p1a: Boltund|Boltund, M|100/100
|-damage|p1a: Boltund|88/100|[from] Stealth Rock
|turn|20
|
|t:|1677784941
|switch|p2a: Landorus|Landorus-Therian, M|75/100
|-ability|p2a: Landorus|Intimidate|boost
|-unboost|p1a: Boltund|atk|1
|move|p1a: Boltund|Electro Ball|p2a: Landorus
|-immune|p2a: Landorus
|
|-heal|p2a: Landorus|81/100|[from] item: Leftovers
|upkeep
|turn|21
|
|t:|1677784952
|move|p1a: Boltund|Crunch|p2a: Landorus
|-damage|p2a: Landorus|66/100
|move|p2a: Landorus|Earth Power|p1a: Boltund
|-supereffective|p1a: Boltund
|-damage|p1a: Boltund|0 fnt
|faint|p1a: Boltund
|
|-heal|p2a: Landorus|72/100|[from] item: Leftovers
|upkeep
|
|t:|1677784965
|switch|p1a: Ponyta|Ponyta-Galar, F|100/100
|-damage|p1a: Ponyta|88/100|[from] Stealth Rock
|turn|22
|
|t:|1677784974
|move|p1a: Ponyta|Play Rough|p2a: Landorus
|-damage|p2a: Landorus|55/100
|move|p2a: Landorus|Toxic|p1a: Ponyta
|-block|p1a: Ponyta|ability: Pastel Veil|[of] p1a: Ponyta
|
|-heal|p2a: Landorus|61/100|[from] item: Leftovers
|upkeep
|turn|23
|
|t:|1677784986
|move|p1a: Ponyta|Play Rough|p2a: Landorus
|-damage|p2a: Landorus|44/100
|-unboost|p2a: Landorus|atk|1
|move|p2a: Landorus|Earth Power|p1a: Ponyta
|-damage|p1a: Ponyta|46/100
|
|-heal|p2a: Landorus|50/100|[from] item: Leftovers
|upkeep
|turn|24
|
|t:|1677784995
|move|p1a: Ponyta|Play Rough|p2a: Landorus
|-damage|p2a: Landorus|31/100
|move|p2a: Landorus|Earth Power|p1a: Ponyta
|-damage|p1a: Ponyta|0 fnt
|faint|p1a: Ponyta
|
|-heal|p2a: Landorus|37/100|[from] item: Leftovers
|upkeep
|
|t:|1677785004
|switch|p1a: Centiskorch|Centiskorch, M|65/100
|-damage|p1a: Centiskorch|15/100|[from] Stealth Rock
|turn|25
|
|t:|1677785013
|move|p1a: Centiskorch|Leech Life|p2a: Landorus
|-resisted|p2a: Landorus
|-damage|p2a: Landorus|20/100
|-heal|p1a: Centiskorch|25/100|[from] drain|[of] p2a: Landorus
|move|p2a: Landorus|Earth Power|p1a: Centiskorch
|-damage|p1a: Centiskorch|0 fnt
|faint|p1a: Centiskorch
|
|win|sniperghoost
|raw|Tytybella0's rating: 1115 &rarr; <strong>1096</strong><br />(-19 for losing)
|raw|sniperghoost's rating: 1202 &rarr; <strong>1221</strong><br />(+19 for winning)
|l|☆Tytybella0
||Ladder isn't responding, score probably updated but might not have (Request timeout).
