|j|☆dripo
|j|☆lilschtroumpf
|inactive|Battle timer is ON: inactive players will automatically lose when time's up.
|t:|1677780303
|gametype|singles
|player|p1|dripo|ninjaboy|
|player|p2|lilschtroumpf|pryce|
|teamsize|p1|6
|teamsize|p2|6
|gen|8
|tier|[Gen 8] OU
|rated|Tournament battle
|rule|Sleep Clause Mod: Limit one foe put to sleep
|rule|Species Clause: Limit one of each Pokémon
|rule|OHKO Clause: OHKO moves are banned
|rule|Evasion Items Clause: Evasion items are banned
|rule|Evasion Moves Clause: Evasion moves are banned
|rule|Endless Battle Clause: Forcing endless battles is banned
|rule|HP Percentage Mod: HP is shown in percentages
|rule|Dynamax Clause: You cannot dynamax
|clearpoke
|poke|p1|Rillaboom, M|
|poke|p1|Tornadus-Therian, M|
|poke|p1|Blaziken, M|
|poke|p1|Melmetal|
|poke|p1|Garchomp, F|
|poke|p1|Slowbro, F|
|poke|p2|Pelipper, M|
|poke|p2|Barraskewda, M|
|poke|p2|Porygon-Z|
|poke|p2|Ferrothorn, F|
|poke|p2|Tapu Lele|
|poke|p2|Seismitoad, F|
|teampreview
|j|*Lady Monita
|j| BB-8-NU
|inactive|lilschtroumpf also wants the timer to be on.
|c|☆dripo|gl
|j| Balocatel
|
|t:|1677780319
|start
|switch|p1a: Tornadus|Tornadus-Therian, M|100/100
|switch|p2a: Barraskewda|Barraskewda, M|100/100
|turn|1
|j| Echoes
|
|t:|1677780327
|switch|p2a: Tapu Lele|Tapu Lele|100/100
|-fieldstart|move: Psychic Terrain|[from] ability: Psychic Surge|[of] p2a: Tapu Lele
|switch|p1a: Slowbro|Slowbro, F|100/100
|
|upkeep
|turn|2
|l| Echoes
|
|t:|1677780342
|move|p2a: Tapu Lele|Thunder|p1a: Slowbro|[miss]
|-miss|p2a: Tapu Lele|p1a: Slowbro
|move|p1a: Slowbro|Toxic|p2a: Tapu Lele
|-status|p2a: Tapu Lele|tox
|
|-damage|p2a: Tapu Lele|94/100 tox|[from] psn
|upkeep
|turn|3
|j| Choicebadkyurem!!!
|
|t:|1677780351
|switch|p2a: Ferrothorn|Ferrothorn, F|100/100
|switch|p1a: Rillaboom|Rillaboom, M|100/100
|-fieldstart|move: Grassy Terrain|[from] ability: Grassy Surge|[of] p1a: Rillaboom
|
|upkeep
|turn|4
|j| Cucho09
|
|t:|1677780355
|switch|p1a: Blaziken|Blaziken, M|100/100
|-item|p1a: Blaziken|Air Balloon
|move|p2a: Ferrothorn|Knock Off|p1a: Blaziken
|-resisted|p1a: Blaziken
|-damage|p1a: Blaziken|87/100
|-enditem|p1a: Blaziken|Air Balloon
|
|-heal|p1a: Blaziken|93/100|[from] Grassy Terrain
|upkeep
|turn|5
|j| BR4IN
|j| Infinnite69
|j| Trans Boy Jenny
|
|t:|1677780361
|switch|p2a: Tapu Lele|Tapu Lele|94/100 tox
|-fieldstart|move: Psychic Terrain|[from] ability: Psychic Surge|[of] p2a: Tapu Lele
|move|p1a: Blaziken|Close Combat|p2a: Tapu Lele
|-resisted|p2a: Tapu Lele
|-damage|p2a: Tapu Lele|67/100 tox
|-unboost|p1a: Blaziken|def|1
|-unboost|p1a: Blaziken|spd|1
|
|-damage|p2a: Tapu Lele|61/100 tox|[from] psn
|-ability|p1a: Blaziken|Speed Boost|boost
|-boost|p1a: Blaziken|spe|1
|upkeep
|turn|6
|j| teammaker1
|
|t:|1677780366
|move|p1a: Blaziken|Protect|p1a: Blaziken
|-singleturn|p1a: Blaziken|Protect
|move|p2a: Tapu Lele|Psyshock|p1a: Blaziken
|-activate|p1a: Blaziken|move: Protect
|
|-damage|p2a: Tapu Lele|49/100 tox|[from] psn
|-ability|p1a: Blaziken|Speed Boost|boost
|-boost|p1a: Blaziken|spe|1
|upkeep
|turn|7
|
|t:|1677780374
|switch|p2a: Pelipper|Pelipper, M|100/100
|-weather|RainDance|[from] ability: Drizzle|[of] p2a: Pelipper
|move|p1a: Blaziken|Flare Blitz|p2a: Pelipper
|-resisted|p2a: Pelipper
|-damage|p2a: Pelipper|82/100
|-status|p2a: Pelipper|brn
|-damage|p1a: Blaziken|87/100|[from] Recoil
|
|-weather|RainDance|[upkeep]
|-damage|p2a: Pelipper|76/100 brn|[from] brn
|-ability|p1a: Blaziken|Speed Boost|boost
|-boost|p1a: Blaziken|spe|1
|upkeep
|turn|8
|c|☆dripo|damn sry
|
|t:|1677780384
|move|p1a: Blaziken|Protect|p1a: Blaziken
|-singleturn|p1a: Blaziken|Protect
|move|p2a: Pelipper|Scald|p1a: Blaziken
|-activate|p1a: Blaziken|move: Protect
|
|-weather|RainDance|[upkeep]
|-damage|p2a: Pelipper|70/100 brn|[from] brn
|-ability|p1a: Blaziken|Speed Boost|boost
|-boost|p1a: Blaziken|spe|1
|upkeep
|turn|9
|j| Rwbyred
|
|t:|1677780392
|switch|p1a: Slowbro|Slowbro, F|100/100
|move|p2a: Pelipper|Scald|p1a: Slowbro
|-resisted|p1a: Slowbro
|-damage|p1a: Slowbro|79/100
|
|-weather|RainDance|[upkeep]
|-damage|p2a: Pelipper|64/100 brn|[from] brn
|-fieldend|move: Psychic Terrain
|upkeep
|turn|10
|l| Rwbyred
|
|t:|1677780394
|move|p2a: Pelipper|U-turn|p1a: Slowbro
|-supereffective|p1a: Slowbro
|-damage|p1a: Slowbro|74/100
|-damage|p2a: Pelipper|47/100 brn|[from] item: Rocky Helmet|[of] p1a: Slowbro
|
|t:|1677780396
|switch|p2a: Porygon-Z|Porygon-Z|100/100|[from] U-turn
|-ability|p2a: Porygon-Z|Download|boost
|-boost|p2a: Porygon-Z|spa|1
|move|p1a: Slowbro|Teleport|p1a: Slowbro
|l| Balocatel
|
|t:|1677780411
|switch|p1a: Melmetal|Melmetal|100/100|[from] Teleport
|
|-weather|RainDance|[upkeep]
|upkeep
|turn|11
|
|t:|1677780431
|move|p1a: Melmetal|Protect|p1a: Melmetal
|-singleturn|p1a: Melmetal|Protect
|move|p2a: Porygon-Z|Thunder|p1a: Melmetal
|-activate|p1a: Melmetal|move: Protect
|
|-weather|RainDance|[upkeep]
|upkeep
|turn|12
|
|t:|1677780440
|move|p2a: Porygon-Z|Thunder|p1a: Melmetal
|-damage|p1a: Melmetal|18/100
|move|p1a: Melmetal|Superpower|p2a: Porygon-Z
|-supereffective|p2a: Porygon-Z
|-damage|p2a: Porygon-Z|0 fnt
|-unboost|p1a: Melmetal|atk|1
|-unboost|p1a: Melmetal|def|1
|faint|p2a: Porygon-Z
|
|-weather|RainDance|[upkeep]
|-heal|p1a: Melmetal|24/100|[from] item: Leftovers
|upkeep
|
|t:|1677780448
|switch|p2a: Barraskewda|Barraskewda, M|100/100
|turn|13
|
|t:|1677780452
|move|p1a: Melmetal|Protect|p1a: Melmetal
|-singleturn|p1a: Melmetal|Protect
|move|p2a: Barraskewda|Flip Turn|p1a: Melmetal
|-activate|p1a: Melmetal|move: Protect
|
|-weather|RainDance|[upkeep]
|-heal|p1a: Melmetal|31/100|[from] item: Leftovers
|upkeep
|turn|14
|
|t:|1677780457
|switch|p1a: Rillaboom|Rillaboom, M|100/100
|-fieldstart|move: Grassy Terrain|[from] ability: Grassy Surge|[of] p1a: Rillaboom
|move|p2a: Barraskewda|Flip Turn|p1a: Rillaboom
|-resisted|p1a: Rillaboom
|-damage|p1a: Rillaboom|66/100
|
|t:|1677780460
|switch|p2a: Tapu Lele|Tapu Lele|49/100 tox|[from] Flip Turn
|-fieldstart|move: Psychic Terrain|[from] ability: Psychic Surge|[of] p2a: Tapu Lele
|
|-weather|none
|-heal|p1a: Rillaboom|72/100|[from] item: Leftovers
|-damage|p2a: Tapu Lele|43/100 tox|[from] psn
|upkeep
|turn|15
|
|t:|1677780466
|switch|p1a: Melmetal|Melmetal|31/100
|move|p2a: Tapu Lele|Psyshock|p1a: Melmetal
|-resisted|p1a: Melmetal
|-damage|p1a: Melmetal|12/100
|
|-heal|p1a: Melmetal|18/100|[from] item: Leftovers
|-damage|p2a: Tapu Lele|31/100 tox|[from] psn
|upkeep
|turn|16
|
|t:|1677780471
|switch|p2a: Pelipper|Pelipper, M|47/100 brn
|-weather|RainDance|[from] ability: Drizzle|[of] p2a: Pelipper
|move|p1a: Melmetal|Superpower|p2a: Pelipper
|-resisted|p2a: Pelipper
|-damage|p2a: Pelipper|23/100 brn
|-unboost|p1a: Melmetal|atk|1
|-unboost|p1a: Melmetal|def|1
|
|-weather|RainDance|[upkeep]
|-heal|p1a: Melmetal|24/100|[from] item: Leftovers
|-damage|p2a: Pelipper|17/100 brn|[from] brn
|upkeep
|turn|17
|l| Cucho09
|
|t:|1677780474
|move|p1a: Melmetal|Protect|p1a: Melmetal
|-singleturn|p1a: Melmetal|Protect
|move|p2a: Pelipper|Roost|p2a: Pelipper
|-heal|p2a: Pelipper|67/100 brn
|-singleturn|p2a: Pelipper|move: Roost
|
|-weather|RainDance|[upkeep]
|-heal|p1a: Melmetal|31/100|[from] item: Leftovers
|-damage|p2a: Pelipper|61/100 brn|[from] brn
|upkeep
|turn|18
|
|t:|1677780480
|switch|p1a: Slowbro|Slowbro, F|100/100
|move|p2a: Pelipper|Scald|p1a: Slowbro
|-resisted|p1a: Slowbro
|-damage|p1a: Slowbro|80/100
|
|-weather|RainDance|[upkeep]
|-damage|p2a: Pelipper|54/100 brn|[from] brn
|-fieldend|move: Psychic Terrain
|upkeep
|turn|19
|
|t:|1677780483
|move|p2a: Pelipper|U-turn|p1a: Slowbro
|-supereffective|p1a: Slowbro
|-damage|p1a: Slowbro|75/100
|-damage|p2a: Pelipper|38/100 brn|[from] item: Rocky Helmet|[of] p1a: Slowbro
|
|t:|1677780488
|switch|p2a: Ferrothorn|Ferrothorn, F|100/100|[from] U-turn
|move|p1a: Slowbro|Teleport|p1a: Slowbro
|
|t:|1677780494
|switch|p1a: Blaziken|Blaziken, M|87/100|[from] Teleport
|
|-weather|RainDance|[upkeep]
|upkeep
|turn|20
|
|t:|1677780503
|switch|p2a: Seismitoad|Seismitoad, F|100/100
|move|p1a: Blaziken|Swords Dance|p1a: Blaziken
|-boost|p1a: Blaziken|atk|2
|
|-weather|RainDance|[upkeep]
|-ability|p1a: Blaziken|Speed Boost|boost
|-boost|p1a: Blaziken|spe|1
|upkeep
|turn|21
|
|t:|1677780506
|move|p1a: Blaziken|Protect|p1a: Blaziken
|-singleturn|p1a: Blaziken|Protect
|move|p2a: Seismitoad|Weather Ball|p1a: Blaziken
|-activate|p1a: Blaziken|move: Protect
|
|-weather|RainDance|[upkeep]
|-ability|p1a: Blaziken|Speed Boost|boost
|-boost|p1a: Blaziken|spe|1
|upkeep
|turn|22
|
|t:|1677780511
|move|p2a: Seismitoad|Weather Ball|p1a: Blaziken
|-supereffective|p1a: Blaziken
|-damage|p1a: Blaziken|0 fnt
|faint|p1a: Blaziken
|
|-weather|RainDance|[upkeep]
|upkeep
|
|t:|1677780516
|switch|p1a: Rillaboom|Rillaboom, M|72/100
|-fieldstart|move: Grassy Terrain|[from] ability: Grassy Surge|[of] p1a: Rillaboom
|turn|23
|
|t:|1677780520
|switch|p2a: Ferrothorn|Ferrothorn, F|100/100
|move|p1a: Rillaboom|Swords Dance|p1a: Rillaboom
|-boost|p1a: Rillaboom|atk|2
|
|-weather|none
|-heal|p1a: Rillaboom|78/100|[from] Grassy Terrain
|-heal|p1a: Rillaboom|84/100|[from] item: Leftovers
|upkeep
|turn|24
|
|t:|1677780522
|move|p1a: Rillaboom|Knock Off|p2a: Ferrothorn
|-damage|p2a: Ferrothorn|56/100
|-damage|p1a: Rillaboom|72/100|[from] ability: Iron Barbs|[of] p2a: Ferrothorn
|-damage|p1a: Rillaboom|56/100|[from] item: Rocky Helmet|[of] p2a: Ferrothorn
|-enditem|p2a: Ferrothorn|Rocky Helmet|[from] move: Knock Off|[of] p1a: Rillaboom
|move|p2a: Ferrothorn|Knock Off|p1a: Rillaboom
|-damage|p1a: Rillaboom|34/100
|-enditem|p1a: Rillaboom|Leftovers|[from] move: Knock Off|[of] p2a: Ferrothorn
|
|-heal|p1a: Rillaboom|40/100|[from] Grassy Terrain
|-heal|p2a: Ferrothorn|62/100|[from] Grassy Terrain
|upkeep
|turn|25
|
|t:|1677780526
|move|p1a: Rillaboom|Drain Punch|p2a: Ferrothorn
|-supereffective|p2a: Ferrothorn
|-damage|p2a: Ferrothorn|0 fnt
|-heal|p1a: Rillaboom|67/100|[from] drain|[of] p2a: Ferrothorn
|-damage|p1a: Rillaboom|55/100|[from] ability: Iron Barbs|[of] p2a: Ferrothorn
|faint|p2a: Ferrothorn
|
|-heal|p1a: Rillaboom|61/100|[from] Grassy Terrain
|upkeep
|
|t:|1677780529
|switch|p2a: Tapu Lele|Tapu Lele|31/100 tox
|-fieldstart|move: Psychic Terrain|[from] ability: Psychic Surge|[of] p2a: Tapu Lele
|turn|26
|
|t:|1677780540
|switch|p1a: Melmetal|Melmetal|31/100
|move|p2a: Tapu Lele|Psyshock|p1a: Melmetal
|-resisted|p1a: Melmetal
|-damage|p1a: Melmetal|13/100
|
|-heal|p1a: Melmetal|19/100|[from] item: Leftovers
|-damage|p2a: Tapu Lele|25/100 tox|[from] psn
|upkeep
|turn|27
|
|t:|1677780547
|switch|p2a: Seismitoad|Seismitoad, F|100/100
|move|p1a: Melmetal|Thunder Punch|p2a: Seismitoad
|-immune|p2a: Seismitoad
|
|-heal|p1a: Melmetal|25/100|[from] item: Leftovers
|upkeep
|turn|28
|
|t:|1677780553
|move|p1a: Melmetal|Protect|p1a: Melmetal
|-singleturn|p1a: Melmetal|Protect
|move|p2a: Seismitoad|Earth Power|p1a: Melmetal
|-activate|p1a: Melmetal|move: Protect
|
|-heal|p1a: Melmetal|31/100|[from] item: Leftovers
|upkeep
|turn|29
|
|t:|1677780561
|switch|p2a: Barraskewda|Barraskewda, M|100/100
|switch|p1a: Slowbro|Slowbro, F|100/100
|
|upkeep
|turn|30
|
|t:|1677780564
|move|p2a: Barraskewda|Crunch|p1a: Slowbro
|-supereffective|p1a: Slowbro
|-damage|p1a: Slowbro|52/100
|-unboost|p1a: Slowbro|def|1
|-damage|p2a: Barraskewda|84/100|[from] item: Rocky Helmet|[of] p1a: Slowbro
|move|p1a: Slowbro|Teleport|p1a: Slowbro
|j| mrarttema
|
|t:|1677780569
|switch|p1a: Rillaboom|Rillaboom, M|61/100|[from] Teleport
|-fieldstart|move: Grassy Terrain|[from] ability: Grassy Surge|[of] p1a: Rillaboom
|
|-heal|p2a: Barraskewda|90/100|[from] Grassy Terrain
|-heal|p1a: Rillaboom|67/100|[from] Grassy Terrain
|upkeep
|turn|31
|-message|lilschtroumpf forfeited.
|
|win|dripo
|n|☆dripo|dripo
|n|☆lilschtroumpf|lilschtroumpf
|n|*Lady Monita|ladymonita
|n| BB-8-NU|bb8nu
|n| Choicebadkyurem!!!|choicebadkyurem
|n| BR4IN|br4in
|n| Infinnite69|infinnite69
|n| Trans Boy Jenny|transboyjenny
|n| teammaker1|teammaker1
|n| mrarttema|mrarttema
