|j|☆Nouni99
|j|☆carllen
|t:|1677763208
|gametype|singles
|player|p1|Nouni99|ethan|1362
|player|p2|carllen|steven|1304
|teamsize|p1|6
|teamsize|p2|6
|gen|8
|tier|[Gen 8] OU
|rated|
|rule|Sleep Clause Mod: Limit one foe put to sleep
|rule|Species Clause: Limit one of each Pokémon
|rule|OHKO Clause: OHKO moves are banned
|rule|Evasion Items Clause: Evasion items are banned
|rule|Evasion Moves Clause: Evasion moves are banned
|rule|Endless Battle Clause: Forcing endless battles is banned
|rule|HP Percentage Mod: HP is shown in percentages
|rule|Dynamax Clause: You cannot dynamax
|clearpoke
|poke|p1|Volcanion|
|poke|p1|Toxapex, F|
|poke|p1|Blissey, F|
|poke|p1|Weavile, F|
|poke|p1|Landorus-Therian, M|
|poke|p1|Zapdos|
|poke|p2|Pelipper, M|
|poke|p2|Barraskewda, F|
|poke|p2|Ferrothorn, F|
|poke|p2|Tapu Lele|
|poke|p2|Volcanion|
|poke|p2|Seismitoad, F|
|teampreview
|inactive|Battle timer is ON: inactive players will automatically lose when time's up. (requested by carllen)
|
|t:|1677763243
|start
|switch|p1a: Zapdos|Zapdos|100/100
|switch|p2a: Pelipper|Pelipper, M|100/100
|-weather|RainDance|[from] ability: Drizzle|[of] p2a: Pelipper
|turn|1
|
|t:|1677763255
|switch|p1a: Blissey|Blissey, F|100/100
|switch|p2a: Seismitoad|Seismitoad, F|100/100
|
|-weather|RainDance|[upkeep]
|upkeep
|turn|2
|
|t:|1677763263
|move|p2a: Seismitoad|Stealth Rock|p1a: Blissey
|-sidestart|p1: Nouni99|move: Stealth Rock
|move|p1a: Blissey|Teleport|p1a: Blissey
|
|t:|1677763267
|switch|p1a: Toxapex|Toxapex, F|100/100|[from] Teleport
|-damage|p1a: Toxapex|88/100|[from] Stealth Rock
|
|-weather|RainDance|[upkeep]
|upkeep
|turn|3
|
|t:|1677763275
|move|p2a: Seismitoad|Earth Power|p1a: Toxapex
|-supereffective|p1a: Toxapex
|-damage|p1a: Toxapex|25/100
|move|p1a: Toxapex|Knock Off|p2a: Seismitoad
|-damage|p2a: Seismitoad|87/100
|-enditem|p2a: Seismitoad|Mystic Water|[from] move: Knock Off|[of] p1a: Toxapex
|
|-weather|RainDance|[upkeep]
|upkeep
|turn|4
|
|t:|1677763286
|switch|p1a: Blissey|Blissey, F|100/100
|move|p2a: Seismitoad|Scald|p1a: Blissey
|-damage|p1a: Blissey|82/100
|
|-weather|RainDance|[upkeep]
|upkeep
|turn|5
|
|t:|1677763294
|switch|p2a: Ferrothorn|Ferrothorn, F|100/100
|move|p1a: Blissey|Teleport|p1a: Blissey
|
|t:|1677763301
|switch|p1a: Zapdos|Zapdos|100/100|[from] Teleport
|
|-weather|RainDance|[upkeep]
|upkeep
|turn|6
|
|t:|1677763307
|move|p1a: Zapdos|Heat Wave|p2a: Ferrothorn
|-supereffective|p2a: Ferrothorn
|-damage|p2a: Ferrothorn|58/100
|move|p2a: Ferrothorn|Knock Off|p1a: Zapdos
|-damage|p1a: Zapdos|83/100
|-enditem|p1a: Zapdos|Heavy-Duty Boots|[from] move: Knock Off|[of] p2a: Ferrothorn
|
|-weather|RainDance|[upkeep]
|upkeep
|turn|7
|
|t:|1677763316
|switch|p2a: Seismitoad|Seismitoad, F|87/100
|move|p1a: Zapdos|Heat Wave|p2a: Seismitoad
|-resisted|p2a: Seismitoad
|-crit|p2a: Seismitoad
|-damage|p2a: Seismitoad|76/100
|
|-weather|RainDance|[upkeep]
|upkeep
|turn|8
|
|t:|1677763325
|move|p2a: Seismitoad|Scald|p1a: Zapdos
|-damage|p1a: Zapdos|31/100
|-status|p1a: Zapdos|brn
|move|p1a: Zapdos|Defog|p2a: Seismitoad
|-unboost|p2a: Seismitoad|evasion|1
|-sideend|p1: Nouni99|Stealth Rock|[from] move: Defog|[of] p1a: Zapdos
|
|-weather|none
|-damage|p1a: Zapdos|25/100 brn|[from] brn
|upkeep
|turn|9
|
|t:|1677763336
|switch|p1a: Blissey|Blissey, F|82/100
|move|p2a: Seismitoad|Scald|p1a: Blissey
|-crit|p1a: Blissey
|-damage|p1a: Blissey|63/100
|-status|p1a: Blissey|brn
|
|-damage|p1a: Blissey|56/100 brn|[from] brn
|upkeep
|turn|10
|
|t:|1677763346
|move|p2a: Seismitoad|Stealth Rock|p1a: Blissey
|-sidestart|p1: Nouni99|move: Stealth Rock
|move|p1a: Blissey|Soft-Boiled|p1a: Blissey
|-heal|p1a: Blissey|100/100 brn
|
|-damage|p1a: Blissey|94/100 brn|[from] brn
|upkeep
|turn|11
|
|t:|1677763355
|switch|p2a: Pelipper|Pelipper, M|100/100
|-weather|RainDance|[from] ability: Drizzle|[of] p2a: Pelipper
|move|p1a: Blissey|Teleport|p1a: Blissey
|
|t:|1677763383
|-curestatus|p1a: Blissey|brn|[from] ability: Natural Cure
|switch|p1a: Zapdos|Zapdos|25/100 brn|[from] Teleport
|-damage|p1a: Zapdos|0 fnt|[from] Stealth Rock
|faint|p1a: Zapdos
|
|-weather|RainDance|[upkeep]
|upkeep
|inactive|Nouni99 has 120 seconds left.
|
|t:|1677763395
|switch|p1a: Toxapex|Toxapex, F|58/100
|-damage|p1a: Toxapex|46/100|[from] Stealth Rock
|turn|12
|
|t:|1677763401
|move|p2a: Pelipper|Hurricane|p1a: Toxapex
|-damage|p1a: Toxapex|15/100
|-start|p1a: Toxapex|confusion
|-activate|p1a: Toxapex|confusion
|move|p1a: Toxapex|Toxic|p2a: Pelipper
|-status|p2a: Pelipper|tox
|
|-weather|RainDance|[upkeep]
|-damage|p2a: Pelipper|94/100 tox|[from] psn
|upkeep
|turn|13
|
|t:|1677763416
|switch|p1a: Blissey|Blissey, F|94/100
|move|p2a: Pelipper|U-turn|p1a: Blissey
|-damage|p1a: Blissey|87/100
|
|t:|1677763426
|switch|p2a: Volcanion|Volcanion|100/100|[from] U-turn
|
|-weather|RainDance|[upkeep]
|upkeep
|turn|14
|
|t:|1677763439
|move|p2a: Volcanion|Steam Eruption|p1a: Blissey
|-damage|p1a: Blissey|39/100
|move|p1a: Blissey|Thunder Wave|p2a: Volcanion
|-status|p2a: Volcanion|par
|
|-weather|RainDance|[upkeep]
|upkeep
|turn|15
|
|t:|1677763449
|switch|p2a: Ferrothorn|Ferrothorn, F|58/100
|move|p1a: Blissey|Soft-Boiled|p1a: Blissey
|-heal|p1a: Blissey|89/100
|
|-weather|RainDance|[upkeep]
|upkeep
|turn|16
|
|t:|1677763458
|move|p1a: Blissey|Thunder Wave|p2a: Ferrothorn
|-status|p2a: Ferrothorn|par
|move|p2a: Ferrothorn|Spikes|p1a: Blissey
|-sidestart|p1: Nouni99|Spikes
|
|-weather|RainDance|[upkeep]
|upkeep
|turn|17
|
|t:|1677763467
|move|p2a: Ferrothorn|Knock Off|p1a: Blissey
|-damage|p1a: Blissey|70/100
|-enditem|p1a: Blissey|Heavy-Duty Boots|[from] move: Knock Off|[of] p2a: Ferrothorn
|move|p1a: Blissey|Teleport|p1a: Blissey
|
|t:|1677763471
|switch|p1a: Volcanion|Volcanion|100/100|[from] Teleport
|
|-weather|RainDance|[upkeep]
|upkeep
|turn|18
|
|t:|1677763481
|move|p1a: Volcanion|Earth Power|p2a: Ferrothorn
|-damage|p2a: Ferrothorn|31/100 par
|move|p2a: Ferrothorn|Knock Off|p1a: Volcanion
|-damage|p1a: Volcanion|81/100
|-enditem|p1a: Volcanion|Heavy-Duty Boots|[from] move: Knock Off|[of] p2a: Ferrothorn
|
|-weather|none
|upkeep
|turn|19
|
|t:|1677763491
|move|p1a: Volcanion|Sludge Wave|p2a: Ferrothorn
|-immune|p2a: Ferrothorn
|move|p2a: Ferrothorn|Spikes|p1a: Volcanion
|-sidestart|p1: Nouni99|Spikes
|
|upkeep
|turn|20
|
|t:|1677763500
|move|p1a: Volcanion|Flamethrower|p2a: Ferrothorn
|-supereffective|p2a: Ferrothorn
|-damage|p2a: Ferrothorn|0 fnt
|faint|p2a: Ferrothorn
|
|upkeep
|
|t:|1677763513
|switch|p2a: Pelipper|Pelipper, M|94/100 tox
|-weather|RainDance|[from] ability: Drizzle|[of] p2a: Pelipper
|turn|21
|inactive|Nouni99 has 120 seconds left.
|
|t:|1677763547
|move|p1a: Volcanion|Sludge Wave|p2a: Pelipper
|-damage|p2a: Pelipper|62/100 tox
|move|p2a: Pelipper|Hurricane|p1a: Volcanion
|-damage|p1a: Volcanion|35/100
|
|-weather|RainDance|[upkeep]
|-damage|p2a: Pelipper|56/100 tox|[from] psn
|upkeep
|turn|22
|
|t:|1677763556
|switch|p1a: Blissey|Blissey, F|70/100
|-damage|p1a: Blissey|58/100|[from] Stealth Rock
|-damage|p1a: Blissey|41/100|[from] Spikes
|move|p2a: Pelipper|Hurricane|p1a: Blissey
|-damage|p1a: Blissey|27/100
|-start|p1a: Blissey|confusion
|
|-weather|RainDance|[upkeep]
|-damage|p2a: Pelipper|44/100 tox|[from] psn
|upkeep
|turn|23
|
|t:|1677763569
|switch|p2a: Volcanion|Volcanion|100/100 par
|-activate|p1a: Blissey|confusion
|move|p1a: Blissey|Soft-Boiled|p1a: Blissey
|-heal|p1a: Blissey|77/100
|
|-weather|RainDance|[upkeep]
|upkeep
|turn|24
|
|t:|1677763577
|-activate|p1a: Blissey|confusion
|move|p1a: Blissey|Seismic Toss|p2a: Volcanion
|-damage|p2a: Volcanion|67/100 par
|cant|p2a: Volcanion|par
|
|-weather|RainDance|[upkeep]
|upkeep
|turn|25
|
|t:|1677763586
|-end|p1a: Blissey|confusion
|move|p1a: Blissey|Seismic Toss|p2a: Volcanion
|-damage|p2a: Volcanion|34/100 par
|move|p2a: Volcanion|Steam Eruption|p1a: Blissey
|-damage|p1a: Blissey|32/100
|-status|p1a: Blissey|brn
|
|-weather|RainDance|[upkeep]
|-damage|p1a: Blissey|26/100 brn|[from] brn
|upkeep
|turn|26
|
|t:|1677763600
|-curestatus|p1a: Blissey|brn|[from] ability: Natural Cure
|switch|p1a: Volcanion|Volcanion|35/100
|-damage|p1a: Volcanion|10/100|[from] Stealth Rock
|-damage|p1a: Volcanion|0 fnt|[from] Spikes
|faint|p1a: Volcanion
|switch|p2a: Seismitoad|Seismitoad, F|76/100
|
|-weather|RainDance|[upkeep]
|upkeep
|
|t:|1677763609
|switch|p1a: Landorus|Landorus-Therian, M|100/100
|-damage|p1a: Landorus|88/100|[from] Stealth Rock
|-ability|p1a: Landorus|Intimidate|boost
|-unboost|p2a: Seismitoad|atk|1
|turn|27
|
|t:|1677763616
|move|p2a: Seismitoad|Scald|p1a: Landorus
|-supereffective|p1a: Landorus
|-damage|p1a: Landorus|0 fnt
|faint|p1a: Landorus
|
|-weather|RainDance|[upkeep]
|upkeep
|
|t:|1677763619
|switch|p1a: Blissey|Blissey, F|26/100
|-damage|p1a: Blissey|14/100|[from] Stealth Rock
|-damage|p1a: Blissey|0 fnt|[from] Spikes
|faint|p1a: Blissey
|
|t:|1677763621
|switch|p1a: Weavile|Weavile, F|100/100
|-ability|p1a: Weavile|Pressure
|turn|28
|
|t:|1677763635
|move|p2a: Seismitoad|Scald|p1a: Weavile
|-damage|p1a: Weavile|28/100
|move|p1a: Weavile|Triple Axel|p2a: Seismitoad
|-damage|p2a: Seismitoad|64/100
|-hitcount|p2a: Seismitoad|1
|
|-weather|none
|upkeep
|turn|29
|c|☆Nouni99|of course
|c|☆Nouni99|noob
|-message|Nouni99 forfeited.
|
|win|carllen
|raw|Nouni99's rating: 1362 &rarr; <strong>1339</strong><br />(-23 for losing)
|raw|carllen's rating: 1304 &rarr; <strong>1327</strong><br />(+23 for winning)
|l|☆Nouni99
||Ladder isn't responding, score probably updated but might not have (Request timeout).
