|j|☆Tomatosaurs
|j|☆GoldDoh
|t:|1677780459
|gametype|singles
|player|p1|Tomatosaurs|larry|
|player|p2|GoldDoh|waitress|
|teamsize|p1|6
|teamsize|p2|6
|gen|8
|tier|[Gen 8] OU
|rule|Sleep Clause Mod: Limit one foe put to sleep
|rule|Species Clause: Limit one of each Pokémon
|rule|OHKO Clause: OHKO moves are banned
|rule|Evasion Items Clause: Evasion items are banned
|rule|Evasion Moves Clause: Evasion moves are banned
|rule|Endless Battle Clause: Forcing endless battles is banned
|rule|HP Percentage Mod: HP is shown in percentages
|rule|Dynamax Clause: You cannot dynamax
|clearpoke
|poke|p1|Landorus-Therian, M|
|poke|p1|Blaziken, M|
|poke|p1|Slowking-Galar, M|
|poke|p1|Rotom-Wash|
|poke|p1|Obstagoon, F|
|poke|p1|Weezing-Galar, F|
|poke|p2|Skarmory, M|
|poke|p2|Magnezone|
|poke|p2|Clefable, F|
|poke|p2|Garchomp, F|
|poke|p2|Sharpedo, M|
|poke|p2|Chandelure, M|
|teampreview
|j| TheDrAlex
|l|☆GoldDoh
|player|p2|
|j|☆GoldDoh
|player|p2|GoldDoh|waitress
|
|t:|1677780616
|start
|switch|p1a: Rotom|Rotom-Wash|100/100
|switch|p2a: Clefable|Clefable, F|100/100
|turn|1
|
|t:|1677780650
|move|p1a: Rotom|Thunder Wave|p2a: Clefable
|-status|p2a: Clefable|par
|move|p2a: Clefable|Calm Mind|p2a: Clefable
|-boost|p2a: Clefable|spa|1
|-boost|p2a: Clefable|spd|1
|
|upkeep
|turn|2
|
|t:|1677780691
|switch|p1a: Slowking|Slowking-Galar, M|100/100
|move|p2a: Clefable|Calm Mind|p2a: Clefable
|-boost|p2a: Clefable|spa|1
|-boost|p2a: Clefable|spd|1
|
|upkeep
|turn|3
|
|t:|1677780728
|move|p1a: Slowking|Sludge Bomb|p2a: Clefable
|-supereffective|p2a: Clefable
|-damage|p2a: Clefable|66/100 par
|move|p2a: Clefable|Flamethrower|p1a: Slowking
|-damage|p1a: Slowking|85/100
|
|-heal|p2a: Clefable|73/100 par|[from] item: Leftovers
|upkeep
|turn|4
|
|t:|1677780758
|switch|p2a: Chandelure|Chandelure, M|100/100
|move|p1a: Slowking|Sludge Bomb|p2a: Chandelure
|-resisted|p2a: Chandelure
|-damage|p2a: Chandelure|77/100
|-status|p2a: Chandelure|psn
|
|-damage|p2a: Chandelure|64/100 psn|[from] psn
|upkeep
|turn|5
|l|☆GoldDoh
|player|p2|
|j|☆GoldDoh
|player|p2|GoldDoh|waitress
|j| Quikwix
|
|t:|1677780931
|move|p2a: Chandelure|Shadow Ball|p1a: Slowking
|-supereffective|p1a: Slowking
|-damage|p1a: Slowking|49/100
|move|p1a: Slowking|Future Sight|p2a: Chandelure
|-start|p1a: Slowking|move: Future Sight
|
|-damage|p2a: Chandelure|52/100 psn|[from] psn
|upkeep
|turn|6
|
|t:|1677780987
|switch|p1a: Obstagoon|Obstagoon, F|100/100
|move|p2a: Chandelure|Shadow Ball|p1a: Obstagoon
|-immune|p1a: Obstagoon
|
|-damage|p2a: Chandelure|40/100 psn|[from] psn
|-status|p1a: Obstagoon|brn|[from] item: Flame Orb
|upkeep
|turn|7
|
|t:|1677781063
|switch|p2a: Sharpedo|Sharpedo, M|100/100
|move|p1a: Obstagoon|Knock Off|p2a: Sharpedo
|-resisted|p2a: Sharpedo
|-damage|p2a: Sharpedo|31/100
|-enditem|p2a: Sharpedo|Focus Sash|[from] move: Knock Off|[of] p1a: Obstagoon
|
|-end|p2a: Sharpedo|move: Future Sight
|-immune|p2a: Sharpedo
|-damage|p1a: Obstagoon|94/100 brn|[from] brn
|upkeep
|turn|8
|
|t:|1677781095
|move|p2a: Sharpedo|Protect|p2a: Sharpedo
|-singleturn|p2a: Sharpedo|Protect
|move|p1a: Obstagoon|Facade|p2a: Sharpedo
|-activate|p2a: Sharpedo|move: Protect
|
|-damage|p1a: Obstagoon|88/100 brn|[from] brn
|-ability|p2a: Sharpedo|Speed Boost|boost
|-boost|p2a: Sharpedo|spe|1
|upkeep
|turn|9
|
|t:|1677781135
|switch|p1a: Rotom|Rotom-Wash|100/100
|move|p2a: Sharpedo|Close Combat|p1a: Rotom
|-damage|p1a: Rotom|55/100
|-unboost|p2a: Sharpedo|def|1
|-unboost|p2a: Sharpedo|spd|1
|
|-heal|p1a: Rotom|62/100|[from] item: Leftovers
|-ability|p2a: Sharpedo|Speed Boost|boost
|-boost|p2a: Sharpedo|spe|1
|upkeep
|turn|10
|
|t:|1677781169
|move|p2a: Sharpedo|Crunch|p1a: Rotom
|-damage|p1a: Rotom|14/100
|move|p1a: Rotom|Thunderbolt|p2a: Sharpedo
|-supereffective|p2a: Sharpedo
|-damage|p2a: Sharpedo|0 fnt
|faint|p2a: Sharpedo
|
|-heal|p1a: Rotom|20/100|[from] item: Leftovers
|upkeep
|
|t:|1677781211
|switch|p2a: Magnezone|Magnezone|100/100
|turn|11
|
|t:|1677781261
|move|p2a: Magnezone|Volt Switch|p1a: Rotom
|-damage|p1a: Rotom|0 fnt
|faint|p1a: Rotom
|
|t:|1677781268
|switch|p2a: Clefable|Clefable, F|73/100 par|[from] Volt Switch
|
|-heal|p2a: Clefable|79/100 par|[from] item: Leftovers
|upkeep
|
|t:|1677781297
|switch|p1a: Blaziken|Blaziken, M|100/100
|turn|12
|
|t:|1677781343
|move|p1a: Blaziken|Earthquake|p2a: Clefable
|-damage|p2a: Clefable|42/100 par
|-damage|p1a: Blaziken|91/100|[from] item: Life Orb
|move|p2a: Clefable|Calm Mind|p2a: Clefable
|-boost|p2a: Clefable|spa|1
|-boost|p2a: Clefable|spd|1
|
|-heal|p2a: Clefable|48/100 par|[from] item: Leftovers
|-ability|p1a: Blaziken|Speed Boost|boost
|-boost|p1a: Blaziken|spe|1
|upkeep
|turn|13
|
|t:|1677781354
|move|p1a: Blaziken|Flare Blitz|p2a: Clefable
|-damage|p2a: Clefable|0 fnt
|faint|p2a: Clefable
|-damage|p1a: Blaziken|70/100|[from] Recoil
|-damage|p1a: Blaziken|60/100|[from] item: Life Orb
|
|-ability|p1a: Blaziken|Speed Boost|boost
|-boost|p1a: Blaziken|spe|1
|upkeep
|
|t:|1677781369
|switch|p2a: Garchomp|Garchomp, F|100/100
|turn|14
|
|t:|1677781430
|switch|p1a: Weezing|Weezing-Galar, F|100/100
|switch|p2a: Skarmory|Skarmory, M|100/100
|
|upkeep
|turn|15
|
|t:|1677781502
|switch|p2a: Chandelure|Chandelure, M|40/100 psn
|move|p1a: Weezing|Flamethrower|p2a: Chandelure
|-resisted|p2a: Chandelure
|-damage|p2a: Chandelure|28/100 psn
|
|-damage|p2a: Chandelure|15/100 psn|[from] psn
|upkeep
|turn|16
|
|t:|1677781554
|move|p1a: Weezing|Protect|p1a: Weezing
|-singleturn|p1a: Weezing|Protect
|move|p2a: Chandelure|Fire Blast|p1a: Weezing
|-activate|p1a: Weezing|move: Protect
|
|-damage|p2a: Chandelure|3/100 psn|[from] psn
|upkeep
|turn|17
|j| S4mm3h
|
|t:|1677781588
|switch|p1a: Slowking|Slowking-Galar, M|82/100
|move|p2a: Chandelure|Fire Blast|p1a: Slowking
|-damage|p1a: Slowking|59/100
|
|-damage|p2a: Chandelure|0 fnt|[from] psn
|faint|p2a: Chandelure
|upkeep
|
|t:|1677781644
|switch|p2a: Garchomp|Garchomp, F|100/100
|turn|18
|
|t:|1677781663
|switch|p1a: Weezing|Weezing-Galar, F|100/100
|move|p2a: Garchomp|Swords Dance|p2a: Garchomp
|-boost|p2a: Garchomp|atk|2
|
|upkeep
|turn|19
|
|t:|1677781687
|move|p2a: Garchomp|Fire Fang|p1a: Weezing
|-damage|p1a: Weezing|73/100
|move|p1a: Weezing|Haze|p1a: Weezing
|-clearallboost
|
|-heal|p1a: Weezing|79/100|[from] item: Black Sludge
|upkeep
|turn|20
|
|t:|1677781764
|switch|p2a: Magnezone|Magnezone|100/100
|move|p1a: Weezing|Strange Steam|p2a: Magnezone
|-resisted|p2a: Magnezone
|-damage|p2a: Magnezone|84/100
|
|-heal|p1a: Weezing|85/100|[from] item: Black Sludge
|upkeep
|turn|21
|
|t:|1677781807
|move|p1a: Weezing|Protect|p1a: Weezing
|-singleturn|p1a: Weezing|Protect
|move|p2a: Magnezone|Toxic|p1a: Weezing
|-activate|p1a: Weezing|move: Protect
|
|-heal|p1a: Weezing|91/100|[from] item: Black Sludge
|upkeep
|turn|22
|
|t:|1677781835
|switch|p2a: Skarmory|Skarmory, M|100/100
|switch|p1a: Slowking|Slowking-Galar, M|92/100
|
|upkeep
|turn|23
|
|t:|1677781849
|move|p2a: Skarmory|Iron Defense|p2a: Skarmory
|-boost|p2a: Skarmory|def|2
|move|p1a: Slowking|Flamethrower|p2a: Skarmory
|-supereffective|p2a: Skarmory
|-damage|p2a: Skarmory|39/100
|
|upkeep
|turn|24
|
|t:|1677781859
|move|p2a: Skarmory|Body Press|p1a: Slowking
|-resisted|p1a: Slowking
|-damage|p1a: Slowking|77/100
|move|p1a: Slowking|Flamethrower|p2a: Skarmory
|-supereffective|p2a: Skarmory
|-damage|p2a: Skarmory|0 fnt
|faint|p2a: Skarmory
|
|upkeep
|
|t:|1677781975
|switch|p2a: Garchomp|Garchomp, F|100/100
|turn|25
|
|t:|1677781994
|switch|p1a: Weezing|Weezing-Galar, F|91/100
|move|p2a: Garchomp|Fire Fang|p1a: Weezing
|-damage|p1a: Weezing|76/100
|
|-heal|p1a: Weezing|82/100|[from] item: Black Sludge
|upkeep
|turn|26
|
|t:|1677782002
|move|p2a: Garchomp|Swords Dance|p2a: Garchomp
|-boost|p2a: Garchomp|atk|2
|move|p1a: Weezing|Strange Steam|p2a: Garchomp
|-supereffective|p2a: Garchomp
|-damage|p2a: Garchomp|45/100
|
|-heal|p2a: Garchomp|51/100|[from] item: Leftovers
|-heal|p1a: Weezing|88/100|[from] item: Black Sludge
|upkeep
|turn|27
|
|t:|1677782026
|move|p2a: Garchomp|Fire Fang|p1a: Weezing
|-damage|p1a: Weezing|57/100
|move|p1a: Weezing|Haze|p1a: Weezing
|-clearallboost
|
|-heal|p2a: Garchomp|57/100|[from] item: Leftovers
|-heal|p1a: Weezing|63/100|[from] item: Black Sludge
|upkeep
|turn|28
|
|t:|1677782036
|move|p2a: Garchomp|Fire Fang|p1a: Weezing|[miss]
|-miss|p2a: Garchomp|p1a: Weezing
|move|p1a: Weezing|Strange Steam|p2a: Garchomp
|-supereffective|p2a: Garchomp
|-damage|p2a: Garchomp|0 fnt
|faint|p2a: Garchomp
|
|-heal|p1a: Weezing|69/100|[from] item: Black Sludge
|upkeep
|
|t:|1677782048
|switch|p2a: Magnezone|Magnezone|84/100
|turn|29
|
|t:|1677782095
|move|p1a: Weezing|Protect|p1a: Weezing
|-singleturn|p1a: Weezing|Protect
|move|p2a: Magnezone|Thunderbolt|p1a: Weezing
|-activate|p1a: Weezing|move: Protect
|
|-heal|p1a: Weezing|75/100|[from] item: Black Sludge
|upkeep
|turn|30
|
|t:|1677782104
|switch|p1a: Slowking|Slowking-Galar, M|100/100
|move|p2a: Magnezone|Thunderbolt|p1a: Slowking
|-damage|p1a: Slowking|80/100
|
|upkeep
|turn|31
|
|t:|1677782119
|move|p2a: Magnezone|Thunderbolt|p1a: Slowking
|-damage|p1a: Slowking|58/100
|move|p1a: Slowking|Flamethrower|p2a: Magnezone
|-supereffective|p2a: Magnezone
|-damage|p2a: Magnezone|23/100
|
|upkeep
|turn|32
|
|t:|1677782125
|move|p2a: Magnezone|Thunderbolt|p1a: Slowking
|-damage|p1a: Slowking|39/100
|move|p1a: Slowking|Flamethrower|p2a: Magnezone
|-supereffective|p2a: Magnezone
|-damage|p2a: Magnezone|0 fnt
|faint|p2a: Magnezone
|
|win|Tomatosaurs
