|j|☆emperiod
|j|☆A3262390975
|t:|1677767487
|gametype|singles
|player|p1|emperiod|silver-gen2|1368
|player|p2|A3262390975|steven|1290
|teamsize|p1|6
|teamsize|p2|6
|gen|8
|tier|[Gen 8] OU
|rated|
|rule|Sleep Clause Mod: Limit one foe put to sleep
|rule|Species Clause: Limit one of each Pokémon
|rule|OHKO Clause: OHKO moves are banned
|rule|Evasion Items Clause: Evasion items are banned
|rule|Evasion Moves Clause: Evasion moves are banned
|rule|Endless Battle Clause: Forcing endless battles is banned
|rule|HP Percentage Mod: HP is shown in percentages
|rule|Dynamax Clause: You cannot dynamax
|clearpoke
|poke|p1|Blacephalon|
|poke|p1|Comfey, M|
|poke|p1|Urshifu-*, F|
|poke|p1|Tyranitar, M|
|poke|p1|Corviknight, F|
|poke|p1|Scizor, M|
|poke|p2|Melmetal|
|poke|p2|Pelipper, M|
|poke|p2|Barraskewda, F|
|poke|p2|Volcanion|
|poke|p2|Landorus-Therian, M|
|poke|p2|Zapdos|
|teampreview
|inactive|Battle timer is ON: inactive players will automatically lose when time's up. (requested by A3262390975)
|c|☆emperiod|gl;hf bud
|
|t:|1677767516
|start
|switch|p1a: Of course he did|Tyranitar, M, shiny|100/100
|switch|p2a: Melmetal|Melmetal|100/100
|-weather|Sandstorm|[from] ability: Sand Stream|[of] p1a: Of course he did
|turn|1
|
|t:|1677767529
|switch|p1a: SwSh's Finest|Corviknight, F, shiny|100/100
|-ability|p1a: SwSh's Finest|Pressure
|move|p2a: Melmetal|Superpower|p1a: SwSh's Finest
|-damage|p1a: SwSh's Finest|69/100
|-unboost|p2a: Melmetal|atk|1
|-unboost|p2a: Melmetal|def|1
|
|-weather|Sandstorm|[upkeep]
|-heal|p1a: SwSh's Finest|75/100|[from] item: Leftovers
|upkeep
|turn|2
|
|t:|1677767540
|switch|p2a: Pelipper|Pelipper, M|100/100
|-weather|RainDance|[from] ability: Drizzle|[of] p2a: Pelipper
|move|p1a: SwSh's Finest|U-turn|p2a: Pelipper
|-resisted|p2a: Pelipper
|-damage|p2a: Pelipper|93/100
|
|t:|1677767546
|switch|p1a: Of course he did|Tyranitar, M, shiny|100/100|[from] U-turn
|-weather|Sandstorm|[from] ability: Sand Stream|[of] p1a: Of course he did
|
|-weather|Sandstorm|[upkeep]
|-damage|p2a: Pelipper|87/100|[from] Sandstorm
|upkeep
|turn|3
|
|t:|1677767558
|switch|p2a: 土猫|Landorus-Therian, M, shiny|100/100
|-ability|p2a: 土猫|Intimidate|boost
|-unboost|p1a: Of course he did|atk|1
|move|p1a: Of course he did|Thunderbolt|p2a: 土猫
|-immune|p2a: 土猫
|
|-weather|Sandstorm|[upkeep]
|upkeep
|turn|4
|
|t:|1677767569
|move|p1a: Of course he did|Ice Beam|p2a: 土猫
|-supereffective|p2a: 土猫
|-damage|p2a: 土猫|0 fnt
|faint|p2a: 土猫
|
|-weather|Sandstorm|[upkeep]
|upkeep
|
|t:|1677767590
|switch|p2a: Pelipper|Pelipper, M|87/100
|-weather|RainDance|[from] ability: Drizzle|[of] p2a: Pelipper
|turn|5
|
|t:|1677767597
|switch|p2a: Melmetal|Melmetal|100/100
|move|p1a: Of course he did|Thunderbolt|p2a: Melmetal
|-damage|p2a: Melmetal|81/100
|
|-weather|RainDance|[upkeep]
|upkeep
|turn|6
|
|t:|1677767617
|switch|p1a: Evil Paddington|Urshifu-Rapid-Strike, F|100/100
|move|p2a: Melmetal|Thunder Punch|p1a: Evil Paddington
|-supereffective|p1a: Evil Paddington
|-damage|p1a: Evil Paddington|30/100
|
|-weather|RainDance|[upkeep]
|upkeep
|turn|7
|
|t:|1677767627
|switch|p2a: Zapdos|Zapdos|100/100
|move|p1a: Evil Paddington|U-turn|p2a: Zapdos
|-resisted|p2a: Zapdos
|-damage|p2a: Zapdos|88/100
|
|t:|1677767639
|switch|p1a: Lei'd|Comfey, M, shiny|100/100|[from] U-turn
|
|-weather|RainDance|[upkeep]
|-heal|p2a: Zapdos|94/100|[from] item: Leftovers
|upkeep
|turn|8
|
|t:|1677767651
|move|p1a: Lei'd|Calm Mind|p1a: Lei'd
|-boost|p1a: Lei'd|spa|1
|-boost|p1a: Lei'd|spd|1
|move|p2a: Zapdos|Hurricane|p1a: Lei'd
|-damage|p1a: Lei'd|71/100
|-start|p1a: Lei'd|confusion
|
|-weather|RainDance|[upkeep]
|-heal|p2a: Zapdos|100/100|[from] item: Leftovers
|upkeep
|turn|9
|
|t:|1677767659
|-activate|p1a: Lei'd|confusion
|-damage|p1a: Lei'd|66/100|[from] confusion
|move|p2a: Zapdos|Volt Switch|p1a: Lei'd
|-damage|p1a: Lei'd|44/100
|
|t:|1677767665
|switch|p2a: Melmetal|Melmetal|81/100|[from] Volt Switch
|
|-weather|RainDance|[upkeep]
|upkeep
|turn|10
|
|t:|1677767687
|switch|p1a: Scizor|Scizor, M|100/100
|move|p2a: Melmetal|Superpower|p1a: Scizor
|-damage|p1a: Scizor|57/100
|-unboost|p2a: Melmetal|atk|1
|-unboost|p2a: Melmetal|def|1
|
|-weather|RainDance|[upkeep]
|upkeep
|turn|11
|
|t:|1677767702
|switch|p2a: Zapdos|Zapdos|100/100
|move|p1a: Scizor|Knock Off|p2a: Zapdos
|-damage|p2a: Zapdos|69/100
|-enditem|p2a: Zapdos|Leftovers|[from] move: Knock Off|[of] p1a: Scizor
|
|-weather|RainDance|[upkeep]
|upkeep
|turn|12
|
|t:|1677767723
|move|p2a: Zapdos|Volt Switch|p1a: Scizor
|-damage|p1a: Scizor|28/100
|
|t:|1677767729
|switch|p2a: Melmetal|Melmetal|81/100|[from] Volt Switch
|move|p1a: Scizor|Roost|p1a: Scizor
|-heal|p1a: Scizor|78/100
|-singleturn|p1a: Scizor|move: Roost
|
|-weather|none
|upkeep
|turn|13
|
|t:|1677767737
|switch|p2a: Zapdos|Zapdos|69/100
|move|p1a: Scizor|Knock Off|p2a: Zapdos
|-damage|p2a: Zapdos|47/100
|
|upkeep
|turn|14
|
|t:|1677767745
|move|p1a: Scizor|Bullet Punch|p2a: Zapdos
|-resisted|p2a: Zapdos
|-damage|p2a: Zapdos|33/100
|move|p2a: Zapdos|Roost|p2a: Zapdos
|-heal|p2a: Zapdos|83/100
|-singleturn|p2a: Zapdos|move: Roost
|
|upkeep
|turn|15
|
|t:|1677767753
|move|p2a: Zapdos|Hurricane|p1a: Scizor|[miss]
|-miss|p2a: Zapdos|p1a: Scizor
|move|p1a: Scizor|Roost|p1a: Scizor
|-heal|p1a: Scizor|100/100
|-singleturn|p1a: Scizor|move: Roost
|
|upkeep
|turn|16
|
|t:|1677767759
|move|p2a: Zapdos|Hurricane|p1a: Scizor
|-damage|p1a: Scizor|57/100
|-start|p1a: Scizor|confusion
|-activate|p1a: Scizor|confusion
|-damage|p1a: Scizor|44/100|[from] confusion
|
|upkeep
|turn|17
|
|t:|1677767766
|move|p2a: Zapdos|Hurricane|p1a: Scizor
|-damage|p1a: Scizor|1/100
|-activate|p1a: Scizor|confusion
|move|p1a: Scizor|U-turn|p2a: Zapdos
|-resisted|p2a: Zapdos
|-damage|p2a: Zapdos|67/100
|
|t:|1677767777
|switch|p1a: Best Friend|Blacephalon, shiny|100/100|[from] U-turn
|
|upkeep
|turn|18
|c|☆A3262390975|。
|c|☆emperiod|?
|
|t:|1677767789
|switch|p2a: Pelipper|Pelipper, M|87/100
|-weather|RainDance|[from] ability: Drizzle|[of] p2a: Pelipper
|move|p1a: Best Friend|Shadow Ball|p2a: Pelipper
|-damage|p2a: Pelipper|45/100
|
|-weather|RainDance|[upkeep]
|upkeep
|turn|19
|
|t:|1677767798
|move|p1a: Best Friend|Shadow Ball|p2a: Pelipper
|-damage|p2a: Pelipper|0 fnt
|faint|p2a: Pelipper
|-ability|p1a: Best Friend|Beast Boost|boost
|-boost|p1a: Best Friend|spa|1
|
|-weather|RainDance|[upkeep]
|upkeep
|
|t:|1677767804
|switch|p2a: Barraskewda|Barraskewda, F|100/100
|turn|20
|
|t:|1677767816
|switch|p1a: Scizor|Scizor, M|1/100
|move|p2a: Barraskewda|Liquidation|p1a: Scizor
|-damage|p1a: Scizor|0 fnt
|faint|p1a: Scizor
|
|-weather|RainDance|[upkeep]
|upkeep
|
|t:|1677767823
|switch|p1a: Of course he did|Tyranitar, M, shiny|100/100
|-weather|Sandstorm|[from] ability: Sand Stream|[of] p1a: Of course he did
|turn|21
|
|t:|1677767833
|switch|p2a: Melmetal|Melmetal|81/100
|move|p1a: Of course he did|Flamethrower|p2a: Melmetal
|-supereffective|p2a: Melmetal
|-damage|p2a: Melmetal|32/100
|
|-weather|Sandstorm|[upkeep]
|upkeep
|turn|22
|
|t:|1677767843
|move|p1a: Of course he did|Flamethrower|p2a: Melmetal
|-supereffective|p2a: Melmetal
|-damage|p2a: Melmetal|0 fnt
|faint|p2a: Melmetal
|
|-weather|Sandstorm|[upkeep]
|upkeep
|
|t:|1677767849
|switch|p2a: Barraskewda|Barraskewda, F|100/100
|turn|23
|
|t:|1677767857
|move|p2a: Barraskewda|Close Combat|p1a: Of course he did
|-supereffective|p1a: Of course he did
|-damage|p1a: Of course he did|0 fnt
|-unboost|p2a: Barraskewda|def|1
|-unboost|p2a: Barraskewda|spd|1
|faint|p1a: Of course he did
|
|-weather|Sandstorm|[upkeep]
|-damage|p2a: Barraskewda|94/100|[from] Sandstorm
|upkeep
|
|t:|1677767866
|switch|p1a: Lei'd|Comfey, M, shiny|44/100
|turn|24
|
|t:|1677767870
|switch|p2a: Zapdos|Zapdos|67/100
|move|p1a: Lei'd|Giga Drain|p2a: Zapdos
|-resisted|p2a: Zapdos
|-damage|p2a: Zapdos|57/100
|-heal|p1a: Lei'd|51/100|[from] drain|[of] p2a: Zapdos
|-damage|p1a: Lei'd|41/100|[from] item: Life Orb
|
|-weather|Sandstorm|[upkeep]
|-damage|p1a: Lei'd|35/100|[from] Sandstorm
|-damage|p2a: Zapdos|51/100|[from] Sandstorm
|upkeep
|turn|25
|
|t:|1677767880
|move|p1a: Lei'd|Calm Mind|p1a: Lei'd
|-boost|p1a: Lei'd|spa|1
|-boost|p1a: Lei'd|spd|1
|move|p2a: Zapdos|Roost|p2a: Zapdos
|-heal|p2a: Zapdos|100/100
|-singleturn|p2a: Zapdos|move: Roost
|
|-weather|none
|upkeep
|turn|26
|
|t:|1677767887
|move|p1a: Lei'd|Calm Mind|p1a: Lei'd
|-boost|p1a: Lei'd|spa|1
|-boost|p1a: Lei'd|spd|1
|move|p2a: Zapdos|Volt Switch|p1a: Lei'd
|-damage|p1a: Lei'd|20/100
|
|t:|1677767893
|switch|p2a: Volcanion|Volcanion|100/100|[from] Volt Switch
|
|upkeep
|turn|27
|
|t:|1677767906
|move|p1a: Lei'd|Giga Drain|p2a: Volcanion
|-damage|p2a: Volcanion|27/100
|-heal|p1a: Lei'd|56/100|[from] drain|[of] p2a: Volcanion
|-damage|p1a: Lei'd|47/100|[from] item: Life Orb
|move|p2a: Volcanion|Sludge Bomb|p1a: Lei'd
|-supereffective|p1a: Lei'd
|-damage|p1a: Lei'd|12/100
|
|upkeep
|turn|28
|
|t:|1677767915
|switch|p2a: Zapdos|Zapdos|100/100
|move|p1a: Lei'd|Draining Kiss|p2a: Zapdos
|-damage|p2a: Zapdos|60/100
|-heal|p1a: Lei'd|51/100|[from] drain|[of] p2a: Zapdos
|-damage|p1a: Lei'd|41/100|[from] item: Life Orb
|
|upkeep
|turn|29
|
|t:|1677767923
|move|p1a: Lei'd|Calm Mind|p1a: Lei'd
|-boost|p1a: Lei'd|spa|1
|-boost|p1a: Lei'd|spd|1
|move|p2a: Zapdos|Hurricane|p1a: Lei'd
|-damage|p1a: Lei'd|22/100
|-start|p1a: Lei'd|confusion
|
|upkeep
|turn|30
|
|t:|1677767932
|-activate|p1a: Lei'd|confusion
|move|p1a: Lei'd|Draining Kiss|p2a: Zapdos
|-damage|p2a: Zapdos|8/100
|-heal|p1a: Lei'd|71/100|[from] drain|[of] p2a: Zapdos
|-damage|p1a: Lei'd|61/100|[from] item: Life Orb
|move|p2a: Zapdos|Hurricane|p1a: Lei'd
|-damage|p1a: Lei'd|41/100
|
|upkeep
|turn|31
|
|t:|1677767940
|-activate|p1a: Lei'd|confusion
|-damage|p1a: Lei'd|36/100|[from] confusion
|move|p2a: Zapdos|Roost|p2a: Zapdos
|-heal|p2a: Zapdos|58/100
|-singleturn|p2a: Zapdos|move: Roost
|
|upkeep
|turn|32
|
|t:|1677767946
|-activate|p1a: Lei'd|confusion
|-damage|p1a: Lei'd|31/100|[from] confusion
|move|p2a: Zapdos|Hurricane|p1a: Lei'd|[miss]
|-miss|p2a: Zapdos|p1a: Lei'd
|
|upkeep
|turn|33
|
|t:|1677767952
|-end|p1a: Lei'd|confusion
|move|p1a: Lei'd|Draining Kiss|p2a: Zapdos
|-damage|p2a: Zapdos|14/100
|-heal|p1a: Lei'd|74/100|[from] drain|[of] p2a: Zapdos
|-damage|p1a: Lei'd|64/100|[from] item: Life Orb
|move|p2a: Zapdos|Hurricane|p1a: Lei'd
|-damage|p1a: Lei'd|45/100
|
|upkeep
|turn|34
|-message|A3262390975 forfeited.
|
|win|emperiod
|raw|emperiod's rating: 1368 &rarr; <strong>1384</strong><br />(+16 for winning)
|raw|A3262390975's rating: 1290 &rarr; <strong>1271</strong><br />(-19 for losing)
|l|☆A3262390975
