|j|☆Aldoggydog
|j|☆IC1
|t:|1677796348
|gametype|singles
|player|p1|Aldoggydog|brawly|
|player|p2|IC1|marshal|
|teamsize|p1|6
|teamsize|p2|6
|gen|8
|tier|[Gen 8] OU
|rule|Sleep Clause Mod: Limit one foe put to sleep
|rule|Species Clause: Limit one of each Pokémon
|rule|OHKO Clause: OHKO moves are banned
|rule|Evasion Items Clause: Evasion items are banned
|rule|Evasion Moves Clause: Evasion moves are banned
|rule|Endless Battle Clause: Forcing endless battles is banned
|rule|HP Percentage Mod: HP is shown in percentages
|rule|Dynamax Clause: You cannot dynamax
|clearpoke
|poke|p1|Venusaur, M|
|poke|p1|Tornadus-Therian, M|
|poke|p1|Reuniclus, M|
|poke|p1|Tapu Fini|
|poke|p1|Landorus-Therian, M|
|poke|p1|Umbreon, F|
|poke|p2|Landorus-Therian, M|
|poke|p2|Ferrothorn, F|
|poke|p2|Urshifu-*, M|
|poke|p2|Dragapult, F|
|poke|p2|Zapdos|
|poke|p2|Heatran, M|
|teampreview
|inactive|Battle timer is ON: inactive players will automatically lose when time's up. (requested by Aldoggydog)
|-message|Aldoggydog forfeited.
|
|win|IC1
|l|☆Aldoggydog
|j| sniperghoost
|j| brianortegachoice
|c| brianortegachoice|lol
|c|☆IC1|https://play.pokemonshowdown.com/battle-gen8ou-1812786270
|l|☆IC1
|c| brianortegachoice|right when I thought this guy had balls ?
