|j|☆kdyzxff
|j|☆PGPurple
|t:|1677767014
|gametype|singles
|player|p1|kdyzxff|266|1137
|player|p2|PGPurple|flannery|1164
|teamsize|p1|6
|teamsize|p2|6
|gen|8
|tier|[Gen 8] OU
|rated|
|rule|Sleep Clause Mod: Limit one foe put to sleep
|rule|Species Clause: Limit one of each Pokémon
|rule|OHKO Clause: OHKO moves are banned
|rule|Evasion Items Clause: Evasion items are banned
|rule|Evasion Moves Clause: Evasion moves are banned
|rule|Endless Battle Clause: Forcing endless battles is banned
|rule|HP Percentage Mod: HP is shown in percentages
|rule|Dynamax Clause: You cannot dynamax
|clearpoke
|poke|p1|Landorus-Therian, M|
|poke|p1|Ferrothorn, F|
|poke|p1|Dragonite, M|
|poke|p1|Clefable, F|
|poke|p1|Tapu Koko|
|poke|p1|Volcarona, F|
|poke|p2|Gastrodon, M|
|poke|p2|Blissey, F|
|poke|p2|Slowking-Galar, M|
|poke|p2|Toxapex, M|
|poke|p2|Clefable, M|
|poke|p2|Corviknight, M|
|teampreview
|
|t:|1677767032
|start
|switch|p1a: Ferrothorn|Ferrothorn, F|100/100
|switch|p2a: Gastrodon|Gastrodon, M|100/100
|turn|1
|
|t:|1677767054
|move|p2a: Gastrodon|Scald|p1a: Ferrothorn
|-resisted|p1a: Ferrothorn
|-damage|p1a: Ferrothorn|91/100
|-status|p1a: Ferrothorn|brn
|move|p1a: Ferrothorn|Leech Seed|p2a: Gastrodon
|-start|p2a: Gastrodon|move: Leech Seed
|
|-heal|p1a: Ferrothorn|97/100 brn|[from] item: Leftovers
|-damage|p2a: Gastrodon|88/100|[from] Leech Seed|[of] p1a: Ferrothorn
|-heal|p1a: Ferrothorn|100/100 brn|[silent]
|-damage|p1a: Ferrothorn|95/100 brn|[from] brn
|upkeep
|turn|2
|
|t:|1677767080
|switch|p2a: Corviknight|Corviknight, M|100/100
|-ability|p2a: Corviknight|Pressure
|move|p1a: Ferrothorn|Gyro Ball|p2a: Corviknight
|-resisted|p2a: Corviknight
|-damage|p2a: Corviknight|96/100
|
|-heal|p1a: Ferrothorn|100/100 brn|[from] item: Leftovers
|-damage|p1a: Ferrothorn|95/100 brn|[from] brn
|upkeep
|turn|3
|
|t:|1677767102
|move|p2a: Corviknight|Iron Defense|p2a: Corviknight
|-boost|p2a: Corviknight|def|2
|move|p1a: Ferrothorn|Leech Seed|p2a: Corviknight
|-start|p2a: Corviknight|move: Leech Seed
|
|-heal|p1a: Ferrothorn|100/100 brn|[from] item: Leftovers
|-damage|p2a: Corviknight|83/100|[from] Leech Seed|[of] p1a: Ferrothorn
|-damage|p1a: Ferrothorn|95/100 brn|[from] brn
|upkeep
|turn|4
|
|t:|1677767120
|switch|p1a: Landorus|Landorus-Therian, M|100/100
|-ability|p1a: Landorus|Intimidate|boost
|-unboost|p2a: Corviknight|atk|1
|move|p2a: Corviknight|Body Press|p1a: Landorus
|-resisted|p1a: Landorus
|-damage|p1a: Landorus|78/100
|
|-heal|p1a: Landorus|84/100|[from] item: Leftovers
|-damage|p2a: Corviknight|71/100|[from] Leech Seed|[of] p1a: Landorus
|-heal|p1a: Landorus|97/100|[silent]
|upkeep
|turn|5
|
|t:|1677767143
|move|p1a: Landorus|Stealth Rock|p2a: Corviknight
|-sidestart|p2: PGPurple|move: Stealth Rock
|move|p2a: Corviknight|Roost|p2a: Corviknight
|-heal|p2a: Corviknight|100/100
|-singleturn|p2a: Corviknight|move: Roost
|
|-heal|p1a: Landorus|100/100|[from] item: Leftovers
|-damage|p2a: Corviknight|88/100|[from] Leech Seed|[of] p1a: Landorus
|upkeep
|turn|6
|inactive|Battle timer is ON: inactive players will automatically lose when time's up. (requested by PGPurple)
|inactive|kdyzxff has 120 seconds left.
|
|t:|1677767219
|move|p1a: Landorus|Knock Off|p2a: Corviknight
|-damage|p2a: Corviknight|79/100
|-enditem|p2a: Corviknight|Shed Shell|[from] move: Knock Off|[of] p1a: Landorus
|move|p2a: Corviknight|Defog|p1a: Landorus
|-unboost|p1a: Landorus|evasion|1
|-sideend|p2: PGPurple|Stealth Rock|[from] move: Defog|[of] p2a: Corviknight
|
|-damage|p2a: Corviknight|66/100|[from] Leech Seed|[of] p1a: Landorus
|upkeep
|turn|7
|inactive|kdyzxff has 120 seconds left.
|
|t:|1677767284
|switch|p1a: Tapu Koko|Tapu Koko|100/100
|-fieldstart|move: Electric Terrain|[from] ability: Electric Surge|[of] p1a: Tapu Koko
|move|p2a: Corviknight|Iron Defense|p2a: Corviknight
|-boost|p2a: Corviknight|def|2
|
|-damage|p2a: Corviknight|54/100|[from] Leech Seed|[of] p1a: Tapu Koko
|upkeep
|turn|8
|inactive|kdyzxff has 90 seconds left.
|inactive|PGPurple has 120 seconds left.
|
|t:|1677767301
|switch|p2a: Gastrodon|Gastrodon, M|88/100
|move|p1a: Tapu Koko|Volt Switch|p2a: Gastrodon
|-immune|p2a: Gastrodon
|
|-heal|p2a: Gastrodon|94/100|[from] item: Leftovers
|upkeep
|turn|9
|inactive|kdyzxff has 90 seconds left.
|
|t:|1677767319
|switch|p1a: Ferrothorn|Ferrothorn, F|95/100 brn
|move|p2a: Gastrodon|Scald|p1a: Ferrothorn
|-resisted|p1a: Ferrothorn
|-crit|p1a: Ferrothorn
|-damage|p1a: Ferrothorn|81/100 brn
|
|-heal|p2a: Gastrodon|99/100|[from] item: Leftovers
|-heal|p1a: Ferrothorn|87/100 brn|[from] item: Leftovers
|-damage|p1a: Ferrothorn|81/100 brn|[from] brn
|upkeep
|turn|10
|inactive|kdyzxff has 90 seconds left.
|
|t:|1677767333
|switch|p2a: Slowking|Slowking-Galar, M|100/100
|move|p1a: Ferrothorn|Leech Seed|p2a: Slowking
|-start|p2a: Slowking|move: Leech Seed
|
|-heal|p1a: Ferrothorn|87/100 brn|[from] item: Leftovers
|-damage|p2a: Slowking|88/100|[from] Leech Seed|[of] p1a: Ferrothorn
|-heal|p1a: Ferrothorn|100/100 brn|[silent]
|-damage|p1a: Ferrothorn|95/100 brn|[from] brn
|upkeep
|turn|11
|inactive|kdyzxff has 90 seconds left.
|
|t:|1677767344
|move|p2a: Slowking|Flamethrower|p1a: Ferrothorn
|-supereffective|p1a: Ferrothorn
|-damage|p1a: Ferrothorn|0 fnt
|faint|p1a: Ferrothorn
|
|-fieldend|move: Electric Terrain
|upkeep
|l|☆PGPurple
|inactive|PGPurple disconnected and has a minute to reconnect!
|player|p2|
|
|t:|1677767370
|switch|p1a: Landorus|Landorus-Therian, M|100/100
|-ability|p1a: Landorus|Intimidate|boost
|-unboost|p2a: Slowking|atk|1
|turn|12
|inactive|PGPurple has 30 seconds to reconnect!
|inactive|PGPurple has 20 seconds to reconnect!
|j|☆PGPurple
|inactive|PGPurple reconnected and has 105 seconds left.
|player|p2|PGPurple|flannery
|inactive|PGPurple has 90 seconds left.
|
|t:|1677767441
|switch|p2a: Corviknight|Corviknight, M|54/100
|-ability|p2a: Corviknight|Pressure
|move|p1a: Landorus|Knock Off|p2a: Corviknight
|-damage|p2a: Corviknight|42/100
|
|upkeep
|turn|13
|
|t:|1677767454
|move|p1a: Landorus|Knock Off|p2a: Corviknight
|-damage|p2a: Corviknight|28/100
|move|p2a: Corviknight|Roost|p2a: Corviknight
|-heal|p2a: Corviknight|78/100
|-singleturn|p2a: Corviknight|move: Roost
|
|upkeep
|turn|14
|inactive|PGPurple has 90 seconds left.
|
|t:|1677767463
|switch|p1a: Tapu Koko|Tapu Koko|100/100
|-fieldstart|move: Electric Terrain|[from] ability: Electric Surge|[of] p1a: Tapu Koko
|move|p2a: Corviknight|Roost|p2a: Corviknight
|-heal|p2a: Corviknight|100/100
|-singleturn|p2a: Corviknight|move: Roost
|
|upkeep
|turn|15
|
|t:|1677767476
|switch|p2a: Slowking|Slowking-Galar, M|100/100
|move|p1a: Tapu Koko|Dazzling Gleam|p2a: Slowking
|-resisted|p2a: Slowking
|-damage|p2a: Slowking|92/100
|
|upkeep
|turn|16
|
|t:|1677767488
|move|p1a: Tapu Koko|Volt Switch|p2a: Slowking
|-crit|p2a: Slowking
|-damage|p2a: Slowking|59/100
|
|t:|1677767497
|switch|p1a: Landorus|Landorus-Therian, M|100/100|[from] Volt Switch
|-ability|p1a: Landorus|Intimidate|boost
|-unboost|p2a: Slowking|atk|1
|move|p2a: Slowking|Sludge Bomb|p1a: Landorus
|-resisted|p1a: Landorus
|-damage|p1a: Landorus|83/100
|
|-heal|p1a: Landorus|89/100|[from] item: Leftovers
|upkeep
|turn|17
|
|t:|1677767516
|switch|p2a: Corviknight|Corviknight, M|100/100
|-ability|p2a: Corviknight|Pressure
|move|p1a: Landorus|Knock Off|p2a: Corviknight
|-damage|p2a: Corviknight|89/100
|
|-heal|p1a: Landorus|95/100|[from] item: Leftovers
|upkeep
|turn|18
|
|t:|1677767528
|move|p1a: Landorus|Stealth Rock|p2a: Corviknight
|-sidestart|p2: PGPurple|move: Stealth Rock
|move|p2a: Corviknight|Iron Defense|p2a: Corviknight
|-boost|p2a: Corviknight|def|2
|
|-heal|p1a: Landorus|100/100|[from] item: Leftovers
|-fieldend|move: Electric Terrain
|upkeep
|turn|19
|
|t:|1677767539
|switch|p1a: Tapu Koko|Tapu Koko|100/100
|-fieldstart|move: Electric Terrain|[from] ability: Electric Surge|[of] p1a: Tapu Koko
|move|p2a: Corviknight|Defog|p1a: Tapu Koko
|-unboost|p1a: Tapu Koko|evasion|1
|-sideend|p2: PGPurple|Stealth Rock|[from] move: Defog|[of] p2a: Corviknight
|-fieldend|move: Electric Terrain
|
|upkeep
|turn|20
|
|t:|1677767549
|switch|p2a: Blissey|Blissey, F|100/100
|move|p1a: Tapu Koko|Volt Switch|p2a: Blissey
|-damage|p2a: Blissey|89/100
|
|t:|1677767569
|switch|p1a: Landorus|Landorus-Therian, M|100/100|[from] Volt Switch
|-ability|p1a: Landorus|Intimidate|boost
|-unboost|p2a: Blissey|atk|1
|
|upkeep
|turn|21
|
|t:|1677767581
|move|p1a: Landorus|Knock Off|p2a: Blissey
|-damage|p2a: Blissey|64/100
|-enditem|p2a: Blissey|Heavy-Duty Boots|[from] move: Knock Off|[of] p1a: Landorus
|move|p2a: Blissey|Stealth Rock|p1a: Landorus
|-sidestart|p1: kdyzxff|move: Stealth Rock
|
|upkeep
|turn|22
|
|t:|1677767596
|switch|p2a: Corviknight|Corviknight, M|89/100
|-ability|p2a: Corviknight|Pressure
|move|p1a: Landorus|Earthquake|p2a: Corviknight
|-immune|p2a: Corviknight
|
|upkeep
|turn|23
|
|t:|1677767610
|switch|p2a: Gastrodon|Gastrodon, M|99/100
|move|p1a: Landorus|Stealth Rock|p2a: Gastrodon
|-sidestart|p2: PGPurple|move: Stealth Rock
|
|-heal|p2a: Gastrodon|100/100|[from] item: Leftovers
|upkeep
|turn|24
|
|t:|1677767627
|switch|p1a: Clefable|Clefable, F|100/100
|move|p2a: Gastrodon|Scald|p1a: Clefable
|-damage|p1a: Clefable|78/100
|
|-heal|p1a: Clefable|85/100|[from] item: Leftovers
|upkeep
|turn|25
|inactive|PGPurple has 120 seconds left.
|
|t:|1677767648
|switch|p2a: Clefable|Clefable, M|100/100
|-damage|p2a: Clefable|88/100|[from] Stealth Rock
|move|p1a: Clefable|Knock Off|p2a: Clefable
|-resisted|p2a: Clefable
|-damage|p2a: Clefable|83/100
|-enditem|p2a: Clefable|Leftovers|[from] move: Knock Off|[of] p1a: Clefable
|
|-heal|p1a: Clefable|91/100|[from] item: Leftovers
|upkeep
|turn|26
|
|t:|1677767659
|move|p2a: Clefable|Calm Mind|p2a: Clefable
|-boost|p2a: Clefable|spa|1
|-boost|p2a: Clefable|spd|1
|move|p1a: Clefable|Thunder Wave|p2a: Clefable
|-status|p2a: Clefable|par
|
|-heal|p1a: Clefable|97/100|[from] item: Leftovers
|upkeep
|turn|27
|
|t:|1677767673
|switch|p1a: Dragonite|Dragonite, M|100/100
|move|p2a: Clefable|Heal Bell|p2a: Clefable
|-activate|p2a: Clefable|move: Heal Bell
|-curestatus|p2a: Clefable|par|[msg]
|
|upkeep
|turn|28
|inactive|kdyzxff has 60 seconds left.
|
|t:|1677767690
|move|p1a: Dragonite|Earthquake|p2a: Clefable
|-damage|p2a: Clefable|61/100
|move|p2a: Clefable|Moonblast|p1a: Dragonite
|-supereffective|p1a: Dragonite
|-damage|p1a: Dragonite|71/100
|
|upkeep
|turn|29
|inactive|PGPurple has 120 seconds left.
|inactive|kdyzxff has 60 seconds left.
|
|t:|1677767710
|switch|p1a: Landorus|Landorus-Therian, M|100/100
|-damage|p1a: Landorus|88/100|[from] Stealth Rock
|-ability|p1a: Landorus|Intimidate|boost
|-unboost|p2a: Clefable|atk|1
|move|p2a: Clefable|Moonblast|p1a: Landorus
|-damage|p1a: Landorus|46/100
|-unboost|p1a: Landorus|spa|1
|
|-heal|p1a: Landorus|52/100|[from] item: Leftovers
|upkeep
|turn|30
|inactive|PGPurple has 120 seconds left.
|
|t:|1677767728
|move|p1a: Landorus|Knock Off|p2a: Clefable
|-resisted|p2a: Clefable
|-damage|p2a: Clefable|53/100
|move|p2a: Clefable|Moonblast|p1a: Landorus
|-damage|p1a: Landorus|15/100
|
|-heal|p1a: Landorus|21/100|[from] item: Leftovers
|upkeep
|turn|31
|
|t:|1677767738
|move|p1a: Landorus|Explosion|p2a: Clefable
|-damage|p2a: Clefable|0 fnt
|faint|p1a: Landorus
|faint|p2a: Clefable
|
|upkeep
|
|t:|1677767751
|switch|p1a: Volcarona|Volcarona, F|100/100
|switch|p2a: Slowking|Slowking-Galar, M|93/100
|-damage|p2a: Slowking|80/100|[from] Stealth Rock
|turn|32
|
|t:|1677767762
|move|p1a: Volcarona|Quiver Dance|p1a: Volcarona
|-boost|p1a: Volcarona|spa|1
|-boost|p1a: Volcarona|spd|1
|-boost|p1a: Volcarona|spe|1
|move|p2a: Slowking|Scald|p1a: Volcarona
|-supereffective|p1a: Volcarona
|-damage|p1a: Volcarona|61/100
|
|upkeep
|turn|33
|
|t:|1677767776
|move|p1a: Volcarona|Bug Buzz|p2a: Slowking
|-damage|p2a: Slowking|44/100
|move|p2a: Slowking|Scald|p1a: Volcarona
|-supereffective|p1a: Volcarona
|-damage|p1a: Volcarona|20/100
|
|upkeep
|turn|34
|
|t:|1677767791
|move|p1a: Volcarona|Fire Blast|p2a: Slowking
|-damage|p2a: Slowking|0 fnt
|faint|p2a: Slowking
|
|upkeep
|
|t:|1677767797
|switch|p2a: Blissey|Blissey, F|64/100
|-damage|p2a: Blissey|51/100|[from] Stealth Rock
|turn|35
|inactive|kdyzxff has 60 seconds left.
|
|t:|1677767811
|move|p1a: Volcarona|Fire Blast|p2a: Blissey
|-damage|p2a: Blissey|20/100
|move|p2a: Blissey|Seismic Toss|p1a: Volcarona
|-damage|p1a: Volcarona|0 fnt
|faint|p1a: Volcarona
|
|upkeep
|
|t:|1677767823
|switch|p1a: Dragonite|Dragonite, M|71/100
|turn|36
|
|t:|1677767828
|move|p1a: Dragonite|Earthquake|p2a: Blissey
|-damage|p2a: Blissey|0 fnt
|faint|p2a: Blissey
|
|upkeep
|
|t:|1677767831
|switch|p2a: Corviknight|Corviknight, M|89/100
|-damage|p2a: Corviknight|76/100|[from] Stealth Rock
|-ability|p2a: Corviknight|Pressure
|turn|37
|inactive|kdyzxff has 60 seconds left.
|
|t:|1677767860
|switch|p1a: Tapu Koko|Tapu Koko|100/100
|-fieldstart|move: Electric Terrain|[from] ability: Electric Surge|[of] p1a: Tapu Koko
|move|p2a: Corviknight|Defog|p1a: Tapu Koko
|-unboost|p1a: Tapu Koko|evasion|1
|-sideend|p1: kdyzxff|Stealth Rock|[from] move: Defog|[of] p2a: Corviknight
|-sideend|p2: PGPurple|Stealth Rock|[from] move: Defog|[of] p2a: Corviknight
|-fieldend|move: Electric Terrain
|
|upkeep
|turn|38
|
|t:|1677767874
|switch|p2a: Gastrodon|Gastrodon, M|100/100
|move|p1a: Tapu Koko|Dazzling Gleam|p2a: Gastrodon
|-damage|p2a: Gastrodon|76/100
|
|-heal|p2a: Gastrodon|82/100|[from] item: Leftovers
|upkeep
|turn|39
|inactive|kdyzxff has 30 seconds left.
|inactive|kdyzxff has 20 seconds left.
|
|t:|1677767910
|switch|p1a: Dragonite|Dragonite, M|71/100
|move|p2a: Gastrodon|Scald|p1a: Dragonite
|-resisted|p1a: Dragonite
|-damage|p1a: Dragonite|63/100
|
|-heal|p2a: Gastrodon|88/100|[from] item: Leftovers
|upkeep
|turn|40
|inactive|kdyzxff has 30 seconds left this turn.
|inactive|kdyzxff has 20 seconds left.
|
|t:|1677767922
|move|p1a: Dragonite|Dual Wingbeat|p2a: Gastrodon
|-damage|p2a: Gastrodon|69/100
|-damage|p2a: Gastrodon|50/100
|-hitcount|p2a: Gastrodon|2
|move|p2a: Gastrodon|Scald|p1a: Dragonite
|-resisted|p1a: Dragonite
|-damage|p1a: Dragonite|55/100
|-status|p1a: Dragonite|brn
|
|-heal|p2a: Gastrodon|56/100|[from] item: Leftovers
|-damage|p1a: Dragonite|49/100 brn|[from] brn
|upkeep
|turn|41
|inactive|kdyzxff has 30 seconds left this turn.
|inactive|kdyzxff has 20 seconds left.
|
|t:|1677767935
|move|p1a: Dragonite|Heal Bell|p1a: Dragonite
|-activate|p1a: Dragonite|move: Heal Bell
|-curestatus|p1a: Dragonite|brn|[msg]
|move|p2a: Gastrodon|Recover|p2a: Gastrodon
|-heal|p2a: Gastrodon|100/100
|
|upkeep
|turn|42
|inactive|kdyzxff has 30 seconds left this turn.
|
|t:|1677767944
|move|p1a: Dragonite|Dual Wingbeat|p2a: Gastrodon
|-damage|p2a: Gastrodon|82/100
|-damage|p2a: Gastrodon|64/100
|-hitcount|p2a: Gastrodon|2
|move|p2a: Gastrodon|Scald|p1a: Dragonite
|-resisted|p1a: Dragonite
|-damage|p1a: Dragonite|42/100
|
|-heal|p2a: Gastrodon|70/100|[from] item: Leftovers
|upkeep
|turn|43
|inactive|kdyzxff has 30 seconds left.
|
|t:|1677767955
|move|p1a: Dragonite|Dual Wingbeat|p2a: Gastrodon|[miss]
|-miss|p1a: Dragonite|p2a: Gastrodon
|move|p2a: Gastrodon|Scald|p1a: Dragonite
|-resisted|p1a: Dragonite
|-damage|p1a: Dragonite|34/100
|
|-heal|p2a: Gastrodon|76/100|[from] item: Leftovers
|upkeep
|turn|44
|inactive|kdyzxff has 30 seconds left.
|
|t:|1677767967
|move|p1a: Dragonite|Dual Wingbeat|p2a: Gastrodon
|-damage|p2a: Gastrodon|59/100
|-damage|p2a: Gastrodon|40/100
|-hitcount|p2a: Gastrodon|2
|move|p2a: Gastrodon|Scald|p1a: Dragonite
|-resisted|p1a: Dragonite
|-damage|p1a: Dragonite|26/100
|
|-heal|p2a: Gastrodon|46/100|[from] item: Leftovers
|upkeep
|turn|45
|inactive|kdyzxff has 30 seconds left.
|
|t:|1677767981
|move|p1a: Dragonite|Dual Wingbeat|p2a: Gastrodon
|-damage|p2a: Gastrodon|28/100
|-damage|p2a: Gastrodon|11/100
|-hitcount|p2a: Gastrodon|2
|move|p2a: Gastrodon|Recover|p2a: Gastrodon
|-heal|p2a: Gastrodon|61/100
|
|-heal|p2a: Gastrodon|67/100|[from] item: Leftovers
|upkeep
|turn|46
|inactive|kdyzxff has 30 seconds left.
|inactive|kdyzxff has 20 seconds left.
|
|t:|1677767998
|switch|p1a: Clefable|Clefable, F|97/100
|switch|p2a: Toxapex|Toxapex, M|100/100
|
|-heal|p1a: Clefable|100/100|[from] item: Leftovers
|upkeep
|turn|47
|inactive|kdyzxff has 30 seconds left this turn.
|
|t:|1677768009
|move|p1a: Clefable|Thunder Wave|p2a: Toxapex
|-status|p2a: Toxapex|par
|move|p2a: Toxapex|Knock Off|p1a: Clefable
|-resisted|p1a: Clefable
|-damage|p1a: Clefable|95/100
|-enditem|p1a: Clefable|Leftovers|[from] move: Knock Off|[of] p2a: Toxapex
|
|upkeep
|turn|48
|inactive|kdyzxff has 30 seconds left.
|
|t:|1677768020
|move|p1a: Clefable|Knock Off|p2a: Toxapex
|-damage|p2a: Toxapex|91/100 par
|-enditem|p2a: Toxapex|Payapa Berry|[from] move: Knock Off|[of] p1a: Clefable
|move|p2a: Toxapex|Toxic Spikes|p1a: Clefable
|-sidestart|p1: kdyzxff|move: Toxic Spikes
|
|upkeep
|turn|49
|inactive|kdyzxff has 30 seconds left.
|
|t:|1677768028
|move|p1a: Clefable|Moonblast|p2a: Toxapex
|-resisted|p2a: Toxapex
|-damage|p2a: Toxapex|78/100 par
|cant|p2a: Toxapex|par
|
|upkeep
|turn|50
|
|t:|1677768037
|switch|p1a: Tapu Koko|Tapu Koko|100/100
|-fieldstart|move: Electric Terrain|[from] ability: Electric Surge|[of] p1a: Tapu Koko
|move|p2a: Toxapex|Toxic Spikes|p1a: Tapu Koko
|-sidestart|p1: kdyzxff|move: Toxic Spikes
|
|upkeep
|turn|51
|
|t:|1677768049
|switch|p2a: Gastrodon|Gastrodon, M|67/100
|move|p1a: Tapu Koko|Dazzling Gleam|p2a: Gastrodon
|-damage|p2a: Gastrodon|44/100
|
|-heal|p2a: Gastrodon|50/100|[from] item: Leftovers
|upkeep
|turn|52
|
|t:|1677768059
|move|p1a: Tapu Koko|Dazzling Gleam|p2a: Gastrodon
|-damage|p2a: Gastrodon|24/100
|move|p2a: Gastrodon|Recover|p2a: Gastrodon
|-heal|p2a: Gastrodon|74/100
|
|-heal|p2a: Gastrodon|81/100|[from] item: Leftovers
|upkeep
|turn|53
|
|t:|1677768069
|move|p1a: Tapu Koko|Dazzling Gleam|p2a: Gastrodon
|-crit|p2a: Gastrodon
|-damage|p2a: Gastrodon|44/100
|move|p2a: Gastrodon|Earthquake|p1a: Tapu Koko
|-supereffective|p1a: Tapu Koko
|-damage|p1a: Tapu Koko|25/100
|
|-heal|p2a: Gastrodon|50/100|[from] item: Leftovers
|upkeep
|turn|54
|
|t:|1677768086
|switch|p1a: Dragonite|Dragonite, M|26/100
|move|p2a: Gastrodon|Scald|p1a: Dragonite
|-resisted|p1a: Dragonite
|-damage|p1a: Dragonite|18/100
|
|-heal|p2a: Gastrodon|56/100|[from] item: Leftovers
|-fieldend|move: Electric Terrain
|upkeep
|turn|55
|
|t:|1677768096
|move|p1a: Dragonite|Roost|p1a: Dragonite
|-heal|p1a: Dragonite|68/100
|-singleturn|p1a: Dragonite|move: Roost
|move|p2a: Gastrodon|Scald|p1a: Dragonite
|-resisted|p1a: Dragonite
|-damage|p1a: Dragonite|61/100
|
|-heal|p2a: Gastrodon|62/100|[from] item: Leftovers
|upkeep
|turn|56
|
|t:|1677768109
|move|p1a: Dragonite|Dual Wingbeat|p2a: Gastrodon
|-damage|p2a: Gastrodon|44/100
|-damage|p2a: Gastrodon|25/100
|-hitcount|p2a: Gastrodon|2
|move|p2a: Gastrodon|Scald|p1a: Dragonite
|-resisted|p1a: Dragonite
|-damage|p1a: Dragonite|54/100
|
|-heal|p2a: Gastrodon|31/100|[from] item: Leftovers
|upkeep
|turn|57
|
|t:|1677768122
|switch|p2a: Toxapex|Toxapex, M|100/100 par
|move|p1a: Dragonite|Dual Wingbeat|p2a: Toxapex
|-damage|p2a: Toxapex|90/100 par
|-damage|p2a: Toxapex|78/100 par
|-hitcount|p2a: Toxapex|2
|
|upkeep
|turn|58
|
|t:|1677768134
|move|p1a: Dragonite|Dual Wingbeat|p2a: Toxapex
|-damage|p2a: Toxapex|67/100 par
|-damage|p2a: Toxapex|55/100 par
|-hitcount|p2a: Toxapex|2
|move|p2a: Toxapex|Toxic|p1a: Dragonite
|-status|p1a: Dragonite|tox
|
|-damage|p1a: Dragonite|48/100 tox|[from] psn
|upkeep
|turn|59
|
|t:|1677768144
|move|p1a: Dragonite|Heal Bell|p1a: Dragonite
|-activate|p1a: Dragonite|move: Heal Bell
|-curestatus|p1a: Dragonite|tox|[msg]
|move|p2a: Toxapex|Recover|p2a: Toxapex
|-heal|p2a: Toxapex|100/100 par
|
|upkeep
|turn|60
|
|t:|1677768158
|move|p1a: Dragonite|Roost|p1a: Dragonite
|-heal|p1a: Dragonite|98/100
|-singleturn|p1a: Dragonite|move: Roost
|cant|p2a: Toxapex|par
|
|upkeep
|turn|61
|
|t:|1677768167
|move|p1a: Dragonite|Dual Wingbeat|p2a: Toxapex
|-damage|p2a: Toxapex|88/100 par
|-damage|p2a: Toxapex|78/100 par
|-hitcount|p2a: Toxapex|2
|move|p2a: Toxapex|Knock Off|p1a: Dragonite
|-damage|p1a: Dragonite|85/100
|-enditem|p1a: Dragonite|Heavy-Duty Boots|[from] move: Knock Off|[of] p2a: Toxapex
|
|upkeep
|turn|62
|
|t:|1677768181
|move|p1a: Dragonite|Dual Wingbeat|p2a: Toxapex
|-damage|p2a: Toxapex|68/100 par
|-damage|p2a: Toxapex|57/100 par
|-hitcount|p2a: Toxapex|2
|move|p2a: Toxapex|Toxic|p1a: Dragonite
|-status|p1a: Dragonite|tox
|
|-damage|p1a: Dragonite|79/100 tox|[from] psn
|upkeep
|turn|63
|c|☆kdyzxff|啊
|-message|kdyzxff forfeited.
|
|win|PGPurple
|raw|kdyzxff's rating: 1116 &rarr; <strong>1094</strong><br />(-22 for losing)
|raw|PGPurple's rating: 1164 &rarr; <strong>1186</strong><br />(+22 for winning)
|l|☆kdyzxff
