|j|☆Aldoggydog
|j|☆IC1
|t:|1677796374
|gametype|singles
|player|p1|Aldoggydog|brawly|
|player|p2|IC1|marshal|
|teamsize|p1|6
|teamsize|p2|6
|gen|8
|tier|[Gen 8] OU
|rule|Sleep Clause Mod: Limit one foe put to sleep
|rule|Species Clause: Limit one of each Pokémon
|rule|OHKO Clause: OHKO moves are banned
|rule|Evasion Items Clause: Evasion items are banned
|rule|Evasion Moves Clause: Evasion moves are banned
|rule|Endless Battle Clause: Forcing endless battles is banned
|rule|HP Percentage Mod: HP is shown in percentages
|rule|Dynamax Clause: You cannot dynamax
|clearpoke
|poke|p1|Hydreigon, M|
|poke|p1|Kartana|
|poke|p1|Blacephalon|
|poke|p1|Landorus-Therian, M|
|poke|p1|Melmetal|
|poke|p1|Toxapex, M|
|poke|p2|Landorus-Therian, M|
|poke|p2|Ferrothorn, F|
|poke|p2|Urshifu-*, M|
|poke|p2|Dragapult, F|
|poke|p2|Zapdos|
|poke|p2|Heatran, F|
|teampreview
|inactive|Battle timer is ON: inactive players will automatically lose when time's up. (requested by Aldoggydog)
|j| brianortegachoice
|
|t:|1677796390
|start
|switch|p1a: Hydreigon|Hydreigon, M|100/100
|switch|p2a: Landorus|Landorus-Therian, M|100/100
|-ability|p2a: Landorus|Intimidate|boost
|-unboost|p1a: Hydreigon|atk|1
|turn|1
|c|☆IC1|glhf
|c| brianortegachoice|he messed up the team
|
|t:|1677796397
|switch|p1a: Toxapex|Toxapex, M|100/100
|move|p2a: Landorus|Stealth Rock|p1a: Toxapex
|-sidestart|p1: Aldoggydog|move: Stealth Rock
|
|upkeep
|turn|2
|
|t:|1677796401
|move|p2a: Landorus|Earthquake|p1a: Toxapex
|-supereffective|p1a: Toxapex
|-damage|p1a: Toxapex|42/100
|move|p1a: Toxapex|Toxic|p2a: Landorus
|-status|p2a: Landorus|tox
|
|-damage|p2a: Landorus|94/100 tox|[from] psn
|upkeep
|turn|3
|c|☆IC1|fuck
|
|t:|1677796408
|switch|p1a: Landorus|Landorus-Therian, M|100/100
|-damage|p1a: Landorus|88/100|[from] Stealth Rock
|-ability|p1a: Landorus|Intimidate|boost
|-unboost|p2a: Landorus|atk|1
|move|p2a: Landorus|Earthquake|p1a: Landorus
|-immune|p1a: Landorus
|
|-heal|p1a: Landorus|94/100|[from] item: Leftovers
|-heal|p2a: Landorus|100/100 tox|[from] item: Leftovers
|-damage|p2a: Landorus|88/100 tox|[from] psn
|upkeep
|turn|4
|j| sniperghoost
|c|☆Aldoggydog|Glhf you too
|c|☆IC1|balle
|c|☆IC1|sniperghoost u ran before
|c|☆IC1|shop
|
|t:|1677796426
|switch|p2a: Ferrothorn|Ferrothorn, F|100/100
|move|p1a: Landorus|Earthquake|p2a: Ferrothorn
|-damage|p2a: Ferrothorn|75/100
|
|-heal|p1a: Landorus|99/100|[from] item: Leftovers
|-heal|p2a: Ferrothorn|82/100|[from] item: Leftovers
|upkeep
|turn|5
|c| brianortegachoice|u can do it intisar
|c|☆IC1|shoo
|
|t:|1677796434
|switch|p1a: Kartana|Kartana|100/100
|-damage|p1a: Kartana|94/100|[from] Stealth Rock
|move|p2a: Ferrothorn|Spikes|p1a: Kartana
|-sidestart|p1: Aldoggydog|Spikes
|
|-heal|p2a: Ferrothorn|88/100|[from] item: Leftovers
|upkeep
|turn|6
|c| brianortegachoice|I think he's just spectating
|c|☆IC1|balle
|
|t:|1677796445
|switch|p2a: Zapdos|Zapdos|100/100
|move|p1a: Kartana|Knock Off|p2a: Zapdos
|-damage|p2a: Zapdos|54/100
|-status|p1a: Kartana|par|[from] ability: Static|[of] p2a: Zapdos
|-enditem|p2a: Zapdos|Heavy-Duty Boots|[from] move: Knock Off|[of] p1a: Kartana
|
|upkeep
|turn|7
|c|☆IC1|ez
|
|t:|1677796452
|move|p2a: Zapdos|Hurricane|p1a: Kartana
|-damage|p1a: Kartana|0 fnt
|faint|p1a: Kartana
|
|upkeep
|c|☆IC1|too ez
|
|t:|1677796463
|switch|p1a: Melmetal|Melmetal|100/100
|-damage|p1a: Melmetal|94/100|[from] Stealth Rock
|-damage|p1a: Melmetal|82/100|[from] Spikes
|turn|8
|c| brianortegachoice|like this one was ez https://replay.pokemonshowdown.com/gen8ou-1812785993
|
|t:|1677796479
|move|p2a: Zapdos|Hurricane|p1a: Melmetal
|-resisted|p1a: Melmetal
|-damage|p1a: Melmetal|69/100
|move|p1a: Melmetal|Ice Punch|p2a: Zapdos
|-supereffective|p2a: Zapdos
|-damage|p2a: Zapdos|0 fnt
|faint|p2a: Zapdos
|
|upkeep
|
|t:|1677796489
|switch|p2a: Urshifu|Urshifu-Rapid-Strike, M|100/100
|turn|9
|
|t:|1677796494
|switch|p1a: Toxapex|Toxapex, M|76/100
|-damage|p1a: Toxapex|64/100|[from] Stealth Rock
|-damage|p1a: Toxapex|51/100|[from] Spikes
|move|p2a: Urshifu|Surging Strikes|p1a: Toxapex
|-resisted|p1a: Toxapex
|-crit|p1a: Toxapex
|-damage|p1a: Toxapex|43/100
|-damage|p2a: Urshifu|84/100|[from] item: Rocky Helmet|[of] p1a: Toxapex
|-resisted|p1a: Toxapex
|-crit|p1a: Toxapex
|-damage|p1a: Toxapex|34/100
|-damage|p2a: Urshifu|68/100|[from] item: Rocky Helmet|[of] p1a: Toxapex
|-resisted|p1a: Toxapex
|-crit|p1a: Toxapex
|-damage|p1a: Toxapex|26/100
|-damage|p2a: Urshifu|51/100|[from] item: Rocky Helmet|[of] p1a: Toxapex
|-hitcount|p1a: Toxapex|3
|
|upkeep
|turn|10
|c|☆IC1|ez
|
|t:|1677796505
|move|p2a: Urshifu|Surging Strikes|p1a: Toxapex
|-resisted|p1a: Toxapex
|-crit|p1a: Toxapex
|-damage|p1a: Toxapex|17/100
|-damage|p2a: Urshifu|35/100|[from] item: Rocky Helmet|[of] p1a: Toxapex
|-resisted|p1a: Toxapex
|-crit|p1a: Toxapex
|-damage|p1a: Toxapex|7/100
|-damage|p2a: Urshifu|18/100|[from] item: Rocky Helmet|[of] p1a: Toxapex
|-resisted|p1a: Toxapex
|-crit|p1a: Toxapex
|-damage|p1a: Toxapex|0 fnt
|-damage|p2a: Urshifu|2/100|[from] item: Rocky Helmet|[of] p1a: Toxapex
|faint|p1a: Toxapex
|-hitcount|p1: Toxapex|3
|
|upkeep
|c| brianortegachoice|I like how both me and this guy both are named after UFC fighters
|c| brianortegachoice|showed how we're all chads here
|
|t:|1677796523
|switch|p1a: Blacephalon|Blacephalon|100/100
|-damage|p1a: Blacephalon|76/100|[from] Stealth Rock
|-damage|p1a: Blacephalon|64/100|[from] Spikes
|turn|11
|c|☆IC1|im nmed after a police group
|c|☆IC1|and me initials lol
|c|☆IC1|2 in 1
|
|t:|1677796530
|move|p1a: Blacephalon|Shadow Ball|p2a: Urshifu
|-damage|p2a: Urshifu|0 fnt
|faint|p2a: Urshifu
|-ability|p1a: Blacephalon|Beast Boost|boost
|-boost|p1a: Blacephalon|spa|1
|
|upkeep
|c| brianortegachoice|are you ?
|c|☆IC1|yh
|c| brianortegachoice|I don't like the police tbh
|c| brianortegachoice|army would be better
|c|☆IC1|IC1 is some dog like police force in britain
|c| brianortegachoice|I might join the army ngl
|
|t:|1677796553
|switch|p2a: Heatran|Heatran, F|100/100
|turn|12
|
|t:|1677796562
|switch|p1a: Melmetal|Melmetal|69/100
|-damage|p1a: Melmetal|63/100|[from] Stealth Rock
|-damage|p1a: Melmetal|50/100|[from] Spikes
|move|p2a: Heatran|Toxic|p1a: Melmetal
|-immune|p1a: Melmetal
|
|upkeep
|turn|13
|
|t:|1677796569
|move|p2a: Heatran|Magma Storm|p1a: Melmetal
|-supereffective|p1a: Melmetal
|-damage|p1a: Melmetal|4/100
|-activate|p1a: Melmetal|move: Magma Storm|[of] p2a: Heatran
|move|p1a: Melmetal|Thunder Punch|p2a: Heatran
|-damage|p2a: Heatran|68/100
|-status|p2a: Heatran|par
|
|-heal|p2a: Heatran|75/100 par|[from] item: Leftovers
|-damage|p1a: Melmetal|0 fnt|[from] move: Magma Storm|[partiallytrapped]
|faint|p1a: Melmetal
|upkeep
|
|t:|1677796573
|switch|p1a: Landorus|Landorus-Therian, M|99/100
|-damage|p1a: Landorus|88/100|[from] Stealth Rock
|-ability|p1a: Landorus|Intimidate|boost
|-unboost|p2a: Heatran|atk|1
|turn|14
|c|☆IC1|balle
|c| brianortegachoice|brian ortega vs jose aldo is a match I would have loved to see
|
|t:|1677796586
|switch|p2a: Landorus|Landorus-Therian, M|88/100 tox
|-ability|p2a: Landorus|Intimidate|boost
|-unboost|p1a: Landorus|atk|1
|move|p1a: Landorus|Defog|p2a: Landorus
|-unboost|p2a: Landorus|evasion|1
|-sideend|p1: Aldoggydog|Spikes|[from] move: Defog|[of] p1a: Landorus
|-sideend|p1: Aldoggydog|Stealth Rock|[from] move: Defog|[of] p1a: Landorus
|
|-heal|p1a: Landorus|94/100|[from] item: Leftovers
|-heal|p2a: Landorus|94/100 tox|[from] item: Leftovers
|-damage|p2a: Landorus|88/100 tox|[from] psn
|upkeep
|turn|15
|
|t:|1677796594
|move|p1a: Landorus|Explosion|p2a: Landorus
|-damage|p2a: Landorus|41/100 tox
|faint|p1a: Landorus
|move|p2a: Landorus|Knock Off|p1: Landorus|[notarget]
|-fail|p2a: Landorus
|
|-heal|p2a: Landorus|47/100 tox|[from] item: Leftovers
|-damage|p2a: Landorus|35/100 tox|[from] psn
|upkeep
|c|☆IC1|nice try
|c|☆IC1|defensive set m8
|c| brianortegachoice|u got this
|
|t:|1677796605
|switch|p1a: Blacephalon|Blacephalon|64/100
|turn|16
|c|☆IC1|u beat brian
|c|☆IC1|not me
|
|t:|1677796610
|move|p1a: Blacephalon|Shadow Ball|p2a: Landorus
|-damage|p2a: Landorus|0 fnt
|faint|p2a: Landorus
|-ability|p1a: Blacephalon|Beast Boost|boost
|-boost|p1a: Blacephalon|spa|1
|
|upkeep
|c| brianortegachoice|nice job, son
|c| brianortegachoice|avenge me
|
|t:|1677796619
|switch|p2a: Heatran|Heatran, F|75/100 par
|turn|17
|c| brianortegachoice|avenge ur father
|c|☆IC1|of crse daddy
|
|t:|1677796627
|switch|p1a: Hydreigon|Hydreigon, M|100/100
|move|p2a: Heatran|Toxic|p1a: Hydreigon|[miss]
|-miss|p2a: Heatran|p1a: Hydreigon
|
|-heal|p2a: Heatran|81/100 par|[from] item: Leftovers
|upkeep
|turn|18
|
|t:|1677796635
|switch|p2a: Ferrothorn|Ferrothorn, F|88/100
|move|p1a: Hydreigon|Superpower|p2a: Ferrothorn
|-supereffective|p2a: Ferrothorn
|-damage|p2a: Ferrothorn|16/100
|-unboost|p1a: Hydreigon|atk|1
|-unboost|p1a: Hydreigon|def|1
|-damage|p1a: Hydreigon|88/100|[from] ability: Iron Barbs|[of] p2a: Ferrothorn
|
|-heal|p2a: Ferrothorn|23/100|[from] item: Leftovers
|upkeep
|turn|19
|c| brianortegachoice|lol
|
|t:|1677796645
|move|p1a: Hydreigon|Superpower|p2a: Ferrothorn
|-supereffective|p2a: Ferrothorn
|-damage|p2a: Ferrothorn|0 fnt
|-unboost|p1a: Hydreigon|atk|1
|-unboost|p1a: Hydreigon|def|1
|-damage|p1a: Hydreigon|76/100|[from] ability: Iron Barbs|[of] p2a: Ferrothorn
|faint|p2a: Ferrothorn
|
|upkeep
|c| brianortegachoice|it was gg if that toxic had hit its mark
|
|t:|1677796648
|switch|p2a: Dragapult|Dragapult, F|100/100
|turn|20
|c| brianortegachoice|truly RNG takes no prisoners
|c|☆IC1|ikr
|
|t:|1677796659
|move|p2a: Dragapult|Draco Meteor|p1a: Hydreigon
|-supereffective|p1a: Hydreigon
|-damage|p1a: Hydreigon|0 fnt
|-unboost|p2a: Dragapult|spa|2
|faint|p1a: Hydreigon
|
|upkeep
|
|t:|1677796661
|switch|p1a: Blacephalon|Blacephalon|64/100
|turn|21
|c|☆IC1|ez
|c|☆IC1|blle
|
|t:|1677796667
|switch|p2a: Heatran|Heatran, F|81/100 par
|move|p1a: Blacephalon|Shadow Ball|p2a: Heatran
|-crit|p2a: Heatran
|-damage|p2a: Heatran|35/100 par
|
|-heal|p2a: Heatran|41/100 par|[from] item: Leftovers
|upkeep
|turn|22
|
|t:|1677796674
|move|p1a: Blacephalon|Shadow Ball|p2a: Heatran
|-damage|p2a: Heatran|13/100 par
|move|p2a: Heatran|Magma Storm|p1a: Blacephalon|[miss]
|-miss|p2a: Heatran|p1a: Blacephalon
|
|-heal|p2a: Heatran|20/100 par|[from] item: Leftovers
|upkeep
|turn|23
|c| brianortegachoice|ok
|c| brianortegachoice|you lasted longer than me
|c|☆Aldoggydog|Sorry
|c| brianortegachoice|ANOTHER MISS
|
|t:|1677796685
|move|p1a: Blacephalon|Shadow Ball|p2a: Heatran
|-damage|p2a: Heatran|0 fnt
|faint|p2a: Heatran
|-ability|p1a: Blacephalon|Beast Boost|boost
|-boost|p1a: Blacephalon|spa|1
|
|upkeep
|
|t:|1677796688
|switch|p2a: Dragapult|Dragapult, F|100/100
|turn|24
|c| brianortegachoice|fuck
|
|t:|1677796701
|move|p1a: Blacephalon|Shadow Ball|p2a: Dragapult
|-supereffective|p2a: Dragapult
|-damage|p2a: Dragapult|0 fnt
|faint|p2a: Dragapult
|
|win|Aldoggydog
|c| brianortegachoice|rematch him
|c|☆IC1|gg
|c|☆Aldoggydog|Gg
|c| sniperghoost|gg
|l| sniperghoost
|c|☆Aldoggydog|Wp
|c|☆IC1|clutch again
|c|☆Aldoggydog|Gtg
|c|☆IC1|ok
|c|☆Aldoggydog|2 n 0
|c| brianortegachoice|no wait
|c|☆IC1|cya
|c|☆IC1|nice meetibg u
|c|☆Aldoggydog|That will do
|c|☆Aldoggydog|Have a good day
|c| brianortegachoice|it was not clean
|c|☆Aldoggydog|Good luck
|c|☆IC1|allow it
|c| brianortegachoice|you can't leave on that note
|c| brianortegachoice|waait
|c|☆IC1|man beat us
|c| brianortegachoice|waaaaait
|c|☆IC1|fair and square
|c|☆IC1|fairly and squarely nearly
|c| brianortegachoice|rematch later
|l|☆Aldoggydog
|c|☆IC1|yh
|c| brianortegachoice|add friend
|j|☆Aldoggydog
|player|p1|Aldoggydog|brawly
|c|☆IC1|i sent him a friend request
|l|☆Aldoggydog
|player|p1|
|c| brianortegachoice|he was nice ngl
|c|☆IC1|he is
|c|☆IC1|he wnated to rematch me
|c|☆IC1|i gtg myself
|c|☆IC1|cya man
|c| brianortegachoice|yeah
|c|☆IC1|sleep well
|c| brianortegachoice|you too man
|c| brianortegachoice|I gotta sleep
|c|☆IC1|ty
|c|☆IC1|and nw
|l|☆IC1
