|j|☆sniperghoost
|j|☆yx0618
|t:|1677792574
|gametype|singles
|player|p1|sniperghoost|red|1213
|player|p2|yx0618|265|1276
|teamsize|p1|6
|teamsize|p2|6
|gen|8
|tier|[Gen 8] OU
|rated|
|rule|Sleep Clause Mod: Limit one foe put to sleep
|rule|Species Clause: Limit one of each Pokémon
|rule|OHKO Clause: OHKO moves are banned
|rule|Evasion Items Clause: Evasion items are banned
|rule|Evasion Moves Clause: Evasion moves are banned
|rule|Endless Battle Clause: Forcing endless battles is banned
|rule|HP Percentage Mod: HP is shown in percentages
|rule|Dynamax Clause: You cannot dynamax
|clearpoke
|poke|p1|Rillaboom, M|
|poke|p1|Heatran, M|
|poke|p1|Slowking, F|
|poke|p1|Dragapult, F|
|poke|p1|Landorus-Therian, M|
|poke|p1|Bisharp, F|
|poke|p2|Araquanid, M|
|poke|p2|Scizor, M|
|poke|p2|Volcarona, M|
|poke|p2|Buzzwole|
|poke|p2|Galvantula, M|
|poke|p2|Heracross, M|
|teampreview
|inactive|Battle timer is ON: inactive players will automatically lose when time's up. (requested by sniperghoost)
|
|t:|1677792590
|start
|switch|p1a: Slowking|Slowking, F, shiny|100/100
|switch|p2a: Galvantula|Galvantula, M, shiny|100/100
|turn|1
|
|t:|1677792595
|move|p2a: Galvantula|Energy Ball|p1a: Slowking
|-supereffective|p1a: Slowking
|-damage|p1a: Slowking|68/100
|move|p1a: Slowking|Teleport|p1a: Slowking
|
|t:|1677792602
|switch|p1a: Landorus|Landorus-Therian, M|100/100|[from] Teleport
|-ability|p1a: Landorus|Intimidate|boost
|-unboost|p2a: Galvantula|atk|1
|
|upkeep
|turn|2
|
|t:|1677792608
|move|p2a: Galvantula|Energy Ball|p1a: Landorus
|-damage|p1a: Landorus|73/100
|move|p1a: Landorus|Earthquake|p2a: Galvantula
|-damage|p2a: Galvantula|19/100
|
|-heal|p1a: Landorus|79/100|[from] item: Leftovers
|upkeep
|turn|3
|
|t:|1677792615
|move|p2a: Galvantula|Energy Ball|p1a: Landorus
|-damage|p1a: Landorus|53/100
|move|p1a: Landorus|Knock Off|p2a: Galvantula
|-damage|p2a: Galvantula|0 fnt
|-enditem|p2a: Galvantula|Heavy-Duty Boots|[from] move: Knock Off|[of] p1a: Landorus
|faint|p2a: Galvantula
|
|-heal|p1a: Landorus|59/100|[from] item: Leftovers
|upkeep
|
|t:|1677792628
|switch|p2a: Buzzwole|Buzzwole, shiny|100/100
|turn|4
|
|t:|1677792631
|move|p2a: Buzzwole|Ice Punch|p1a: Landorus
|-supereffective|p1a: Landorus
|-damage|p1a: Landorus|0 fnt
|faint|p1a: Landorus
|-ability|p2a: Buzzwole|Beast Boost|boost
|-boost|p2a: Buzzwole|atk|1
|
|upkeep
|
|t:|1677792639
|switch|p1a: Heatran|Heatran, M|100/100
|-item|p1a: Heatran|Air Balloon
|turn|5
|
|t:|1677792656
|switch|p2a: Araquanid|Araquanid, M, shiny|100/100
|move|p1a: Heatran|Eruption|p2a: Araquanid
|-damage|p2a: Araquanid|67/100
|
|upkeep
|turn|6
|
|t:|1677792662
|switch|p1a: Slowking|Slowking, F, shiny|100/100
|move|p2a: Araquanid|Liquidation|p1a: Slowking
|-resisted|p1a: Slowking
|-damage|p1a: Slowking|61/100
|
|upkeep
|turn|7
|
|t:|1677792674
|move|p2a: Araquanid|Sticky Web|p1a: Slowking
|-sidestart|p1: sniperghoost|move: Sticky Web
|move|p1a: Slowking|Slack Off|p1a: Slowking
|-heal|p1a: Slowking|100/100
|
|upkeep
|turn|8
|
|t:|1677792679
|move|p2a: Araquanid|Toxic|p1a: Slowking
|-status|p1a: Slowking|tox
|move|p1a: Slowking|Future Sight|p2a: Araquanid
|-start|p1a: Slowking|move: Future Sight
|
|-damage|p1a: Slowking|94/100 tox|[from] psn
|upkeep
|turn|9
|
|t:|1677792686
|move|p2a: Araquanid|Liquidation|p1a: Slowking
|-resisted|p1a: Slowking
|-crit|p1a: Slowking
|-damage|p1a: Slowking|42/100 tox
|-unboost|p1a: Slowking|def|1
|move|p1a: Slowking|Teleport|p1a: Slowking
|
|t:|1677792693
|switch|p1a: Bisharp|Bisharp, F, shiny|100/100|[from] Teleport
|-activate|p1a: Bisharp|move: Sticky Web
|-unboost|p1a: Bisharp|spe|1
|-ability|p1a: Bisharp|Defiant|boost
|-boost|p1a: Bisharp|atk|2
|
|upkeep
|turn|10
|
|t:|1677792700
|move|p1a: Bisharp|Sucker Punch|p2a: Araquanid
|-damage|p2a: Araquanid|0 fnt
|faint|p2a: Araquanid
|
|-hint|Future Sight did not hit because the target is fainted.
|upkeep
|
|t:|1677792727
|switch|p2a: Volcarona|Volcarona, M, shiny|100/100
|turn|11
|
|t:|1677792736
|move|p2a: Volcarona|Quiver Dance|p2a: Volcarona
|-boost|p2a: Volcarona|spa|1
|-boost|p2a: Volcarona|spd|1
|-boost|p2a: Volcarona|spe|1
|move|p1a: Bisharp|Knock Off|p2a: Volcarona
|-damage|p2a: Volcarona|0 fnt
|-enditem|p2a: Volcarona|Heavy-Duty Boots|[from] move: Knock Off|[of] p1a: Bisharp
|faint|p2a: Volcarona
|
|upkeep
|-message|yx0618 forfeited.
|
|win|sniperghoost
|raw|sniperghoost's rating: 1213 &rarr; <strong>1242</strong><br />(+29 for winning)
|raw|yx0618's rating: 1276 &rarr; <strong>1247</strong><br />(-29 for losing)
|l|☆yx0618
||Ladder isn't responding, score probably updated but might not have (Request timeout).
