|j|☆OU researcher
|j|‽iThrew
|t:|1677827132
|gametype|singles
|player|p1|OU researcher|colress-gen7|1429
|player|p2|iThrew|streetthug|1376
|teamsize|p1|6
|teamsize|p2|6
|gen|8
|tier|[Gen 8] OU
|rated|
|rule|Sleep Clause Mod: Limit one foe put to sleep
|rule|Species Clause: Limit one of each Pokémon
|rule|OHKO Clause: OHKO moves are banned
|rule|Evasion Items Clause: Evasion items are banned
|rule|Evasion Moves Clause: Evasion moves are banned
|rule|Endless Battle Clause: Forcing endless battles is banned
|rule|HP Percentage Mod: HP is shown in percentages
|rule|Dynamax Clause: You cannot dynamax
|clearpoke
|poke|p1|Buzzwole|
|poke|p1|Landorus-Therian, M|
|poke|p1|Clefable, M|
|poke|p1|Heatran, M|
|poke|p1|Blacephalon|
|poke|p1|Slowking, M|
|poke|p2|Tapu Fini|
|poke|p2|Magnezone|
|poke|p2|Tapu Lele|
|poke|p2|Kartana|
|poke|p2|Hawlucha, M|
|poke|p2|Landorus-Therian, M|
|teampreview
|inactive|Battle timer is ON: inactive players will automatically lose when time's up. (requested by iThrew)
|inactive|OU researcher also wants the timer to be on.
|j| Tasmu
|
|t:|1677827151
|start
|switch|p1a: Blacephalon|Blacephalon|100/100
|switch|p2a: Tapu Fini|Tapu Fini|100/100
|-fieldstart|move: Misty Terrain|[from] ability: Misty Surge|[of] p2a: Tapu Fini
|turn|1
|
|t:|1677827161
|switch|p1a: Clefable|Clefable, M|100/100
|move|p2a: Tapu Fini|Surf|p1a: Clefable
|-damage|p1a: Clefable|63/100
|
|upkeep
|turn|2
|
|t:|1677827167
|switch|p2a: Landorus|Landorus-Therian, M|100/100
|-ability|p2a: Landorus|Intimidate|boost
|-unboost|p1a: Clefable|atk|1
|move|p1a: Clefable|Soft-Boiled|p1a: Clefable
|-heal|p1a: Clefable|100/100
|
|upkeep
|turn|3
|
|t:|1677827172
|move|p2a: Landorus|Stealth Rock|p1a: Clefable
|-sidestart|p1: OU researcher|move: Stealth Rock
|move|p1a: Clefable|Trick|p2a: Landorus
|-activate|p1a: Clefable|move: Trick|[of] p2a: Landorus
|-item|p2a: Landorus|Sticky Barb|[from] move: Trick
|-item|p1a: Clefable|Leftovers|[from] move: Trick
|
|-damage|p2a: Landorus|88/100|[from] item: Sticky Barb
|upkeep
|turn|4
|
|t:|1677827176
|move|p2a: Landorus|U-turn|p1a: Clefable
|-resisted|p1a: Clefable
|-damage|p1a: Clefable|93/100
|
|t:|1677827178
|switch|p2a: Hawlucha|Hawlucha, M|100/100|[from] U-turn
|-enditem|p2a: Hawlucha|Misty Seed
|-boost|p2a: Hawlucha|spd|1|[from] item: Misty Seed
|move|p1a: Clefable|Stealth Rock|p2a: Hawlucha
|-sidestart|p2: iThrew|move: Stealth Rock
|
|-heal|p1a: Clefable|99/100|[from] item: Leftovers
|upkeep
|turn|5
|
|t:|1677827187
|switch|p2a: Tapu Fini|Tapu Fini|100/100
|-damage|p2a: Tapu Fini|88/100|[from] Stealth Rock
|move|p1a: Clefable|Moonblast|p2a: Tapu Fini
|-damage|p2a: Tapu Fini|57/100
|
|-heal|p1a: Clefable|100/100|[from] item: Leftovers
|-fieldend|Misty Terrain
|upkeep
|turn|6
|
|t:|1677827206
|switch|p1a: Slowking|Slowking, M|100/100
|move|p2a: Tapu Fini|Defog|p1a: Slowking
|-unboost|p1a: Slowking|evasion|1
|-sideend|p1: OU researcher|Stealth Rock|[from] move: Defog|[of] p2a: Tapu Fini
|-sideend|p2: iThrew|Stealth Rock|[from] move: Defog|[of] p2a: Tapu Fini
|
|upkeep
|turn|7
|
|t:|1677827216
|switch|p2a: Tapu Lele|Tapu Lele|100/100
|-fieldstart|move: Psychic Terrain|[from] ability: Psychic Surge|[of] p2a: Tapu Lele
|move|p1a: Slowking|Future Sight|p2a: Tapu Lele
|-start|p1a: Slowking|move: Future Sight
|
|upkeep
|turn|8
|
|t:|1677827227
|switch|p1a: Landorus|Landorus-Therian, M|100/100
|-ability|p1a: Landorus|Intimidate|boost
|-unboost|p2a: Tapu Lele|atk|1
|move|p2a: Tapu Lele|Psychic|p1a: Landorus
|-damage|p1a: Landorus|27/100
|
|-heal|p1a: Landorus|33/100|[from] item: Leftovers
|upkeep
|turn|9
|
|t:|1677827234
|switch|p1a: Slowking|Slowking, M|100/100
|move|p2a: Tapu Lele|Psychic|p1a: Slowking
|-resisted|p1a: Slowking
|-damage|p1a: Slowking|70/100
|
|-end|p2a: Tapu Lele|move: Future Sight
|-resisted|p2a: Tapu Lele
|-damage|p2a: Tapu Lele|72/100
|upkeep
|turn|10
|
|t:|1677827240
|switch|p2a: Landorus|Landorus-Therian, M|88/100
|-ability|p2a: Landorus|Intimidate|boost
|-unboost|p1a: Slowking|atk|1
|move|p1a: Slowking|Future Sight|p2a: Landorus
|-start|p1a: Slowking|move: Future Sight
|
|-damage|p2a: Landorus|76/100|[from] item: Sticky Barb
|upkeep
|turn|11
|
|t:|1677827246
|switch|p1a: Clefable|Clefable, M|100/100
|move|p2a: Landorus|Stealth Rock|p1a: Clefable
|-sidestart|p1: OU researcher|move: Stealth Rock
|
|-fieldend|move: Psychic Terrain
|-damage|p2a: Landorus|64/100|[from] item: Sticky Barb
|upkeep
|turn|12
|
|t:|1677827251
|move|p2a: Landorus|U-turn|p1a: Clefable
|-resisted|p1a: Clefable
|-damage|p1a: Clefable|93/100
|
|t:|1677827253
|switch|p2a: Magnezone|Magnezone|100/100|[from] U-turn
|move|p1a: Clefable|Stealth Rock|p2a: Magnezone
|-sidestart|p2: iThrew|move: Stealth Rock
|
|-end|p2a: Magnezone|move: Future Sight
|-resisted|p2a: Magnezone
|-damage|p2a: Magnezone|75/100
|-heal|p1a: Clefable|99/100|[from] item: Leftovers
|upkeep
|turn|13
|
|t:|1677827260
|switch|p1a: Heatran|Heatran, M|100/100
|-damage|p1a: Heatran|88/100|[from] Stealth Rock
|move|p2a: Magnezone|Flash Cannon|p1a: Heatran
|-resisted|p1a: Heatran
|-damage|p1a: Heatran|83/100
|
|-heal|p1a: Heatran|89/100|[from] item: Leftovers
|upkeep
|turn|14
|
|t:|1677827267
|switch|p2a: Landorus|Landorus-Therian, M|64/100
|-damage|p2a: Landorus|51/100|[from] Stealth Rock
|-ability|p2a: Landorus|Intimidate|boost
|-unboost|p1a: Heatran|atk|1
|move|p1a: Heatran|Magma Storm|p2a: Landorus
|-damage|p2a: Landorus|16/100
|-activate|p2a: Landorus|move: Magma Storm|[of] p1a: Heatran
|
|-heal|p1a: Heatran|96/100|[from] item: Leftovers
|-damage|p2a: Landorus|4/100|[from] move: Magma Storm|[partiallytrapped]
|-damage|p2a: Landorus|0 fnt|[from] item: Sticky Barb
|faint|p2a: Landorus
|upkeep
|
|t:|1677827273
|switch|p2a: Tapu Fini|Tapu Fini|57/100
|-damage|p2a: Tapu Fini|45/100|[from] Stealth Rock
|-fieldstart|move: Misty Terrain|[from] ability: Misty Surge|[of] p2a: Tapu Fini
|turn|15
|
|t:|1677827277
|move|p1a: Heatran|Protect|p1a: Heatran
|-singleturn|p1a: Heatran|Protect
|move|p2a: Tapu Fini|Defog|p1a: Heatran
|-activate|p1a: Heatran|move: Protect
|
|-heal|p1a: Heatran|100/100|[from] item: Leftovers
|upkeep
|turn|16
|inactive|OU researcher has 120 seconds left.
|inactive|OU researcher has 90 seconds left.
|
|t:|1677827361
|switch|p1a: Slowking|Slowking, M|100/100
|move|p2a: Tapu Fini|Defog|p1a: Slowking
|-unboost|p1a: Slowking|evasion|1
|-sideend|p1: OU researcher|Stealth Rock|[from] move: Defog|[of] p2a: Tapu Fini
|-sideend|p2: iThrew|Stealth Rock|[from] move: Defog|[of] p2a: Tapu Fini
|-fieldend|Misty Terrain
|
|upkeep
|turn|17
|
|t:|1677827369
|switch|p2a: Magnezone|Magnezone|75/100
|move|p1a: Slowking|Future Sight|p2a: Magnezone
|-start|p1a: Slowking|move: Future Sight
|
|upkeep
|turn|18
|
|t:|1677827379
|switch|p2a: Tapu Fini|Tapu Fini|45/100
|-fieldstart|move: Misty Terrain|[from] ability: Misty Surge|[of] p2a: Tapu Fini
|switch|p1a: Landorus|Landorus-Therian, M|33/100
|-ability|p1a: Landorus|Intimidate|boost
|-unboost|p2a: Tapu Fini|atk|1
|
|-heal|p1a: Landorus|39/100|[from] item: Leftovers
|upkeep
|turn|19
|
|t:|1677827388
|switch|p1a: Slowking|Slowking, M|100/100
|move|p2a: Tapu Fini|Surf|p1a: Slowking
|-resisted|p1a: Slowking
|-damage|p1a: Slowking|89/100
|
|-end|p2a: Tapu Fini|move: Future Sight
|-damage|p2a: Tapu Fini|5/100
|upkeep
|turn|20
|
|t:|1677827396
|move|p2a: Tapu Fini|Surf|p1a: Slowking
|-resisted|p1a: Slowking
|-damage|p1a: Slowking|78/100
|move|p1a: Slowking|Future Sight|p2a: Tapu Fini
|-start|p1a: Slowking|move: Future Sight
|
|upkeep
|turn|21
|
|t:|1677827401
|move|p2a: Tapu Fini|Surf|p1a: Slowking
|-resisted|p1a: Slowking
|-damage|p1a: Slowking|66/100
|move|p1a: Slowking|Teleport|p1a: Slowking
|
|t:|1677827408
|switch|p1a: Clefable|Clefable, M|99/100|[from] Teleport
|
|-heal|p1a: Clefable|100/100|[from] item: Leftovers
|upkeep
|turn|22
|
|t:|1677827413
|switch|p2a: Magnezone|Magnezone|75/100
|move|p1a: Clefable|Stealth Rock|p2a: Magnezone
|-sidestart|p2: iThrew|move: Stealth Rock
|
|-end|p2a: Magnezone|move: Future Sight
|-resisted|p2a: Magnezone
|-damage|p2a: Magnezone|50/100
|-fieldend|Misty Terrain
|upkeep
|turn|23
|inactive|OU researcher has 120 seconds left.
|
|t:|1677827423
|switch|p1a: Landorus|Landorus-Therian, M|39/100
|-ability|p1a: Landorus|Intimidate|boost
|-unboost|p2a: Magnezone|atk|1
|move|p2a: Magnezone|Flash Cannon|p1a: Landorus
|-damage|p1a: Landorus|15/100
|
|-heal|p1a: Landorus|21/100|[from] item: Leftovers
|upkeep
|turn|24
|inactive|OU researcher has 120 seconds left.
|l| Tasmu
|
|t:|1677827432
|switch|p1a: Heatran|Heatran, M|100/100
|move|p2a: Magnezone|Flash Cannon|p1a: Heatran
|-resisted|p1a: Heatran
|-damage|p1a: Heatran|95/100
|
|-heal|p1a: Heatran|100/100|[from] item: Leftovers
|upkeep
|turn|25
|
|t:|1677827439
|switch|p2a: Tapu Fini|Tapu Fini|5/100
|-damage|p2a: Tapu Fini|0 fnt|[from] Stealth Rock
|faint|p2a: Tapu Fini
|move|p1a: Heatran|Magma Storm|p2: Tapu Fini|[notarget]
|-fail|p1a: Heatran
|
|upkeep
|
|t:|1677827462
|switch|p2a: Tapu Lele|Tapu Lele|72/100
|-damage|p2a: Tapu Lele|60/100|[from] Stealth Rock
|-fieldstart|move: Psychic Terrain|[from] ability: Psychic Surge|[of] p2a: Tapu Lele
|turn|26
|j| Tasmu
|
|t:|1677827466
|move|p1a: Heatran|Protect|p1a: Heatran
|-singleturn|p1a: Heatran|Protect
|move|p2a: Tapu Lele|Thunderbolt|p1a: Heatran
|-activate|p1a: Heatran|move: Protect
|
|upkeep
|turn|27
|
|t:|1677827475
|switch|p2a: Hawlucha|Hawlucha, M|100/100
|-damage|p2a: Hawlucha|88/100|[from] Stealth Rock
|move|p1a: Heatran|Magma Storm|p2a: Hawlucha
|-damage|p2a: Hawlucha|17/100
|-activate|p2a: Hawlucha|move: Magma Storm|[of] p1a: Heatran
|
|-damage|p2a: Hawlucha|4/100|[from] move: Magma Storm|[partiallytrapped]
|upkeep
|turn|28
|c|☆OU researcher|lel
|c|☆OU researcher|lol
|
|t:|1677827481
|move|p1a: Heatran|Protect|p1a: Heatran
|-singleturn|p1a: Heatran|Protect
|move|p2a: Hawlucha|Acrobatics|p1a: Heatran
|-activate|p1a: Heatran|move: Protect
|
|-damage|p2a: Hawlucha|0 fnt|[from] move: Magma Storm|[partiallytrapped]
|faint|p2a: Hawlucha
|upkeep
|
|t:|1677827487
|switch|p2a: Magnezone|Magnezone|50/100
|-damage|p2a: Magnezone|43/100|[from] Stealth Rock
|turn|29
|
|t:|1677827492
|move|p1a: Heatran|Earth Power|p2a: Magnezone
|-supereffective|p2a: Magnezone
|-damage|p2a: Magnezone|0 fnt
|faint|p2a: Magnezone
|
|upkeep
|
|t:|1677827497
|switch|p2a: Kartana|Kartana|100/100
|-damage|p2a: Kartana|94/100|[from] Stealth Rock
|turn|30
|
|t:|1677827513
|switch|p2a: Tapu Lele|Tapu Lele|60/100
|-damage|p2a: Tapu Lele|47/100|[from] Stealth Rock
|move|p1a: Heatran|Protect||[still]
|-fail|p1a: Heatran
|
|-fieldend|move: Psychic Terrain
|upkeep
|turn|31
|
|t:|1677827521
|move|p1a: Heatran|Protect|p1a: Heatran
|-singleturn|p1a: Heatran|Protect
|move|p2a: Tapu Lele|Psychic|p1a: Heatran
|-activate|p1a: Heatran|move: Protect
|
|upkeep
|turn|32
|
|t:|1677827534
|switch|p1a: Slowking|Slowking, M|99/100
|move|p2a: Tapu Lele|Psychic|p1a: Slowking
|-resisted|p1a: Slowking
|-damage|p1a: Slowking|77/100
|
|upkeep
|turn|33
|
|t:|1677827539
|switch|p2a: Kartana|Kartana|94/100
|-damage|p2a: Kartana|88/100|[from] Stealth Rock
|move|p1a: Slowking|Future Sight|p2a: Kartana
|-start|p1a: Slowking|move: Future Sight
|
|upkeep
|turn|34
|
|t:|1677827541
|switch|p1a: Buzzwole|Buzzwole|100/100
|move|p2a: Kartana|Leaf Blade|p1a: Buzzwole
|-resisted|p1a: Buzzwole
|-crit|p1a: Buzzwole
|-damage|p1a: Buzzwole|76/100
|-damage|p2a: Kartana|72/100|[from] item: Rocky Helmet|[of] p1a: Buzzwole
|
|upkeep
|turn|35
|
|t:|1677827548
|switch|p2a: Tapu Lele|Tapu Lele|47/100
|-damage|p2a: Tapu Lele|35/100|[from] Stealth Rock
|-fieldstart|move: Psychic Terrain|[from] ability: Psychic Surge|[of] p2a: Tapu Lele
|move|p1a: Buzzwole|Toxic|p2a: Tapu Lele
|-status|p2a: Tapu Lele|tox
|
|-end|p2a: Tapu Lele|move: Future Sight
|-resisted|p2a: Tapu Lele
|-crit|p2a: Tapu Lele
|-damage|p2a: Tapu Lele|0 fnt
|faint|p2a: Tapu Lele
|upkeep
|
|t:|1677827551
|switch|p2a: Kartana|Kartana|72/100
|-damage|p2a: Kartana|65/100|[from] Stealth Rock
|turn|36
|
|t:|1677827559
|move|p2a: Kartana|Knock Off|p1a: Buzzwole
|-resisted|p1a: Buzzwole
|-damage|p1a: Buzzwole|65/100
|-damage|p2a: Kartana|49/100|[from] item: Rocky Helmet|[of] p1a: Buzzwole
|-enditem|p1a: Buzzwole|Rocky Helmet|[from] move: Knock Off|[of] p2a: Kartana
|move|p1a: Buzzwole|Close Combat|p2a: Kartana
|-supereffective|p2a: Kartana
|-damage|p2a: Kartana|0 fnt
|-unboost|p1a: Buzzwole|def|1
|-unboost|p1a: Buzzwole|spd|1
|faint|p2a: Kartana
|
|win|OU researcher
|raw|OU researcher's rating: 1429 &rarr; <strong>1446</strong><br />(+17 for winning)
|raw|iThrew's rating: 1376 &rarr; <strong>1359</strong><br />(-17 for losing)
|c|☆OU researcher|6-0
|l|‽iThrew
|c| Tasmu|Bdumsn
|l| Tasmu
