|j|☆chrisbnb
|j|☆qiguailong
|t:|1677891030
|gametype|singles
|player|p1|chrisbnb|fennel|1348
|player|p2|qiguailong|unknown|1466
|teamsize|p1|6
|teamsize|p2|6
|gen|8
|tier|[Gen 8] OU
|rated|
|rule|Sleep Clause Mod: Limit one foe put to sleep
|rule|Species Clause: Limit one of each Pokémon
|rule|OHKO Clause: OHKO moves are banned
|rule|Evasion Items Clause: Evasion items are banned
|rule|Evasion Moves Clause: Evasion moves are banned
|rule|Endless Battle Clause: Forcing endless battles is banned
|rule|HP Percentage Mod: HP is shown in percentages
|rule|Dynamax Clause: You cannot dynamax
|clearpoke
|poke|p1|Nidoking, M|
|poke|p1|Tapu Koko|
|poke|p1|Landorus-Therian, M|
|poke|p1|Zapdos|
|poke|p1|Urshifu-*, M|
|poke|p1|Aegislash, M|
|poke|p2|Blaziken, M|
|poke|p2|Rillaboom, M|
|poke|p2|Tornadus-Therian, M|
|poke|p2|Melmetal|
|poke|p2|Garchomp, F|
|poke|p2|Slowbro, F|
|teampreview
|inactive|Battle timer is ON: inactive players will automatically lose when time's up. (requested by qiguailong)
|
|t:|1677891041
|start
|switch|p1a: Nidoking|Nidoking, M, shiny|100/100
|switch|p2a: Garchomp|Garchomp, F|100/100
|turn|1
|
|t:|1677891049
|move|p2a: Garchomp|Protect|p2a: Garchomp
|-singleturn|p2a: Garchomp|Protect
|move|p1a: Nidoking|Ice Beam|p2a: Garchomp
|-activate|p2a: Garchomp|move: Protect
|
|upkeep
|turn|2
|
|t:|1677891057
|switch|p2a: Melmetal|Melmetal|100/100
|move|p1a: Nidoking|Ice Beam|p2a: Melmetal
|-resisted|p2a: Melmetal
|-crit|p2a: Melmetal
|-damage|p2a: Melmetal|82/100
|
|upkeep
|turn|3
|
|t:|1677891064
|move|p1a: Nidoking|Earth Power|p2a: Melmetal
|-supereffective|p2a: Melmetal
|-damage|p2a: Melmetal|6/100
|move|p2a: Melmetal|Ice Punch|p1a: Nidoking
|-supereffective|p1a: Nidoking
|-damage|p1a: Nidoking|6/100
|
|upkeep
|turn|4
|
|t:|1677891072
|switch|p2a: Tornadus|Tornadus-Therian, M|100/100
|move|p1a: Nidoking|Flamethrower|p2a: Tornadus
|-damage|p2a: Tornadus|54/100
|
|upkeep
|turn|5
|
|t:|1677891081
|switch|p1a: Tapu Koko|Tapu Koko|100/100
|-fieldstart|move: Electric Terrain|[from] ability: Electric Surge|[of] p1a: Tapu Koko
|move|p2a: Tornadus|U-turn|p1a: Tapu Koko
|-resisted|p1a: Tapu Koko
|-damage|p1a: Tapu Koko|90/100
|
|t:|1677891085
|switch|p2a: Garchomp|Garchomp, F|100/100|[from] U-turn
|
|upkeep
|turn|6
|
|t:|1677891097
|move|p1a: Tapu Koko|Dazzling Gleam|p2a: Garchomp
|-supereffective|p2a: Garchomp
|-damage|p2a: Garchomp|33/100
|move|p2a: Garchomp|Stealth Rock|p1a: Tapu Koko
|-sidestart|p1: chrisbnb|move: Stealth Rock
|
|-heal|p2a: Garchomp|39/100|[from] item: Leftovers
|upkeep
|turn|7
|
|t:|1677891101
|move|p2a: Garchomp|Protect|p2a: Garchomp
|-singleturn|p2a: Garchomp|Protect
|move|p1a: Tapu Koko|Dazzling Gleam|p2a: Garchomp
|-activate|p2a: Garchomp|move: Protect
|
|-heal|p2a: Garchomp|45/100|[from] item: Leftovers
|upkeep
|turn|8
|
|t:|1677891108
|switch|p1a: Urshifu|Urshifu-Rapid-Strike, M|100/100
|-damage|p1a: Urshifu|94/100|[from] Stealth Rock
|switch|p2a: Rillaboom|Rillaboom, M|100/100
|-fieldstart|move: Grassy Terrain|[from] ability: Grassy Surge|[of] p2a: Rillaboom
|
|-heal|p1a: Urshifu|100/100|[from] Grassy Terrain
|upkeep
|turn|9
|
|t:|1677891119
|switch|p1a: Landorus|Landorus-Therian, M|100/100
|-damage|p1a: Landorus|88/100|[from] Stealth Rock
|-ability|p1a: Landorus|Intimidate|boost
|-unboost|p2a: Rillaboom|atk|1
|move|p2a: Rillaboom|Knock Off|p1a: Landorus
|-damage|p1a: Landorus|65/100
|-enditem|p1a: Landorus|Leftovers|[from] move: Knock Off|[of] p2a: Rillaboom
|
|upkeep
|turn|10
|
|t:|1677891127
|switch|p2a: Garchomp|Garchomp, F|45/100
|move|p1a: Landorus|Knock Off|p2a: Garchomp
|-damage|p2a: Garchomp|20/100
|-damage|p1a: Landorus|53/100|[from] ability: Rough Skin|[of] p2a: Garchomp
|-enditem|p2a: Garchomp|Leftovers|[from] move: Knock Off|[of] p1a: Landorus
|
|-heal|p2a: Garchomp|26/100|[from] Grassy Terrain
|upkeep
|turn|11
|
|t:|1677891133
|move|p2a: Garchomp|Toxic|p1a: Landorus
|-status|p1a: Landorus|tox
|move|p1a: Landorus|Earthquake|p2a: Garchomp
|-damage|p2a: Garchomp|4/100
|
|-heal|p2a: Garchomp|10/100|[from] Grassy Terrain
|-damage|p1a: Landorus|47/100 tox|[from] psn
|upkeep
|turn|12
|
|t:|1677891140
|move|p2a: Garchomp|Protect|p2a: Garchomp
|-singleturn|p2a: Garchomp|Protect
|move|p1a: Landorus|Earthquake|p2a: Garchomp
|-activate|p2a: Garchomp|move: Protect
|
|-heal|p2a: Garchomp|17/100|[from] Grassy Terrain
|-damage|p1a: Landorus|35/100 tox|[from] psn
|-fieldend|move: Grassy Terrain
|upkeep
|turn|13
|
|t:|1677891147
|switch|p2a: Tornadus|Tornadus-Therian, M|87/100
|move|p1a: Landorus|U-turn|p2a: Tornadus
|-resisted|p2a: Tornadus
|-damage|p2a: Tornadus|76/100
|
|t:|1677891157
|switch|p1a: Zapdos|Zapdos|100/100|[from] U-turn
|
|upkeep
|turn|14
|
|t:|1677891169
|move|p2a: Tornadus|U-turn|p1a: Zapdos
|-resisted|p1a: Zapdos
|-damage|p1a: Zapdos|95/100
|
|t:|1677891175
|switch|p2a: Garchomp|Garchomp, F|17/100|[from] U-turn
|move|p1a: Zapdos|Defog|p2a: Garchomp
|-unboost|p2a: Garchomp|evasion|1
|-sideend|p1: chrisbnb|Stealth Rock|[from] move: Defog|[of] p1a: Zapdos
|
|upkeep
|turn|15
|
|t:|1677891180
|move|p2a: Garchomp|Toxic|p1a: Zapdos
|-status|p1a: Zapdos|tox
|move|p1a: Zapdos|Hurricane|p2a: Garchomp
|-damage|p2a: Garchomp|0 fnt
|faint|p2a: Garchomp
|
|-damage|p1a: Zapdos|89/100 tox|[from] psn
|upkeep
|
|t:|1677891199
|switch|p2a: Rillaboom|Rillaboom, M|100/100
|-fieldstart|move: Grassy Terrain|[from] ability: Grassy Surge|[of] p2a: Rillaboom
|turn|16
|
|t:|1677891203
|switch|p2a: Melmetal|Melmetal|6/100
|move|p1a: Zapdos|Hurricane|p2a: Melmetal
|-resisted|p2a: Melmetal
|-crit|p2a: Melmetal
|-damage|p2a: Melmetal|0 fnt
|faint|p2a: Melmetal
|
|-damage|p1a: Zapdos|77/100 tox|[from] psn
|upkeep
|inactive|qiguailong has 120 seconds left.
|
|t:|1677891235
|switch|p2a: Tornadus|Tornadus-Therian, M|100/100
|turn|17
|
|t:|1677891245
|move|p2a: Tornadus|U-turn|p1a: Zapdos
|-resisted|p1a: Zapdos
|-crit|p1a: Zapdos
|-damage|p1a: Zapdos|70/100 tox
|-status|p2a: Tornadus|par|[from] ability: Static|[of] p1a: Zapdos
|
|t:|1677891249
|switch|p2a: Rillaboom|Rillaboom, M|100/100|[from] U-turn
|move|p1a: Zapdos|Volt Switch|p2a: Rillaboom
|-resisted|p2a: Rillaboom
|-damage|p2a: Rillaboom|85/100
|inactive|chrisbnb has 120 seconds left.
|inactive|chrisbnb has 90 seconds left.
|
|t:|1677891318
|switch|p1a: Aegislash|Aegislash, M, shiny|100/100|[from] Volt Switch
|
|-heal|p2a: Rillaboom|91/100|[from] Grassy Terrain
|-heal|p2a: Rillaboom|97/100|[from] item: Leftovers
|upkeep
|turn|18
|
|t:|1677891329
|move|p2a: Rillaboom|Swords Dance|p2a: Rillaboom
|-boost|p2a: Rillaboom|atk|2
|-formechange|p1a: Aegislash|Aegislash-Blade||[from] ability: Stance Change
|move|p1a: Aegislash|Shadow Ball|p2a: Rillaboom
|-damage|p2a: Rillaboom|15/100
|-unboost|p2a: Rillaboom|spd|1
|
|-heal|p2a: Rillaboom|21/100|[from] Grassy Terrain
|-heal|p2a: Rillaboom|28/100|[from] item: Leftovers
|upkeep
|turn|19
|
|t:|1677891339
|switch|p1a: Landorus|Landorus-Therian, M|35/100 tox
|-ability|p1a: Landorus|Intimidate|boost
|-unboost|p2a: Rillaboom|atk|1
|move|p2a: Rillaboom|Swords Dance|p2a: Rillaboom
|-boost|p2a: Rillaboom|atk|2
|
|-heal|p2a: Rillaboom|34/100|[from] Grassy Terrain
|-heal|p2a: Rillaboom|40/100|[from] item: Leftovers
|-damage|p1a: Landorus|29/100 tox|[from] psn
|upkeep
|turn|20
|
|t:|1677891347
|move|p2a: Rillaboom|Grassy Glide|p1a: Landorus
|-damage|p1a: Landorus|0 fnt
|faint|p1a: Landorus
|
|-heal|p2a: Rillaboom|46/100|[from] Grassy Terrain
|-heal|p2a: Rillaboom|53/100|[from] item: Leftovers
|-fieldend|move: Grassy Terrain
|upkeep
|
|t:|1677891353
|switch|p1a: Nidoking|Nidoking, M, shiny|6/100
|turn|21
|
|t:|1677891360
|switch|p2a: Tornadus|Tornadus-Therian, M|100/100 par
|move|p1a: Nidoking|Sludge Wave|p2a: Tornadus
|-damage|p2a: Tornadus|31/100 par
|
|upkeep
|turn|22
|
|t:|1677891365
|move|p1a: Nidoking|Sludge Wave|p2a: Tornadus
|-damage|p2a: Tornadus|0 fnt
|faint|p2a: Tornadus
|
|upkeep
|
|t:|1677891369
|switch|p2a: Rillaboom|Rillaboom, M|53/100
|-fieldstart|move: Grassy Terrain|[from] ability: Grassy Surge|[of] p2a: Rillaboom
|turn|23
|
|t:|1677891372
|move|p2a: Rillaboom|Grassy Glide|p1a: Nidoking
|-damage|p1a: Nidoking|0 fnt
|faint|p1a: Nidoking
|
|-heal|p2a: Rillaboom|59/100|[from] Grassy Terrain
|-heal|p2a: Rillaboom|65/100|[from] item: Leftovers
|upkeep
|
|t:|1677891376
|switch|p1a: Aegislash|Aegislash, M, shiny|100/100
|turn|24
|
|t:|1677891383
|move|p2a: Rillaboom|Knock Off|p1a: Aegislash
|-supereffective|p1a: Aegislash
|-damage|p1a: Aegislash|41/100
|-enditem|p1a: Aegislash|Choice Specs|[from] move: Knock Off|[of] p2a: Rillaboom
|-formechange|p1a: Aegislash|Aegislash-Blade||[from] ability: Stance Change
|move|p1a: Aegislash|Shadow Ball|p2a: Rillaboom
|-crit|p2a: Rillaboom
|-damage|p2a: Rillaboom|0 fnt
|faint|p2a: Rillaboom
|
|-heal|p1a: Aegislash|47/100|[from] Grassy Terrain
|upkeep
|
|t:|1677891390
|switch|p2a: Blaziken|Blaziken, M|100/100
|-item|p2a: Blaziken|Air Balloon
|turn|25
|
|t:|1677891395
|switch|p1a: Urshifu|Urshifu-Rapid-Strike, M|100/100
|move|p2a: Blaziken|Swords Dance|p2a: Blaziken
|-boost|p2a: Blaziken|atk|2
|
|-ability|p2a: Blaziken|Speed Boost|boost
|-boost|p2a: Blaziken|spe|1
|upkeep
|turn|26
|
|t:|1677891398
|move|p1a: Urshifu|Surging Strikes|p2a: Blaziken
|-supereffective|p2a: Blaziken
|-crit|p2a: Blaziken
|-damage|p2a: Blaziken|43/100
|-enditem|p2a: Blaziken|Air Balloon
|-supereffective|p2a: Blaziken
|-crit|p2a: Blaziken
|-damage|p2a: Blaziken|0 fnt
|faint|p2a: Blaziken
|-hitcount|p2: Blaziken|2
|
|upkeep
|
|t:|1677891405
|switch|p2a: Slowbro|Slowbro, F|100/100
|turn|27
|
|t:|1677891408
|switch|p1a: Tapu Koko|Tapu Koko|90/100
|-fieldstart|move: Electric Terrain|[from] ability: Electric Surge|[of] p1a: Tapu Koko
|move|p2a: Slowbro|Future Sight|p1a: Tapu Koko
|-start|p2a: Slowbro|move: Future Sight
|
|upkeep
|turn|28
|
|t:|1677891412
|move|p1a: Tapu Koko|Thunderbolt|p2a: Slowbro
|-supereffective|p2a: Slowbro
|-damage|p2a: Slowbro|0 fnt
|faint|p2a: Slowbro
|
|win|chrisbnb
|raw|chrisbnb's rating: 1348 &rarr; <strong>1375</strong><br />(+27 for winning)
|raw|qiguailong's rating: 1466 &rarr; <strong>1439</strong><br />(-27 for losing)
|l|☆qiguailong
|c|☆chrisbnb|gg
