|j|☆Machamppp
|j|☆Chuggachuggachooo
|inactive|Battle timer is ON: inactive players will automatically lose when time's up.
|t:|1677825796
|gametype|singles
|player|p1|Machamppp|hugh|
|player|p2|Chuggachuggachooo|ghetsis-gen5bw|
|teamsize|p1|6
|teamsize|p2|6
|gen|8
|tier|[Gen 8] OU
|rated|Tournament battle
|rule|Sleep Clause Mod: Limit one foe put to sleep
|rule|Species Clause: Limit one of each Pokémon
|rule|OHKO Clause: OHKO moves are banned
|rule|Evasion Items Clause: Evasion items are banned
|rule|Evasion Moves Clause: Evasion moves are banned
|rule|Endless Battle Clause: Forcing endless battles is banned
|rule|HP Percentage Mod: HP is shown in percentages
|rule|Dynamax Clause: You cannot dynamax
|clearpoke
|poke|p1|Kartana|
|poke|p1|Ditto|
|poke|p1|Blacephalon|
|poke|p1|Rillaboom, M|
|poke|p1|Urshifu-*, F|
|poke|p1|Shuckle, F|
|poke|p2|Pelipper, M|
|poke|p2|Seismitoad, F|
|poke|p2|Zapdos|
|poke|p2|Ferrothorn, F|
|poke|p2|Barraskewda, F|
|poke|p2|Crawdaunt, F|
|teampreview
|j|*Lady Monita
|inactive|Machamppp also wants the timer to be on.
|
|t:|1677825805
|start
|switch|p1a: Shuckle|Shuckle, F|100/100
|switch|p2a: Pelipper|Pelipper, M|100/100
|-weather|RainDance|[from] ability: Drizzle|[of] p2a: Pelipper
|turn|1
|c|☆Machamppp|gl
|j| RUMYMOME
|
|t:|1677825819
|move|p2a: Pelipper|Hurricane|p1a: Shuckle
|-damage|p1a: Shuckle|76/100
|-start|p1a: Shuckle|confusion
|-activate|p1a: Shuckle|confusion
|move|p1a: Shuckle|Sticky Web|p2a: Pelipper
|-sidestart|p2: Chuggachuggachooo|move: Sticky Web
|
|-weather|RainDance|[upkeep]
|upkeep
|turn|2
|
|t:|1677825827
|move|p2a: Pelipper|Hurricane|p1a: Shuckle
|-damage|p1a: Shuckle|51/100
|-activate|p1a: Shuckle|confusion
|move|p1a: Shuckle|Stealth Rock|p2a: Pelipper
|-sidestart|p2: Chuggachuggachooo|move: Stealth Rock
|
|-weather|RainDance|[upkeep]
|upkeep
|turn|3
|
|t:|1677825848
|switch|p2a: Seismitoad|Seismitoad, F|100/100
|-activate|p2a: Seismitoad|move: Sticky Web
|-unboost|p2a: Seismitoad|spe|1
|-damage|p2a: Seismitoad|95/100|[from] Stealth Rock
|-end|p1a: Shuckle|confusion
|move|p1a: Shuckle|Toxic|p2a: Seismitoad
|-status|p2a: Seismitoad|tox
|
|-weather|RainDance|[upkeep]
|-damage|p2a: Seismitoad|89/100 tox|[from] psn
|upkeep
|turn|4
|
|t:|1677825854
|move|p2a: Seismitoad|Weather Ball|p1a: Shuckle
|-supereffective|p1a: Shuckle
|-damage|p1a: Shuckle|0 fnt
|faint|p1a: Shuckle
|
|-weather|RainDance|[upkeep]
|-damage|p2a: Seismitoad|77/100 tox|[from] psn
|upkeep
|
|t:|1677825857
|switch|p1a: Rillaboom|Rillaboom, M|100/100
|-fieldstart|move: Grassy Terrain|[from] ability: Grassy Surge|[of] p1a: Rillaboom
|turn|5
|
|t:|1677825862
|switch|p2a: Pelipper|Pelipper, M|100/100
|-damage|p2a: Pelipper|76/100|[from] Stealth Rock
|move|p1a: Rillaboom|Grassy Glide|p2a: Pelipper
|-damage|p2a: Pelipper|0 fnt
|faint|p2a: Pelipper
|
|-weather|none
|upkeep
|
|t:|1677825865
|switch|p2a: Zapdos|Zapdos|100/100
|-damage|p2a: Zapdos|76/100|[from] Stealth Rock
|turn|6
|j| Muralik29
|
|t:|1677825883
|switch|p1a: Ditto|Ditto|100/100
|-transform|p1a: Ditto|p2a: Zapdos|[from] ability: Imposter
|move|p2a: Zapdos|Hurricane|p1a: Ditto
|-resisted|p1a: Ditto
|-damage|p1a: Ditto|40/100
|
|upkeep
|turn|7
|
|t:|1677825888
|switch|p2a: Seismitoad|Seismitoad, F|77/100 tox
|-activate|p2a: Seismitoad|move: Sticky Web
|-unboost|p2a: Seismitoad|spe|1
|-damage|p2a: Seismitoad|71/100 tox|[from] Stealth Rock
|move|p1a: Ditto|Thunder|p2a: Seismitoad
|-immune|p2a: Seismitoad
|
|-heal|p2a: Seismitoad|77/100 tox|[from] Grassy Terrain
|-damage|p2a: Seismitoad|71/100 tox|[from] psn
|upkeep
|turn|8
|l| Muralik29
|
|t:|1677825906
|move|p1a: Ditto|Thunder|p2a: Seismitoad
|-immune|p2a: Seismitoad
|move|p2a: Seismitoad|Icy Wind|p1a: Ditto
|-supereffective|p1a: Ditto
|-damage|p1a: Ditto|0 fnt
|faint|p1a: Ditto
|
|-heal|p2a: Seismitoad|77/100 tox|[from] Grassy Terrain
|-damage|p2a: Seismitoad|65/100 tox|[from] psn
|upkeep
|c|☆Machamppp|My hands are to fast
|
|t:|1677825919
|switch|p1a: Rillaboom|Rillaboom, M|100/100
|turn|9
|
|t:|1677825921
|move|p1a: Rillaboom|Knock Off|p2a: Seismitoad
|-damage|p2a: Seismitoad|4/100 tox
|-enditem|p2a: Seismitoad|Choice Specs|[from] move: Knock Off|[of] p1a: Rillaboom
|move|p2a: Seismitoad|Icy Wind|p1a: Rillaboom
|-supereffective|p1a: Rillaboom
|-damage|p1a: Rillaboom|58/100
|-unboost|p1a: Rillaboom|spe|1
|
|-heal|p1a: Rillaboom|64/100|[from] Grassy Terrain
|-heal|p2a: Seismitoad|10/100 tox|[from] Grassy Terrain
|-damage|p2a: Seismitoad|0 fnt|[from] psn
|faint|p2a: Seismitoad
|-fieldend|move: Grassy Terrain
|upkeep
|
|t:|1677825925
|switch|p2a: Barraskewda|Barraskewda, F|100/100
|-activate|p2a: Barraskewda|move: Sticky Web
|-unboost|p2a: Barraskewda|spe|1
|-damage|p2a: Barraskewda|88/100|[from] Stealth Rock
|turn|10
|
|t:|1677825929
|switch|p1a: Urshifu|Urshifu-Rapid-Strike, F|100/100
|move|p2a: Barraskewda|Close Combat|p1a: Urshifu
|-damage|p1a: Urshifu|30/100
|-unboost|p2a: Barraskewda|def|1
|-unboost|p2a: Barraskewda|spd|1
|
|upkeep
|turn|11
|
|t:|1677825932
|move|p1a: Urshifu|Drain Punch|p2a: Barraskewda
|-damage|p2a: Barraskewda|0 fnt
|-heal|p1a: Urshifu|64/100|[from] drain|[of] p2a: Barraskewda
|faint|p2a: Barraskewda
|
|upkeep
|
|t:|1677825937
|switch|p2a: Crawdaunt|Crawdaunt, F|100/100
|-activate|p2a: Crawdaunt|move: Sticky Web
|-unboost|p2a: Crawdaunt|spe|1
|-damage|p2a: Crawdaunt|88/100|[from] Stealth Rock
|turn|12
|-message|Chuggachuggachooo forfeited.
|
|win|Machamppp
|n|☆Machamppp|machamppp
|n|☆Chuggachuggachooo|chuggachuggachooo
|n|*Lady Monita|ladymonita
|n| RUMYMOME|rumymome
