|j|☆alefxzn
|j|☆qq290572945
|t:|1677866422
|gametype|singles
|player|p1|alefxzn|1|1331
|player|p2|qq290572945|rosa|1295
|teamsize|p1|6
|teamsize|p2|6
|gen|8
|tier|[Gen 8] OU
|rated|
|rule|Sleep Clause Mod: Limit one foe put to sleep
|rule|Species Clause: Limit one of each Pokémon
|rule|OHKO Clause: OHKO moves are banned
|rule|Evasion Items Clause: Evasion items are banned
|rule|Evasion Moves Clause: Evasion moves are banned
|rule|Endless Battle Clause: Forcing endless battles is banned
|rule|HP Percentage Mod: HP is shown in percentages
|rule|Dynamax Clause: You cannot dynamax
|clearpoke
|poke|p1|Tyranitar, F|
|poke|p1|Dracozolt|
|poke|p1|Corviknight, F|
|poke|p1|Landorus-Therian, M|
|poke|p1|Melmetal|
|poke|p1|Mew|
|poke|p2|Blaziken, M|
|poke|p2|Rillaboom, M|
|poke|p2|Volcanion|
|poke|p2|Garchomp, F|
|poke|p2|Slowking-Galar, F|
|poke|p2|Zapdos|
|teampreview
|inactive|Battle timer is ON: inactive players will automatically lose when time's up. (requested by alefxzn)
|
|t:|1677866441
|start
|switch|p1a: Mew|Mew|100/100
|switch|p2a: Rillaboom|Rillaboom, M|100/100
|-fieldstart|move: Grassy Terrain|[from] ability: Grassy Surge|[of] p2a: Rillaboom
|turn|1
|
|t:|1677866449
|move|p1a: Mew|Flamethrower|p2a: Rillaboom
|-supereffective|p2a: Rillaboom
|-damage|p2a: Rillaboom|49/100
|-damage|p1a: Mew|91/100|[from] item: Life Orb
|move|p2a: Rillaboom|Knock Off|p1a: Mew
|-supereffective|p1a: Mew
|-damage|p1a: Mew|20/100
|-enditem|p1a: Mew|Life Orb|[from] move: Knock Off|[of] p2a: Rillaboom
|
|-heal|p1a: Mew|26/100|[from] Grassy Terrain
|-heal|p2a: Rillaboom|55/100|[from] Grassy Terrain
|upkeep
|turn|2
|
|t:|1677866461
|switch|p1a: Corviknight|Corviknight, F|100/100
|-ability|p1a: Corviknight|Pressure
|move|p2a: Rillaboom|Grassy Glide|p1a: Corviknight
|-resisted|p1a: Corviknight
|-damage|p1a: Corviknight|93/100
|-damage|p2a: Rillaboom|39/100|[from] item: Rocky Helmet|[of] p1a: Corviknight
|
|-heal|p2a: Rillaboom|45/100|[from] Grassy Terrain
|upkeep
|turn|3
|
|t:|1677866473
|move|p2a: Rillaboom|Knock Off|p1a: Corviknight
|-crit|p1a: Corviknight
|-damage|p1a: Corviknight|59/100
|-damage|p2a: Rillaboom|28/100|[from] item: Rocky Helmet|[of] p1a: Corviknight
|-enditem|p1a: Corviknight|Rocky Helmet|[from] move: Knock Off|[of] p2a: Rillaboom
|move|p1a: Corviknight|U-turn|p2a: Rillaboom
|-supereffective|p2a: Rillaboom
|-damage|p2a: Rillaboom|2/100
|
|t:|1677866482
|switch|p1a: Tyranitar|Tyranitar, F|100/100|[from] U-turn
|-weather|Sandstorm|[from] ability: Sand Stream|[of] p1a: Tyranitar
|
|-weather|Sandstorm|[upkeep]
|-damage|p2a: Rillaboom|0 fnt|[from] Sandstorm
|faint|p2a: Rillaboom
|upkeep
|
|t:|1677866490
|switch|p2a: Blaziken|Blaziken, M|100/100
|turn|4
|
|t:|1677866494
|move|p2a: Blaziken|Swords Dance|p2a: Blaziken
|-boost|p2a: Blaziken|atk|2
|move|p1a: Tyranitar|Earthquake|p2a: Blaziken
|-supereffective|p2a: Blaziken
|-damage|p2a: Blaziken|51/100
|
|-weather|Sandstorm|[upkeep]
|-damage|p2a: Blaziken|46/100|[from] Sandstorm
|-heal|p2a: Blaziken|51/100|[from] Grassy Terrain
|-ability|p2a: Blaziken|Speed Boost|boost
|-boost|p2a: Blaziken|spe|1
|upkeep
|turn|5
|
|t:|1677866513
|switch|p1a: Mew|Mew|26/100
|move|p2a: Blaziken|Reversal|p1a: Mew
|-resisted|p1a: Mew
|-damage|p1a: Mew|7/100
|
|-weather|Sandstorm|[upkeep]
|-damage|p2a: Blaziken|46/100|[from] Sandstorm
|-damage|p1a: Mew|0 fnt|[from] Sandstorm
|faint|p1a: Mew
|-heal|p2a: Blaziken|51/100|[from] Grassy Terrain
|-fieldend|move: Grassy Terrain
|-ability|p2a: Blaziken|Speed Boost|boost
|-boost|p2a: Blaziken|spe|1
|upkeep
|
|t:|1677866526
|switch|p1a: Landorus|Landorus-Therian, M|100/100
|-ability|p1a: Landorus|Intimidate|boost
|-unboost|p2a: Blaziken|atk|1
|turn|6
|
|t:|1677866537
|move|p2a: Blaziken|Flare Blitz|p1a: Landorus
|-damage|p1a: Landorus|0 fnt
|faint|p1a: Landorus
|-damage|p2a: Blaziken|17/100|[from] Recoil
|
|-weather|Sandstorm|[upkeep]
|-damage|p2a: Blaziken|11/100|[from] Sandstorm
|-ability|p2a: Blaziken|Speed Boost|boost
|-boost|p2a: Blaziken|spe|1
|upkeep
|
|t:|1677866549
|switch|p1a: Corviknight|Corviknight, F|59/100
|-ability|p1a: Corviknight|Pressure
|turn|7
|
|t:|1677866556
|move|p2a: Blaziken|Flare Blitz|p1a: Corviknight
|-supereffective|p1a: Corviknight
|-damage|p1a: Corviknight|0 fnt
|faint|p1a: Corviknight
|-damage|p2a: Blaziken|0 fnt|[from] Recoil
|faint|p2a: Blaziken
|
|-weather|none
|upkeep
|
|t:|1677866574
|switch|p2a: Garchomp|Garchomp, F|100/100
|switch|p1a: Tyranitar|Tyranitar, F|100/100
|-weather|Sandstorm|[from] ability: Sand Stream|[of] p1a: Tyranitar
|turn|8
|
|t:|1677866581
|switch|p1a: Melmetal|Melmetal|100/100
|move|p2a: Garchomp|Sand Tomb|p1a: Melmetal
|-supereffective|p1a: Melmetal
|-damage|p1a: Melmetal|85/100
|-activate|p1a: Melmetal|move: Sand Tomb|[of] p2a: Garchomp
|
|-weather|Sandstorm|[upkeep]
|-damage|p1a: Melmetal|72/100|[from] move: Sand Tomb|[partiallytrapped]
|upkeep
|turn|9
|
|t:|1677866591
|move|p2a: Garchomp|Protect|p2a: Garchomp
|-singleturn|p2a: Garchomp|Protect
|move|p1a: Melmetal|Double Iron Bash|p2a: Garchomp
|-activate|p2a: Garchomp|move: Protect
|
|-weather|Sandstorm|[upkeep]
|-damage|p1a: Melmetal|60/100|[from] move: Sand Tomb|[partiallytrapped]
|upkeep
|turn|10
|
|t:|1677866600
|move|p2a: Garchomp|Stealth Rock|p1a: Melmetal
|-sidestart|p1: alefxzn|move: Stealth Rock
|move|p1a: Melmetal|Double Iron Bash|p2a: Garchomp
|-crit|p2a: Garchomp
|-damage|p2a: Garchomp|43/100
|-damage|p1a: Melmetal|48/100|[from] ability: Rough Skin|[of] p2a: Garchomp
|-damage|p2a: Garchomp|2/100
|-damage|p1a: Melmetal|35/100|[from] ability: Rough Skin|[of] p2a: Garchomp
|-hitcount|p2a: Garchomp|2
|
|-weather|Sandstorm|[upkeep]
|-heal|p2a: Garchomp|9/100|[from] item: Leftovers
|-damage|p1a: Melmetal|23/100|[from] move: Sand Tomb|[partiallytrapped]
|upkeep
|turn|11
|
|t:|1677866613
|move|p2a: Garchomp|Protect|p2a: Garchomp
|-singleturn|p2a: Garchomp|Protect
|move|p1a: Melmetal|Double Iron Bash|p2a: Garchomp
|-activate|p2a: Garchomp|move: Protect
|
|-weather|Sandstorm|[upkeep]
|-heal|p2a: Garchomp|15/100|[from] item: Leftovers
|-damage|p1a: Melmetal|10/100|[from] move: Sand Tomb|[partiallytrapped]
|upkeep
|turn|12
|
|t:|1677866622
|move|p2a: Garchomp|Sand Tomb|p1a: Melmetal
|-supereffective|p1a: Melmetal
|-damage|p1a: Melmetal|0 fnt
|faint|p1a: Melmetal
|
|-weather|none
|-heal|p2a: Garchomp|21/100|[from] item: Leftovers
|upkeep
|
|t:|1677866631
|switch|p1a: Dracozolt|Dracozolt|100/100
|-damage|p1a: Dracozolt|88/100|[from] Stealth Rock
|turn|13
|
|t:|1677866637
|move|p2a: Garchomp|Protect|p2a: Garchomp
|-singleturn|p2a: Garchomp|Protect
|move|p1a: Dracozolt|Draco Meteor|p2a: Garchomp
|-activate|p2a: Garchomp|move: Protect
|
|-heal|p2a: Garchomp|27/100|[from] item: Leftovers
|upkeep
|turn|14
|
|t:|1677866646
|switch|p2a: Slowking|Slowking-Galar, F|100/100
|move|p1a: Dracozolt|Bolt Beak|p2a: Slowking
|-damage|p2a: Slowking|5/100
|-damage|p1a: Dracozolt|78/100|[from] item: Life Orb
|
|upkeep
|turn|15
|
|t:|1677866660
|switch|p2a: Zapdos|Zapdos|100/100
|move|p1a: Dracozolt|Fire Blast|p2a: Zapdos
|-damage|p2a: Zapdos|70/100
|-damage|p1a: Dracozolt|68/100|[from] item: Life Orb
|
|upkeep
|turn|16
|
|t:|1677866669
|switch|p1a: Tyranitar|Tyranitar, F|100/100
|-weather|Sandstorm|[from] ability: Sand Stream|[of] p1a: Tyranitar
|move|p2a: Zapdos|Volt Switch|p1a: Tyranitar
|-damage|p1a: Tyranitar|88/100
|
|t:|1677866677
|switch|p2a: Garchomp|Garchomp, F|27/100|[from] Volt Switch
|
|-weather|Sandstorm|[upkeep]
|-heal|p2a: Garchomp|33/100|[from] item: Leftovers
|upkeep
|turn|17
|
|t:|1677866684
|move|p2a: Garchomp|Toxic|p1a: Tyranitar
|-status|p1a: Tyranitar|tox
|move|p1a: Tyranitar|Earthquake|p2a: Garchomp
|-damage|p2a: Garchomp|15/100
|
|-weather|Sandstorm|[upkeep]
|-heal|p2a: Garchomp|22/100|[from] item: Leftovers
|-damage|p1a: Tyranitar|82/100 tox|[from] psn
|upkeep
|turn|18
|
|t:|1677866694
|move|p2a: Garchomp|Protect|p2a: Garchomp
|-singleturn|p2a: Garchomp|Protect
|move|p1a: Tyranitar|Toxic|p2a: Garchomp
|-activate|p2a: Garchomp|move: Protect
|
|-weather|Sandstorm|[upkeep]
|-heal|p2a: Garchomp|28/100|[from] item: Leftovers
|-damage|p1a: Tyranitar|69/100 tox|[from] psn
|upkeep
|turn|19
|
|t:|1677866704
|move|p2a: Garchomp|Sand Tomb|p1a: Tyranitar
|-supereffective|p1a: Tyranitar
|-damage|p1a: Tyranitar|48/100 tox
|-activate|p1a: Tyranitar|move: Sand Tomb|[of] p2a: Garchomp
|move|p1a: Tyranitar|Rock Blast|p2a: Garchomp
|-resisted|p2a: Garchomp
|-damage|p2a: Garchomp|24/100
|-resisted|p2a: Garchomp
|-damage|p2a: Garchomp|21/100
|-resisted|p2a: Garchomp
|-damage|p2a: Garchomp|17/100
|-resisted|p2a: Garchomp
|-damage|p2a: Garchomp|14/100
|-hitcount|p2a: Garchomp|4
|
|-weather|Sandstorm|[upkeep]
|-heal|p2a: Garchomp|20/100|[from] item: Leftovers
|-damage|p1a: Tyranitar|29/100 tox|[from] psn
|-damage|p1a: Tyranitar|17/100 tox|[from] move: Sand Tomb|[partiallytrapped]
|upkeep
|turn|20
|-message|alefxzn forfeited.
|
|win|qq290572945
|raw|alefxzn's rating: 1331 &rarr; <strong>1309</strong><br />(-22 for losing)
|raw|qq290572945's rating: 1295 &rarr; <strong>1323</strong><br />(+28 for winning)
|l|☆alefxzn
