|j|☆vikeli886
|j|☆PGPurple
|t:|1677843895
|gametype|singles
|player|p1|vikeli886|265|1133
|player|p2|PGPurple|flannery|1201
|teamsize|p1|6
|teamsize|p2|6
|gen|8
|tier|[Gen 8] OU
|rated|
|rule|Sleep Clause Mod: Limit one foe put to sleep
|rule|Species Clause: Limit one of each Pokémon
|rule|OHKO Clause: OHKO moves are banned
|rule|Evasion Items Clause: Evasion items are banned
|rule|Evasion Moves Clause: Evasion moves are banned
|rule|Endless Battle Clause: Forcing endless battles is banned
|rule|HP Percentage Mod: HP is shown in percentages
|rule|Dynamax Clause: You cannot dynamax
|clearpoke
|poke|p1|Nidoking, M|
|poke|p1|Rillaboom, F|
|poke|p1|Blaziken, F|
|poke|p1|Tapu Koko|
|poke|p1|Mamoswine, M|
|poke|p1|Tapu Fini|
|poke|p2|Gastrodon, M|
|poke|p2|Blissey, F|
|poke|p2|Slowking-Galar, F|
|poke|p2|Toxapex, F|
|poke|p2|Clefable, F|
|poke|p2|Corviknight, F|
|teampreview
|
|t:|1677843914
|start
|switch|p1a: Mamoswine|Mamoswine, M|100/100
|switch|p2a: Gastrodon|Gastrodon, M|100/100
|turn|1
|
|t:|1677843928
|switch|p1a: Rillaboom|Rillaboom, F|100/100
|-fieldstart|move: Grassy Terrain|[from] ability: Grassy Surge|[of] p1a: Rillaboom
|move|p2a: Gastrodon|Scald|p1a: Rillaboom
|-resisted|p1a: Rillaboom
|-crit|p1a: Rillaboom
|-damage|p1a: Rillaboom|79/100
|-status|p1a: Rillaboom|brn
|
|-heal|p1a: Rillaboom|85/100 brn|[from] Grassy Terrain
|-damage|p1a: Rillaboom|79/100 brn|[from] brn
|upkeep
|turn|2
|
|t:|1677843949
|move|p2a: Gastrodon|Protect|p2a: Gastrodon
|-singleturn|p2a: Gastrodon|Protect
|move|p1a: Rillaboom|Knock Off|p2a: Gastrodon
|-activate|p2a: Gastrodon|move: Protect
|
|-heal|p1a: Rillaboom|85/100 brn|[from] Grassy Terrain
|-damage|p1a: Rillaboom|79/100 brn|[from] brn
|upkeep
|turn|3
|
|t:|1677843966
|switch|p2a: Toxapex|Toxapex, F|100/100
|move|p1a: Rillaboom|Knock Off|p2a: Toxapex
|-damage|p2a: Toxapex|87/100
|-enditem|p2a: Toxapex|Payapa Berry|[from] move: Knock Off|[of] p1a: Rillaboom
|-damage|p1a: Rillaboom|69/100 brn|[from] item: Life Orb
|
|-heal|p1a: Rillaboom|75/100 brn|[from] Grassy Terrain
|-heal|p2a: Toxapex|93/100|[from] Grassy Terrain
|-damage|p1a: Rillaboom|69/100 brn|[from] brn
|upkeep
|turn|4
|
|t:|1677843977
|switch|p1a: Tapu Koko|Tapu Koko|100/100
|-fieldstart|move: Electric Terrain|[from] ability: Electric Surge|[of] p1a: Tapu Koko
|move|p2a: Toxapex|Toxic Spikes|p1a: Tapu Koko
|-sidestart|p1: vikeli886|move: Toxic Spikes
|
|upkeep
|turn|5
|
|t:|1677843994
|switch|p2a: Gastrodon|Gastrodon, M|100/100
|move|p1a: Tapu Koko|Dazzling Gleam|p2a: Gastrodon
|-damage|p2a: Gastrodon|76/100
|
|-heal|p2a: Gastrodon|82/100|[from] item: Leftovers
|upkeep
|turn|6
|
|t:|1677844006
|switch|p1a: Rillaboom|Rillaboom, F|69/100 brn
|-fieldstart|move: Grassy Terrain|[from] ability: Grassy Surge|[of] p1a: Rillaboom
|move|p2a: Gastrodon|Earthquake|p1a: Rillaboom
|-resisted|p1a: Rillaboom
|-damage|p1a: Rillaboom|60/100 brn
|
|-heal|p1a: Rillaboom|66/100 brn|[from] Grassy Terrain
|-heal|p2a: Gastrodon|88/100|[from] Grassy Terrain
|-heal|p2a: Gastrodon|94/100|[from] item: Leftovers
|-damage|p1a: Rillaboom|60/100 brn|[from] brn
|upkeep
|turn|7
|
|t:|1677844020
|move|p2a: Gastrodon|Protect|p2a: Gastrodon
|-singleturn|p2a: Gastrodon|Protect
|move|p1a: Rillaboom|U-turn|p2a: Gastrodon
|-activate|p2a: Gastrodon|move: Protect
|
|-heal|p1a: Rillaboom|66/100 brn|[from] Grassy Terrain
|-heal|p2a: Gastrodon|99/100|[from] Grassy Terrain
|-heal|p2a: Gastrodon|100/100|[from] item: Leftovers
|-damage|p1a: Rillaboom|60/100 brn|[from] brn
|upkeep
|turn|8
|
|t:|1677844029
|move|p1a: Rillaboom|U-turn|p2a: Gastrodon
|-damage|p2a: Gastrodon|86/100
|-damage|p1a: Rillaboom|50/100 brn|[from] item: Life Orb
|
|t:|1677844035
|switch|p1a: Nidoking|Nidoking, M|100/100|[from] U-turn
|-sideend|p1: vikeli886|move: Toxic Spikes|[of] p1a: Nidoking
|move|p2a: Gastrodon|Scald|p1a: Nidoking
|-supereffective|p1a: Nidoking
|-damage|p1a: Nidoking|34/100
|
|-heal|p1a: Nidoking|40/100|[from] Grassy Terrain
|-heal|p2a: Gastrodon|92/100|[from] Grassy Terrain
|-heal|p2a: Gastrodon|98/100|[from] item: Leftovers
|upkeep
|turn|9
|
|t:|1677844069
|switch|p1a: Tapu Fini|Tapu Fini|100/100
|-fieldstart|move: Misty Terrain|[from] ability: Misty Surge|[of] p1a: Tapu Fini
|move|p2a: Gastrodon|Scald|p1a: Tapu Fini
|-resisted|p1a: Tapu Fini
|-damage|p1a: Tapu Fini|90/100
|
|-heal|p1a: Tapu Fini|96/100|[from] item: Leftovers
|-heal|p2a: Gastrodon|100/100|[from] item: Leftovers
|upkeep
|turn|10
|inactive|Battle timer is ON: inactive players will automatically lose when time's up. (requested by PGPurple)
|
|t:|1677844088
|switch|p2a: Slowking|Slowking-Galar, F|100/100
|move|p1a: Tapu Fini|Calm Mind|p1a: Tapu Fini
|-boost|p1a: Tapu Fini|spa|1
|-boost|p1a: Tapu Fini|spd|1
|
|-heal|p1a: Tapu Fini|100/100|[from] item: Leftovers
|upkeep
|turn|11
|inactive|vikeli886 has 120 seconds left.
|
|t:|1677844120
|switch|p1a: Mamoswine|Mamoswine, M|100/100
|move|p2a: Slowking|Sludge Bomb|p1a: Mamoswine
|-resisted|p1a: Mamoswine
|-damage|p1a: Mamoswine|71/100
|
|upkeep
|turn|12
|
|t:|1677844131
|switch|p2a: Corviknight|Corviknight, F|100/100
|-ability|p2a: Corviknight|Pressure
|move|p1a: Mamoswine|Icicle Crash|p2a: Corviknight
|-damage|p2a: Corviknight|52/100
|
|upkeep
|turn|13
|
|t:|1677844140
|move|p1a: Mamoswine|Icicle Crash|p2a: Corviknight
|-damage|p2a: Corviknight|4/100
|move|p2a: Corviknight|Roost|p2a: Corviknight
|-heal|p2a: Corviknight|54/100
|-singleturn|p2a: Corviknight|move: Roost
|
|-fieldend|Misty Terrain
|upkeep
|turn|14
|
|t:|1677844152
|switch|p2a: Toxapex|Toxapex, F|100/100
|move|p1a: Mamoswine|Icicle Crash|p2a: Toxapex
|-resisted|p2a: Toxapex
|-damage|p2a: Toxapex|77/100
|
|upkeep
|turn|15
|
|t:|1677844175
|switch|p1a: Rillaboom|Rillaboom, F|50/100 brn
|-fieldstart|move: Grassy Terrain|[from] ability: Grassy Surge|[of] p1a: Rillaboom
|move|p2a: Toxapex|Knock Off|p1a: Rillaboom
|-damage|p1a: Rillaboom|35/100 brn
|-enditem|p1a: Rillaboom|Life Orb|[from] move: Knock Off|[of] p2a: Toxapex
|
|-heal|p1a: Rillaboom|42/100 brn|[from] Grassy Terrain
|-heal|p2a: Toxapex|83/100|[from] Grassy Terrain
|-damage|p1a: Rillaboom|35/100 brn|[from] brn
|upkeep
|turn|16
|
|t:|1677844187
|switch|p1a: Tapu Koko|Tapu Koko|100/100
|-fieldstart|move: Electric Terrain|[from] ability: Electric Surge|[of] p1a: Tapu Koko
|move|p2a: Toxapex|Toxic Spikes|p1a: Tapu Koko
|-sidestart|p1: vikeli886|move: Toxic Spikes
|
|upkeep
|turn|17
|
|t:|1677844205
|switch|p2a: Gastrodon|Gastrodon, M|100/100
|move|p1a: Tapu Koko|Thunderbolt|p2a: Gastrodon
|-immune|p2a: Gastrodon
|
|upkeep
|turn|18
|
|t:|1677844212
|move|p1a: Tapu Koko|Dazzling Gleam|p2a: Gastrodon
|-damage|p2a: Gastrodon|78/100
|move|p2a: Gastrodon|Scald|p1a: Tapu Koko
|-damage|p1a: Tapu Koko|67/100
|
|-heal|p2a: Gastrodon|84/100|[from] item: Leftovers
|upkeep
|turn|19
|
|t:|1677844224
|switch|p1a: Rillaboom|Rillaboom, F|35/100 brn
|-fieldstart|move: Grassy Terrain|[from] ability: Grassy Surge|[of] p1a: Rillaboom
|move|p2a: Gastrodon|Earthquake|p1a: Rillaboom
|-resisted|p1a: Rillaboom
|-damage|p1a: Rillaboom|28/100 brn
|
|-heal|p1a: Rillaboom|34/100 brn|[from] Grassy Terrain
|-heal|p2a: Gastrodon|90/100|[from] Grassy Terrain
|-heal|p2a: Gastrodon|96/100|[from] item: Leftovers
|-damage|p1a: Rillaboom|28/100 brn|[from] brn
|upkeep
|turn|20
|
|t:|1677844242
|switch|p2a: Corviknight|Corviknight, F|54/100
|-ability|p2a: Corviknight|Pressure
|move|p1a: Rillaboom|Grassy Glide|p2a: Corviknight
|-resisted|p2a: Corviknight
|-damage|p2a: Corviknight|51/100
|
|-heal|p1a: Rillaboom|34/100 brn|[from] Grassy Terrain
|-damage|p1a: Rillaboom|28/100 brn|[from] brn
|upkeep
|turn|21
|
|t:|1677844249
|switch|p1a: Nidoking|Nidoking, M|40/100
|-sideend|p1: vikeli886|move: Toxic Spikes|[of] p1a: Nidoking
|move|p2a: Corviknight|Roost|p2a: Corviknight
|-heal|p2a: Corviknight|100/100
|-singleturn|p2a: Corviknight|move: Roost
|
|-heal|p1a: Nidoking|46/100|[from] Grassy Terrain
|upkeep
|turn|22
|
|t:|1677844262
|switch|p2a: Toxapex|Toxapex, F|100/100
|move|p1a: Nidoking|Thunderbolt|p2a: Toxapex
|-supereffective|p2a: Toxapex
|-damage|p2a: Toxapex|35/100
|
|-heal|p1a: Nidoking|52/100|[from] Grassy Terrain
|-heal|p2a: Toxapex|41/100|[from] Grassy Terrain
|upkeep
|turn|23
|
|t:|1677844272
|switch|p2a: Gastrodon|Gastrodon, M|96/100
|move|p1a: Nidoking|Sludge Wave|p2a: Gastrodon
|-resisted|p2a: Gastrodon
|-damage|p2a: Gastrodon|74/100
|
|-heal|p1a: Nidoking|58/100|[from] Grassy Terrain
|-heal|p2a: Gastrodon|80/100|[from] Grassy Terrain
|-heal|p2a: Gastrodon|86/100|[from] item: Leftovers
|-fieldend|move: Grassy Terrain
|upkeep
|turn|24
|
|t:|1677844285
|switch|p1a: Tapu Fini|Tapu Fini|100/100
|-fieldstart|move: Misty Terrain|[from] ability: Misty Surge|[of] p1a: Tapu Fini
|move|p2a: Gastrodon|Earthquake|p1a: Tapu Fini
|-damage|p1a: Tapu Fini|69/100
|
|-heal|p1a: Tapu Fini|75/100|[from] item: Leftovers
|-heal|p2a: Gastrodon|92/100|[from] item: Leftovers
|upkeep
|turn|25
|inactive|vikeli886 has 120 seconds left.
|inactive|PGPurple has 120 seconds left.
|
|t:|1677844317
|switch|p1a: Rillaboom|Rillaboom, F|28/100 brn
|-fieldstart|move: Grassy Terrain|[from] ability: Grassy Surge|[of] p1a: Rillaboom
|switch|p2a: Toxapex|Toxapex, F|74/100
|
|-heal|p1a: Rillaboom|34/100 brn|[from] Grassy Terrain
|-heal|p2a: Toxapex|80/100|[from] Grassy Terrain
|-damage|p1a: Rillaboom|28/100 brn|[from] brn
|upkeep
|turn|26
|inactive|vikeli886 has 120 seconds left.
|
|t:|1677844342
|switch|p1a: Mamoswine|Mamoswine, M|71/100
|move|p2a: Toxapex|Knock Off|p1a: Mamoswine
|-damage|p1a: Mamoswine|55/100
|-enditem|p1a: Mamoswine|Choice Band|[from] move: Knock Off|[of] p2a: Toxapex
|
|-heal|p1a: Mamoswine|61/100|[from] Grassy Terrain
|-heal|p2a: Toxapex|86/100|[from] Grassy Terrain
|upkeep
|turn|27
|
|t:|1677844355
|switch|p2a: Corviknight|Corviknight, F|100/100
|-ability|p2a: Corviknight|Pressure
|move|p1a: Mamoswine|Earthquake|p2a: Corviknight
|-immune|p2a: Corviknight
|
|-heal|p1a: Mamoswine|67/100|[from] Grassy Terrain
|upkeep
|turn|28
|
|t:|1677844361
|move|p1a: Mamoswine|Knock Off|p2a: Corviknight
|-damage|p2a: Corviknight|77/100
|-enditem|p2a: Corviknight|Shed Shell|[from] move: Knock Off|[of] p1a: Mamoswine
|move|p2a: Corviknight|Body Press|p1a: Mamoswine
|-supereffective|p1a: Mamoswine
|-damage|p1a: Mamoswine|10/100
|
|-heal|p1a: Mamoswine|16/100|[from] Grassy Terrain
|upkeep
|turn|29
|inactive|vikeli886 has 120 seconds left.
|
|t:|1677844373
|switch|p1a: Nidoking|Nidoking, M|58/100
|move|p2a: Corviknight|Body Press|p1a: Nidoking
|-resisted|p1a: Nidoking
|-damage|p1a: Nidoking|41/100
|
|-heal|p1a: Nidoking|47/100|[from] Grassy Terrain
|-fieldend|move: Grassy Terrain
|upkeep
|turn|30
|inactive|vikeli886 has 120 seconds left.
|
|t:|1677844386
|switch|p2a: Gastrodon|Gastrodon, M|92/100
|move|p1a: Nidoking|Earth Power|p2a: Gastrodon
|-crit|p2a: Gastrodon
|-damage|p2a: Gastrodon|24/100
|
|-heal|p2a: Gastrodon|30/100|[from] item: Leftovers
|upkeep
|turn|31
|inactive|vikeli886 has 120 seconds left.
|
|t:|1677844416
|switch|p2a: Blissey|Blissey, F|100/100
|move|p1a: Nidoking|Earth Power|p2a: Blissey
|-damage|p2a: Blissey|76/100
|
|upkeep
|turn|32
|
|t:|1677844426
|move|p1a: Nidoking|Sludge Wave|p2a: Blissey
|-damage|p2a: Blissey|48/100
|move|p2a: Blissey|Stealth Rock|p1a: Nidoking
|-sidestart|p1: vikeli886|move: Stealth Rock
|
|upkeep
|turn|33
|
|t:|1677844434
|switch|p1a: Blaziken|Blaziken, F|100/100
|-damage|p1a: Blaziken|88/100|[from] Stealth Rock
|move|p2a: Blissey|Soft-Boiled|p2a: Blissey
|-heal|p2a: Blissey|98/100
|
|-heal|p1a: Blaziken|94/100|[from] item: Leftovers
|upkeep
|turn|34
|inactive|vikeli886 has 120 seconds left.
|
|t:|1677844448
|switch|p2a: Toxapex|Toxapex, F|100/100
|move|p1a: Blaziken|Swords Dance|p1a: Blaziken
|-boost|p1a: Blaziken|atk|2
|
|-heal|p1a: Blaziken|99/100|[from] item: Leftovers
|-ability|p1a: Blaziken|Speed Boost|boost
|-boost|p1a: Blaziken|spe|1
|upkeep
|turn|35
|
|t:|1677844458
|move|p1a: Blaziken|Swords Dance|p1a: Blaziken
|-boost|p1a: Blaziken|atk|2
|move|p2a: Toxapex|Knock Off|p1a: Blaziken
|-resisted|p1a: Blaziken
|-damage|p1a: Blaziken|90/100
|-enditem|p1a: Blaziken|Leftovers|[from] move: Knock Off|[of] p2a: Toxapex
|
|-ability|p1a: Blaziken|Speed Boost|boost
|-boost|p1a: Blaziken|spe|1
|upkeep
|turn|36
|
|t:|1677844469
|switch|p2a: Clefable|Clefable, F|100/100
|move|p1a: Blaziken|Swords Dance|p1a: Blaziken
|-boost|p1a: Blaziken|atk|2
|
|-ability|p1a: Blaziken|Speed Boost|boost
|-boost|p1a: Blaziken|spe|1
|upkeep
|turn|37
|
|t:|1677844475
|move|p1a: Blaziken|Flare Blitz|p2a: Clefable
|-damage|p2a: Clefable|53/100
|-damage|p1a: Blaziken|69/100|[from] Recoil
|move|p2a: Clefable|Moonblast|p1a: Blaziken
|-damage|p1a: Blaziken|19/100
|
|-heal|p2a: Clefable|59/100|[from] item: Leftovers
|-ability|p1a: Blaziken|Speed Boost|boost
|-boost|p1a: Blaziken|spe|1
|upkeep
|turn|38
|
|t:|1677844484
|move|p1a: Blaziken|Flare Blitz|p2a: Clefable
|-damage|p2a: Clefable|6/100
|-damage|p1a: Blaziken|0 fnt|[from] Recoil
|faint|p1a: Blaziken
|move|p2a: Clefable|Soft-Boiled|p2a: Clefable
|-heal|p2a: Clefable|56/100
|
|-heal|p2a: Clefable|62/100|[from] item: Leftovers
|upkeep
|
|t:|1677844500
|switch|p1a: Nidoking|Nidoking, M|47/100
|-damage|p1a: Nidoking|41/100|[from] Stealth Rock
|turn|39
|
|t:|1677844506
|switch|p2a: Blissey|Blissey, F|98/100
|move|p1a: Nidoking|Thunderbolt|p2a: Blissey
|-damage|p2a: Blissey|83/100
|
|upkeep
|turn|40
|
|t:|1677844517
|switch|p1a: Mamoswine|Mamoswine, M|16/100
|-damage|p1a: Mamoswine|4/100|[from] Stealth Rock
|move|p2a: Blissey|Seismic Toss|p1a: Mamoswine
|-damage|p1a: Mamoswine|0 fnt
|faint|p1a: Mamoswine
|
|upkeep
|
|t:|1677844529
|switch|p1a: Rillaboom|Rillaboom, F|28/100 brn
|-damage|p1a: Rillaboom|16/100 brn|[from] Stealth Rock
|-fieldstart|move: Grassy Terrain|[from] ability: Grassy Surge|[of] p1a: Rillaboom
|turn|41
|
|t:|1677844540
|move|p1a: Rillaboom|Drain Punch|p2a: Blissey
|-supereffective|p2a: Blissey
|-damage|p2a: Blissey|60/100
|-heal|p1a: Rillaboom|40/100 brn|[from] drain|[of] p2a: Blissey
|move|p2a: Blissey|Seismic Toss|p1a: Rillaboom
|-damage|p1a: Rillaboom|11/100 brn
|
|-heal|p1a: Rillaboom|17/100 brn|[from] Grassy Terrain
|-heal|p2a: Blissey|66/100|[from] Grassy Terrain
|-damage|p1a: Rillaboom|11/100 brn|[from] brn
|upkeep
|turn|42
|
|t:|1677844554
|move|p1a: Rillaboom|Drain Punch|p2a: Blissey
|-supereffective|p2a: Blissey
|-damage|p2a: Blissey|44/100
|-heal|p1a: Rillaboom|34/100 brn|[from] drain|[of] p2a: Blissey
|move|p2a: Blissey|Seismic Toss|p1a: Rillaboom
|-damage|p1a: Rillaboom|5/100 brn
|
|-heal|p1a: Rillaboom|11/100 brn|[from] Grassy Terrain
|-heal|p2a: Blissey|50/100|[from] Grassy Terrain
|-damage|p1a: Rillaboom|5/100 brn|[from] brn
|upkeep
|turn|43
|
|t:|1677844567
|move|p1a: Rillaboom|Drain Punch|p2a: Blissey
|-supereffective|p2a: Blissey
|-damage|p2a: Blissey|28/100
|-heal|p1a: Rillaboom|28/100 brn|[from] drain|[of] p2a: Blissey
|move|p2a: Blissey|Soft-Boiled|p2a: Blissey
|-heal|p2a: Blissey|78/100
|
|-heal|p1a: Rillaboom|35/100 brn|[from] Grassy Terrain
|-heal|p2a: Blissey|84/100|[from] Grassy Terrain
|-damage|p1a: Rillaboom|28/100 brn|[from] brn
|upkeep
|turn|44
|
|t:|1677844592
|switch|p2a: Clefable|Clefable, F|62/100
|move|p1a: Rillaboom|Drain Punch|p2a: Clefable
|-resisted|p2a: Clefable
|-damage|p2a: Clefable|58/100
|-heal|p1a: Rillaboom|31/100 brn|[from] drain|[of] p2a: Clefable
|
|-heal|p1a: Rillaboom|37/100 brn|[from] Grassy Terrain
|-heal|p2a: Clefable|64/100|[from] Grassy Terrain
|-heal|p2a: Clefable|70/100|[from] item: Leftovers
|-damage|p1a: Rillaboom|31/100 brn|[from] brn
|upkeep
|turn|45
|inactive|vikeli886 has 120 seconds left.
|
|t:|1677844627
|move|p1a: Rillaboom|Knock Off|p2a: Clefable
|-resisted|p2a: Clefable
|-damage|p2a: Clefable|64/100
|-enditem|p2a: Clefable|Leftovers|[from] move: Knock Off|[of] p1a: Rillaboom
|move|p2a: Clefable|Soft-Boiled|p2a: Clefable
|-heal|p2a: Clefable|100/100
|
|-heal|p1a: Rillaboom|37/100 brn|[from] Grassy Terrain
|-damage|p1a: Rillaboom|31/100 brn|[from] brn
|-fieldend|move: Grassy Terrain
|upkeep
|turn|46
|
|t:|1677844635
|switch|p1a: Nidoking|Nidoking, M|41/100
|-damage|p1a: Nidoking|35/100|[from] Stealth Rock
|move|p2a: Clefable|Moonblast|p1a: Nidoking
|-resisted|p1a: Nidoking
|-damage|p1a: Nidoking|15/100
|
|upkeep
|turn|47
|
|t:|1677844647
|switch|p2a: Blissey|Blissey, F|84/100
|move|p1a: Nidoking|Flamethrower|p2a: Blissey
|-damage|p2a: Blissey|67/100
|
|upkeep
|turn|48
|-message|vikeli886 forfeited.
|
|win|PGPurple
|raw|vikeli886's rating: 1133 &rarr; <strong>1113</strong><br />(-20 for losing)
|raw|PGPurple's rating: 1201 &rarr; <strong>1221</strong><br />(+20 for winning)
|l|☆vikeli886
