|j|☆auraNEXUS
|j|☆Debutantox
|t:|1677844789
|gametype|singles
|player|p1|auraNEXUS|veteran|1341
|player|p2|Debutantox|265|1404
|teamsize|p1|6
|teamsize|p2|6
|gen|8
|tier|[Gen 8] OU
|rated|
|rule|Sleep Clause Mod: Limit one foe put to sleep
|rule|Species Clause: Limit one of each Pokémon
|rule|OHKO Clause: OHKO moves are banned
|rule|Evasion Items Clause: Evasion items are banned
|rule|Evasion Moves Clause: Evasion moves are banned
|rule|Endless Battle Clause: Forcing endless battles is banned
|rule|HP Percentage Mod: HP is shown in percentages
|rule|Dynamax Clause: You cannot dynamax
|clearpoke
|poke|p1|Ninetales-Alola, M|
|poke|p1|Regice|
|poke|p1|Beartic, F|
|poke|p1|Articuno|
|poke|p1|Avalugg, M|
|poke|p1|Azumarill, M|
|poke|p2|Ninetales-Alola, M|
|poke|p2|Blaziken, F|
|poke|p2|Toxapex, F|
|poke|p2|Ferrothorn, F|
|poke|p2|Rillaboom, M|
|poke|p2|Landorus-Therian, M|
|teampreview
|inactive|Battle timer is ON: inactive players will automatically lose when time's up. (requested by Debutantox)
|
|t:|1677844803
|start
|switch|p1a: Articuno|Articuno|100/100
|switch|p2a: Ferrothorn|Ferrothorn, F|100/100
|-ability|p1a: Articuno|Pressure
|turn|1
|
|t:|1677844823
|switch|p1a: Azumarill|Azumarill, M|100/100
|move|p2a: Ferrothorn|Leech Seed|p1a: Azumarill
|-ability|p1a: Azumarill|Sap Sipper|boost
|-boost|p1a: Azumarill|atk|1
|
|upkeep
|turn|2
|
|t:|1677844831
|move|p1a: Azumarill|Whirlpool|p2a: Ferrothorn
|-resisted|p2a: Ferrothorn
|-damage|p2a: Ferrothorn|98/100
|-activate|p2a: Ferrothorn|move: Whirlpool|[of] p1a: Azumarill
|move|p2a: Ferrothorn|Power Whip|p1a: Azumarill
|-ability|p1a: Azumarill|Sap Sipper|boost
|-boost|p1a: Azumarill|atk|1
|
|-damage|p2a: Ferrothorn|85/100|[from] move: Whirlpool|[partiallytrapped]
|upkeep
|turn|3
|
|t:|1677844842
|move|p1a: Azumarill|Perish Song|p1a: Azumarill
|-start|p1a: Azumarill|perish3|[silent]
|-start|p2a: Ferrothorn|perish3|[silent]
|-fieldactivate|move: Perish Song
|move|p2a: Ferrothorn|Gyro Ball|p1a: Azumarill
|-damage|p1a: Azumarill|81/100
|
|-heal|p1a: Azumarill|87/100|[from] item: Leftovers
|-damage|p2a: Ferrothorn|73/100|[from] move: Whirlpool|[partiallytrapped]
|-start|p1a: Azumarill|perish3
|-start|p2a: Ferrothorn|perish3
|upkeep
|turn|4
|
|t:|1677844858
|move|p1a: Azumarill|Protect|p1a: Azumarill
|-singleturn|p1a: Azumarill|Protect
|move|p2a: Ferrothorn|Stealth Rock|p1a: Azumarill
|-sidestart|p1: auraNEXUS|move: Stealth Rock
|
|-heal|p1a: Azumarill|93/100|[from] item: Leftovers
|-damage|p2a: Ferrothorn|61/100|[from] move: Whirlpool|[partiallytrapped]
|-start|p1a: Azumarill|perish2
|-start|p2a: Ferrothorn|perish2
|upkeep
|turn|5
|
|t:|1677844870
|move|p1a: Azumarill|Whirlpool|p2a: Ferrothorn
|-resisted|p2a: Ferrothorn
|-damage|p2a: Ferrothorn|58/100
|move|p2a: Ferrothorn|Gyro Ball|p1a: Azumarill
|-damage|p1a: Azumarill|75/100
|
|-heal|p1a: Azumarill|81/100|[from] item: Leftovers
|-damage|p2a: Ferrothorn|46/100|[from] move: Whirlpool|[partiallytrapped]
|-start|p1a: Azumarill|perish1
|-start|p2a: Ferrothorn|perish1
|upkeep
|turn|6
|inactive|auraNEXUS has 120 seconds left.
|
|t:|1677844896
|switch|p1a: Avalugg|Avalugg, M|100/100
|-damage|p1a: Avalugg|76/100|[from] Stealth Rock
|move|p2a: Ferrothorn|Gyro Ball|p1a: Avalugg
|-supereffective|p1a: Avalugg
|-damage|p1a: Avalugg|58/100
|
|-heal|p1a: Avalugg|64/100|[from] item: Leftovers
|-end|p2a: Ferrothorn|Whirlpool|[partiallytrapped]|[silent]
|-start|p2a: Ferrothorn|perish0
|upkeep
|faint|p2a: Ferrothorn
|
|t:|1677844902
|switch|p2a: Blaziken|Blaziken, F|100/100
|turn|7
|inactive|auraNEXUS has 120 seconds left.
|
|t:|1677844929
|move|p2a: Blaziken|Swords Dance|p2a: Blaziken
|-boost|p2a: Blaziken|atk|2
|move|p1a: Avalugg|Rapid Spin|p2a: Blaziken
|-damage|p2a: Blaziken|80/100
|-boost|p1a: Avalugg|spe|1
|-sideend|p1: auraNEXUS|Stealth Rock|[from] move: Rapid Spin|[of] p1a: Avalugg
|
|-heal|p2a: Blaziken|86/100|[from] item: Leftovers
|-heal|p1a: Avalugg|71/100|[from] item: Leftovers
|-ability|p2a: Blaziken|Speed Boost|boost
|-boost|p2a: Blaziken|spe|1
|upkeep
|turn|8
|
|t:|1677844946
|move|p2a: Blaziken|Flare Blitz|p1a: Avalugg
|-supereffective|p1a: Avalugg
|-damage|p1a: Avalugg|0 fnt
|faint|p1a: Avalugg
|-damage|p2a: Blaziken|56/100|[from] Recoil
|
|-heal|p2a: Blaziken|62/100|[from] item: Leftovers
|-ability|p2a: Blaziken|Speed Boost|boost
|-boost|p2a: Blaziken|spe|1
|upkeep
|
|t:|1677844956
|switch|p1a: Ninetales|Ninetales-Alola, M|100/100
|-weather|Hail|[from] ability: Snow Warning|[of] p1a: Ninetales
|turn|9
|inactive|auraNEXUS has 90 seconds left.
|
|t:|1677844980
|switch|p1a: Azumarill|Azumarill, M|81/100
|move|p2a: Blaziken|Flare Blitz|p1a: Azumarill
|-resisted|p1a: Azumarill
|-damage|p1a: Azumarill|40/100
|-damage|p2a: Blaziken|43/100|[from] Recoil
|
|-weather|Hail|[upkeep]
|-damage|p2a: Blaziken|37/100|[from] Hail
|-damage|p1a: Azumarill|33/100|[from] Hail
|-heal|p2a: Blaziken|43/100|[from] item: Leftovers
|-heal|p1a: Azumarill|40/100|[from] item: Leftovers
|-ability|p2a: Blaziken|Speed Boost|boost
|-boost|p2a: Blaziken|spe|1
|upkeep
|turn|10
|inactive|auraNEXUS has 90 seconds left.
|
|t:|1677844994
|move|p1a: Azumarill|Protect|p1a: Azumarill
|-singleturn|p1a: Azumarill|Protect
|move|p2a: Blaziken|Thunder Punch|p1a: Azumarill
|-activate|p1a: Azumarill|move: Protect
|
|-weather|Hail|[upkeep]
|-damage|p2a: Blaziken|37/100|[from] Hail
|-damage|p1a: Azumarill|33/100|[from] Hail
|-heal|p2a: Blaziken|43/100|[from] item: Leftovers
|-heal|p1a: Azumarill|40/100|[from] item: Leftovers
|-ability|p2a: Blaziken|Speed Boost|boost
|-boost|p2a: Blaziken|spe|1
|upkeep
|turn|11
|inactive|auraNEXUS has 90 seconds left.
|
|t:|1677845008
|move|p2a: Blaziken|Thunder Punch|p1a: Azumarill
|-supereffective|p1a: Azumarill
|-damage|p1a: Azumarill|0 fnt
|faint|p1a: Azumarill
|
|-weather|Hail|[upkeep]
|-damage|p2a: Blaziken|37/100|[from] Hail
|-heal|p2a: Blaziken|43/100|[from] item: Leftovers
|-ability|p2a: Blaziken|Speed Boost|boost
|-boost|p2a: Blaziken|spe|1
|upkeep
|
|t:|1677845018
|switch|p1a: Beartic|Beartic, F|100/100
|turn|12
|
|t:|1677845022
|move|p1a: Beartic|Aqua Jet|p2a: Blaziken
|-supereffective|p2a: Blaziken
|-damage|p2a: Blaziken|0 fnt
|faint|p2a: Blaziken
|
|-weather|Hail|[upkeep]
|upkeep
|
|t:|1677845031
|switch|p2a: Toxapex|Toxapex, F|100/100
|turn|13
|inactive|auraNEXUS has 90 seconds left.
|
|t:|1677845051
|switch|p1a: Articuno|Articuno|100/100
|-ability|p1a: Articuno|Pressure
|move|p2a: Toxapex|Toxic Spikes|p1a: Articuno
|-sidestart|p1: auraNEXUS|move: Toxic Spikes
|
|-weather|Hail|[upkeep]
|-damage|p2a: Toxapex|95/100|[from] Hail
|upkeep
|turn|14
|inactive|auraNEXUS has 90 seconds left.
|
|t:|1677845071
|move|p1a: Articuno|Blizzard|p2a: Toxapex
|-resisted|p2a: Toxapex
|-damage|p2a: Toxapex|79/100
|-enditem|p2a: Toxapex|Eject Button
|
|t:|1677845076
|switch|p2a: Landorus|Landorus-Therian, M|100/100
|-ability|p2a: Landorus|Intimidate|boost
|-unboost|p1a: Articuno|atk|1
|
|-weather|Hail|[upkeep]
|-damage|p2a: Landorus|95/100|[from] Hail
|-heal|p2a: Landorus|100/100|[from] item: Leftovers
|upkeep
|turn|15
|inactive|auraNEXUS has 90 seconds left.
|
|t:|1677845086
|move|p2a: Landorus|Stealth Rock|p1a: Articuno
|-sidestart|p1: auraNEXUS|move: Stealth Rock
|move|p1a: Articuno|Blizzard|p2a: Landorus
|-supereffective|p2a: Landorus
|-damage|p2a: Landorus|0 fnt
|faint|p2a: Landorus
|
|-weather|Hail|[upkeep]
|upkeep
|
|t:|1677845090
|switch|p2a: Toxapex|Toxapex, F|100/100
|turn|16
|inactive|auraNEXUS has 90 seconds left.
|
|t:|1677845117
|move|p1a: Articuno|Hurricane|p2a: Toxapex|[miss]
|-miss|p1a: Articuno|p2a: Toxapex
|move|p2a: Toxapex|Toxic Spikes|p1a: Articuno
|-sidestart|p1: auraNEXUS|move: Toxic Spikes
|
|-weather|none
|upkeep
|turn|17
|
|t:|1677845130
|move|p1a: Articuno|Tailwind|p1a: Articuno
|-sidestart|p1: auraNEXUS|move: Tailwind
|move|p2a: Toxapex|Scald|p1a: Articuno
|-damage|p1a: Articuno|87/100
|
|-heal|p1a: Articuno|93/100|[from] item: Leftovers
|upkeep
|turn|18
|
|t:|1677845140
|move|p1a: Articuno|Hurricane|p2a: Toxapex
|-damage|p2a: Toxapex|68/100
|move|p2a: Toxapex|Scald|p1a: Articuno
|-damage|p1a: Articuno|82/100
|
|-heal|p1a: Articuno|89/100|[from] item: Leftovers
|upkeep
|turn|19
|inactive|auraNEXUS has 90 seconds left.
|j| satopenguin55
|
|t:|1677845158
|move|p1a: Articuno|Hurricane|p2a: Toxapex
|-damage|p2a: Toxapex|34/100
|move|p2a: Toxapex|Scald|p1a: Articuno
|-damage|p1a: Articuno|75/100
|
|-heal|p1a: Articuno|81/100|[from] item: Leftovers
|upkeep
|turn|20
|
|t:|1677845170
|move|p1a: Articuno|Blizzard|p2a: Toxapex
|-resisted|p2a: Toxapex
|-damage|p2a: Toxapex|19/100
|move|p2a: Toxapex|Recover|p2a: Toxapex
|-heal|p2a: Toxapex|69/100
|
|-heal|p1a: Articuno|88/100|[from] item: Leftovers
|-sideend|p1: auraNEXUS|move: Tailwind
|upkeep
|turn|21
|
|t:|1677845181
|move|p1a: Articuno|Hurricane|p2a: Toxapex
|-damage|p2a: Toxapex|35/100
|move|p2a: Toxapex|Scald|p1a: Articuno
|-damage|p1a: Articuno|74/100
|
|-heal|p1a: Articuno|80/100|[from] item: Leftovers
|upkeep
|turn|22
|
|t:|1677845191
|switch|p2a: Ninetales|Ninetales-Alola, M|100/100
|-weather|Hail|[from] ability: Snow Warning|[of] p2a: Ninetales
|move|p1a: Articuno|Hurricane|p2a: Ninetales|[miss]
|-miss|p1a: Articuno|p2a: Ninetales
|
|-weather|Hail|[upkeep]
|-heal|p1a: Articuno|87/100|[from] item: Leftovers
|upkeep
|turn|23
|inactive|auraNEXUS has 90 seconds left.
|
|t:|1677845209
|move|p2a: Ninetales|Aurora Veil|p2a: Ninetales
|-sidestart|p2: Debutantox|move: Aurora Veil
|move|p1a: Articuno|Blizzard|p2a: Ninetales
|-resisted|p2a: Ninetales
|-damage|p2a: Ninetales|87/100
|
|-weather|Hail|[upkeep]
|-heal|p1a: Articuno|93/100|[from] item: Leftovers
|upkeep
|turn|24
|
|t:|1677845218
|move|p2a: Ninetales|Moonblast|p1a: Articuno
|-damage|p1a: Articuno|66/100
|-unboost|p1a: Articuno|spa|1
|move|p1a: Articuno|Hurricane|p2a: Ninetales
|-damage|p2a: Ninetales|68/100
|-start|p2a: Ninetales|confusion
|
|-weather|Hail|[upkeep]
|-heal|p1a: Articuno|72/100|[from] item: Leftovers
|upkeep
|turn|25
|inactive|auraNEXUS has 90 seconds left.
|
|t:|1677845249
|switch|p2a: Toxapex|Toxapex, F|68/100
|move|p1a: Articuno|Tailwind|p1a: Articuno
|-sidestart|p1: auraNEXUS|move: Tailwind
|
|-weather|Hail|[upkeep]
|-damage|p2a: Toxapex|63/100|[from] Hail
|-heal|p1a: Articuno|79/100|[from] item: Leftovers
|upkeep
|turn|26
|inactive|auraNEXUS has 60 seconds left.
|
|t:|1677845264
|move|p1a: Articuno|Hurricane|p2a: Toxapex
|-damage|p2a: Toxapex|52/100
|move|p2a: Toxapex|Scald|p1a: Articuno
|-damage|p1a: Articuno|67/100
|
|-weather|none
|-heal|p1a: Articuno|74/100|[from] item: Leftovers
|upkeep
|turn|27
|inactive|auraNEXUS has 60 seconds left.
|
|t:|1677845275
|move|p1a: Articuno|Roost|p1a: Articuno
|-heal|p1a: Articuno|100/100
|-singleturn|p1a: Articuno|move: Roost
|move|p2a: Toxapex|Scald|p1a: Articuno
|-damage|p1a: Articuno|89/100
|
|-heal|p1a: Articuno|96/100|[from] item: Leftovers
|upkeep
|turn|28
|inactive|auraNEXUS has 60 seconds left.
|
|t:|1677845286
|move|p1a: Articuno|Tailwind||[still]
|-fail|p1a: Articuno
|move|p2a: Toxapex|Scald|p1a: Articuno
|-damage|p1a: Articuno|84/100
|
|-heal|p1a: Articuno|90/100|[from] item: Leftovers
|-sideend|p1: auraNEXUS|move: Tailwind
|upkeep
|turn|29
|
|t:|1677845295
|move|p1a: Articuno|Tailwind|p1a: Articuno
|-sidestart|p1: auraNEXUS|move: Tailwind
|move|p2a: Toxapex|Scald|p1a: Articuno
|-damage|p1a: Articuno|77/100
|
|-heal|p1a: Articuno|83/100|[from] item: Leftovers
|upkeep
|turn|30
|
|t:|1677845305
|move|p1a: Articuno|Hurricane|p2a: Toxapex
|-damage|p2a: Toxapex|42/100
|move|p2a: Toxapex|Scald|p1a: Articuno
|-damage|p1a: Articuno|70/100
|
|-heal|p1a: Articuno|77/100|[from] item: Leftovers
|-sideend|p2: Debutantox|move: Aurora Veil
|upkeep
|turn|31
|
|t:|1677845319
|move|p1a: Articuno|Hurricane|p2a: Toxapex
|-damage|p2a: Toxapex|19/100
|-start|p2a: Toxapex|confusion
|-activate|p2a: Toxapex|confusion
|-damage|p2a: Toxapex|15/100|[from] confusion
|
|-heal|p1a: Articuno|83/100|[from] item: Leftovers
|upkeep
|turn|32
|
|t:|1677845329
|switch|p2a: Ninetales|Ninetales-Alola, M|68/100
|-weather|Hail|[from] ability: Snow Warning|[of] p2a: Ninetales
|move|p1a: Articuno|Hurricane|p2a: Ninetales
|-damage|p2a: Ninetales|25/100
|-start|p2a: Ninetales|confusion
|
|-weather|Hail|[upkeep]
|-heal|p1a: Articuno|89/100|[from] item: Leftovers
|-sideend|p1: auraNEXUS|move: Tailwind
|upkeep
|turn|33
|
|t:|1677845342
|-activate|p2a: Ninetales|confusion
|-damage|p2a: Ninetales|18/100|[from] confusion
|move|p1a: Articuno|Hurricane|p2a: Ninetales
|-damage|p2a: Ninetales|0 fnt
|faint|p2a: Ninetales
|
|-weather|Hail|[upkeep]
|-heal|p1a: Articuno|95/100|[from] item: Leftovers
|upkeep
|-message|Debutantox forfeited.
|
|win|auraNEXUS
|raw|auraNEXUS's rating: 1341 &rarr; <strong>1365</strong><br />(+24 for winning)
|raw|Debutantox's rating: 1404 &rarr; <strong>1380</strong><br />(-24 for losing)
|l|☆Debutantox
||Ladder isn't responding, score probably updated but might not have (Request timeout).
