|j|☆a2356582673
|j|☆Miriam the Girl
|t:|1677892174
|gametype|singles
|player|p1|a2356582673|lucas|1097
|player|p2|Miriam the Girl|miriam|1000
|teamsize|p1|6
|teamsize|p2|6
|gen|8
|tier|[Gen 8] OU
|rated|
|rule|Sleep Clause Mod: Limit one foe put to sleep
|rule|Species Clause: Limit one of each Pokémon
|rule|OHKO Clause: OHKO moves are banned
|rule|Evasion Items Clause: Evasion items are banned
|rule|Evasion Moves Clause: Evasion moves are banned
|rule|Endless Battle Clause: Forcing endless battles is banned
|rule|HP Percentage Mod: HP is shown in percentages
|rule|Dynamax Clause: You cannot dynamax
|clearpoke
|poke|p1|Amoonguss, M|
|poke|p1|Blissey, F|
|poke|p1|Toxapex, F|
|poke|p1|Blaziken, F|
|poke|p1|Melmetal|
|poke|p1|Poliwrath, M|
|poke|p2|Walrein, F|
|poke|p2|Garbodor, M|
|poke|p2|Garchomp, M|
|poke|p2|Clefable, F|
|poke|p2|Sigilyph, M|
|poke|p2|Mienshao, M|
|teampreview
|
|t:|1677892184
|start
|switch|p1a: Toxapex|Toxapex, F|100/100
|switch|p2a: Mienshao|Mienshao, M|100/100
|turn|1
|inactive|Battle timer is ON: inactive players will automatically lose when time's up. (requested by Miriam the Girl)
|
|t:|1677892189
|move|p2a: Mienshao|U-turn|p1a: Toxapex
|-resisted|p1a: Toxapex
|-damage|p1a: Toxapex|93/100
|
|t:|1677892190
|switch|p2a: Garchomp|Garchomp, M|100/100|[from] U-turn
|move|p1a: Toxapex|Toxic Spikes|p2a: Garchomp
|-sidestart|p2: Miriam the Girl|move: Toxic Spikes
|
|-heal|p1a: Toxapex|99/100|[from] item: Leftovers
|upkeep
|turn|2
|
|t:|1677892197
|switch|p1a: Poliwrath|Poliwrath, M|100/100
|move|p2a: Garchomp|Stealth Rock|p1a: Poliwrath
|-sidestart|p1: a2356582673|move: Stealth Rock
|
|upkeep
|turn|3
|
|t:|1677892202
|switch|p2a: Garbodor|Garbodor, M|100/100
|-sideend|p2: Miriam the Girl|move: Toxic Spikes|[of] p2a: Garbodor
|move|p1a: Poliwrath|Belly Drum|p1a: Poliwrath
|-damage|p1a: Poliwrath|50/100
|-setboost|p1a: Poliwrath|atk|6|[from] move: Belly Drum
|
|upkeep
|turn|4
|
|t:|1677892209
|move|p2a: Garbodor|Spikes|p1a: Poliwrath
|-sidestart|p1: a2356582673|Spikes
|move|p1a: Poliwrath|Ice Punch|p2a: Garbodor
|-damage|p2a: Garbodor|22/100
|
|-heal|p2a: Garbodor|28/100|[from] item: Black Sludge
|upkeep
|turn|5
|
|t:|1677892215
|move|p2a: Garbodor|Seed Bomb|p1a: Poliwrath
|-supereffective|p1a: Poliwrath
|-crit|p1a: Poliwrath
|-damage|p1a: Poliwrath|0 fnt
|faint|p1a: Poliwrath
|
|-heal|p2a: Garbodor|34/100|[from] item: Black Sludge
|upkeep
|
|t:|1677892221
|switch|p1a: Blaziken|Blaziken, F|100/100
|-damage|p1a: Blaziken|88/100|[from] Stealth Rock
|-damage|p1a: Blaziken|76/100|[from] Spikes
|turn|6
|
|t:|1677892229
|switch|p2a: Garchomp|Garchomp, M|100/100
|move|p1a: Blaziken|Substitute|p1a: Blaziken
|-start|p1a: Blaziken|Substitute
|-damage|p1a: Blaziken|51/100
|
|-heal|p1a: Blaziken|57/100|[from] item: Leftovers
|-ability|p1a: Blaziken|Speed Boost|boost
|-boost|p1a: Blaziken|spe|1
|upkeep
|turn|7
|
|t:|1677892237
|move|p1a: Blaziken|Swords Dance|p1a: Blaziken
|-boost|p1a: Blaziken|atk|2
|move|p2a: Garchomp|Earthquake|p1a: Blaziken
|-supereffective|p1a: Blaziken
|-end|p1a: Blaziken|Substitute
|
|-heal|p1a: Blaziken|63/100|[from] item: Leftovers
|-ability|p1a: Blaziken|Speed Boost|boost
|-boost|p1a: Blaziken|spe|1
|upkeep
|turn|8
|
|t:|1677892246
|move|p1a: Blaziken|Substitute|p1a: Blaziken
|-start|p1a: Blaziken|Substitute
|-damage|p1a: Blaziken|38/100
|move|p2a: Garchomp|Earthquake|p1a: Blaziken
|-supereffective|p1a: Blaziken
|-end|p1a: Blaziken|Substitute
|
|-heal|p1a: Blaziken|44/100|[from] item: Leftovers
|-ability|p1a: Blaziken|Speed Boost|boost
|-boost|p1a: Blaziken|spe|1
|upkeep
|turn|9
|
|t:|1677892258
|move|p1a: Blaziken|Close Combat|p2a: Garchomp
|-damage|p2a: Garchomp|38/100
|-unboost|p1a: Blaziken|def|1
|-unboost|p1a: Blaziken|spd|1
|-damage|p1a: Blaziken|32/100|[from] ability: Rough Skin|[of] p2a: Garchomp
|-damage|p1a: Blaziken|15/100|[from] item: Rocky Helmet|[of] p2a: Garchomp
|move|p2a: Garchomp|Earthquake|p1a: Blaziken
|-supereffective|p1a: Blaziken
|-damage|p1a: Blaziken|0 fnt
|faint|p1a: Blaziken
|
|upkeep
|
|t:|1677892269
|switch|p1a: Blissey|Blissey, F, shiny|100/100
|-damage|p1a: Blissey|88/100|[from] Stealth Rock
|-damage|p1a: Blissey|76/100|[from] Spikes
|turn|10
|
|t:|1677892275
|move|p2a: Garchomp|Earthquake|p1a: Blissey
|-damage|p1a: Blissey|23/100
|move|p1a: Blissey|Toxic|p2a: Garchomp
|-status|p2a: Garchomp|tox
|
|-heal|p1a: Blissey|29/100|[from] item: Leftovers
|-damage|p2a: Garchomp|31/100 tox|[from] psn
|upkeep
|turn|11
|
|t:|1677892283
|move|p2a: Garchomp|Earthquake|p1a: Blissey
|-damage|p1a: Blissey|0 fnt
|faint|p1a: Blissey
|
|-damage|p2a: Garchomp|19/100 tox|[from] psn
|upkeep
|
|t:|1677892289
|switch|p1a: Melmetal|Melmetal|100/100
|-damage|p1a: Melmetal|94/100|[from] Stealth Rock
|-damage|p1a: Melmetal|82/100|[from] Spikes
|turn|12
|
|t:|1677892294
|move|p2a: Garchomp|Earthquake|p1a: Melmetal
|-supereffective|p1a: Melmetal
|-damage|p1a: Melmetal|37/100
|move|p1a: Melmetal|Double Iron Bash|p2a: Garchomp
|-damage|p2a: Garchomp|0 fnt
|-damage|p1a: Melmetal|24/100|[from] ability: Rough Skin|[of] p2a: Garchomp
|-damage|p1a: Melmetal|8/100|[from] item: Rocky Helmet|[of] p2a: Garchomp
|faint|p2a: Garchomp
|-hitcount|p2: Garchomp|1
|
|-heal|p1a: Melmetal|14/100|[from] item: Leftovers
|upkeep
|
|t:|1677892303
|switch|p2a: Sigilyph|Sigilyph, M|100/100
|turn|13
|
|t:|1677892309
|move|p2a: Sigilyph|Psychic|p1a: Melmetal
|-resisted|p1a: Melmetal
|-damage|p1a: Melmetal|0 fnt
|faint|p1a: Melmetal
|
|upkeep
|-message|a2356582673 forfeited.
|
|win|Miriam the Girl
|raw|a2356582673's rating: 1097 &rarr; <strong>1066</strong><br />(-31 for losing)
|raw|Miriam the Girl's rating: 1000 &rarr; <strong>1051</strong><br />(+51 for winning)
|l|☆a2356582673
