|j|☆Riyadland
|j|☆buuditz
|t:|1677872494
|gametype|singles
|player|p1|Riyadland|blue-gen3two|
|player|p2|buuditz|juggler|
|teamsize|p1|6
|teamsize|p2|6
|gen|8
|tier|[Gen 8] OU
|rule|Sleep Clause Mod: Limit one foe put to sleep
|rule|Species Clause: Limit one of each Pokémon
|rule|OHKO Clause: OHKO moves are banned
|rule|Evasion Items Clause: Evasion items are banned
|rule|Evasion Moves Clause: Evasion moves are banned
|rule|Endless Battle Clause: Forcing endless battles is banned
|rule|HP Percentage Mod: HP is shown in percentages
|rule|Dynamax Clause: You cannot dynamax
|clearpoke
|poke|p1|Zapdos|
|poke|p1|Tapu Fini|
|poke|p1|Ferrothorn, M|
|poke|p1|Dragapult, F|
|poke|p1|Hawlucha, F|
|poke|p1|Swampert, M|
|poke|p2|Tapu Koko|
|poke|p2|Urshifu-*, F|
|poke|p2|Blissey, F|
|poke|p2|Heatran, M|
|poke|p2|Zapdos|
|poke|p2|Tapu Lele|
|teampreview
|
|t:|1677872506
|start
|switch|p1a: Batman|Tapu Fini|100/100
|switch|p2a: Urshifu|Urshifu-Rapid-Strike, F|100/100
|-fieldstart|move: Misty Terrain|[from] ability: Misty Surge|[of] p1a: Batman
|turn|1
|
|t:|1677872512
|move|p2a: Urshifu|U-turn|p1a: Batman
|-resisted|p1a: Batman
|-damage|p1a: Batman|89/100
|
|t:|1677872515
|switch|p2a: Tapu Lele|Tapu Lele|100/100|[from] U-turn
|-fieldstart|move: Psychic Terrain|[from] ability: Psychic Surge|[of] p2a: Tapu Lele
|move|p1a: Batman|Moonblast|p2a: Tapu Lele
|-damage|p2a: Tapu Lele|57/100
|-unboost|p2a: Tapu Lele|spa|1
|
|-heal|p1a: Batman|95/100|[from] item: Leftovers
|upkeep
|turn|2
|
|t:|1677872534
|switch|p1a: Sans Flow|Ferrothorn, M|100/100
|move|p2a: Tapu Lele|Psyshock|p1a: Sans Flow
|-resisted|p1a: Sans Flow
|-damage|p1a: Sans Flow|84/100
|
|upkeep
|turn|3
|
|t:|1677872545
|switch|p2a: Heatran|Heatran, M|100/100
|-item|p2a: Heatran|Air Balloon
|switch|p1a: Sinbad|Swampert, M|100/100
|
|upkeep
|turn|4
|
|t:|1677872550
|move|p2a: Heatran|Stealth Rock|p1a: Sinbad
|-sidestart|p1: Riyadland|move: Stealth Rock
|move|p1a: Sinbad|Stealth Rock|p2a: Heatran
|-sidestart|p2: buuditz|move: Stealth Rock
|
|upkeep
|turn|5
|
|t:|1677872555
|move|p2a: Heatran|Magma Storm|p1a: Sinbad
|-resisted|p1a: Sinbad
|-damage|p1a: Sinbad|86/100
|-activate|p1a: Sinbad|move: Magma Storm|[of] p2a: Heatran
|move|p1a: Sinbad|Flip Turn|p2a: Heatran
|-supereffective|p2a: Heatran
|-damage|p2a: Heatran|65/100
|-enditem|p2a: Heatran|Air Balloon
|
|t:|1677872564
|switch|p1a: Batman|Tapu Fini|95/100|[from] Flip Turn
|-damage|p1a: Batman|82/100|[from] Stealth Rock
|-fieldstart|move: Misty Terrain|[from] ability: Misty Surge|[of] p1a: Batman
|
|-heal|p1a: Batman|88/100|[from] item: Leftovers
|upkeep
|turn|6
|
|t:|1677872575
|switch|p2a: Blissey|Blissey, F|100/100
|move|p1a: Batman|Surf|p2a: Blissey
|-damage|p2a: Blissey|87/100
|
|-heal|p1a: Batman|94/100|[from] item: Leftovers
|upkeep
|turn|7
|
|t:|1677872579
|move|p1a: Batman|Taunt|p2a: Blissey
|-start|p2a: Blissey|move: Taunt
|move|p2a: Blissey|Seismic Toss|p1a: Batman
|-damage|p1a: Batman|59/100
|
|-heal|p1a: Batman|65/100|[from] item: Leftovers
|upkeep
|turn|8
|
|t:|1677872586
|switch|p1a: Krokmou|Dragapult, F|100/100
|-damage|p1a: Krokmou|88/100|[from] Stealth Rock
|move|p2a: Blissey|Seismic Toss|p1a: Krokmou
|-immune|p1a: Krokmou
|
|upkeep
|turn|9
|
|t:|1677872592
|move|p1a: Krokmou|U-turn|p2a: Blissey
|-damage|p2a: Blissey|72/100
|
|t:|1677872597
|switch|p1a: Sans Flow|Ferrothorn, M|84/100|[from] U-turn
|-damage|p1a: Sans Flow|78/100|[from] Stealth Rock
|move|p2a: Blissey|Seismic Toss|p1a: Sans Flow
|-damage|p1a: Sans Flow|50/100
|-damage|p2a: Blissey|59/100|[from] ability: Iron Barbs|[of] p1a: Sans Flow
|-damage|p2a: Blissey|43/100|[from] item: Rocky Helmet|[of] p1a: Sans Flow
|
|-end|p2a: Blissey|move: Taunt
|-fieldend|Misty Terrain
|upkeep
|turn|10
|
|t:|1677872625
|move|p2a: Blissey|Soft-Boiled|p2a: Blissey
|-heal|p2a: Blissey|93/100
|move|p1a: Sans Flow|Knock Off|p2a: Blissey
|-damage|p2a: Blissey|75/100
|-enditem|p2a: Blissey|Heavy-Duty Boots|[from] move: Knock Off|[of] p1a: Sans Flow
|
|upkeep
|turn|11
|
|t:|1677872639
|switch|p1a: Katsura|Zapdos|100/100
|move|p2a: Blissey|Thunder Wave|p1a: Katsura
|-immune|p1a: Katsura
|
|upkeep
|turn|12
|
|t:|1677872645
|move|p1a: Katsura|Thunderbolt|p2a: Blissey
|-damage|p2a: Blissey|57/100
|move|p2a: Blissey|Soft-Boiled|p2a: Blissey
|-heal|p2a: Blissey|100/100
|
|upkeep
|turn|13
|
|t:|1677872652
|move|p1a: Katsura|Hurricane|p2a: Blissey
|-damage|p2a: Blissey|79/100
|-start|p2a: Blissey|confusion
|-activate|p2a: Blissey|confusion
|move|p2a: Blissey|Teleport|p2a: Blissey
|
|t:|1677872659
|switch|p2a: Tapu Lele|Tapu Lele|57/100|[from] Teleport
|-damage|p2a: Tapu Lele|45/100|[from] Stealth Rock
|-fieldstart|move: Psychic Terrain|[from] ability: Psychic Surge|[of] p2a: Tapu Lele
|
|upkeep
|turn|14
|
|t:|1677872664
|move|p2a: Tapu Lele|Psyshock|p1a: Katsura
|-damage|p1a: Katsura|23/100
|move|p1a: Katsura|Thunderbolt|p2a: Tapu Lele
|-damage|p2a: Tapu Lele|0 fnt
|faint|p2a: Tapu Lele
|
|upkeep
|
|t:|1677872673
|switch|p2a: Urshifu|Urshifu-Rapid-Strike, F|100/100
|-damage|p2a: Urshifu|94/100|[from] Stealth Rock
|turn|15
|
|t:|1677872677
|switch|p1a: Sans Flow|Ferrothorn, M|50/100
|-damage|p1a: Sans Flow|44/100|[from] Stealth Rock
|move|p2a: Urshifu|Ice Punch|p1a: Sans Flow
|-damage|p1a: Sans Flow|30/100
|-damage|p2a: Urshifu|82/100|[from] ability: Iron Barbs|[of] p1a: Sans Flow
|-damage|p2a: Urshifu|66/100|[from] item: Rocky Helmet|[of] p1a: Sans Flow
|
|upkeep
|turn|16
|
|t:|1677872685
|switch|p2a: Heatran|Heatran, M|65/100
|-damage|p2a: Heatran|52/100|[from] Stealth Rock
|move|p1a: Sans Flow|Leech Seed|p2a: Heatran|[miss]
|-miss|p1a: Sans Flow|p2a: Heatran
|
|upkeep
|turn|17
|
|t:|1677872690
|switch|p1a: Sinbad|Swampert, M|86/100
|-damage|p1a: Sinbad|79/100|[from] Stealth Rock
|move|p2a: Heatran|Magma Storm|p1a: Sinbad
|-resisted|p1a: Sinbad
|-damage|p1a: Sinbad|64/100
|-activate|p1a: Sinbad|move: Magma Storm|[of] p2a: Heatran
|
|-heal|p1a: Sinbad|70/100|[from] item: Leftovers
|-damage|p1a: Sinbad|58/100|[from] move: Magma Storm|[partiallytrapped]
|-fieldend|move: Psychic Terrain
|upkeep
|turn|18
|
|t:|1677872701
|switch|p2a: Zapdos|Zapdos|100/100
|move|p1a: Sinbad|Flip Turn|p2a: Zapdos
|-damage|p2a: Zapdos|81/100
|-status|p1a: Sinbad|par|[from] ability: Static|[of] p2a: Zapdos
|
|t:|1677872715
|switch|p1a: Krokmou|Dragapult, F|88/100|[from] Flip Turn
|-damage|p1a: Krokmou|76/100|[from] Stealth Rock
|
|upkeep
|turn|19
|
|t:|1677872723
|move|p1a: Krokmou|Shadow Ball|p2a: Zapdos
|-damage|p2a: Zapdos|34/100
|move|p2a: Zapdos|Hurricane|p1a: Krokmou|[miss]
|-miss|p2a: Zapdos|p1a: Krokmou
|
|upkeep
|turn|20
|
|t:|1677872729
|switch|p1a: L’art & la manière|Hawlucha, F|100/100
|-damage|p1a: L’art & la manière|88/100|[from] Stealth Rock
|switch|p2a: Blissey|Blissey, F|79/100
|-damage|p2a: Blissey|66/100|[from] Stealth Rock
|
|upkeep
|turn|21
|
|t:|1677872741
|switch|p2a: Zapdos|Zapdos|34/100
|move|p1a: L’art & la manière|Close Combat|p2a: Zapdos
|-resisted|p2a: Zapdos
|-damage|p2a: Zapdos|11/100
|-unboost|p1a: L’art & la manière|def|1
|-unboost|p1a: L’art & la manière|spd|1
|-status|p1a: L’art & la manière|par|[from] ability: Static|[of] p2a: Zapdos
|
|upkeep
|turn|22
|
|t:|1677872751
|move|p2a: Zapdos|Roost|p2a: Zapdos
|-heal|p2a: Zapdos|61/100
|-singleturn|p2a: Zapdos|move: Roost
|move|p1a: L’art & la manière|Close Combat|p2a: Zapdos
|-damage|p2a: Zapdos|21/100
|-unboost|p1a: L’art & la manière|def|1
|-unboost|p1a: L’art & la manière|spd|1
|
|upkeep
|turn|23
|
|t:|1677872759
|switch|p1a: Sinbad|Swampert, M|58/100 par
|-damage|p1a: Sinbad|52/100 par|[from] Stealth Rock
|move|p2a: Zapdos|Roost|p2a: Zapdos
|-heal|p2a: Zapdos|71/100
|-singleturn|p2a: Zapdos|move: Roost
|
|-heal|p1a: Sinbad|58/100 par|[from] item: Leftovers
|upkeep
|turn|24
|
|t:|1677872765
|move|p2a: Zapdos|Hurricane|p1a: Sinbad|[miss]
|-miss|p2a: Zapdos|p1a: Sinbad
|move|p1a: Sinbad|Flip Turn|p2a: Zapdos
|-damage|p2a: Zapdos|52/100
|
|t:|1677872774
|switch|p1a: Krokmou|Dragapult, F|76/100|[from] Flip Turn
|-damage|p1a: Krokmou|64/100|[from] Stealth Rock
|
|upkeep
|turn|25
|
|t:|1677872778
|switch|p2a: Blissey|Blissey, F|66/100
|-damage|p2a: Blissey|54/100|[from] Stealth Rock
|move|p1a: Krokmou|Draco Meteor|p2a: Blissey
|-damage|p2a: Blissey|21/100
|-unboost|p1a: Krokmou|spa|2
|
|upkeep
|turn|26
|
|t:|1677872787
|switch|p1a: Katsura|Zapdos|23/100
|move|p2a: Blissey|Teleport|p2a: Blissey
|
|t:|1677872792
|switch|p2a: Tapu Koko|Tapu Koko|100/100|[from] Teleport
|-damage|p2a: Tapu Koko|88/100|[from] Stealth Rock
|-fieldstart|move: Electric Terrain|[from] ability: Electric Surge|[of] p2a: Tapu Koko
|
|upkeep
|turn|27
|c|☆Riyadland|Oyoo
|
|t:|1677872813
|move|p2a: Tapu Koko|Calm Mind|p2a: Tapu Koko
|-boost|p2a: Tapu Koko|spa|1
|-boost|p2a: Tapu Koko|spd|1
|move|p1a: Katsura|Roost|p1a: Katsura
|-heal|p1a: Katsura|74/100
|-singleturn|p1a: Katsura|move: Roost
|
|upkeep
|turn|28
|c|☆buuditz|NOOORMALEMENT j'ai win
|
|t:|1677872824
|move|p2a: Tapu Koko|Thunderbolt|p1a: Katsura
|-damage|p1a: Katsura|0 fnt
|faint|p1a: Katsura
|-damage|p2a: Tapu Koko|78/100|[from] item: Life Orb
|
|upkeep
|c|☆Riyadland|Mon gars mon gars
|c|☆Riyadland|il tank
|
|t:|1677872845
|switch|p1a: Sans Flow|Ferrothorn, M|30/100
|-damage|p1a: Sans Flow|24/100|[from] Stealth Rock
|turn|29
|
|t:|1677872848
|move|p2a: Tapu Koko|Thunderbolt|p1a: Sans Flow
|-resisted|p1a: Sans Flow
|-damage|p1a: Sans Flow|0 fnt
|faint|p1a: Sans Flow
|-damage|p2a: Tapu Koko|68/100|[from] item: Life Orb
|
|upkeep
|c|☆buuditz|t zinzin ou quoi
|
|t:|1677872860
|switch|p1a: Sinbad|Swampert, M|58/100 par
|-damage|p1a: Sinbad|52/100 par|[from] Stealth Rock
|turn|30
|
|t:|1677872863
|move|p2a: Tapu Koko|Dazzling Gleam|p1a: Sinbad
|-damage|p1a: Sinbad|6/100 par
|-damage|p2a: Tapu Koko|58/100|[from] item: Life Orb
|move|p1a: Sinbad|Earthquake|p2a: Tapu Koko
|-supereffective|p2a: Tapu Koko
|-damage|p2a: Tapu Koko|0 fnt
|faint|p2a: Tapu Koko
|
|-heal|p1a: Sinbad|12/100 par|[from] item: Leftovers
|-fieldend|move: Electric Terrain
|upkeep
|c|☆Riyadland|GOAT
|
|t:|1677872872
|switch|p2a: Blissey|Blissey, F|21/100
|-damage|p2a: Blissey|8/100|[from] Stealth Rock
|turn|31
|c|☆buuditz|weeesh
|
|t:|1677872886
|move|p2a: Blissey|Soft-Boiled|p2a: Blissey
|-heal|p2a: Blissey|58/100
|move|p1a: Sinbad|Flip Turn|p2a: Blissey
|-damage|p2a: Blissey|28/100
|
|t:|1677872893
|switch|p1a: L’art & la manière|Hawlucha, F|88/100 par|[from] Flip Turn
|-damage|p1a: L’art & la manière|76/100 par|[from] Stealth Rock
|
|upkeep
|turn|32
|
|t:|1677872903
|switch|p1a: Krokmou|Dragapult, F|64/100
|-damage|p1a: Krokmou|51/100|[from] Stealth Rock
|switch|p2a: Zapdos|Zapdos|52/100
|
|upkeep
|turn|33
|
|t:|1677872910
|switch|p2a: Heatran|Heatran, M|52/100
|-damage|p2a: Heatran|40/100|[from] Stealth Rock
|move|p1a: Krokmou|Draco Meteor|p2a: Heatran
|-resisted|p2a: Heatran
|-damage|p2a: Heatran|13/100
|-unboost|p1a: Krokmou|spa|2
|
|upkeep
|turn|34
|
|t:|1677872916
|move|p1a: Krokmou|Draco Meteor|p2a: Heatran
|-resisted|p2a: Heatran
|-damage|p2a: Heatran|0 fnt
|-unboost|p1a: Krokmou|spa|2
|faint|p2a: Heatran
|
|upkeep
|
|t:|1677872919
|switch|p2a: Blissey|Blissey, F|28/100
|-damage|p2a: Blissey|16/100|[from] Stealth Rock
|turn|35
|
|t:|1677872952
|switch|p1a: Sinbad|Swampert, M|12/100 par
|-damage|p1a: Sinbad|6/100 par|[from] Stealth Rock
|move|p2a: Blissey|Soft-Boiled|p2a: Blissey
|-heal|p2a: Blissey|66/100
|
|-heal|p1a: Sinbad|12/100 par|[from] item: Leftovers
|upkeep
|turn|36
|
|t:|1677872958
|switch|p2a: Urshifu|Urshifu-Rapid-Strike, F|66/100
|-damage|p2a: Urshifu|59/100|[from] Stealth Rock
|move|p1a: Sinbad|Flip Turn|p2a: Urshifu
|-resisted|p2a: Urshifu
|-damage|p2a: Urshifu|43/100
|
|t:|1677872965
|switch|p1a: Batman|Tapu Fini|65/100|[from] Flip Turn
|-damage|p1a: Batman|52/100|[from] Stealth Rock
|-fieldstart|move: Misty Terrain|[from] ability: Misty Surge|[of] p1a: Batman
|
|-heal|p1a: Batman|59/100|[from] item: Leftovers
|upkeep
|turn|37
|
|t:|1677872971
|move|p2a: Urshifu|U-turn|p1a: Batman
|-resisted|p1a: Batman
|-damage|p1a: Batman|46/100
|
|t:|1677872973
|switch|p2a: Blissey|Blissey, F|66/100|[from] U-turn
|-damage|p2a: Blissey|53/100|[from] Stealth Rock
|move|p1a: Batman|Moonblast|p2a: Blissey
|-damage|p2a: Blissey|39/100
|-unboost|p2a: Blissey|spa|1
|
|-heal|p1a: Batman|52/100|[from] item: Leftovers
|upkeep
|turn|38
|
|t:|1677872994
|move|p1a: Batman|Taunt|p2a: Blissey
|-start|p2a: Blissey|move: Taunt
|cant|p2a: Blissey|move: Taunt|Soft-Boiled
|
|-heal|p1a: Batman|58/100|[from] item: Leftovers
|upkeep
|turn|39
|
|t:|1677873010
|switch|p1a: L’art & la manière|Hawlucha, F|76/100 par
|-damage|p1a: L’art & la manière|63/100 par|[from] Stealth Rock
|-enditem|p1a: L’art & la manière|Misty Seed
|-boost|p1a: L’art & la manière|spd|1|[from] item: Misty Seed
|move|p2a: Blissey|Seismic Toss|p1a: L’art & la manière
|-damage|p1a: L’art & la manière|29/100 par
|
|upkeep
|turn|40
|
|t:|1677873034
|switch|p2a: Zapdos|Zapdos|52/100
|move|p1a: L’art & la manière|Close Combat|p2a: Zapdos
|-resisted|p2a: Zapdos
|-damage|p2a: Zapdos|32/100
|-unboost|p1a: L’art & la manière|def|1
|-unboost|p1a: L’art & la manière|spd|1
|
|-fieldend|Misty Terrain
|upkeep
|turn|41
|c|☆Riyadland|Ptn je voulais SD
|
|t:|1677873053
|cant|p1a: L’art & la manière|par
|move|p2a: Zapdos|Hurricane|p1a: L’art & la manière|[miss]
|-miss|p2a: Zapdos|p1a: L’art & la manière
|
|upkeep
|turn|42
|
|t:|1677873058
|move|p1a: L’art & la manière|Close Combat|p2a: Zapdos
|-resisted|p2a: Zapdos
|-damage|p2a: Zapdos|10/100
|-unboost|p1a: L’art & la manière|def|1
|-unboost|p1a: L’art & la manière|spd|1
|move|p2a: Zapdos|Roost|p2a: Zapdos
|-heal|p2a: Zapdos|60/100
|-singleturn|p2a: Zapdos|move: Roost
|
|upkeep
|turn|43
|
|t:|1677873068
|cant|p1a: L’art & la manière|par
|move|p2a: Zapdos|Roost|p2a: Zapdos
|-heal|p2a: Zapdos|100/100
|-singleturn|p2a: Zapdos|move: Roost
|
|upkeep
|turn|44
|
|t:|1677873075
|move|p1a: L’art & la manière|Poison Jab|p2a: Zapdos
|-damage|p2a: Zapdos|80/100
|move|p2a: Zapdos|Hurricane|p1a: L’art & la manière|[miss]
|-miss|p2a: Zapdos|p1a: L’art & la manière
|
|upkeep
|turn|45
|j| Cyberacc
|
|t:|1677873084
|move|p1a: L’art & la manière|Poison Jab|p2a: Zapdos
|-damage|p2a: Zapdos|61/100
|move|p2a: Zapdos|Roost|p2a: Zapdos
|-heal|p2a: Zapdos|100/100
|-singleturn|p2a: Zapdos|move: Roost
|
|upkeep
|turn|46
|
|t:|1677873093
|move|p1a: L’art & la manière|Poison Jab|p2a: Zapdos
|-damage|p2a: Zapdos|82/100
|-status|p2a: Zapdos|psn
|move|p2a: Zapdos|Hurricane|p1a: L’art & la manière
|-supereffective|p1a: L’art & la manière
|-damage|p1a: L’art & la manière|0 fnt
|faint|p1a: L’art & la manière
|
|-damage|p2a: Zapdos|70/100 psn|[from] psn
|upkeep
|c|☆Riyadland|Enfin
|l| Cyberacc
|
|t:|1677873116
|switch|p1a: Krokmou|Dragapult, F|51/100
|-damage|p1a: Krokmou|39/100|[from] Stealth Rock
|turn|47
|
|t:|1677873127
|move|p1a: Krokmou|U-turn|p2a: Zapdos
|-resisted|p2a: Zapdos
|-damage|p2a: Zapdos|63/100 psn
|
|t:|1677873136
|switch|p1a: Sinbad|Swampert, M|12/100 par|[from] U-turn
|-damage|p1a: Sinbad|6/100 par|[from] Stealth Rock
|move|p2a: Zapdos|Volt Switch|p1a: Sinbad
|-immune|p1a: Sinbad
|
|-heal|p1a: Sinbad|12/100 par|[from] item: Leftovers
|-damage|p2a: Zapdos|51/100 psn|[from] psn
|upkeep
|turn|48
|
|t:|1677873143
|move|p2a: Zapdos|Hurricane|p1a: Sinbad|[miss]
|-miss|p2a: Zapdos|p1a: Sinbad
|move|p1a: Sinbad|Flip Turn|p2a: Zapdos
|-damage|p2a: Zapdos|21/100 psn
|c|☆buuditz|c vrmn abusé
|c|☆buuditz|vrmn
|
|t:|1677873156
|switch|p1a: Krokmou|Dragapult, F|39/100|[from] Flip Turn
|-damage|p1a: Krokmou|27/100|[from] Stealth Rock
|
|-damage|p2a: Zapdos|9/100 psn|[from] psn
|upkeep
|turn|49
|
|t:|1677873161
|move|p1a: Krokmou|Flamethrower|p2a: Zapdos
|-crit|p2a: Zapdos
|-damage|p2a: Zapdos|0 fnt
|faint|p2a: Zapdos
|
|upkeep
|
|t:|1677873163
|switch|p2a: Blissey|Blissey, F|39/100
|-damage|p2a: Blissey|26/100|[from] Stealth Rock
|turn|50
|
|t:|1677873167
|move|p1a: Krokmou|Flamethrower|p2a: Blissey
|-damage|p2a: Blissey|12/100
|move|p2a: Blissey|Soft-Boiled|p2a: Blissey
|-heal|p2a: Blissey|62/100
|
|upkeep
|turn|51
|
|t:|1677873172
|move|p1a: Krokmou|Flamethrower|p2a: Blissey
|-damage|p2a: Blissey|49/100
|move|p2a: Blissey|Soft-Boiled|p2a: Blissey
|-heal|p2a: Blissey|99/100
|
|upkeep
|turn|52
|
|t:|1677873186
|move|p1a: Krokmou|Flamethrower|p2a: Blissey
|-damage|p2a: Blissey|83/100
|move|p2a: Blissey|Thunder Wave|p1a: Krokmou
|-status|p1a: Krokmou|par
|
|upkeep
|turn|53
|
|t:|1677873193
|move|p1a: Krokmou|Flamethrower|p2a: Blissey
|-damage|p2a: Blissey|70/100
|move|p2a: Blissey|Teleport|p2a: Blissey
|
|t:|1677873195
|switch|p2a: Urshifu|Urshifu-Rapid-Strike, F|43/100|[from] Teleport
|-damage|p2a: Urshifu|37/100|[from] Stealth Rock
|
|upkeep
|turn|54
|
|t:|1677873199
|move|p2a: Urshifu|Surging Strikes|p1a: Krokmou
|-resisted|p1a: Krokmou
|-crit|p1a: Krokmou
|-damage|p1a: Krokmou|12/100 par
|-resisted|p1a: Krokmou
|-crit|p1a: Krokmou
|-damage|p1a: Krokmou|0 fnt
|faint|p1a: Krokmou
|-hitcount|p1: Krokmou|2
|
|upkeep
|
|t:|1677873202
|switch|p1a: Batman|Tapu Fini|58/100
|-damage|p1a: Batman|45/100|[from] Stealth Rock
|-fieldstart|move: Misty Terrain|[from] ability: Misty Surge|[of] p1a: Batman
|turn|55
|
|t:|1677873206
|move|p2a: Urshifu|Surging Strikes|p1a: Batman
|-resisted|p1a: Batman
|-crit|p1a: Batman
|-damage|p1a: Batman|35/100
|-resisted|p1a: Batman
|-crit|p1a: Batman
|-damage|p1a: Batman|25/100
|-resisted|p1a: Batman
|-crit|p1a: Batman
|-damage|p1a: Batman|15/100
|-hitcount|p1a: Batman|3
|move|p1a: Batman|Defog|p2a: Urshifu
|-unboost|p2a: Urshifu|evasion|1
|-sideend|p2: buuditz|Stealth Rock|[from] move: Defog|[of] p1a: Batman
|-sideend|p1: Riyadland|Stealth Rock|[from] move: Defog|[of] p1a: Batman
|-fieldend|Misty Terrain
|
|-heal|p1a: Batman|21/100|[from] item: Leftovers
|upkeep
|turn|56
|
|t:|1677873209
|move|p2a: Urshifu|Surging Strikes|p1a: Batman
|-resisted|p1a: Batman
|-crit|p1a: Batman
|-damage|p1a: Batman|10/100
|-resisted|p1a: Batman
|-crit|p1a: Batman
|-damage|p1a: Batman|0 fnt
|faint|p1a: Batman
|-hitcount|p1: Batman|2
|
|upkeep
|
|t:|1677873214
|switch|p1a: Sinbad|Swampert, M|12/100 par
|turn|57
|
|t:|1677873216
|move|p2a: Urshifu|Surging Strikes|p1a: Sinbad
|-crit|p1a: Sinbad
|-damage|p1a: Sinbad|0 fnt
|faint|p1a: Sinbad
|-hitcount|p1: Sinbad|1
|
|win|buuditz
|c|☆Riyadland|Gg
|c|☆buuditz|gg
|c|☆Riyadland|bref
|l|☆Riyadland
|l|☆buuditz
|j|☆buuditz
|player|p2|buuditz|juggler
