|j|☆BRAINSTER1234
|j|☆PGPurple
|t:|1677843366
|gametype|singles
|player|p1|BRAINSTER1234|2|1052
|player|p2|PGPurple|flannery|1185
|teamsize|p1|6
|teamsize|p2|6
|gen|8
|tier|[Gen 8] OU
|rated|
|rule|Sleep Clause Mod: Limit one foe put to sleep
|rule|Species Clause: Limit one of each Pokémon
|rule|OHKO Clause: OHKO moves are banned
|rule|Evasion Items Clause: Evasion items are banned
|rule|Evasion Moves Clause: Evasion moves are banned
|rule|Endless Battle Clause: Forcing endless battles is banned
|rule|HP Percentage Mod: HP is shown in percentages
|rule|Dynamax Clause: You cannot dynamax
|clearpoke
|poke|p1|Chansey, F|
|poke|p1|Togekiss, M|
|poke|p1|Klefki, F|
|poke|p1|Cottonee, L1, M|
|poke|p1|Malamar, F|
|poke|p1|Obstagoon, M|
|poke|p2|Gastrodon, M|
|poke|p2|Blissey, F|
|poke|p2|Slowking-Galar, F|
|poke|p2|Toxapex, M|
|poke|p2|Clefable, F|
|poke|p2|Corviknight, F|
|teampreview
|inactive|Battle timer is ON: inactive players will automatically lose when time's up. (requested by BRAINSTER1234)
|
|t:|1677843384
|start
|switch|p1a: Klefki|Klefki, F|100/100
|switch|p2a: Gastrodon|Gastrodon, M|100/100
|turn|1
|inactive|BRAINSTER1234 has 120 seconds left.
|
|t:|1677843414
|move|p1a: Klefki|Light Screen|p1a: Klefki
|-sidestart|p1: BRAINSTER1234|move: Light Screen
|move|p2a: Gastrodon|Earthquake|p1a: Klefki
|-supereffective|p1a: Klefki
|-damage|p1a: Klefki|39/100
|
|upkeep
|turn|2
|
|t:|1677843421
|move|p1a: Klefki|Reflect|p1a: Klefki
|-sidestart|p1: BRAINSTER1234|Reflect
|move|p2a: Gastrodon|Earthquake|p1a: Klefki
|-supereffective|p1a: Klefki
|-damage|p1a: Klefki|7/100
|-enditem|p1a: Klefki|Aguav Berry|[eat]
|-heal|p1a: Klefki|40/100|[from] item: Aguav Berry
|
|upkeep
|turn|3
|
|t:|1677843434
|move|p1a: Klefki|Flash Cannon|p2a: Gastrodon
|-resisted|p2a: Gastrodon
|-damage|p2a: Gastrodon|92/100
|move|p2a: Gastrodon|Earthquake|p1a: Klefki
|-supereffective|p1a: Klefki
|-damage|p1a: Klefki|8/100
|
|-heal|p2a: Gastrodon|98/100|[from] item: Leftovers
|upkeep
|turn|4
|
|t:|1677843448
|switch|p1a: Togekiss|Togekiss, M, shiny|100/100
|move|p2a: Gastrodon|Scald|p1a: Togekiss
|-damage|p1a: Togekiss|89/100
|
|-heal|p2a: Gastrodon|100/100|[from] item: Leftovers
|upkeep
|turn|5
|
|t:|1677843463
|switch|p2a: Slowking|Slowking-Galar, F|100/100
|move|p1a: Togekiss|Nasty Plot|p1a: Togekiss
|-boost|p1a: Togekiss|spa|2
|
|-sideend|p1: BRAINSTER1234|move: Light Screen
|upkeep
|turn|6
|
|t:|1677843473
|move|p1a: Togekiss|Air Slash|p2a: Slowking|[miss]
|-miss|p1a: Togekiss|p2a: Slowking
|move|p2a: Slowking|Sludge Bomb|p1a: Togekiss
|-supereffective|p1a: Togekiss
|-damage|p1a: Togekiss|0 fnt
|faint|p1a: Togekiss
|
|-sideend|p1: BRAINSTER1234|Reflect
|upkeep
|
|t:|1677843484
|switch|p1a: Klefki|Klefki, F|8/100
|turn|7
|
|t:|1677843493
|switch|p2a: Gastrodon|Gastrodon, M|100/100
|move|p1a: Klefki|Light Screen|p1a: Klefki
|-sidestart|p1: BRAINSTER1234|move: Light Screen
|
|upkeep
|turn|8
|
|t:|1677843498
|move|p1a: Klefki|Reflect|p1a: Klefki
|-sidestart|p1: BRAINSTER1234|Reflect
|move|p2a: Gastrodon|Earthquake|p1a: Klefki
|-supereffective|p1a: Klefki
|-damage|p1a: Klefki|0 fnt
|faint|p1a: Klefki
|
|upkeep
|
|t:|1677843504
|switch|p1a: Malamar|Malamar, F, shiny|100/100
|turn|9
|
|t:|1677843511
|move|p1a: Malamar|Superpower|p2a: Gastrodon
|-damage|p2a: Gastrodon|66/100
|-boost|p1a: Malamar|atk|1
|-boost|p1a: Malamar|def|1
|move|p2a: Gastrodon|Scald|p1a: Malamar
|-damage|p1a: Malamar|90/100
|
|-heal|p1a: Malamar|96/100|[from] item: Leftovers
|-heal|p2a: Gastrodon|72/100|[from] item: Leftovers
|upkeep
|turn|10
|
|t:|1677843524
|switch|p2a: Clefable|Clefable, F|100/100
|move|p1a: Malamar|Superpower|p2a: Clefable
|-resisted|p2a: Clefable
|-damage|p2a: Clefable|88/100
|-boost|p1a: Malamar|atk|1
|-boost|p1a: Malamar|def|1
|
|-heal|p1a: Malamar|100/100|[from] item: Leftovers
|-heal|p2a: Clefable|94/100|[from] item: Leftovers
|upkeep
|turn|11
|
|t:|1677843536
|move|p1a: Malamar|Superpower|p2a: Clefable
|-resisted|p2a: Clefable
|-damage|p2a: Clefable|82/100
|-boost|p1a: Malamar|atk|1
|-boost|p1a: Malamar|def|1
|move|p2a: Clefable|Calm Mind|p2a: Clefable
|-boost|p2a: Clefable|spa|1
|-boost|p2a: Clefable|spd|1
|
|-heal|p2a: Clefable|88/100|[from] item: Leftovers
|-sideend|p1: BRAINSTER1234|move: Light Screen
|upkeep
|turn|12
|
|t:|1677843546
|move|p1a: Malamar|Knock Off|p2a: Clefable
|-resisted|p2a: Clefable
|-damage|p2a: Clefable|73/100
|-enditem|p2a: Clefable|Leftovers|[from] move: Knock Off|[of] p1a: Malamar
|move|p2a: Clefable|Moonblast|p1a: Malamar
|-supereffective|p1a: Malamar
|-damage|p1a: Malamar|8/100
|
|-heal|p1a: Malamar|15/100|[from] item: Leftovers
|-sideend|p1: BRAINSTER1234|Reflect
|upkeep
|turn|13
|
|t:|1677843558
|move|p1a: Malamar|Rest|p1a: Malamar
|-status|p1a: Malamar|slp|[from] move: Rest
|-heal|p1a: Malamar|100/100 slp|[silent]
|move|p2a: Clefable|Moonblast|p1a: Malamar
|-supereffective|p1a: Malamar
|-damage|p1a: Malamar|18/100 slp
|
|-heal|p1a: Malamar|24/100 slp|[from] item: Leftovers
|upkeep
|turn|14
|
|t:|1677843569
|cant|p1a: Malamar|slp
|move|p1a: Malamar|Sleep Talk|p1a: Malamar
|move|p1a: Malamar|Rest||[from]move: Sleep Talk|[still]
|-fail|p1a: Malamar
|move|p2a: Clefable|Calm Mind|p2a: Clefable
|-boost|p2a: Clefable|spa|1
|-boost|p2a: Clefable|spd|1
|
|-heal|p1a: Malamar|30/100 slp|[from] item: Leftovers
|upkeep
|turn|15
|
|t:|1677843579
|cant|p1a: Malamar|slp
|move|p1a: Malamar|Sleep Talk|p1a: Malamar
|move|p1a: Malamar|Superpower|p2a: Clefable|[from]move: Sleep Talk
|-resisted|p2a: Clefable
|-crit|p2a: Clefable
|-damage|p2a: Clefable|55/100
|-boost|p1a: Malamar|atk|1
|-boost|p1a: Malamar|def|1
|move|p2a: Clefable|Moonblast|p1a: Malamar
|-supereffective|p1a: Malamar
|-damage|p1a: Malamar|0 fnt
|faint|p1a: Malamar
|
|upkeep
|
|t:|1677843595
|switch|p1a: Chansey|Chansey, F, shiny|100/100
|turn|16
|
|t:|1677843606
|move|p2a: Clefable|Soft-Boiled|p2a: Clefable
|-heal|p2a: Clefable|100/100
|move|p1a: Chansey|Toxic|p2a: Clefable
|-status|p2a: Clefable|tox
|
|-damage|p2a: Clefable|94/100 tox|[from] psn
|upkeep
|turn|17
|
|t:|1677843630
|switch|p2a: Toxapex|Toxapex, M|100/100
|move|p1a: Chansey|Thunder Wave|p2a: Toxapex
|-status|p2a: Toxapex|par
|
|upkeep
|turn|18
|
|t:|1677843640
|move|p2a: Toxapex|Knock Off|p1a: Chansey
|-damage|p1a: Chansey|91/100
|-enditem|p1a: Chansey|Eviolite|[from] move: Knock Off|[of] p2a: Toxapex
|move|p1a: Chansey|Counter|p2a: Toxapex
|-damage|p2a: Toxapex|58/100 par
|
|upkeep
|turn|19
|
|t:|1677843651
|move|p1a: Chansey|Toxic||[still]
|-fail|p1a: Chansey
|move|p2a: Toxapex|Toxic Spikes|p1a: Chansey
|-sidestart|p1: BRAINSTER1234|move: Toxic Spikes
|
|upkeep
|turn|20
|
|t:|1677843670
|move|p2a: Toxapex|Toxic Spikes|p1a: Chansey
|-sidestart|p1: BRAINSTER1234|move: Toxic Spikes
|move|p1a: Chansey|Counter||[still]
|-fail|p1a: Chansey
|
|upkeep
|turn|21
|
|t:|1677843676
|move|p2a: Toxapex|Recover|p2a: Toxapex
|-heal|p2a: Toxapex|100/100 par
|move|p1a: Chansey|Counter||[still]
|-fail|p1a: Chansey
|
|upkeep
|turn|22
|
|t:|1677843682
|move|p1a: Chansey|Soft-Boiled|p1a: Chansey
|-heal|p1a: Chansey|100/100
|move|p2a: Toxapex|Toxic|p1a: Chansey
|-status|p1a: Chansey|tox
|
|-damage|p1a: Chansey|94/100 tox|[from] psn
|upkeep
|turn|23
|
|t:|1677843695
|move|p2a: Toxapex|Knock Off|p1a: Chansey
|-damage|p1a: Chansey|85/100 tox
|move|p1a: Chansey|Counter|p2a: Toxapex
|-damage|p2a: Toxapex|58/100 par
|
|-damage|p1a: Chansey|73/100 tox|[from] psn
|upkeep
|turn|24
|
|t:|1677843704
|move|p1a: Chansey|Soft-Boiled|p1a: Chansey
|-heal|p1a: Chansey|100/100 tox
|cant|p2a: Toxapex|par
|
|-damage|p1a: Chansey|82/100 tox|[from] psn
|upkeep
|turn|25
|
|t:|1677843715
|-curestatus|p1a: Chansey|tox|[from] ability: Natural Cure
|switch|p1a: Obstagoon|Obstagoon, M, shiny|100/100
|-status|p1a: Obstagoon|tox
|move|p2a: Toxapex|Recover|p2a: Toxapex
|-heal|p2a: Toxapex|100/100 par
|
|-damage|p1a: Obstagoon|94/100 tox|[from] psn
|upkeep
|turn|26
|
|t:|1677843730
|move|p1a: Obstagoon|Facade|p2a: Toxapex
|-damage|p2a: Toxapex|49/100 par
|move|p2a: Toxapex|Recover|p2a: Toxapex
|-heal|p2a: Toxapex|99/100 par
|
|-damage|p1a: Obstagoon|82/100 tox|[from] psn
|upkeep
|turn|27
|
|t:|1677843745
|move|p1a: Obstagoon|Obstruct|p1a: Obstagoon
|-singleturn|p1a: Obstagoon|Protect
|move|p2a: Toxapex|Recover|p2a: Toxapex
|-heal|p2a: Toxapex|100/100 par
|
|-damage|p1a: Obstagoon|64/100 tox|[from] psn
|upkeep
|turn|28
|
|t:|1677843759
|move|p1a: Obstagoon|Knock Off|p2a: Toxapex
|-crit|p2a: Toxapex
|-damage|p2a: Toxapex|43/100 par
|-enditem|p2a: Toxapex|Payapa Berry|[from] move: Knock Off|[of] p1a: Obstagoon
|move|p2a: Toxapex|Recover|p2a: Toxapex
|-heal|p2a: Toxapex|93/100 par
|
|-damage|p1a: Obstagoon|39/100 tox|[from] psn
|upkeep
|turn|29
|
|t:|1677843769
|move|p1a: Obstagoon|Facade|p2a: Toxapex
|-damage|p2a: Toxapex|38/100 par
|cant|p2a: Toxapex|par
|
|-damage|p1a: Obstagoon|9/100 tox|[from] psn
|upkeep
|turn|30
|
|t:|1677843777
|switch|p2a: Corviknight|Corviknight, F|100/100
|-ability|p2a: Corviknight|Pressure
|move|p1a: Obstagoon|Facade|p2a: Corviknight
|-resisted|p2a: Corviknight
|-damage|p2a: Corviknight|76/100
|
|-damage|p1a: Obstagoon|0 fnt|[from] psn
|faint|p1a: Obstagoon
|upkeep
|
|t:|1677843790
|switch|p1a: Cottonee|Cottonee, L1, M|100/100
|-status|p1a: Cottonee|tox
|turn|31
|
|t:|1677843798
|move|p1a: Cottonee|Leech Seed|p2a: Corviknight
|-start|p2a: Corviknight|move: Leech Seed
|move|p2a: Corviknight|Roost|p2a: Corviknight
|-heal|p2a: Corviknight|100/100
|-singleturn|p2a: Corviknight|move: Roost
|
|-damage|p2a: Corviknight|88/100|[from] Leech Seed|[of] p1a: Cottonee
|-damage|p1a: Cottonee|91/100 tox|[from] psn
|upkeep
|turn|32
|
|t:|1677843810
|switch|p2a: Slowking|Slowking-Galar, F|100/100
|move|p1a: Cottonee|Protect||[still]
|-fail|p1a: Cottonee
|
|-damage|p1a: Cottonee|73/100 tox|[from] psn
|upkeep
|turn|33
|
|t:|1677843818
|move|p1a: Cottonee|Leech Seed|p2a: Slowking
|-start|p2a: Slowking|move: Leech Seed
|move|p2a: Slowking|Flamethrower|p1a: Cottonee
|-supereffective|p1a: Cottonee
|-damage|p1a: Cottonee|0 fnt
|faint|p1a: Cottonee
|
|upkeep
|-message|BRAINSTER1234 forfeited.
|
|win|PGPurple
|raw|BRAINSTER1234's rating: 1052 &rarr; <strong>1041</strong><br />(-11 for losing)
|raw|PGPurple's rating: 1185 &rarr; <strong>1201</strong><br />(+16 for winning)
|l|☆BRAINSTER1234
