|j|☆wildvari
|j|☆Mellow11
|t:|1677866493
|gametype|singles
|player|p1|wildvari|unknown|1263
|player|p2|Mellow11|argenta|1324
|teamsize|p1|6
|teamsize|p2|6
|gen|8
|tier|[Gen 8] OU
|rated|
|rule|Sleep Clause Mod: Limit one foe put to sleep
|rule|Species Clause: Limit one of each Pokémon
|rule|OHKO Clause: OHKO moves are banned
|rule|Evasion Items Clause: Evasion items are banned
|rule|Evasion Moves Clause: Evasion moves are banned
|rule|Endless Battle Clause: Forcing endless battles is banned
|rule|HP Percentage Mod: HP is shown in percentages
|rule|Dynamax Clause: You cannot dynamax
|clearpoke
|poke|p1|Dragapult, F|
|poke|p1|Garchomp, M|
|poke|p1|Latios, M|
|poke|p1|Hydreigon, F|
|poke|p1|Goodra, M|
|poke|p1|Ferrothorn, M|
|poke|p2|Volcanion|
|poke|p2|Zapdos|
|poke|p2|Rillaboom, M|
|poke|p2|Clefable, F|
|poke|p2|Dragapult, M|
|poke|p2|Landorus-Therian, M|
|teampreview
|inactive|Battle timer is ON: inactive players will automatically lose when time's up. (requested by wildvari)
|
|t:|1677866525
|start
|switch|p1a: Hydreigon|Hydreigon, F|100/100
|switch|p2a: Volcanion|Volcanion|100/100
|turn|1
|
|t:|1677866535
|switch|p2a: Clefable|Clefable, F, shiny|100/100
|move|p1a: Hydreigon|Dark Pulse|p2a: Clefable
|-resisted|p2a: Clefable
|-damage|p2a: Clefable|82/100
|
|-heal|p2a: Clefable|89/100|[from] item: Leftovers
|upkeep
|turn|2
|
|t:|1677866549
|switch|p1a: Garchomp|Garchomp, M|100/100
|move|p2a: Clefable|Knock Off|p1a: Garchomp
|-damage|p1a: Garchomp|86/100
|-activate|p1a: Garchomp|ability: Rough Skin
|-enditem|p1a: Garchomp|Choice Scarf|[from] move: Knock Off|[of] p2a: Clefable
|
|-heal|p2a: Clefable|95/100|[from] item: Leftovers
|upkeep
|turn|3
|
|t:|1677866563
|move|p1a: Garchomp|Iron Head|p2a: Clefable
|-supereffective|p2a: Clefable
|-damage|p2a: Clefable|37/100
|cant|p2a: Clefable|flinch
|
|-heal|p2a: Clefable|43/100|[from] item: Leftovers
|upkeep
|turn|4
|
|t:|1677866570
|switch|p1a: Ferrothorn|Ferrothorn, M, shiny|100/100
|switch|p2a: Landorus|Landorus-Therian, M, shiny|100/100
|-ability|p2a: Landorus|Intimidate|boost
|-unboost|p1a: Ferrothorn|atk|1
|
|upkeep
|turn|5
|
|t:|1677866579
|move|p2a: Landorus|Knock Off|p1a: Ferrothorn
|-damage|p1a: Ferrothorn|75/100
|-damage|p2a: Landorus|88/100|[from] ability: Iron Barbs|[of] p1a: Ferrothorn
|-damage|p2a: Landorus|72/100|[from] item: Rocky Helmet|[of] p1a: Ferrothorn
|-enditem|p1a: Ferrothorn|Rocky Helmet|[from] move: Knock Off|[of] p2a: Landorus
|move|p1a: Ferrothorn|Stealth Rock|p2a: Landorus
|-sidestart|p2: Mellow11|move: Stealth Rock
|
|upkeep
|turn|6
|
|t:|1677866593
|switch|p2a: Zapdos|Zapdos|100/100
|move|p1a: Ferrothorn|Leech Seed|p2a: Zapdos
|-start|p2a: Zapdos|move: Leech Seed
|
|-damage|p2a: Zapdos|88/100|[from] Leech Seed|[of] p1a: Ferrothorn
|-heal|p1a: Ferrothorn|87/100|[silent]
|upkeep
|turn|7
|
|t:|1677866599
|move|p2a: Zapdos|Heat Wave|p1a: Ferrothorn
|-supereffective|p1a: Ferrothorn
|-damage|p1a: Ferrothorn|0 fnt
|faint|p1a: Ferrothorn
|
|upkeep
|
|t:|1677866607
|switch|p1a: Goodra|Goodra, M|100/100
|turn|8
|
|t:|1677866613
|move|p2a: Zapdos|Defog|p1a: Goodra
|-unboost|p1a: Goodra|evasion|1
|-sideend|p2: Mellow11|Stealth Rock|[from] move: Defog|[of] p2a: Zapdos
|move|p1a: Goodra|Ice Beam|p2a: Zapdos
|-supereffective|p2a: Zapdos
|-damage|p2a: Zapdos|0 fnt
|faint|p2a: Zapdos
|
|upkeep
|
|t:|1677866624
|switch|p2a: Clefable|Clefable, F, shiny|43/100
|turn|9
|
|t:|1677866629
|move|p1a: Goodra|Ice Beam|p2a: Clefable
|-damage|p2a: Clefable|9/100
|move|p2a: Clefable|Soft-Boiled|p2a: Clefable
|-heal|p2a: Clefable|59/100
|
|-heal|p2a: Clefable|65/100|[from] item: Leftovers
|upkeep
|turn|10
|
|t:|1677866638
|switch|p1a: Garchomp|Garchomp, M|86/100
|move|p2a: Clefable|Knock Off|p1a: Garchomp
|-damage|p1a: Garchomp|76/100
|-activate|p1a: Garchomp|ability: Rough Skin
|
|-heal|p2a: Clefable|72/100|[from] item: Leftovers
|upkeep
|turn|11
|
|t:|1677866645
|move|p1a: Garchomp|Iron Head|p2a: Clefable
|-supereffective|p2a: Clefable
|-damage|p2a: Clefable|14/100
|move|p2a: Clefable|Moonblast|p1a: Garchomp
|-supereffective|p1a: Garchomp
|-damage|p1a: Garchomp|20/100
|
|-heal|p2a: Clefable|20/100|[from] item: Leftovers
|upkeep
|turn|12
|
|t:|1677866660
|switch|p2a: Landorus|Landorus-Therian, M, shiny|72/100
|-ability|p2a: Landorus|Intimidate|boost
|-unboost|p1a: Garchomp|atk|1
|move|p1a: Garchomp|Iron Head|p2a: Landorus
|-damage|p2a: Landorus|49/100
|-damage|p1a: Garchomp|3/100|[from] item: Rocky Helmet|[of] p2a: Landorus
|
|upkeep
|turn|13
|
|t:|1677866668
|switch|p1a: Hydreigon|Hydreigon, F|100/100
|move|p2a: Landorus|U-turn|p1a: Hydreigon
|-supereffective|p1a: Hydreigon
|-crit|p1a: Hydreigon
|-damage|p1a: Hydreigon|19/100
|
|t:|1677866674
|switch|p2a: Rillaboom|Rillaboom, M, shiny|100/100|[from] U-turn
|-fieldstart|move: Grassy Terrain|[from] ability: Grassy Surge|[of] p2a: Rillaboom
|
|upkeep
|turn|14
|
|t:|1677866689
|switch|p1a: Dragapult|Dragapult, F|100/100
|move|p2a: Rillaboom|Grassy Glide|p1a: Dragapult
|-resisted|p1a: Dragapult
|-damage|p1a: Dragapult|55/100
|-damage|p2a: Rillaboom|91/100|[from] item: Life Orb
|
|-heal|p1a: Dragapult|61/100|[from] Grassy Terrain
|-heal|p2a: Rillaboom|97/100|[from] Grassy Terrain
|upkeep
|turn|15
|
|t:|1677866701
|switch|p2a: Landorus|Landorus-Therian, M, shiny|49/100
|-ability|p2a: Landorus|Intimidate|boost
|-unboost|p1a: Dragapult|atk|1
|move|p1a: Dragapult|Flamethrower|p2a: Landorus
|-damage|p2a: Landorus|10/100
|
|-heal|p1a: Dragapult|67/100|[from] Grassy Terrain
|upkeep
|turn|16
|
|t:|1677866716
|move|p1a: Dragapult|Sucker Punch|p2a: Landorus
|-damage|p2a: Landorus|0 fnt
|-damage|p1a: Dragapult|50/100|[from] item: Rocky Helmet|[of] p2a: Landorus
|faint|p2a: Landorus
|
|-heal|p1a: Dragapult|57/100|[from] Grassy Terrain
|upkeep
|
|t:|1677866729
|switch|p2a: Dragapult|Dragapult, M, shiny|100/100
|turn|17
|
|t:|1677866735
|switch|p1a: Goodra|Goodra, M|100/100
|move|p2a: Dragapult|Shadow Ball|p1a: Goodra
|-damage|p1a: Goodra|63/100
|
|-heal|p1a: Goodra|69/100|[from] Grassy Terrain
|-fieldend|move: Grassy Terrain
|upkeep
|turn|18
|
|t:|1677866751
|switch|p2a: Volcanion|Volcanion|100/100
|move|p1a: Goodra|Draco Meteor|p2a: Volcanion
|-damage|p2a: Volcanion|0 fnt
|-unboost|p1a: Goodra|spa|2
|faint|p2a: Volcanion
|
|upkeep
|
|t:|1677866767
|switch|p2a: Rillaboom|Rillaboom, M, shiny|97/100
|-fieldstart|move: Grassy Terrain|[from] ability: Grassy Surge|[of] p2a: Rillaboom
|turn|19
|
|t:|1677866778
|switch|p1a: Latios|Latios, M|100/100
|move|p2a: Rillaboom|Knock Off|p1a: Latios
|-supereffective|p1a: Latios
|-damage|p1a: Latios|1/100
|-enditem|p1a: Latios|Expert Belt|[from] move: Knock Off|[of] p2a: Rillaboom
|-damage|p2a: Rillaboom|87/100|[from] item: Life Orb
|
|-heal|p2a: Rillaboom|93/100|[from] Grassy Terrain
|upkeep
|turn|20
|
|t:|1677866801
|switch|p1a: Garchomp|Garchomp, M|3/100
|move|p2a: Rillaboom|Grassy Glide|p1a: Garchomp
|-damage|p1a: Garchomp|0 fnt
|-damage|p2a: Rillaboom|81/100|[from] ability: Rough Skin|[of] p1a: Garchomp
|faint|p1a: Garchomp
|-damage|p2a: Rillaboom|71/100|[from] item: Life Orb
|
|-heal|p2a: Rillaboom|77/100|[from] Grassy Terrain
|upkeep
|
|t:|1677866810
|switch|p1a: Dragapult|Dragapult, F|57/100
|turn|21
|
|t:|1677866824
|switch|p2a: Clefable|Clefable, F, shiny|20/100
|move|p1a: Dragapult|Dragon Darts|p2a: Clefable
|-immune|p2a: Clefable
|
|-heal|p1a: Dragapult|63/100|[from] Grassy Terrain
|-heal|p2a: Clefable|26/100|[from] Grassy Terrain
|-heal|p2a: Clefable|32/100|[from] item: Leftovers
|upkeep
|turn|22
|
|t:|1677866835
|move|p1a: Dragapult|Thunder|p2a: Clefable
|-damage|p2a: Clefable|2/100
|move|p2a: Clefable|Soft-Boiled|p2a: Clefable
|-heal|p2a: Clefable|52/100
|
|-heal|p1a: Dragapult|69/100|[from] Grassy Terrain
|-heal|p2a: Clefable|58/100|[from] Grassy Terrain
|-heal|p2a: Clefable|64/100|[from] item: Leftovers
|upkeep
|turn|23
|
|t:|1677866853
|switch|p1a: Goodra|Goodra, M|69/100
|move|p2a: Clefable|Moonblast|p1a: Goodra
|-supereffective|p1a: Goodra
|-damage|p1a: Goodra|23/100
|
|-heal|p1a: Goodra|29/100|[from] Grassy Terrain
|-heal|p2a: Clefable|71/100|[from] Grassy Terrain
|-heal|p2a: Clefable|77/100|[from] item: Leftovers
|-fieldend|move: Grassy Terrain
|upkeep
|turn|24
|
|t:|1677866867
|move|p1a: Goodra|Sludge Wave|p2a: Clefable
|-supereffective|p2a: Clefable
|-damage|p2a: Clefable|3/100
|move|p2a: Clefable|Moonblast|p1a: Goodra
|-supereffective|p1a: Goodra
|-damage|p1a: Goodra|0 fnt
|faint|p1a: Goodra
|
|-heal|p2a: Clefable|9/100|[from] item: Leftovers
|upkeep
|
|t:|1677866875
|switch|p1a: Dragapult|Dragapult, F|69/100
|turn|25
|
|t:|1677866880
|move|p1a: Dragapult|Flamethrower|p2a: Clefable
|-damage|p2a: Clefable|0 fnt
|faint|p2a: Clefable
|
|upkeep
|
|t:|1677866893
|switch|p2a: Dragapult|Dragapult, M, shiny|100/100
|turn|26
|
|t:|1677866902
|move|p1a: Dragapult|Sucker Punch|p2a: Dragapult
|-supereffective|p2a: Dragapult
|-damage|p2a: Dragapult|25/100
|move|p2a: Dragapult|Draco Meteor|p1a: Dragapult
|-supereffective|p1a: Dragapult
|-damage|p1a: Dragapult|0 fnt
|-unboost|p2a: Dragapult|spa|2
|faint|p1a: Dragapult
|
|upkeep
|
|t:|1677866914
|switch|p1a: Hydreigon|Hydreigon, F|19/100
|turn|27
|
|t:|1677866931
|move|p2a: Dragapult|Draco Meteor|p1a: Hydreigon
|-supereffective|p1a: Hydreigon
|-damage|p1a: Hydreigon|0 fnt
|-unboost|p2a: Dragapult|spa|2
|faint|p1a: Hydreigon
|
|upkeep
|
|t:|1677866936
|switch|p1a: Latios|Latios, M|1/100
|turn|28
|
|t:|1677866940
|move|p2a: Dragapult|Draco Meteor|p1a: Latios
|-supereffective|p1a: Latios
|-damage|p1a: Latios|0 fnt
|-unboost|p2a: Dragapult|spa|2
|faint|p1a: Latios
|
|win|Mellow11
|raw|wildvari's rating: 1263 &rarr; <strong>1242</strong><br />(-21 for losing)
|raw|Mellow11's rating: 1324 &rarr; <strong>1341</strong><br />(+17 for winning)
|l|☆wildvari
|c|☆Mellow11|Whew
||Ladder isn't responding, score probably updated but might not have (Request timeout).
