|j|☆ei weiwei
|j|☆cgfvbh
|t:|1677880481
|gametype|singles
|player|p1|ei weiwei|pokekid|1086
|player|p2|cgfvbh|102|1040
|teamsize|p1|6
|teamsize|p2|6
|gen|8
|tier|[Gen 8] OU
|rated|
|rule|Sleep Clause Mod: Limit one foe put to sleep
|rule|Species Clause: Limit one of each Pokémon
|rule|OHKO Clause: OHKO moves are banned
|rule|Evasion Items Clause: Evasion items are banned
|rule|Evasion Moves Clause: Evasion moves are banned
|rule|Endless Battle Clause: Forcing endless battles is banned
|rule|HP Percentage Mod: HP is shown in percentages
|rule|Dynamax Clause: You cannot dynamax
|clearpoke
|poke|p1|Rapidash, F|
|poke|p1|Decidueye, M|
|poke|p1|Kingdra, F|
|poke|p1|Rotom|
|poke|p1|Togekiss, M|
|poke|p1|Gallade, M|
|poke|p2|Gengar, F|
|poke|p2|Dragonite, F|
|poke|p2|Sirfetch’d, M|
|poke|p2|Raichu-Alola, M|
|poke|p2|Lucario, F|
|poke|p2|Kingdra, F|
|teampreview
|inactive|Battle timer is ON: inactive players will automatically lose when time's up. (requested by ei weiwei)
|l|☆cgfvbh
|inactive|cgfvbh disconnected and has a minute to reconnect!
|player|p2|
|inactive|ei weiwei has 120 seconds left.
|inactive|cgfvbh has 30 seconds to reconnect!
|inactive|ei weiwei has 90 seconds left.
|inactive|cgfvbh has 20 seconds to reconnect!
|c|☆ei weiwei|yo
|c|☆ei weiwei|reconnect mandem
|inactive|cgfvbh has 15 seconds to reconnect!
|inactive|cgfvbh has 10 seconds to reconnect!
|inactive|cgfvbh has 5 seconds to reconnect!
|c|☆ei weiwei|I got a project to write aftera  game
|c|☆ei weiwei|after
|c|☆ei weiwei|:(
|-message|cgfvbh lost due to inactivity.
|
|win|ei weiwei
|raw|ei weiwei's rating: 1086 &rarr; <strong>1110</strong><br />(+24 for winning)
|raw|cgfvbh's rating: 1040 &rarr; <strong>1026</strong><br />(-14 for losing)
|c|☆ei weiwei|yabadabadoo
