|j|☆Duanxian
|j|☆qq290572945
|t:|1677842885
|gametype|singles
|player|p1|Duanxian|265|1126
|player|p2|qq290572945|rosa|1321
|teamsize|p1|6
|teamsize|p2|6
|gen|8
|tier|[Gen 8] OU
|rated|
|rule|Sleep Clause Mod: Limit one foe put to sleep
|rule|Species Clause: Limit one of each Pokémon
|rule|OHKO Clause: OHKO moves are banned
|rule|Evasion Items Clause: Evasion items are banned
|rule|Evasion Moves Clause: Evasion moves are banned
|rule|Endless Battle Clause: Forcing endless battles is banned
|rule|HP Percentage Mod: HP is shown in percentages
|rule|Dynamax Clause: You cannot dynamax
|clearpoke
|poke|p1|Bisharp, F|
|poke|p1|Heatran, M|
|poke|p1|Rillaboom, M|
|poke|p1|Tapu Fini|
|poke|p1|Darmanitan, M|
|poke|p1|Magnezone|
|poke|p2|Blaziken, M|
|poke|p2|Rillaboom, F|
|poke|p2|Volcanion|
|poke|p2|Garchomp, F|
|poke|p2|Slowking-Galar, M|
|poke|p2|Zapdos|
|teampreview
|
|t:|1677842899
|start
|switch|p1a: Heatran|Heatran, M|100/100
|switch|p2a: Blaziken|Blaziken, M|100/100
|-item|p1a: Heatran|Air Balloon
|turn|1
|inactive|Battle timer is ON: inactive players will automatically lose when time's up. (requested by Duanxian)
|
|t:|1677842906
|move|p2a: Blaziken|Swords Dance|p2a: Blaziken
|-boost|p2a: Blaziken|atk|2
|move|p1a: Heatran|Stealth Rock|p2a: Blaziken
|-sidestart|p2: qq290572945|move: Stealth Rock
|
|-ability|p2a: Blaziken|Speed Boost|boost
|-boost|p2a: Blaziken|spe|1
|upkeep
|turn|2
|
|t:|1677842914
|move|p2a: Blaziken|Swords Dance|p2a: Blaziken
|-boost|p2a: Blaziken|atk|2
|move|p1a: Heatran|Earth Power|p2a: Blaziken
|-supereffective|p2a: Blaziken
|-damage|p2a: Blaziken|4/100
|
|-ability|p2a: Blaziken|Speed Boost|boost
|-boost|p2a: Blaziken|spe|1
|upkeep
|turn|3
|
|t:|1677842922
|switch|p1a: Magnezone|Magnezone|100/100
|move|p2a: Blaziken|Reversal|p1a: Magnezone
|-supereffective|p1a: Magnezone
|-ability|p1a: Magnezone|Sturdy
|-damage|p1a: Magnezone|1/100
|
|-ability|p2a: Blaziken|Speed Boost|boost
|-boost|p2a: Blaziken|spe|1
|upkeep
|turn|4
|
|t:|1677842931
|move|p2a: Blaziken|Reversal|p1a: Magnezone
|-supereffective|p1a: Magnezone
|-damage|p1a: Magnezone|0 fnt
|faint|p1a: Magnezone
|
|-ability|p2a: Blaziken|Speed Boost|boost
|-boost|p2a: Blaziken|spe|1
|upkeep
|
|t:|1677842935
|switch|p1a: Rillaboom|Rillaboom, M|100/100
|-fieldstart|move: Grassy Terrain|[from] ability: Grassy Surge|[of] p1a: Rillaboom
|turn|5
|
|t:|1677842940
|move|p2a: Blaziken|Protect|p2a: Blaziken
|-singleturn|p2a: Blaziken|Protect
|move|p1a: Rillaboom|Fake Out|p2a: Blaziken
|-activate|p2a: Blaziken|move: Protect
|
|-heal|p2a: Blaziken|10/100|[from] Grassy Terrain
|-ability|p2a: Blaziken|Speed Boost|boost
|-boost|p2a: Blaziken|spe|1
|upkeep
|turn|6
|
|t:|1677842948
|switch|p1a: Tapu Fini|Tapu Fini|100/100
|-fieldstart|move: Misty Terrain|[from] ability: Misty Surge|[of] p1a: Tapu Fini
|move|p2a: Blaziken|Reversal|p1a: Tapu Fini
|-resisted|p1a: Tapu Fini
|-damage|p1a: Tapu Fini|0 fnt
|faint|p1a: Tapu Fini
|
|-ability|p2a: Blaziken|Speed Boost|boost
|-boost|p2a: Blaziken|spe|1
|upkeep
|
|t:|1677842953
|switch|p1a: Rillaboom|Rillaboom, M|100/100
|-fieldstart|move: Grassy Terrain|[from] ability: Grassy Surge|[of] p1a: Rillaboom
|turn|7
|
|t:|1677842960
|move|p2a: Blaziken|Protect|p2a: Blaziken
|-singleturn|p2a: Blaziken|Protect
|move|p1a: Rillaboom|Grassy Glide|p2a: Blaziken
|-activate|p2a: Blaziken|move: Protect
|
|-heal|p2a: Blaziken|16/100|[from] Grassy Terrain
|upkeep
|turn|8
|
|t:|1677842967
|move|p1a: Rillaboom|Grassy Glide|p2a: Blaziken
|-resisted|p2a: Blaziken
|-damage|p2a: Blaziken|0 fnt
|faint|p2a: Blaziken
|
|upkeep
|
|t:|1677842984
|switch|p2a: Garchomp|Garchomp, F|100/100
|-damage|p2a: Garchomp|94/100|[from] Stealth Rock
|turn|9
|
|t:|1677842991
|move|p1a: Rillaboom|Grassy Glide|p2a: Garchomp
|-damage|p2a: Garchomp|56/100
|-damage|p1a: Rillaboom|88/100|[from] ability: Rough Skin|[of] p2a: Garchomp
|move|p2a: Garchomp|Toxic|p1a: Rillaboom
|-status|p1a: Rillaboom|tox
|
|-heal|p1a: Rillaboom|94/100 tox|[from] Grassy Terrain
|-heal|p2a: Garchomp|62/100|[from] Grassy Terrain
|-heal|p2a: Garchomp|68/100|[from] item: Leftovers
|-damage|p1a: Rillaboom|88/100 tox|[from] psn
|upkeep
|turn|10
|
|t:|1677843002
|move|p2a: Garchomp|Protect|p2a: Garchomp
|-singleturn|p2a: Garchomp|Protect
|move|p1a: Rillaboom|Grassy Glide|p2a: Garchomp
|-activate|p2a: Garchomp|move: Protect
|
|-heal|p1a: Rillaboom|94/100 tox|[from] Grassy Terrain
|-heal|p2a: Garchomp|74/100|[from] Grassy Terrain
|-heal|p2a: Garchomp|80/100|[from] item: Leftovers
|-damage|p1a: Rillaboom|82/100 tox|[from] psn
|upkeep
|turn|11
|
|t:|1677843014
|move|p1a: Rillaboom|Grassy Glide|p2a: Garchomp
|-damage|p2a: Garchomp|38/100
|-damage|p1a: Rillaboom|70/100 tox|[from] ability: Rough Skin|[of] p2a: Garchomp
|move|p2a: Garchomp|Sand Tomb|p1a: Rillaboom
|-resisted|p1a: Rillaboom
|-crit|p1a: Rillaboom
|-damage|p1a: Rillaboom|57/100 tox
|-activate|p1a: Rillaboom|move: Sand Tomb|[of] p2a: Garchomp
|
|-heal|p1a: Rillaboom|64/100 tox|[from] Grassy Terrain
|-heal|p2a: Garchomp|44/100|[from] Grassy Terrain
|-heal|p2a: Garchomp|50/100|[from] item: Leftovers
|-damage|p1a: Rillaboom|45/100 tox|[from] psn
|-damage|p1a: Rillaboom|33/100 tox|[from] move: Sand Tomb|[partiallytrapped]
|-fieldend|move: Grassy Terrain
|upkeep
|turn|12
|c|☆Duanxian|受不了一点
|
|t:|1677843030
|move|p2a: Garchomp|Protect|p2a: Garchomp
|-singleturn|p2a: Garchomp|Protect
|move|p1a: Rillaboom|Grassy Glide|p2a: Garchomp
|-activate|p2a: Garchomp|move: Protect
|
|-heal|p2a: Garchomp|56/100|[from] item: Leftovers
|-damage|p1a: Rillaboom|8/100 tox|[from] psn
|-damage|p1a: Rillaboom|0 fnt|[from] move: Sand Tomb|[partiallytrapped]
|faint|p1a: Rillaboom
|upkeep
|
|t:|1677843035
|switch|p1a: Heatran|Heatran, M|100/100
|-item|p1a: Heatran|Air Balloon
|turn|13
|
|t:|1677843045
|move|p2a: Garchomp|Protect|p2a: Garchomp
|-singleturn|p2a: Garchomp|Protect
|move|p1a: Heatran|Stealth Rock||[still]
|-fail|p1a: Heatran
|
|-heal|p2a: Garchomp|62/100|[from] item: Leftovers
|upkeep
|turn|14
|
|t:|1677843053
|switch|p2a: Slowking|Slowking-Galar, M|100/100
|-damage|p2a: Slowking|88/100|[from] Stealth Rock
|move|p1a: Heatran|Earth Power|p2a: Slowking
|-supereffective|p2a: Slowking
|-damage|p2a: Slowking|60/100
|
|upkeep
|turn|15
|
|t:|1677843062
|move|p1a: Heatran|Magma Storm|p2a: Slowking
|-damage|p2a: Slowking|36/100
|-activate|p2a: Slowking|move: Magma Storm|[of] p1a: Heatran
|move|p2a: Slowking|Scald|p1a: Heatran
|-supereffective|p1a: Heatran
|-damage|p1a: Heatran|64/100
|-enditem|p1a: Heatran|Air Balloon
|
|-damage|p2a: Slowking|23/100|[from] move: Magma Storm|[partiallytrapped]
|upkeep
|turn|16
|
|t:|1677843075
|move|p1a: Heatran|Earth Power|p2a: Slowking
|-supereffective|p2a: Slowking
|-damage|p2a: Slowking|0 fnt
|faint|p2a: Slowking
|
|upkeep
|
|t:|1677843084
|switch|p2a: Volcanion|Volcanion|100/100
|-damage|p2a: Volcanion|76/100|[from] Stealth Rock
|turn|17
|
|t:|1677843096
|move|p2a: Volcanion|Earth Power|p1a: Heatran
|-supereffective|p1a: Heatran
|-damage|p1a: Heatran|0 fnt
|faint|p1a: Heatran
|
|upkeep
|
|t:|1677843103
|switch|p1a: Bisharp|Bisharp, F, shiny|100/100
|turn|18
|
|t:|1677843116
|move|p2a: Volcanion|Earth Power|p1a: Bisharp
|-supereffective|p1a: Bisharp
|-enditem|p1a: Bisharp|Focus Sash
|-damage|p1a: Bisharp|1/100
|-unboost|p1a: Bisharp|spd|1
|-ability|p1a: Bisharp|Defiant|boost
|-boost|p1a: Bisharp|atk|2
|move|p1a: Bisharp|Knock Off|p2a: Volcanion
|-damage|p2a: Volcanion|0 fnt
|-enditem|p2a: Volcanion|Choice Scarf|[from] move: Knock Off|[of] p1a: Bisharp
|faint|p2a: Volcanion
|
|upkeep
|
|t:|1677843126
|switch|p2a: Rillaboom|Rillaboom, F|100/100
|-damage|p2a: Rillaboom|88/100|[from] Stealth Rock
|-fieldstart|move: Grassy Terrain|[from] ability: Grassy Surge|[of] p2a: Rillaboom
|turn|19
|
|t:|1677843139
|move|p1a: Bisharp|Sucker Punch|p2a: Rillaboom
|-damage|p2a: Rillaboom|21/100
|move|p2a: Rillaboom|Grassy Glide|p1a: Bisharp
|-resisted|p1a: Bisharp
|-damage|p1a: Bisharp|0 fnt
|faint|p1a: Bisharp
|
|-heal|p2a: Rillaboom|27/100|[from] Grassy Terrain
|upkeep
|
|t:|1677843143
|switch|p1a: Darmanitan|Darmanitan, M|100/100
|turn|20
|
|t:|1677843158
|switch|p2a: Garchomp|Garchomp, F|62/100
|-damage|p2a: Garchomp|56/100|[from] Stealth Rock
|move|p1a: Darmanitan|Flare Blitz|p2a: Garchomp
|-resisted|p2a: Garchomp
|-damage|p2a: Garchomp|27/100
|-damage|p1a: Darmanitan|88/100|[from] ability: Rough Skin|[of] p2a: Garchomp
|-damage|p1a: Darmanitan|76/100|[from] Recoil
|
|-heal|p1a: Darmanitan|83/100|[from] Grassy Terrain
|-heal|p2a: Garchomp|33/100|[from] Grassy Terrain
|-heal|p2a: Garchomp|39/100|[from] item: Leftovers
|upkeep
|turn|21
|
|t:|1677843170
|move|p2a: Garchomp|Protect|p2a: Garchomp
|-singleturn|p2a: Garchomp|Protect
|move|p1a: Darmanitan|Flare Blitz|p2a: Garchomp
|-activate|p2a: Garchomp|move: Protect
|
|-heal|p1a: Darmanitan|89/100|[from] Grassy Terrain
|-heal|p2a: Garchomp|45/100|[from] Grassy Terrain
|-heal|p2a: Garchomp|52/100|[from] item: Leftovers
|upkeep
|turn|22
|
|t:|1677843187
|move|p1a: Darmanitan|Flare Blitz|p2a: Garchomp
|-resisted|p2a: Garchomp
|-damage|p2a: Garchomp|25/100
|-damage|p1a: Darmanitan|76/100|[from] ability: Rough Skin|[of] p2a: Garchomp
|-damage|p1a: Darmanitan|66/100|[from] Recoil
|move|p2a: Garchomp|Toxic|p1a: Darmanitan
|-status|p1a: Darmanitan|tox
|
|-heal|p1a: Darmanitan|72/100 tox|[from] Grassy Terrain
|-heal|p2a: Garchomp|31/100|[from] Grassy Terrain
|-heal|p2a: Garchomp|37/100|[from] item: Leftovers
|-damage|p1a: Darmanitan|66/100 tox|[from] psn
|upkeep
|turn|23
|-message|Duanxian forfeited.
|
|win|qq290572945
|raw|Duanxian's rating: 1126 &rarr; <strong>1114</strong><br />(-12 for losing)
|raw|qq290572945's rating: 1321 &rarr; <strong>1331</strong><br />(+10 for winning)
|l|☆Duanxian
