|j|☆Lennn
|j|☆OU researcher
|t:|1677828087
|gametype|singles
|player|p1|Lennn|anabel|1424
|player|p2|OU researcher|colress-gen7|1446
|teamsize|p1|6
|teamsize|p2|6
|gen|8
|tier|[Gen 8] OU
|rated|
|rule|Sleep Clause Mod: Limit one foe put to sleep
|rule|Species Clause: Limit one of each Pokémon
|rule|OHKO Clause: OHKO moves are banned
|rule|Evasion Items Clause: Evasion items are banned
|rule|Evasion Moves Clause: Evasion moves are banned
|rule|Endless Battle Clause: Forcing endless battles is banned
|rule|HP Percentage Mod: HP is shown in percentages
|rule|Dynamax Clause: You cannot dynamax
|clearpoke
|poke|p1|Tapu Lele|
|poke|p1|Porygon-Z|
|poke|p1|Pelipper, F|
|poke|p1|Ferrothorn, M|
|poke|p1|Barraskewda, M|
|poke|p1|Garchomp, M|
|poke|p2|Buzzwole|
|poke|p2|Landorus-Therian, M|
|poke|p2|Clefable, F|
|poke|p2|Heatran, M|
|poke|p2|Blacephalon|
|poke|p2|Slowking, F|
|teampreview
|inactive|Battle timer is ON: inactive players will automatically lose when time's up. (requested by OU researcher)
|inactive|OU researcher has 120 seconds left.
|
|t:|1677828132
|start
|switch|p1a: Garchomp|Garchomp, M|100/100
|switch|p2a: Clefable|Clefable, F|100/100
|turn|1
|inactive|Lennn has 120 seconds left.
|
|t:|1677828164
|switch|p1a: Ferrothorn|Ferrothorn, M|100/100
|move|p2a: Clefable|Trick|p1a: Ferrothorn
|-activate|p2a: Clefable|move: Trick|[of] p1a: Ferrothorn
|-item|p1a: Ferrothorn|Sticky Barb|[from] move: Trick
|-item|p2a: Clefable|Rocky Helmet|[from] move: Trick
|
|-damage|p1a: Ferrothorn|88/100|[from] item: Sticky Barb
|upkeep
|turn|2
|j| Tasmu
|inactive|Lennn has 120 seconds left.
|
|t:|1677828183
|switch|p1a: Garchomp|Garchomp, M|100/100
|move|p2a: Clefable|Stealth Rock|p1a: Garchomp
|-sidestart|p1: Lennn|move: Stealth Rock
|
|upkeep
|turn|3
|inactive|Lennn has 120 seconds left.
|
|t:|1677828193
|move|p1a: Garchomp|Swords Dance|p1a: Garchomp
|-boost|p1a: Garchomp|atk|2
|move|p2a: Clefable|Moonblast|p1a: Garchomp
|-supereffective|p1a: Garchomp
|-damage|p1a: Garchomp|28/100
|
|-heal|p1a: Garchomp|34/100|[from] item: Leftovers
|upkeep
|turn|4
|
|t:|1677828202
|switch|p2a: Landorus|Landorus-Therian, M|100/100
|-ability|p2a: Landorus|Intimidate|boost
|-unboost|p1a: Garchomp|atk|1
|move|p1a: Garchomp|Earthquake|p2a: Landorus
|-immune|p2a: Landorus
|
|-heal|p1a: Garchomp|41/100|[from] item: Leftovers
|upkeep
|turn|5
|
|t:|1677828209
|switch|p2a: Clefable|Clefable, F|100/100
|move|p1a: Garchomp|Stealth Rock|p2a: Clefable
|-sidestart|p2: OU researcher|move: Stealth Rock
|
|-heal|p1a: Garchomp|47/100|[from] item: Leftovers
|upkeep
|turn|6
|
|t:|1677828219
|move|p1a: Garchomp|Earthquake|p2a: Clefable
|-damage|p2a: Clefable|42/100
|move|p2a: Clefable|Moonblast|p1a: Garchomp
|-supereffective|p1a: Garchomp
|-damage|p1a: Garchomp|0 fnt
|faint|p1a: Garchomp
|
|upkeep
|
|t:|1677828225
|switch|p1a: Porygon-Z|Porygon-Z|100/100
|-damage|p1a: Porygon-Z|88/100|[from] Stealth Rock
|-ability|p1a: Porygon-Z|Download|boost
|-boost|p1a: Porygon-Z|spa|1
|turn|7
|inactive|Lennn has 120 seconds left.
|
|t:|1677828246
|switch|p2a: Slowking|Slowking, F|100/100
|move|p1a: Porygon-Z|Thunderbolt|p2a: Slowking
|-supereffective|p2a: Slowking
|-damage|p2a: Slowking|3/100
|
|upkeep
|turn|8
|
|t:|1677828256
|switch|p1a: Pelipper|Pelipper, F|100/100
|-damage|p1a: Pelipper|76/100|[from] Stealth Rock
|-weather|RainDance|[from] ability: Drizzle|[of] p1a: Pelipper
|switch|p2a: Landorus|Landorus-Therian, M|100/100
|-damage|p2a: Landorus|88/100|[from] Stealth Rock
|-ability|p2a: Landorus|Intimidate|boost
|-unboost|p1a: Pelipper|atk|1
|
|-weather|RainDance|[upkeep]
|-heal|p2a: Landorus|94/100|[from] item: Leftovers
|upkeep
|turn|9
|inactive|Lennn has 120 seconds left.
|
|t:|1677828282
|move|p2a: Landorus|Toxic|p1a: Pelipper
|-status|p1a: Pelipper|tox
|move|p1a: Pelipper|U-turn|p2a: Landorus
|-resisted|p2a: Landorus
|-damage|p2a: Landorus|91/100
|
|t:|1677828287
|switch|p1a: Barraskewda|Barraskewda, M|100/100|[from] U-turn
|-damage|p1a: Barraskewda|88/100|[from] Stealth Rock
|
|-weather|RainDance|[upkeep]
|-heal|p2a: Landorus|97/100|[from] item: Leftovers
|upkeep
|turn|10
|inactive|OU researcher has 120 seconds left.
|inactive|OU researcher has 90 seconds left.
|
|t:|1677828369
|switch|p2a: Clefable|Clefable, F|42/100
|move|p1a: Barraskewda|Flip Turn|p2a: Clefable
|-damage|p2a: Clefable|0 fnt
|-damage|p1a: Barraskewda|72/100|[from] item: Rocky Helmet|[of] p2a: Clefable
|faint|p2a: Clefable
|inactive|Lennn has 120 seconds left.
|
|t:|1677828381
|switch|p1a: Porygon-Z|Porygon-Z|88/100|[from] Flip Turn
|-damage|p1a: Porygon-Z|76/100|[from] Stealth Rock
|
|-weather|RainDance|[upkeep]
|upkeep
|
|t:|1677828390
|switch|p2a: Heatran|Heatran, M|100/100
|-damage|p2a: Heatran|88/100|[from] Stealth Rock
|turn|11
|inactive|Lennn has 120 seconds left.
|
|t:|1677828403
|move|p2a: Heatran|Protect|p2a: Heatran
|-singleturn|p2a: Heatran|Protect
|move|p1a: Porygon-Z|Thunderbolt|p2a: Heatran
|-activate|p2a: Heatran|move: Protect
|
|-weather|RainDance|[upkeep]
|-heal|p2a: Heatran|94/100|[from] item: Leftovers
|upkeep
|turn|12
|inactive|OU researcher has 90 seconds left.
|inactive|Lennn has 120 seconds left.
|
|t:|1677828415
|switch|p1a: Barraskewda|Barraskewda, M|72/100
|-damage|p1a: Barraskewda|60/100|[from] Stealth Rock
|move|p2a: Heatran|Magma Storm|p1a: Barraskewda
|-resisted|p1a: Barraskewda
|-damage|p1a: Barraskewda|36/100
|-activate|p1a: Barraskewda|move: Magma Storm|[of] p2a: Heatran
|
|-weather|RainDance|[upkeep]
|-heal|p2a: Heatran|100/100|[from] item: Leftovers
|-damage|p1a: Barraskewda|24/100|[from] move: Magma Storm|[partiallytrapped]
|upkeep
|turn|13
|
|t:|1677828420
|move|p2a: Heatran|Protect|p2a: Heatran
|-singleturn|p2a: Heatran|Protect
|move|p1a: Barraskewda|Flip Turn|p2a: Heatran
|-activate|p2a: Heatran|move: Protect
|
|-weather|RainDance|[upkeep]
|-damage|p1a: Barraskewda|12/100|[from] move: Magma Storm|[partiallytrapped]
|upkeep
|turn|14
|
|t:|1677828427
|switch|p2a: Buzzwole|Buzzwole|100/100
|-damage|p2a: Buzzwole|88/100|[from] Stealth Rock
|move|p1a: Barraskewda|Flip Turn|p2a: Buzzwole
|-damage|p2a: Buzzwole|53/100
|-damage|p1a: Barraskewda|0 fnt|[from] item: Rocky Helmet|[of] p2a: Buzzwole
|faint|p1a: Barraskewda
|
|-weather|RainDance|[upkeep]
|upkeep
|
|t:|1677828437
|switch|p1a: Tapu Lele|Tapu Lele|100/100
|-damage|p1a: Tapu Lele|88/100|[from] Stealth Rock
|-fieldstart|move: Psychic Terrain|[from] ability: Psychic Surge|[of] p1a: Tapu Lele
|turn|15
|
|t:|1677828450
|move|p1a: Tapu Lele|Future Sight|p2a: Buzzwole
|-start|p1a: Tapu Lele|move: Future Sight
|move|p2a: Buzzwole|Toxic|p1a: Tapu Lele
|-status|p1a: Tapu Lele|tox
|
|-weather|none
|-damage|p1a: Tapu Lele|82/100 tox|[from] psn
|upkeep
|turn|16
|
|t:|1677828459
|switch|p1a: Pelipper|Pelipper, F|76/100 tox
|-damage|p1a: Pelipper|51/100 tox|[from] Stealth Rock
|-weather|RainDance|[from] ability: Drizzle|[of] p1a: Pelipper
|move|p2a: Buzzwole|Close Combat|p1a: Pelipper
|-resisted|p1a: Pelipper
|-damage|p1a: Pelipper|19/100 tox
|-unboost|p2a: Buzzwole|def|1
|-unboost|p2a: Buzzwole|spd|1
|
|-weather|RainDance|[upkeep]
|-damage|p1a: Pelipper|13/100 tox|[from] psn
|upkeep
|turn|17
|inactive|OU researcher has 120 seconds left.
|
|t:|1677828476
|move|p2a: Buzzwole|Close Combat|p1a: Pelipper
|-resisted|p1a: Pelipper
|-damage|p1a: Pelipper|0 fnt
|-unboost|p2a: Buzzwole|def|1
|-unboost|p2a: Buzzwole|spd|1
|faint|p1a: Pelipper
|-ability|p2a: Buzzwole|Beast Boost|boost
|-boost|p2a: Buzzwole|def|1
|
|-weather|RainDance|[upkeep]
|-end|p2a: Buzzwole|move: Future Sight
|-supereffective|p2a: Buzzwole
|-damage|p2a: Buzzwole|0 fnt
|faint|p2a: Buzzwole
|upkeep
|
|t:|1677828486
|switch|p2a: Heatran|Heatran, M|100/100
|switch|p1a: Ferrothorn|Ferrothorn, M|88/100
|-damage|p2a: Heatran|88/100|[from] Stealth Rock
|-damage|p1a: Ferrothorn|82/100|[from] Stealth Rock
|turn|18
|
|t:|1677828495
|move|p2a: Heatran|Protect|p2a: Heatran
|-singleturn|p2a: Heatran|Protect
|move|p1a: Ferrothorn|Leech Seed|p2a: Heatran
|-activate|p2a: Heatran|move: Protect
|
|-weather|RainDance|[upkeep]
|-heal|p2a: Heatran|94/100|[from] item: Leftovers
|-damage|p1a: Ferrothorn|70/100|[from] item: Sticky Barb
|upkeep
|turn|19
|
|t:|1677828507
|move|p2a: Heatran|Magma Storm|p1a: Ferrothorn|[miss]
|-miss|p2a: Heatran|p1a: Ferrothorn
|move|p1a: Ferrothorn|Leech Seed|p2a: Heatran
|-start|p2a: Heatran|move: Leech Seed
|
|-weather|RainDance|[upkeep]
|-heal|p2a: Heatran|100/100|[from] item: Leftovers
|-damage|p2a: Heatran|88/100|[from] Leech Seed|[of] p1a: Ferrothorn
|-heal|p1a: Ferrothorn|84/100|[silent]
|-fieldend|move: Psychic Terrain
|-damage|p1a: Ferrothorn|71/100|[from] item: Sticky Barb
|upkeep
|turn|20
|
|t:|1677828514
|switch|p2a: Landorus|Landorus-Therian, M|97/100
|-damage|p2a: Landorus|85/100|[from] Stealth Rock
|-ability|p2a: Landorus|Intimidate|boost
|-unboost|p1a: Ferrothorn|atk|1
|move|p1a: Ferrothorn|Spikes|p2a: Landorus
|-sidestart|p2: OU researcher|Spikes
|
|-weather|RainDance|[upkeep]
|-heal|p2a: Landorus|91/100|[from] item: Leftovers
|-damage|p1a: Ferrothorn|59/100|[from] item: Sticky Barb
|upkeep
|turn|21
|
|t:|1677828523
|move|p2a: Landorus|Earthquake|p1a: Ferrothorn
|-damage|p1a: Ferrothorn|31/100
|move|p1a: Ferrothorn|Leech Seed|p2a: Landorus
|-start|p2a: Landorus|move: Leech Seed
|
|-weather|RainDance|[upkeep]
|-heal|p2a: Landorus|97/100|[from] item: Leftovers
|-damage|p2a: Landorus|85/100|[from] Leech Seed|[of] p1a: Ferrothorn
|-heal|p1a: Ferrothorn|44/100|[silent]
|-damage|p1a: Ferrothorn|32/100|[from] item: Sticky Barb
|upkeep
|turn|22
|
|t:|1677828529
|move|p2a: Landorus|Defog|p1a: Ferrothorn
|-unboost|p1a: Ferrothorn|evasion|1
|-sideend|p1: Lennn|Stealth Rock|[from] move: Defog|[of] p2a: Landorus
|-sideend|p2: OU researcher|Spikes|[from] move: Defog|[of] p2a: Landorus
|-sideend|p2: OU researcher|Stealth Rock|[from] move: Defog|[of] p2a: Landorus
|move|p1a: Ferrothorn|Spikes|p2a: Landorus
|-sidestart|p2: OU researcher|Spikes
|
|-weather|RainDance|[upkeep]
|-heal|p2a: Landorus|91/100|[from] item: Leftovers
|-damage|p2a: Landorus|78/100|[from] Leech Seed|[of] p1a: Ferrothorn
|-heal|p1a: Ferrothorn|46/100|[silent]
|-damage|p1a: Ferrothorn|33/100|[from] item: Sticky Barb
|upkeep
|turn|23
|
|t:|1677828546
|switch|p2a: Slowking|Slowking, F|36/100
|move|p1a: Ferrothorn|Knock Off|p2a: Slowking
|-supereffective|p2a: Slowking
|-damage|p2a: Slowking|9/100
|-enditem|p2a: Slowking|Heavy-Duty Boots|[from] move: Knock Off|[of] p1a: Ferrothorn
|
|-weather|none
|-damage|p1a: Ferrothorn|21/100|[from] item: Sticky Barb
|upkeep
|turn|24
|
|t:|1677828555
|switch|p2a: Landorus|Landorus-Therian, M|78/100
|-ability|p2a: Landorus|Intimidate|boost
|-unboost|p1a: Ferrothorn|atk|1
|move|p1a: Ferrothorn|Leech Seed|p2a: Landorus
|-start|p2a: Landorus|move: Leech Seed
|
|-heal|p2a: Landorus|84/100|[from] item: Leftovers
|-damage|p2a: Landorus|72/100|[from] Leech Seed|[of] p1a: Ferrothorn
|-heal|p1a: Ferrothorn|34/100|[silent]
|-damage|p1a: Ferrothorn|22/100|[from] item: Sticky Barb
|upkeep
|turn|25
|
|t:|1677828567
|move|p2a: Landorus|Earthquake|p1a: Ferrothorn
|-damage|p1a: Ferrothorn|0 fnt
|faint|p1a: Ferrothorn
|
|-heal|p2a: Landorus|78/100|[from] item: Leftovers
|upkeep
|
|t:|1677828569
|switch|p1a: Tapu Lele|Tapu Lele|82/100 tox
|-fieldstart|move: Psychic Terrain|[from] ability: Psychic Surge|[of] p1a: Tapu Lele
|turn|26
|
|t:|1677828584
|move|p1a: Tapu Lele|Psychic|p2a: Landorus
|-damage|p2a: Landorus|29/100
|move|p2a: Landorus|Earthquake|p1a: Tapu Lele
|-damage|p1a: Tapu Lele|10/100 tox
|
|-heal|p2a: Landorus|35/100|[from] item: Leftovers
|-damage|p2a: Landorus|23/100|[from] Leech Seed|[of] p1a: Tapu Lele
|-heal|p1a: Tapu Lele|27/100 tox|[silent]
|-damage|p1a: Tapu Lele|21/100 tox|[from] psn
|upkeep
|turn|27
|
|t:|1677828588
|move|p1a: Tapu Lele|Psychic|p2a: Landorus
|-damage|p2a: Landorus|0 fnt
|faint|p2a: Landorus
|
|-damage|p1a: Tapu Lele|9/100 tox|[from] psn
|upkeep
|c|☆OU researcher|gg
|
|t:|1677828592
|switch|p2a: Blacephalon|Blacephalon|100/100
|-damage|p2a: Blacephalon|88/100|[from] Spikes
|turn|28
|-message|Lennn forfeited.
|
|win|OU researcher
|raw|Lennn's rating: 1424 &rarr; <strong>1405</strong><br />(-19 for losing)
|raw|OU researcher's rating: 1446 &rarr; <strong>1465</strong><br />(+19 for winning)
|l|☆Lennn
|l| Tasmu
