|raw|<div class="broadcast-blue"><strong>This battle is required to be public due to a player having a name prefixed by 'LT71LX'.</div>
|j|☆LT71LX Storm
|j|☆LT71LX Kappucci
|t:|1597366221
|player|p1|LT71LX Storm|lusamine-nihilego|2132
|player|p2|LT71LX Kappucci|twins|2159
|teamsize|p1|6
|teamsize|p2|6
|gametype|singles
|gen|8
|tier|[Gen 8] OU
|rated|
|clearpoke
|poke|p1|Toxtricity, M|
|poke|p1|Rillaboom, M|
|poke|p1|Volcarona, M|
|poke|p1|Primarina, M|
|poke|p1|Urshifu-*, M|
|poke|p1|Excadrill, M|
|poke|p2|Kommo-o, M|
|poke|p2|Hydreigon, F|
|poke|p2|Aegislash, F|
|poke|p2|Azumarill, M|
|poke|p2|Mimikyu, M|
|poke|p2|Dragapult, M|
|rule|Sleep Clause Mod: Limit one foe put to sleep
|rule|Species Clause: Limit one of each Pokémon
|rule|OHKO Clause: OHKO moves are banned
|rule|Evasion Moves Clause: Evasion moves are banned
|rule|Endless Battle Clause: Forcing endless battles is banned
|rule|HP Percentage Mod: HP is shown in percentages
|rule|Dynamax Clause: You cannot dynamax
|teampreview
|j| Nacho Varga
|j| Waylaid
|j|+rozes
|j| Squirtell
|j| LT71LX Onoka.
|j| memesketch
|j| Yungster_Testboi
|j|%temp
|j| LT71LX PK
|j| lt71lx cuzzie
|j| LT71LX Luthier
|j|+false
|j|+Sun
|j| LT71LX Sam
|j| Default Danced On
|j|+Analytic
|j| Akalli
|j| pizza
|j| htcl
|j| Kiichikos
|j| outu why
|j| Mannat
|j| Boigunn
|j| Padox
|c|☆LT71LX Storm|nk lt71lx storm
|j| AltCauseImInsecure
|j| Mxchine
|j| serlandy
|j| peekoball
|j| tazz
|j| Enzo Gorlami
|j| LightScreener
|j| LT71LX Sks
|j| fish18
|j|+Cdumas
|j| Mionda
|j| LT71LX Niko
|j| RNN YasuKe
|j| Sinead's Hairline
|j| Tuononda
|j| on the wind
|j| Mighty Dagon (<.<)
|j| dragaputo
|j| pzowmx
|j| ISuckXDDDD
|j| Corckscrew❤️
|j| Boulicrok
|j| MyNameIsAmph
|j| roundpenguin
|j|+Ticken
|j| BigBadKii
|j| good things come
|j| killabyss
|j| LingvaeX
|j| lt71lx Reign_X
|j| LT71LX Doom
|j|+Krauersaut
|j| TacosAreBroken
|j| Kingbrick
|j|+Roseybear
|j| Cam
|j| Instagram Models
|j| xray
|j| James110489
|j| Kory2600
|j| Livio ElTito
|j| tyurtjddtutdtutd
|j| brouha
|c| Padox|u dont have to put ur name
|c| Padox|for /rank
|j|+klefkiholder
|j| LT71LX ayouko
|j| curopins
|j| Atle001
|j| tysir00
|j| Jytcampbell
|j|+Excal
|j| ayevon
|j| Im genuinely bad.
|j|+Ruft
|j| lt71lx slainey
|j| suapah
|j| AttackonSamurott
|j| 2013 steel
|j| utah jasmine fo
|j| aleserdez
|j| outu23
|j| Hayburner
|j| aiwudubwaidba
|j| Devil Patchy
|j| Wertsd26
|j|+Averardo
|j| krbnm
|j| Sugar K Leonard
|l| Corckscrew❤️
|j| anak jahad
|j|@Tony
|j| Corckscrew❤️
|j| Hockey1
|inactive|Battle timer is ON: inactive players will automatically lose when time's up. (requested by LT71LX Kappucci)
|j| INSULT
|j| snlg
|j| Love Is Cruel
|j| Brayz
|j| qu1tr
|
|t:|1597366289
|start
|switch|p1a: Kyotaro|Toxtricity, M|100/100
|switch|p2a: Azumarill|Azumarill, M|100/100
|turn|1
|j| exploraxx
|j| Black_Knight777
|j| somanyskies
|j| Randy788
|j| Forresterr♣
|j| lt71lx vaboh
|n| pervachu|aiwudubwaidba
|j| thele
|
|t:|1597366309
|switch|p2a: Kommo-o|Kommo-o, M|100/100
|move|p1a: Kyotaro|Overdrive|p2a: Kommo-o
|-resisted|p2a: Kommo-o
|-damage|p2a: Kommo-o|62/100
|-damage|p1a: Kyotaro|91/100|[from] item: Life Orb
|
|upkeep
|turn|2
|j| Spl4sh
|j| Onddem
|
|t:|1597366314
|move|p2a: Kommo-o|Stealth Rock|p1a: Kyotaro
|-sidestart|p1: LT71LX Storm|move: Stealth Rock
|move|p1a: Kyotaro|Boomburst|p2a: Kommo-o
|-damage|p2a: Kommo-o|0 fnt
|-damage|p1a: Kyotaro|81/100|[from] item: Life Orb
|faint|p2a: Kommo-o
|
|upkeep
|j| Jey2
|l| lt71lx vaboh
|
|t:|1597366324
|switch|p2a: Dragapult|Dragapult, M|100/100
|turn|3
|j| LT71LX life
|j| Ayante
|
|t:|1597366334
|switch|p1a: Celestine|Primarina, M|100/100
|-damage|p1a: Celestine|88/100|[from] Stealth Rock
|move|p2a: Dragapult|Steel Wing|p1a: Celestine|[miss]
|-miss|p2a: Dragapult|p1a: Celestine
|
|-heal|p1a: Celestine|94/100|[from] item: Leftovers
|upkeep
|turn|4
|l| exploraxx
|j| exploraxx
|j| lt71lx vaboh
|j| Skypenguin
|j| horadobos
|j| Karppi
|j| fangui
|n| fangui|fangui
|j| ytrewr3423
|l| Boigunn
|j| B4tt1enet
|c|☆LT71LX Kappucci|ovviamente
|j| LT71LX Mister Mime
|j| Waveshaper
|j| Borghi74
|j| TuanNguyen
|
|t:|1597366356
|switch|p2a: Azumarill|Azumarill, M|100/100
|move|p1a: Celestine|Scald|p2a: Azumarill
|-resisted|p2a: Azumarill
|-damage|p2a: Azumarill|82/100
|
|-heal|p1a: Celestine|99/100|[from] item: Leftovers
|upkeep
|turn|5
|j| Boigunn
|j|+Primal Unova
|
|t:|1597366369
|switch|p1a: Amaterasu|Volcarona, M, shiny|100/100
|move|p2a: Azumarill|Play Rough|p1a: Amaterasu
|-resisted|p1a: Amaterasu
|-damage|p1a: Amaterasu|74/100
|
|upkeep
|turn|6
|j| mad goonery
|c| TacosAreBroken|use soundproof boys
|j| WaterDrake
|j| Baloor
|
|t:|1597366380
|move|p1a: Amaterasu|Flamethrower|p2a: Azumarill
|-resisted|p2a: Azumarill
|-damage|p2a: Azumarill|57/100
|move|p2a: Azumarill|Knock Off|p1a: Amaterasu
|-damage|p1a: Amaterasu|39/100
|-status|p2a: Azumarill|brn|[from] ability: Flame Body|[of] p1a: Amaterasu
|-enditem|p1a: Amaterasu|Heavy-Duty Boots|[from] move: Knock Off|[of] p2a: Azumarill
|
|-damage|p2a: Azumarill|51/100 brn|[from] brn
|upkeep
|turn|7
|c|☆LT71LX Kappucci|lol
|n| Yashyashashketchjm|lt71lxmistermime
|j| Julio Collado
|j| LT71LX Grandmaster
|
|t:|1597366394
|move|p1a: Amaterasu|Roost|p1a: Amaterasu
|-heal|p1a: Amaterasu|90/100
|-singleturn|p1a: Amaterasu|move: Roost
|move|p2a: Azumarill|Belly Drum|p2a: Azumarill
|-damage|p2a: Azumarill|1/100 brn
|-setboost|p2a: Azumarill|atk|6|[from] move: Belly Drum
|-enditem|p2a: Azumarill|Sitrus Berry|[eat]
|-heal|p2a: Azumarill|26/100 brn|[from] item: Sitrus Berry
|
|-damage|p2a: Azumarill|20/100 brn|[from] brn
|upkeep
|turn|8
|
|t:|1597366401
|move|p2a: Azumarill|Aqua Jet|p1a: Amaterasu
|-supereffective|p1a: Amaterasu
|-damage|p1a: Amaterasu|6/100
|move|p1a: Amaterasu|Flamethrower|p2a: Azumarill
|-resisted|p2a: Azumarill
|-damage|p2a: Azumarill|0 fnt
|faint|p2a: Azumarill
|
|upkeep
|c| Im genuinely bad.|someone count how many burns this volcarona's gotten
|j| cattm
|l| thele
|j| ezws
|l| LT71LX Onoka.
|l| AltCauseImInsecure
|l| cattm
|c|☆LT71LX Kappucci|lag
|c|☆LT71LX Kappucci|dio merda
|
|t:|1597366419
|switch|p2a: Hydreigon|Hydreigon, F|100/100
|turn|9
|c|☆LT71LX Storm|rank lt71lx storm
|j| cdbhipsan
|j| GOATDON
|
|t:|1597366429
|switch|p1a: Celestine|Primarina, M|99/100
|-damage|p1a: Celestine|88/100|[from] Stealth Rock
|move|p2a: Hydreigon|Flash Cannon|p1a: Celestine
|-damage|p1a: Celestine|64/100
|-damage|p2a: Hydreigon|91/100|[from] item: Life Orb
|
|-heal|p1a: Celestine|70/100|[from] item: Leftovers
|upkeep
|turn|10
|l| RNN YasuKe
|j| LT71LX Onoka.
|j| go team us midwest
|c|☆LT71LX Kappucci|yea all i needed was a chip
|c|☆LT71LX Kappucci|on this bullshit
|l| Yashyashashketchjm
|
|t:|1597366443
|switch|p2a: Mimikyu|Mimikyu, M|100/100
|move|p1a: Celestine|Draining Kiss|p2a: Mimikyu
|-activate|p2a: Mimikyu|ability: Disguise
|-damage|p2a: Mimikyu|100/100
|detailschange|p2a: Mimikyu|Mimikyu-Busted, M
|-damage|p2a: Mimikyu|88/100|[from] pokemon: Mimikyu-Busted
|
|-heal|p1a: Celestine|76/100|[from] item: Leftovers
|upkeep
|turn|11
|j| relous
|c| serlandy|6min
|c| LT71LX Niko|man if ur searching for ur rank
|j| Heorem
|c| LT71LX Niko|u can just do /rank
|
|t:|1597366461
|switch|p1a: Amaterasu|Volcarona, M, shiny|6/100
|-damage|p1a: Amaterasu|0 fnt|[from] Stealth Rock
|faint|p1a: Amaterasu
|move|p2a: Mimikyu|Swords Dance|p2a: Mimikyu
|-boost|p2a: Mimikyu|atk|2
|
|upkeep
|
|t:|1597366463
|switch|p1a: Tama Tonga|Rillaboom, M|100/100
|-damage|p1a: Tama Tonga|88/100|[from] Stealth Rock
|-fieldstart|move: Grassy Terrain|[from] ability: Grassy Surge|[of] p1a: Tama Tonga
|turn|12
|j| yiuim
|
|t:|1597366468
|switch|p2a: Aegislash|Aegislash, F|100/100
|move|p1a: Tama Tonga|Grassy Glide|p2a: Aegislash
|-resisted|p2a: Aegislash
|-damage|p2a: Aegislash|69/100
|-damage|p1a: Tama Tonga|78/100|[from] item: Life Orb
|
|-heal|p1a: Tama Tonga|84/100|[from] Grassy Terrain
|-heal|p2a: Aegislash|75/100|[from] Grassy Terrain
|upkeep
|turn|13
|l|+Sun
|
|t:|1597366474
|move|p2a: Aegislash|King's Shield|p2a: Aegislash
|-singleturn|p2a: Aegislash|Protect
|move|p1a: Tama Tonga|High Horsepower|p2a: Aegislash
|-activate|p2a: Aegislash|move: Protect
|-unboost|p1a: Tama Tonga|atk|1
|
|-heal|p1a: Tama Tonga|91/100|[from] Grassy Terrain
|-heal|p2a: Aegislash|81/100|[from] Grassy Terrain
|upkeep
|turn|14
|n| slainey|lt71lxslainey
|j| SuperEpicAmpharos
|
|t:|1597366483
|switch|p1a: Impaler|Excadrill, M, shiny|100/100
|-damage|p1a: Impaler|97/100|[from] Stealth Rock
|-ability|p1a: Impaler|Mold Breaker
|switch|p2a: Hydreigon|Hydreigon, F|91/100
|
|-heal|p1a: Impaler|100/100|[from] item: Leftovers
|upkeep
|turn|15
|
|t:|1597366500
|move|p2a: Hydreigon|Nasty Plot|p2a: Hydreigon
|-boost|p2a: Hydreigon|spa|2
|move|p1a: Impaler|Toxic|p2a: Hydreigon
|-status|p2a: Hydreigon|tox
|
|-damage|p2a: Hydreigon|84/100 tox|[from] psn
|upkeep
|turn|16
|
|t:|1597366504
|move|p2a: Hydreigon|Flamethrower|p1a: Impaler
|-supereffective|p1a: Impaler
|-crit|p1a: Impaler
|-damage|p1a: Impaler|0 fnt
|-damage|p2a: Hydreigon|75/100 tox|[from] item: Life Orb
|faint|p1a: Impaler
|
|-fieldend|move: Grassy Terrain
|-damage|p2a: Hydreigon|62/100 tox|[from] psn
|upkeep
|
|t:|1597366507
|switch|p1a: Celestine|Primarina, M|76/100
|-damage|p1a: Celestine|63/100|[from] Stealth Rock
|turn|17
|
|t:|1597366511
|switch|p2a: Aegislash|Aegislash, F|81/100
|move|p1a: Celestine|Draining Kiss|p2a: Aegislash
|-resisted|p2a: Aegislash
|-damage|p2a: Aegislash|69/100
|-heal|p1a: Celestine|70/100|[from] drain|[of] p2a: Aegislash
|
|-heal|p1a: Celestine|76/100|[from] item: Leftovers
|upkeep
|turn|18
|l| fish18
|n| twentys smiles|lt71lxonoka
|j| H34T L0Rd
|j| Fostyy
|j| LT71LXMegavictinii
|j| quojova
|j| Holis D
|
|t:|1597366535
|switch|p1a: Silhouette|Urshifu, M|100/100
|-damage|p1a: Silhouette|94/100|[from] Stealth Rock
|-formechange|p2a: Aegislash|Aegislash-Blade||[from] ability: Stance Change
|move|p2a: Aegislash|Flash Cannon|p1a: Silhouette
|-damage|p1a: Silhouette|0 fnt
|-damage|p2a: Aegislash|59/100|[from] item: Life Orb
|faint|p1a: Silhouette
|
|upkeep
|l| quojova
|j| yuzmv
|
|t:|1597366540
|switch|p1a: Kyotaro|Toxtricity, M|81/100
|-damage|p1a: Kyotaro|68/100|[from] Stealth Rock
|turn|19
|j| PakotaMoet~
|l| PakotaMoet~
|
|t:|1597366546
|switch|p2a: Hydreigon|Hydreigon, F|62/100 tox
|move|p1a: Kyotaro|Overdrive|p2a: Hydreigon
|-resisted|p2a: Hydreigon
|-damage|p2a: Hydreigon|24/100 tox
|-damage|p1a: Kyotaro|58/100|[from] item: Life Orb
|
|-damage|p2a: Hydreigon|18/100 tox|[from] psn
|upkeep
|turn|20
|j| BackToFortniteFool
|j| LT71LX WD
|j| fish18
|
|t:|1597366553
|move|p2a: Hydreigon|Flash Cannon|p1a: Kyotaro
|-resisted|p1a: Kyotaro
|-damage|p1a: Kyotaro|31/100
|-damage|p2a: Hydreigon|8/100 tox|[from] item: Life Orb
|move|p1a: Kyotaro|Boomburst|p2a: Hydreigon
|-damage|p2a: Hydreigon|0 fnt
|-damage|p1a: Kyotaro|21/100|[from] item: Life Orb
|faint|p2a: Hydreigon
|
|upkeep
|j| 6... Qxf2#
|j| n1kh1il
|j| Mihowk
|j| lt71lx tace
|
|t:|1597366569
|switch|p2a: Aegislash|Aegislash, F|59/100
|turn|21
|
|t:|1597366573
|-formechange|p2a: Aegislash|Aegislash-Blade||[from] ability: Stance Change
|move|p2a: Aegislash|Shadow Sneak|p1a: Kyotaro
|-crit|p1a: Kyotaro
|-damage|p1a: Kyotaro|0 fnt
|-damage|p2a: Aegislash|49/100|[from] item: Life Orb
|faint|p1a: Kyotaro
|
|upkeep
|
|t:|1597366575
|switch|p1a: Tama Tonga|Rillaboom, M|91/100
|-damage|p1a: Tama Tonga|78/100|[from] Stealth Rock
|-fieldstart|move: Grassy Terrain|[from] ability: Grassy Surge|[of] p1a: Tama Tonga
|turn|22
|j| tinyglasses
|
|t:|1597366581
|move|p1a: Tama Tonga|High Horsepower|p2a: Aegislash
|-supereffective|p2a: Aegislash
|-damage|p2a: Aegislash|0 fnt
|-damage|p1a: Tama Tonga|68/100|[from] item: Life Orb
|faint|p2a: Aegislash
|
|-heal|p1a: Tama Tonga|74/100|[from] Grassy Terrain
|upkeep
|
|t:|1597366587
|switch|p2a: Dragapult|Dragapult, M|100/100
|turn|23
|j|+Vrin
|c| TacosAreBroken|Triple ghost kinda op tho
|
|t:|1597366591
|switch|p1a: Celestine|Primarina, M|76/100
|-damage|p1a: Celestine|64/100|[from] Stealth Rock
|move|p2a: Dragapult|Dragon Darts|p1a: Celestine
|-immune|p1a: Celestine
|
|-heal|p1a: Celestine|70/100|[from] item: Leftovers
|-heal|p1a: Celestine|76/100|[from] Grassy Terrain
|upkeep
|turn|24
|l| twentys smiles
|j| watashi
|
|t:|1597366596
|switch|p2a: Mimikyu|Mimikyu-Busted, M|88/100
|move|p1a: Celestine|Scald|p2a: Mimikyu
|-damage|p2a: Mimikyu|46/100
|-status|p2a: Mimikyu|brn
|
|-heal|p2a: Mimikyu|52/100 brn|[from] Grassy Terrain
|-heal|p1a: Celestine|82/100|[from] item: Leftovers
|-heal|p1a: Celestine|88/100|[from] Grassy Terrain
|-damage|p2a: Mimikyu|46/100 brn|[from] brn
|upkeep
|turn|25
|j| tsukasa yuzaki
|c|☆LT71LX Kappucci|ma vai
|j| MakeFrogsStr8Again
|c|☆LT71LX Kappucci|a fanculo
|j| lt71lx bfl
|c|☆LT71LX Kappucci|pure tu
|j| LT71LX Ant
|c| LT71LX Niko|porcodio
|l| watashi
|c| LT71LX ayouko|lets goooooooooo
|j| hohmon
|j| Cookieco
|j| ez
|c| Padox|lol
|j| TTTangent
|j| watashi
|c| MyNameIsAmph|Lmao
|c| LT71LX WD|lol
|j| LT71LX XVR
|c| LT71LX WD|poor bro kappa
|l| Ayante
|inactiveoff|Battle timer is now OFF.
|j|+TDK
|c| Forresterr♣|KING
|c| MyNameIsAmph|Storm is the burn lord
|c| serlandy|Go storm
|c| ytrewr3423|Oh lol
|c| Fostyy|STORM ZONE
|c| Borghi74|lets go storm
|c| Heorem|let's go stooooooorm
|c| pizza|outplayed
|c| LT71LX Doom|goat burn
|c| TacosAreBroken|Mimikyu on high ladder and it gets haxed
|c| Padox|timer
|c|+Krauersaut|LOL "battle timer is now off"
|c| LT71LX XVR|Goat
|j|+ShinyAzelf
|c| Padox|storm zone
|c| tysir00|omg
|c| Hayburner|TURN IN TIMER
|c| Padox|put timer
|c| htcl|storm turn on the timer
|c| pizza|yo
|j| Mara Sattei
|j| King l5
|c| htcl|please
|c|+Vrin|are we really gonna stall this out
|c| LT71LX ayouko|Battle timer is now OFF.
|j| best interest
|j| 64 squares
|j| Chillarmy
|c| htcl|storm
|c|+Vrin|turn on timer
|c| pizza|timer
|c| LT71LX ayouko|LOL
|c| Mighty Dagon (<.<)|Fire lord storm zone
|c|+Analytic|LOL
|c| Baloor|TUIMER
|j| TheNewBrends11@!
|c| pizza|sto
|j| olt fasting
|c| tysir00|rip
|c| LT71LX XVR|TIMERRRRR
|c| Hayburner|lmao
|c| Baloor|TIMER
|c| Borghi74|storm timer
|j| LT71LX Lio
|c| pizza|askjdkjlasadsk
|c| Baloor|TIMER
|c| htcl|storm turn it on
|c| pizza|TIMER
|c| Baloor|TIMER
|c| serlandy|?
|c| htcl|ASDFASDFASDF
|c| pizza|NO
|c| LT71LX ayouko|reojikfdlkm
|c| pizza|SDAHKKLASDKHLDASKHL
|j| Chapoa
|c| htcl|TURN IT ON STORM
|j| lt71lx juuls
|c| slainey|TIMER
|j| Dunca
|c| LT71LX ayouko|timer when
|c| yuzmv|dam
|c| pizza|TIMER
|inactive|Battle timer is ON: inactive players will automatically lose when time's up. (requested by LT71LX Storm)
|j| QuilavaBest
|c| memesketch|bruh
|c| Borghi74|finally
|c| Baloor|YES
|c| ytrewr3423|It is over
|j| melancholy hills
|c| Borghi74|bro
|c| memesketch|BRUH
|c| Hayburner|Too late
|j| Algeria
|j| hipster garbage
|c|+klefkiholder|smh
|c| Hayburner|Stalled out
|c| pizza|its TOO LATE
|c| pizza|OML
|c| LT71LX XVR|too late
|j| IPF
|c| Borghi74|its too late
|c| Borghi74|sigh
|c| LT71LX WD|dang
|c| tysir00|gg
|c|+Vrin|this blows
|c| lt71lx cuzzie|oml
|c| LT71LX Doom|lol
|c|%temp|dont tell me
|j|+Sun
|c| pizza|no fuckn way
|c| memesketch|skilled and outplayed
|j| sup kid
|inactive|LT71LX Kappucci has 120 seconds left.
|c| slainey|hes stalling him
|c|%temp|cwl
|j| LT71LX ZIIM
|c| slainey|so scummy
|j| Pokemon Hates Me
|c| pizza|no
|l| Atle001
|c| pizza|fucking
|c| pizza|way
|c| htcl|brooo are you serious
|c| Black_Knight777|oml
|j| strealet❄
|n| pzowmx|pzowmx
|c| Borghi74|this is scummy
|c| QuilavaBest|wtf
|c|+klefkiholder|isnt timer stalling banned.
|c| htcl|no fucking way
|c| Borghi74|take the L
|c| Baloor|scum
|j| Atle001
|c| Hayburner|bro kappa being scum what a surprise LOL
|j| bro fist
|c| Heorem|damn
|c| Baloor|scum
|c| Sinead's Hairline|sweaty dude
|j|@Eo
|j| cleann
|c| Baloor|scum
|j| LT71LX Kyo
|j|@Quite Quiet
|j| LT71LX sacw
|c| LT71LX Ant|wow
|j| LT71LX Newal
|l| Mannat
|j| prosecut0r
|c| Love Is Cruel|Is timerstalling not banned?
|j| Sadlysius
|j| anyoldcardtable
|j| agenS
|c| pizza|take the L u fucking monkey
|j| goao
|j|+Perry
|j| r/chonkers
|c| xray|funny hearing that from hayburner
|j| Cinderacite
|c| LT71LX Niko|stfu
|c| LT71LX Doom|just ff lol
|j| gronched
|j| Lt71x PAPA pia
|inactive|LT71LX Kappucci has 90 seconds left.
|j| Hamlife
|c|+Ruft|Kick him
|j| BBK
|c| QuilavaBest|ffs
|j| MS3D
|c| Heorem|c'moooooon
|c| LT71LXMegavictinii|LOSER
|c| pizza|fucking ban this idiot
|l| MakeFrogsStr8Again
|c| Chapoa|Theres 2 minutes ye5
|c| MyNameIsAmph|mad af
|j| pattek
|c| Borghi74|what a jackass
|j|+McMeghan
|n| Sadlysius|sadlysius
|j|@Finchinator
|c| slainey|BAN HIM
|j| AcrOne
|c| ytrewr3423|2 MINUTES
|c| MyNameIsAmph|tini shut up
|c| pizza|time stalling is banned
|c| Padox|LOL xray
|c| pizza|is it not
|c| pizza|wtf
|j| Staxi
|c| LT71LX Kyo|imagine being this person
|c| relous|he's just thinking what to click
|j| sugarhigh
|j| Disorient
|j| whyad
|j| laddertourstalling
|j| treretr
|c| go team us midwest|shut up
|l| slainey
|j|+phiwings99
|j| OU DIETY
|j| lucario737
|c| pizza|fucking scum
|c| Im genuinely bad.|br
|l| Nacho Varga
|j| Povre Mi
|j|&Aeonic
|j| thele
|j| slainey
|c|@Finchinator|bro kappa youre gonna have 200 ppl mad at u
|c| LT71LX sacw|imagine
|c|@Finchinator|in a second
|j| andIvEsC
|j| cteaming
|j| AmineFifty
|c| treretr|absolute shitstain
|j| Zombini62
|c|@Finchinator|i u dont click
|c| pizza|wtf is ur problem
|j| icantpickausername
|c| OU DIETY|o,o
|inactive|LT71LX Kappucci has 60 seconds left.
|c| pizza|u fucking asshole
|j| Iarimm
|c| sup kid|Ur doing good bro Kappa
|c|+klefkiholder|hi pizza
|c| slainey|U DONT EVEN QUAL
|j| Javoon
|c| slainey|DUDE CLICK
|c| SuperEpicAmpharos|yo why is a whole spl roster in this game
|c|+Krauersaut|lmfao
|c| 6... Qxf2#|fucking click bitchass
|c|+TDK|finch i dont think anyone asked
|c| xray|do modchat
|c| Im genuinely bad.|just click
|j| LT71LX MegaLucario
|j|@Mitsuki
|c| LT71LX Sam|bro click
|c| ytrewr3423|1 MINUTE
|c| OU DIETY|lmaoo
|c| Mara Sattei|KAKKA TIENILA UP
|c| Livio ElTito|BK no cliques y que se jodan XD
|j|+Vileman
|c| hohmon|nice way to get in lul
|c| OU DIETY|woow
|c| Sinead's Hairline|imagine sitting in your mommas basment staring at a screen doing this
|raw|<div class="broadcast-red"><strong>Moderated chat was set to +!</strong><br />Only users of rank + and higher can talk.</div>
|c|+klefkiholder|i asked tdk.
|c|+Krauersaut|nice.
|j|+FMG
|c|+klefkiholder|I asked.
|c|+Analytic|hey tdk
|c|+TDK|hello
|c|+Vrin|oppression
|inactive|LT71LX Kappucci has 30 seconds left.
|inactive|LT71LX Kappucci has 20 seconds left.
|c|+klefkiholder|hi tdk
|
|t:|1597366764
|move|p2a: Mimikyu|Shadow Claw|p1a: Celestine
|-damage|p1a: Celestine|69/100
|-damage|p2a: Mimikyu|36/100 brn|[from] item: Life Orb
|move|p1a: Celestine|Scald|p2a: Mimikyu
|-damage|p2a: Mimikyu|0 fnt
|faint|p2a: Mimikyu
|
|-heal|p1a: Celestine|75/100|[from] item: Leftovers
|-heal|p1a: Celestine|81/100|[from] Grassy Terrain
|upkeep
|inactive|LT71LX Kappucci has 25 seconds left this turn.
|
|t:|1597366767
|switch|p2a: Dragapult|Dragapult, M|100/100
|turn|26
|inactive|LT71LX Kappucci has 30 seconds left.
|inactive|LT71LX Kappucci has 20 seconds left.
|c|+Krauersaut|...
|c|+Vileman|bro kappa u suck
|inactive|LT71LX Kappucci has 15 seconds left.
|j|+Christo
|inactive|LT71LX Kappucci has 10 seconds left.
|inactive|LT71LX Kappucci has 5 seconds left.
|c|+Christo|is this kappa
|-message|LT71LX Kappucci lost due to inactivity.
|
|win|LT71LX Storm
|l|+Averardo
|c|+Analytic|ye
|l|+Excal
|l|+rozes
|l|+Primal Unova
|raw|LT71LX Storm's rating: 2164 &rarr; <strong>2183</strong><br />(+19 for winning)
|raw|LT71LX Kappucci's rating: 2161 &rarr; <strong>2141</strong><br />(-20 for losing)
|l|+TDK
|l|+Ticken
|l|+FMG
|l|+Krauersaut
|l|@Finchinator
|l|&Aeonic
|l|☆LT71LX Storm
|l|☆LT71LX Kappucci
|j|☆LT71LX Kappucci
|player|p2|LT71LX Kappucci|twins
|l|%temp
|l|+Vrin
|l|+Perry
|j|+cromagnet
|l|☆LT71LX Kappucci
|player|p2|
|l|+cromagnet
|l|+Roseybear
|l|@Quite Quiet
|l|+Sun
|l|+Analytic
|l|+ShinyAzelf
|j|&DaWoblefet
|l|+Cdumas
|l|@Eo
|j|&Aeonic
|l|+false
|j|+Attribute
|l|&Aeonic
|l|&DaWoblefet
|l|+Attribute
|c|@Mitsuki|/log pizza was locked from talking by Mitsuki. (throwing out multiple free insults)
|j|&DaWoblefet
|l|&DaWoblefet
|l|@Mitsuki
|l|+Vileman
|l|+klefkiholder
|l|+Ruft
|j|&Zodiax
|l|&Zodiax
