|raw|<div class="broadcast-blue"><strong>This battle is required to be public due to a player having a name starting with 'lt91bb'.</div>
|j|☆LT91BB N
|j|☆LT91BB Originality
|t:|1659531030
|gametype|singles
|player|p1|LT91BB N|blue-gen3|2118
|player|p2|LT91BB Originality|lusamine-nihilego|2123
|teamsize|p1|6
|teamsize|p2|6
|gen|8
|tier|[Gen 8] OU
|rated|
|rule|Sleep Clause Mod: Limit one foe put to sleep
|rule|Species Clause: Limit one of each Pokémon
|rule|OHKO Clause: OHKO moves are banned
|rule|Evasion Moves Clause: Evasion moves are banned
|rule|Endless Battle Clause: Forcing endless battles is banned
|rule|HP Percentage Mod: HP is shown in percentages
|rule|Dynamax Clause: You cannot dynamax
|clearpoke
|poke|p1|Corviknight, M|
|poke|p1|Clefable, M|
|poke|p1|Toxapex, M|
|poke|p1|Tornadus-Therian, M|
|poke|p1|Chansey, F|
|poke|p1|Hippowdon, M|
|poke|p2|Ferrothorn, M|
|poke|p2|Slowking-Galar, F|
|poke|p2|Landorus-Therian, M|
|poke|p2|Tapu Koko|
|poke|p2|Heatran, F|
|poke|p2|Urshifu-*, M|
|teampreview
|j| LT91BB Silk
|j| animefan fan
|inactive|Battle timer is ON: inactive players will automatically lose when time's up. (requested by LT91BB N)
|
|t:|1659531059
|start
|switch|p1a: Hippowdon|Hippowdon, M|100/100
|switch|p2a: Slowking|Slowking-Galar, F|100/100
|-weather|Sandstorm|[from] ability: Sand Stream|[of] p1a: Hippowdon
|turn|1
|
|t:|1659531062
|switch|p2a: Ferrothorn|Ferrothorn, M, shiny|100/100
|move|p1a: Hippowdon|Earthquake|p2a: Ferrothorn
|-damage|p2a: Ferrothorn|77/100
|
|-weather|Sandstorm|[upkeep]
|-heal|p2a: Ferrothorn|83/100|[from] item: Leftovers
|upkeep
|turn|2
|
|t:|1659531069
|move|p1a: Hippowdon|Stealth Rock|p2a: Ferrothorn
|-sidestart|p2: LT91BB Originality|move: Stealth Rock
|move|p2a: Ferrothorn|Knock Off|p1a: Hippowdon
|-damage|p1a: Hippowdon|85/100
|-enditem|p1a: Hippowdon|Leftovers|[from] move: Knock Off|[of] p2a: Ferrothorn
|
|-weather|Sandstorm|[upkeep]
|-heal|p2a: Ferrothorn|90/100|[from] item: Leftovers
|upkeep
|turn|3
|j| egal★vanc
|j| Phxo'
|j| Keblar
|n| LT91BB Empo|lt91bbempo
|l| egal★vanc
|j| dmt dreams
|j| HiroZ
|j| LT91BB Theoko
|
|t:|1659531075
|switch|p1a: Tornadus|Tornadus-Therian, M|100/100
|move|p2a: Ferrothorn|Knock Off|p1a: Tornadus
|-damage|p1a: Tornadus|73/100
|-enditem|p1a: Tornadus|Heavy-Duty Boots|[from] move: Knock Off|[of] p2a: Ferrothorn
|
|-weather|Sandstorm|[upkeep]
|-damage|p1a: Tornadus|67/100|[from] Sandstorm
|-heal|p2a: Ferrothorn|96/100|[from] item: Leftovers
|upkeep
|turn|4
|j| lt91bb mind
|j| saki X toki
|j|+starmaster
|
|t:|1659531082
|switch|p2a: Tapu Koko|Tapu Koko|100/100
|-fieldstart|move: Electric Terrain|[from] ability: Electric Surge|[of] p2a: Tapu Koko
|move|p1a: Tornadus|Focus Blast|p2a: Tapu Koko|[miss]
|-miss|p1a: Tornadus|p2a: Tapu Koko
|
|-weather|Sandstorm|[upkeep]
|-damage|p2a: Tapu Koko|94/100|[from] Sandstorm
|-damage|p1a: Tornadus|60/100|[from] Sandstorm
|upkeep
|turn|5
|j| arbok13
|j| outz u
|j| LT91BB Raizen
|j| matsya nyaya
|j| Ultimate ou
|
|t:|1659531090
|switch|p1a: Hippowdon|Hippowdon, M|85/100
|move|p2a: Tapu Koko|Thunderbolt|p1a: Hippowdon
|-immune|p1a: Hippowdon
|
|-weather|none
|upkeep
|turn|6
|
|t:|1659531095
|move|p2a: Tapu Koko|U-turn|p1a: Hippowdon
|-damage|p1a: Hippowdon|73/100
|
|t:|1659531097
|switch|p2a: Landorus|Landorus-Therian, M|100/100|[from]move: U-turn
|-damage|p2a: Landorus|88/100|[from] Stealth Rock
|-ability|p2a: Landorus|Intimidate|boost
|-unboost|p1a: Hippowdon|atk|1
|move|p1a: Hippowdon|Earthquake|p2a: Landorus
|-immune|p2a: Landorus
|
|-heal|p2a: Landorus|94/100|[from] item: Leftovers
|upkeep
|turn|7
|j| katsuge5
|
|t:|1659531100
|move|p2a: Landorus|U-turn|p1a: Hippowdon
|-damage|p1a: Hippowdon|58/100
|
|t:|1659531102
|switch|p2a: Ferrothorn|Ferrothorn, M, shiny|96/100|[from]move: U-turn
|-damage|p2a: Ferrothorn|90/100|[from] Stealth Rock
|move|p1a: Hippowdon|Toxic|p2a: Ferrothorn
|-immune|p2a: Ferrothorn
|
|-heal|p2a: Ferrothorn|96/100|[from] item: Leftovers
|upkeep
|turn|8
|j| jhehehehe
|j| zReptar
|
|t:|1659531105
|move|p1a: Hippowdon|Slack Off|p1a: Hippowdon
|-heal|p1a: Hippowdon|100/100
|move|p2a: Ferrothorn|Stealth Rock|p1a: Hippowdon
|-sidestart|p1: LT91BB N|move: Stealth Rock
|
|-heal|p2a: Ferrothorn|100/100|[from] item: Leftovers
|-fieldend|move: Electric Terrain
|upkeep
|turn|9
|l| Ultimate ou
|j| Artificial Wood
|j| yvyews
|
|t:|1659531112
|switch|p1a: Toxapex|Toxapex, M|100/100
|-damage|p1a: Toxapex|88/100|[from] Stealth Rock
|move|p2a: Ferrothorn|Leech Seed|p1a: Toxapex
|-start|p1a: Toxapex|move: Leech Seed
|
|-damage|p1a: Toxapex|76/100|[from] Leech Seed|[of] p2a: Ferrothorn
|upkeep
|turn|10
|j| 1Pyramid King
|j| Ultimate ou
|
|t:|1659531116
|switch|p2a: Slowking|Slowking-Galar, F|100/100
|-damage|p2a: Slowking|88/100|[from] Stealth Rock
|move|p1a: Toxapex|Knock Off|p2a: Slowking
|-supereffective|p2a: Slowking
|-damage|p2a: Slowking|59/100
|-enditem|p2a: Slowking|Assault Vest|[from] move: Knock Off|[of] p1a: Toxapex
|
|-damage|p1a: Toxapex|64/100|[from] Leech Seed|[of] p2a: Slowking
|-heal|p2a: Slowking|69/100|[silent]
|upkeep
|turn|11
|j| Yamato F4N
|
|t:|1659531121
|switch|p1a: Hippowdon|Hippowdon, M|100/100
|-damage|p1a: Hippowdon|94/100|[from] Stealth Rock
|-weather|Sandstorm|[from] ability: Sand Stream|[of] p1a: Hippowdon
|move|p2a: Slowking|Future Sight|p1a: Hippowdon
|-start|p2a: Slowking|move: Future Sight
|
|-weather|Sandstorm|[upkeep]
|-damage|p2a: Slowking|62/100|[from] Sandstorm
|upkeep
|turn|12
|j| Curryisnotgood
|j| Pais
|
|t:|1659531125
|switch|p2a: Urshifu|Urshifu-Rapid-Strike, M|100/100
|-damage|p2a: Urshifu|94/100|[from] Stealth Rock
|move|p1a: Hippowdon|Earthquake|p2a: Urshifu
|-damage|p2a: Urshifu|54/100
|
|-weather|Sandstorm|[upkeep]
|-damage|p2a: Urshifu|48/100|[from] Sandstorm
|upkeep
|turn|13
|j| Ragnnis
|j| I M prad yt
|j| LT91BB Storm
|
|t:|1659531137
|switch|p1a: Corviknight|Corviknight, M|100/100
|-damage|p1a: Corviknight|88/100|[from] Stealth Rock
|-ability|p1a: Corviknight|Pressure
|move|p2a: Urshifu|Surging Strikes|p1a: Corviknight
|-crit|p1a: Corviknight
|-damage|p1a: Corviknight|69/100
|-damage|p2a: Urshifu|31/100|[from] item: Rocky Helmet|[of] p1a: Corviknight
|-crit|p1a: Corviknight
|-damage|p1a: Corviknight|51/100
|-damage|p2a: Urshifu|15/100|[from] item: Rocky Helmet|[of] p1a: Corviknight
|-crit|p1a: Corviknight
|-damage|p1a: Corviknight|32/100
|-damage|p2a: Urshifu|0 fnt|[from] item: Rocky Helmet|[of] p1a: Corviknight
|faint|p2a: Urshifu
|-hitcount|p1a: Corviknight|3
|
|-weather|Sandstorm|[upkeep]
|-end|p1a: Corviknight|move: Future Sight
|-resisted|p1a: Corviknight
|-damage|p1a: Corviknight|4/100
|upkeep
|j| odin77
|j| Lunala
|
|t:|1659531142
|switch|p2a: Tapu Koko|Tapu Koko|94/100
|-fieldstart|move: Electric Terrain|[from] ability: Electric Surge|[of] p2a: Tapu Koko
|turn|14
|j| 76 keys
|j| LT91BB xray
|j| Legend Kerbecs
|
|t:|1659531155
|switch|p1a: Hippowdon|Hippowdon, M|94/100
|-damage|p1a: Hippowdon|88/100|[from] Stealth Rock
|move|p2a: Tapu Koko|Dazzling Gleam|p1a: Hippowdon
|-damage|p1a: Hippowdon|65/100
|
|-weather|Sandstorm|[upkeep]
|-damage|p2a: Tapu Koko|88/100|[from] Sandstorm
|upkeep
|turn|15
|
|t:|1659531158
|move|p2a: Tapu Koko|U-turn|p1a: Hippowdon
|-damage|p1a: Hippowdon|54/100
|
|t:|1659531159
|switch|p2a: Ferrothorn|Ferrothorn, M, shiny|100/100|[from]move: U-turn
|-damage|p2a: Ferrothorn|94/100|[from] Stealth Rock
|move|p1a: Hippowdon|Slack Off|p1a: Hippowdon
|-heal|p1a: Hippowdon|100/100
|
|-weather|none
|-heal|p2a: Ferrothorn|100/100|[from] item: Leftovers
|upkeep
|turn|16
|
|t:|1659531165
|switch|p1a: Toxapex|Toxapex, M|97/100
|-damage|p1a: Toxapex|85/100|[from] Stealth Rock
|move|p2a: Ferrothorn|Knock Off|p1a: Toxapex
|-damage|p1a: Toxapex|72/100
|-damage|p2a: Ferrothorn|84/100|[from] item: Rocky Helmet|[of] p1a: Toxapex
|-enditem|p1a: Toxapex|Rocky Helmet|[from] move: Knock Off|[of] p2a: Ferrothorn
|
|-heal|p2a: Ferrothorn|90/100|[from] item: Leftovers
|upkeep
|turn|17
|
|t:|1659531169
|switch|p2a: Slowking|Slowking-Galar, F|96/100
|-damage|p2a: Slowking|83/100|[from] Stealth Rock
|move|p1a: Toxapex|Scald|p2a: Slowking
|-damage|p2a: Slowking|70/100
|
|upkeep
|turn|18
|
|t:|1659531171
|move|p1a: Toxapex|Scald|p2a: Slowking
|-damage|p2a: Slowking|57/100
|-status|p2a: Slowking|brn
|move|p2a: Slowking|Whirlpool|p1a: Toxapex
|-resisted|p1a: Toxapex
|-damage|p1a: Toxapex|67/100
|-activate|p1a: Toxapex|move: Whirlpool|[of] p2a: Slowking
|
|-damage|p2a: Slowking|51/100 brn|[from] brn
|-damage|p1a: Toxapex|54/100|[from] move: Whirlpool|[partiallytrapped]
|-fieldend|move: Electric Terrain
|upkeep
|turn|19
|
|t:|1659531176
|move|p1a: Toxapex|Knock Off|p2a: Slowking
|-supereffective|p2a: Slowking
|-damage|p2a: Slowking|32/100 brn
|move|p2a: Slowking|Future Sight|p1a: Toxapex
|-start|p2a: Slowking|move: Future Sight
|
|-damage|p2a: Slowking|26/100 brn|[from] brn
|-damage|p1a: Toxapex|42/100|[from] move: Whirlpool|[partiallytrapped]
|upkeep
|turn|20
|l| Pais
|j| Seleukus
|l| arbok13
|l| katsuge5
|j|+Raiza
|j| Zirpurze
|inactive|LT91BB N has 120 seconds left.
|j| AlphaRay01
|
|t:|1659531208
|move|p1a: Toxapex|Knock Off|p2a: Slowking
|-supereffective|p2a: Slowking
|-damage|p2a: Slowking|5/100 brn
|move|p2a: Slowking|Sludge Bomb|p1a: Toxapex
|-resisted|p1a: Toxapex
|-damage|p1a: Toxapex|24/100
|
|-damage|p2a: Slowking|0 fnt|[from] brn
|faint|p2a: Slowking
|-end|p1a: Toxapex|Whirlpool|[partiallytrapped]|[silent]
|upkeep
|l|+Raiza
|
|t:|1659531216
|switch|p2a: Ferrothorn|Ferrothorn, M, shiny|90/100
|-damage|p2a: Ferrothorn|84/100|[from] Stealth Rock
|turn|21
|
|t:|1659531231
|switch|p1a: Corviknight|Corviknight, M|4/100
|-damage|p1a: Corviknight|0 fnt|[from] Stealth Rock
|faint|p1a: Corviknight
|move|p2a: Ferrothorn|Leech Seed|p1: Corviknight|[notarget]
|-fail|p2a: Ferrothorn
|
|-hint|Future Sight did not hit because the target is fainted.
|-heal|p2a: Ferrothorn|90/100|[from] item: Leftovers
|upkeep
|j| katsuge5
|
|t:|1659531240
|switch|p1a: Tornadus|Tornadus-Therian, M|94/100
|-damage|p1a: Tornadus|69/100|[from] Stealth Rock
|turn|22
|j| Prodigezz
|
|t:|1659531245
|switch|p2a: Tapu Koko|Tapu Koko|88/100
|-fieldstart|move: Electric Terrain|[from] ability: Electric Surge|[of] p2a: Tapu Koko
|move|p1a: Tornadus|Knock Off|p2a: Tapu Koko
|-resisted|p2a: Tapu Koko
|-damage|p2a: Tapu Koko|75/100
|-enditem|p2a: Tapu Koko|Heavy-Duty Boots|[from] move: Knock Off|[of] p1a: Tornadus
|
|upkeep
|turn|23
|
|t:|1659531254
|switch|p1a: Hippowdon|Hippowdon, M|100/100
|-damage|p1a: Hippowdon|94/100|[from] Stealth Rock
|-weather|Sandstorm|[from] ability: Sand Stream|[of] p1a: Hippowdon
|move|p2a: Tapu Koko|Thunderbolt|p1a: Hippowdon
|-immune|p1a: Hippowdon
|
|-weather|Sandstorm|[upkeep]
|-damage|p2a: Tapu Koko|68/100|[from] Sandstorm
|upkeep
|turn|24
|
|t:|1659531263
|move|p2a: Tapu Koko|U-turn|p1a: Hippowdon
|-damage|p1a: Hippowdon|82/100
|j| nathaaan
|
|t:|1659531265
|switch|p2a: Ferrothorn|Ferrothorn, M, shiny|90/100|[from]move: U-turn
|-damage|p2a: Ferrothorn|84/100|[from] Stealth Rock
|move|p1a: Hippowdon|Earthquake|p2a: Ferrothorn
|-damage|p2a: Ferrothorn|59/100
|
|-weather|Sandstorm|[upkeep]
|-heal|p2a: Ferrothorn|66/100|[from] item: Leftovers
|upkeep
|turn|25
|j| irgendwasmitmeeem
|j| baimaogui
|
|t:|1659531273
|switch|p1a: Tornadus|Tornadus-Therian, M|100/100
|-damage|p1a: Tornadus|75/100|[from] Stealth Rock
|move|p2a: Ferrothorn|Leech Seed|p1a: Tornadus
|-start|p1a: Tornadus|move: Leech Seed
|
|-weather|Sandstorm|[upkeep]
|-damage|p1a: Tornadus|69/100|[from] Sandstorm
|-heal|p2a: Ferrothorn|72/100|[from] item: Leftovers
|-damage|p1a: Tornadus|57/100|[from] Leech Seed|[of] p2a: Ferrothorn
|-heal|p2a: Ferrothorn|83/100|[silent]
|upkeep
|turn|26
|j| LT91BB boy
|
|t:|1659531276
|move|p1a: Tornadus|Focus Blast|p2a: Ferrothorn
|-supereffective|p2a: Ferrothorn
|-damage|p2a: Ferrothorn|20/100
|move|p2a: Ferrothorn|Gyro Ball|p1a: Tornadus
|-damage|p1a: Tornadus|0 fnt
|faint|p1a: Tornadus
|
|-weather|Sandstorm|[upkeep]
|-heal|p2a: Ferrothorn|26/100|[from] item: Leftovers
|-fieldend|move: Electric Terrain
|upkeep
|j| Lt91bb quartos
|l| katsuge5
|
|t:|1659531289
|switch|p1a: Chansey|Chansey, F|100/100
|-damage|p1a: Chansey|88/100|[from] Stealth Rock
|turn|27
|
|t:|1659531294
|switch|p2a: Landorus|Landorus-Therian, M|94/100
|-damage|p2a: Landorus|82/100|[from] Stealth Rock
|-ability|p2a: Landorus|Intimidate|boost
|-unboost|p1a: Chansey|atk|1
|move|p1a: Chansey|Seismic Toss|p2a: Landorus
|-damage|p2a: Landorus|56/100
|
|-weather|none
|-heal|p2a: Landorus|62/100|[from] item: Leftovers
|upkeep
|turn|28
|
|t:|1659531297
|move|p2a: Landorus|Toxic|p1a: Chansey
|-status|p1a: Chansey|tox
|move|p1a: Chansey|Seismic Toss|p2a: Landorus
|-damage|p2a: Landorus|35/100
|
|-heal|p2a: Landorus|41/100|[from] item: Leftovers
|-damage|p1a: Chansey|82/100 tox|[from] psn
|upkeep
|turn|29
|
|t:|1659531304
|move|p2a: Landorus|Earthquake|p1a: Chansey
|-damage|p1a: Chansey|51/100 tox
|move|p1a: Chansey|Heal Bell|p1a: Chansey
|-activate|p1a: Chansey|move: Heal Bell
|-curestatus|p1a: Chansey|tox|[msg]
|
|-heal|p2a: Landorus|47/100|[from] item: Leftovers
|upkeep
|turn|30
|
|t:|1659531308
|move|p2a: Landorus|Toxic|p1a: Chansey
|-status|p1a: Chansey|tox
|move|p1a: Chansey|Soft-Boiled|p1a: Chansey
|-heal|p1a: Chansey|100/100 tox
|
|-heal|p2a: Landorus|54/100|[from] item: Leftovers
|-damage|p1a: Chansey|94/100 tox|[from] psn
|upkeep
|turn|31
|j| regnite ◕‿◕
|
|t:|1659531322
|move|p2a: Landorus|U-turn|p1a: Chansey
|-damage|p1a: Chansey|81/100 tox
|
|t:|1659531325
|switch|p2a: Heatran|Heatran, F|100/100|[from]move: U-turn
|-damage|p2a: Heatran|88/100|[from] Stealth Rock
|move|p1a: Chansey|Heal Bell|p1a: Chansey
|-activate|p1a: Chansey|move: Heal Bell
|-curestatus|p1a: Chansey|tox|[msg]
|
|-heal|p2a: Heatran|94/100|[from] item: Leftovers
|upkeep
|turn|32
|j| LT91BB acr1
|
|t:|1659531336
|move|p2a: Heatran|Taunt|p1a: Chansey
|-start|p1a: Chansey|move: Taunt
|cant|p1a: Chansey|move: Taunt|Thunder Wave
|
|-heal|p2a: Heatran|100/100|[from] item: Leftovers
|upkeep
|turn|33
|j| Pais
|
|t:|1659531342
|move|p2a: Heatran|Magma Storm|p1a: Chansey
|-damage|p1a: Chansey|63/100
|-activate|p1a: Chansey|move: Magma Storm|[of] p2a: Heatran
|move|p1a: Chansey|Seismic Toss|p2a: Heatran
|-damage|p2a: Heatran|70/100
|
|-heal|p2a: Heatran|76/100|[from] item: Leftovers
|-damage|p1a: Chansey|51/100|[from] move: Magma Storm|[partiallytrapped]
|upkeep
|turn|34
|j| Master Origami♕
|l| Lt91bb quartos
|
|t:|1659531353
|move|p2a: Heatran|Earth Power|p1a: Chansey
|-damage|p1a: Chansey|40/100
|move|p1a: Chansey|Seismic Toss|p2a: Heatran
|-damage|p2a: Heatran|45/100
|
|-heal|p2a: Heatran|51/100|[from] item: Leftovers
|-damage|p1a: Chansey|28/100|[from] move: Magma Storm|[partiallytrapped]
|-end|p1a: Chansey|move: Taunt
|upkeep
|turn|35
|j| Lt91bb quartos
|
|t:|1659531359
|move|p2a: Heatran|Taunt|p1a: Chansey
|-start|p1a: Chansey|move: Taunt
|move|p1a: Chansey|Seismic Toss|p2a: Heatran
|-damage|p2a: Heatran|20/100
|
|-heal|p2a: Heatran|26/100|[from] item: Leftovers
|-damage|p1a: Chansey|15/100|[from] move: Magma Storm|[partiallytrapped]
|upkeep
|turn|36
|
|t:|1659531361
|move|p2a: Heatran|Magma Storm|p1a: Chansey|[miss]
|-miss|p2a: Heatran|p1a: Chansey
|move|p1a: Chansey|Seismic Toss|p2a: Heatran
|-damage|p2a: Heatran|0 fnt
|faint|p2a: Heatran
|
|-end|p1a: Chansey|Magma Storm|[partiallytrapped]|[silent]
|upkeep
|
|t:|1659531366
|switch|p2a: Landorus|Landorus-Therian, M|54/100
|-damage|p2a: Landorus|41/100|[from] Stealth Rock
|-ability|p2a: Landorus|Intimidate|boost
|-unboost|p1a: Chansey|atk|1
|turn|37
|
|t:|1659531372
|move|p2a: Landorus|Earthquake|p1a: Chansey
|-crit|p1a: Chansey
|-damage|p1a: Chansey|0 fnt
|faint|p1a: Chansey
|
|-heal|p2a: Landorus|47/100|[from] item: Leftovers
|upkeep
|
|t:|1659531374
|switch|p1a: Clefable|Clefable, M|100/100
|-damage|p1a: Clefable|88/100|[from] Stealth Rock
|turn|38
|
|t:|1659531377
|move|p2a: Landorus|Toxic|p1a: Clefable
|-status|p1a: Clefable|tox
|move|p1a: Clefable|Moonblast|p2a: Landorus
|-damage|p2a: Landorus|16/100
|-unboost|p2a: Landorus|spa|1
|
|-heal|p2a: Landorus|22/100|[from] item: Leftovers
|-heal|p1a: Clefable|94/100 tox|[from] item: Leftovers
|-damage|p1a: Clefable|88/100 tox|[from] psn
|upkeep
|turn|39
|
|t:|1659531381
|move|p2a: Landorus|U-turn|p1a: Clefable
|-resisted|p1a: Clefable
|-damage|p1a: Clefable|80/100 tox
|
|t:|1659531383
|switch|p2a: Tapu Koko|Tapu Koko|68/100|[from]move: U-turn
|-damage|p2a: Tapu Koko|56/100|[from] Stealth Rock
|-fieldstart|move: Electric Terrain|[from] ability: Electric Surge|[of] p2a: Tapu Koko
|move|p1a: Clefable|Moonblast|p2a: Tapu Koko
|-damage|p2a: Tapu Koko|7/100
|
|-heal|p1a: Clefable|86/100 tox|[from] item: Leftovers
|-damage|p1a: Clefable|74/100 tox|[from] psn
|upkeep
|turn|40
|j| horsehunter
|
|t:|1659531402
|switch|p1a: Hippowdon|Hippowdon, M|82/100
|-damage|p1a: Hippowdon|76/100|[from] Stealth Rock
|-weather|Sandstorm|[from] ability: Sand Stream|[of] p1a: Hippowdon
|move|p2a: Tapu Koko|Roost|p2a: Tapu Koko
|-heal|p2a: Tapu Koko|57/100
|-singleturn|p2a: Tapu Koko|move: Roost
|
|-weather|Sandstorm|[upkeep]
|-damage|p2a: Tapu Koko|51/100|[from] Sandstorm
|upkeep
|turn|41
|j| megasalappo
|
|t:|1659531407
|move|p2a: Tapu Koko|U-turn|p1a: Hippowdon
|-damage|p1a: Hippowdon|64/100
|
|t:|1659531409
|switch|p2a: Ferrothorn|Ferrothorn, M, shiny|26/100|[from]move: U-turn
|-damage|p2a: Ferrothorn|20/100|[from] Stealth Rock
|move|p1a: Hippowdon|Toxic|p2a: Ferrothorn
|-immune|p2a: Ferrothorn
|
|-weather|Sandstorm|[upkeep]
|-heal|p2a: Ferrothorn|26/100|[from] item: Leftovers
|upkeep
|turn|42
|j| OmBrArch
|
|t:|1659531412
|move|p1a: Hippowdon|Earthquake|p2a: Ferrothorn
|-damage|p2a: Ferrothorn|4/100
|move|p2a: Ferrothorn|Leech Seed|p1a: Hippowdon
|-start|p1a: Hippowdon|move: Leech Seed
|
|-weather|Sandstorm|[upkeep]
|-heal|p2a: Ferrothorn|11/100|[from] item: Leftovers
|-damage|p1a: Hippowdon|52/100|[from] Leech Seed|[of] p2a: Ferrothorn
|-heal|p2a: Ferrothorn|25/100|[silent]
|upkeep
|turn|43
|j| Nanielisimo
|j| Fdfefg
|
|t:|1659531420
|move|p1a: Hippowdon|Slack Off|p1a: Hippowdon
|-heal|p1a: Hippowdon|100/100
|move|p2a: Ferrothorn|Knock Off|p1a: Hippowdon
|-damage|p1a: Hippowdon|90/100
|
|-weather|Sandstorm|[upkeep]
|-heal|p2a: Ferrothorn|32/100|[from] item: Leftovers
|-damage|p1a: Hippowdon|77/100|[from] Leech Seed|[of] p2a: Ferrothorn
|-heal|p2a: Ferrothorn|47/100|[silent]
|-fieldend|move: Electric Terrain
|upkeep
|turn|44
|
|t:|1659531424
|switch|p1a: Toxapex|Toxapex, M|58/100
|-damage|p1a: Toxapex|45/100|[from] Stealth Rock
|move|p2a: Ferrothorn|Gyro Ball|p1a: Toxapex
|-resisted|p1a: Toxapex
|-damage|p1a: Toxapex|39/100
|
|-weather|none
|-heal|p2a: Ferrothorn|53/100|[from] item: Leftovers
|upkeep
|turn|45
|
|t:|1659531428
|move|p1a: Toxapex|Recover|p1a: Toxapex
|-heal|p1a: Toxapex|89/100
|move|p2a: Ferrothorn|Leech Seed|p1a: Toxapex
|-start|p1a: Toxapex|move: Leech Seed
|
|-heal|p2a: Ferrothorn|59/100|[from] item: Leftovers
|-damage|p1a: Toxapex|77/100|[from] Leech Seed|[of] p2a: Ferrothorn
|-heal|p2a: Ferrothorn|70/100|[silent]
|upkeep
|turn|46
|j| insult
|inactive|LT91BB N has 120 seconds left.
|inactive|LT91BB Originality has 120 seconds left.
|
|t:|1659531462
|switch|p2a: Tapu Koko|Tapu Koko|51/100
|-damage|p2a: Tapu Koko|39/100|[from] Stealth Rock
|-fieldstart|move: Electric Terrain|[from] ability: Electric Surge|[of] p2a: Tapu Koko
|move|p1a: Toxapex|Scald|p2a: Tapu Koko
|-damage|p2a: Tapu Koko|14/100
|
|-damage|p1a: Toxapex|65/100|[from] Leech Seed|[of] p2a: Tapu Koko
|-heal|p2a: Tapu Koko|27/100|[silent]
|upkeep
|turn|47
|l| baimaogui
|
|t:|1659531466
|switch|p1a: Hippowdon|Hippowdon, M|77/100
|-damage|p1a: Hippowdon|71/100|[from] Stealth Rock
|-weather|Sandstorm|[from] ability: Sand Stream|[of] p1a: Hippowdon
|move|p2a: Tapu Koko|Roost|p2a: Tapu Koko
|-heal|p2a: Tapu Koko|77/100
|-singleturn|p2a: Tapu Koko|move: Roost
|
|-weather|Sandstorm|[upkeep]
|-damage|p2a: Tapu Koko|71/100|[from] Sandstorm
|upkeep
|turn|48
|
|t:|1659531472
|move|p2a: Tapu Koko|U-turn|p1a: Hippowdon
|-crit|p1a: Hippowdon
|-damage|p1a: Hippowdon|54/100
|
|t:|1659531474
|switch|p2a: Landorus|Landorus-Therian, M|22/100|[from]move: U-turn
|-damage|p2a: Landorus|9/100|[from] Stealth Rock
|-ability|p2a: Landorus|Intimidate|boost
|-unboost|p1a: Hippowdon|atk|1
|move|p1a: Hippowdon|Earthquake|p2a: Landorus
|-immune|p2a: Landorus
|
|-weather|Sandstorm|[upkeep]
|-heal|p2a: Landorus|15/100|[from] item: Leftovers
|upkeep
|turn|49
|n| LT91BB Empo|lt91bbempo
|
|t:|1659531479
|move|p2a: Landorus|Earthquake|p1a: Hippowdon
|-damage|p1a: Hippowdon|23/100
|move|p1a: Hippowdon|Toxic|p2a: Landorus
|-status|p2a: Landorus|tox
|
|-weather|Sandstorm|[upkeep]
|-heal|p2a: Landorus|21/100 tox|[from] item: Leftovers
|-damage|p2a: Landorus|15/100 tox|[from] psn
|upkeep
|turn|50
|l| AlphaRay01
|j| AlIoutdragadarts
|j| LT91BB PDC
|
|t:|1659531497
|switch|p1a: Toxapex|Toxapex, M|98/100
|-damage|p1a: Toxapex|86/100|[from] Stealth Rock
|move|p2a: Landorus|Earthquake|p1a: Toxapex
|-supereffective|p1a: Toxapex
|-damage|p1a: Toxapex|30/100
|
|-weather|Sandstorm|[upkeep]
|-damage|p1a: Toxapex|24/100|[from] Sandstorm
|-heal|p2a: Landorus|21/100 tox|[from] item: Leftovers
|-damage|p2a: Landorus|9/100 tox|[from] psn
|-fieldend|move: Electric Terrain
|upkeep
|turn|51
|j| tired of new gens
|
|t:|1659531502
|switch|p1a: Hippowdon|Hippowdon, M|23/100
|-damage|p1a: Hippowdon|17/100|[from] Stealth Rock
|move|p2a: Landorus|Earthquake|p1a: Hippowdon
|-crit|p1a: Hippowdon
|-damage|p1a: Hippowdon|0 fnt
|faint|p1a: Hippowdon
|
|-weather|none
|-heal|p2a: Landorus|15/100 tox|[from] item: Leftovers
|-damage|p2a: Landorus|0 fnt|[from] psn
|faint|p2a: Landorus
|upkeep
|j| De la Bourdonnais
|
|t:|1659531511
|switch|p2a: Tapu Koko|Tapu Koko|71/100
|switch|p1a: Clefable|Clefable, M|74/100 tox
|-damage|p2a: Tapu Koko|59/100|[from] Stealth Rock
|-fieldstart|move: Electric Terrain|[from] ability: Electric Surge|[of] p2a: Tapu Koko
|-damage|p1a: Clefable|61/100 tox|[from] Stealth Rock
|turn|52
|
|t:|1659531517
|move|p2a: Tapu Koko|Thunderbolt|p1a: Clefable
|-damage|p1a: Clefable|11/100 tox
|move|p1a: Clefable|Soft-Boiled|p1a: Clefable
|-heal|p1a: Clefable|61/100 tox
|
|-heal|p1a: Clefable|68/100 tox|[from] item: Leftovers
|-damage|p1a: Clefable|61/100 tox|[from] psn
|upkeep
|turn|53
|l| Lt91bb quartos
|j| Pepega Trainer
|j| Trickster7
|
|t:|1659531535
|move|p2a: Tapu Koko|Thunderbolt|p1a: Clefable
|-damage|p1a: Clefable|18/100 tox
|move|p1a: Clefable|Moonblast|p2a: Tapu Koko
|-damage|p2a: Tapu Koko|9/100
|
|-heal|p1a: Clefable|24/100 tox|[from] item: Leftovers
|-damage|p1a: Clefable|12/100 tox|[from] psn
|upkeep
|turn|54
|j| ejndqjwedfefe
|l| Pais
|j| QiYu5
|c| Legend Kerbecs|omg its over
|
|t:|1659531543
|move|p2a: Tapu Koko|Thunderbolt|p1a: Clefable
|-damage|p1a: Clefable|0 fnt
|faint|p1a: Clefable
|
|upkeep
|
|t:|1659531545
|switch|p1a: Toxapex|Toxapex, M|58/100
|-damage|p1a: Toxapex|45/100|[from] Stealth Rock
|turn|55
|-message|LT91BB N forfeited.
|
|win|LT91BB Originality
|raw|LT91BB N's rating: 2118 &rarr; <strong>2098</strong><br />(-20 for losing)
|raw|LT91BB Originality's rating: 2123 &rarr; <strong>2143</strong><br />(+20 for winning)
|l|☆LT91BB N
|l| Lunala
|l| 76 keys
|j| Goatseemen
|l| LT91BB xray
|l| dmt dreams
|l| Legend Kerbecs
|l| LT91BB Raizen
|l| Keblar
|l| Goatseemen
|l| Prodigezz
|l| Phxo'
|n| miss grove|matsyanyaya
|l| Seleukus
|l| Master Origami♕
|l| yvyews
|l|☆LT91BB Originality
|l| De la Bourdonnais
|l| ejndqjwedfefe
|l| Zirpurze
|n| miss groves|missgrove
|l| nathaaan
|j| LT91BB Punny
|j| Charennnn
|l| animefan fan
|j|☆LT91BB Originality
|player|p2|LT91BB Originality|lusamine-nihilego
|l|+starmaster
|l| Charennnn
|l| 1Pyramid King
|l| miss groves
|l| insult
|l| I M prad yt
|l|☆LT91BB Originality
|player|p2|
||Ladder isn't responding, score probably updated but might not have (Request timeout).
